<?xml version="1.0" encoding="UTF-8"?>
<testsuites>
  <testsuite name="/home/ian/Desktop/08/ddd-blog-htmx/phpunit.xml" tests="47" assertions="134" errors="0" failures="0" skipped="0" time="2.194332">
    <testsuite name="unit" tests="34" assertions="99" errors="0" failures="0" skipped="0" time="0.015937">
      <testsuite name="Tests\Unit\Blog\Domain\ArticleTest" file="/home/ian/Desktop/08/ddd-blog-htmx/tests/Unit/Blog/Domain/ArticleTest.php" tests="10" assertions="59" errors="0" failures="0" skipped="0" time="0.008318">
        <testcase name="testPublishArticle" file="/home/ian/Desktop/08/ddd-blog-htmx/tests/Unit/Blog/Domain/ArticleTest.php" line="37" class="Tests\Unit\Blog\Domain\ArticleTest" classname="Tests.Unit.Blog.Domain.ArticleTest" assertions="6" time="0.002397"/>
        <testcase name="testUnpublishArticle" file="/home/ian/Desktop/08/ddd-blog-htmx/tests/Unit/Blog/Domain/ArticleTest.php" line="74" class="Tests\Unit\Blog\Domain\ArticleTest" classname="Tests.Unit.Blog.Domain.ArticleTest" assertions="4" time="0.000340"/>
        <testcase name="testCannotUnpublishNonPublishedArticle" file="/home/ian/Desktop/08/ddd-blog-htmx/tests/Unit/Blog/Domain/ArticleTest.php" line="93" class="Tests\Unit\Blog\Domain\ArticleTest" classname="Tests.Unit.Blog.Domain.ArticleTest" assertions="2" time="0.000707"/>
        <testcase name="testArchiveArticle" file="/home/ian/Desktop/08/ddd-blog-htmx/tests/Unit/Blog/Domain/ArticleTest.php" line="108" class="Tests\Unit\Blog\Domain\ArticleTest" classname="Tests.Unit.Blog.Domain.ArticleTest" assertions="4" time="0.000325"/>
        <testcase name="testFromArray" file="/home/ian/Desktop/08/ddd-blog-htmx/tests/Unit/Blog/Domain/ArticleTest.php" line="180" class="Tests\Unit\Blog\Domain\ArticleTest" classname="Tests.Unit.Blog.Domain.ArticleTest" assertions="10" time="0.000484"/>
        <testcase name="testGenerateSlug" file="/home/ian/Desktop/08/ddd-blog-htmx/tests/Unit/Blog/Domain/ArticleTest.php" line="211" class="Tests\Unit\Blog\Domain\ArticleTest" classname="Tests.Unit.Blog.Domain.ArticleTest" assertions="3" time="0.000291"/>
        <testcase name="testCannotPublishAlreadyPublishedArticle" file="/home/ian/Desktop/08/ddd-blog-htmx/tests/Unit/Blog/Domain/ArticleTest.php" line="57" class="Tests\Unit\Blog\Domain\ArticleTest" classname="Tests.Unit.Blog.Domain.ArticleTest" assertions="2" time="0.000414"/>
        <testcase name="testUpdateContent" file="/home/ian/Desktop/08/ddd-blog-htmx/tests/Unit/Blog/Domain/ArticleTest.php" line="125" class="Tests\Unit\Blog\Domain\ArticleTest" classname="Tests.Unit.Blog.Domain.ArticleTest" assertions="4" time="0.001509"/>
        <testcase name="testToArray" file="/home/ian/Desktop/08/ddd-blog-htmx/tests/Unit/Blog/Domain/ArticleTest.php" line="151" class="Tests\Unit\Blog\Domain\ArticleTest" classname="Tests.Unit.Blog.Domain.ArticleTest" assertions="14" time="0.001407"/>
        <testcase name="testCreateArticle" file="/home/ian/Desktop/08/ddd-blog-htmx/tests/Unit/Blog/Domain/ArticleTest.php" line="15" class="Tests\Unit\Blog\Domain\ArticleTest" classname="Tests.Unit.Blog.Domain.ArticleTest" assertions="10" time="0.000444"/>
      </testsuite>
      <testsuite name="Tests\Unit\Shared\Infrastructure\Security\InputValidatorTest" file="/home/ian/Desktop/08/ddd-blog-htmx/tests/Unit/Shared/Infrastructure/Security/InputValidatorTest.php" tests="24" assertions="40" errors="0" failures="0" skipped="0" time="0.007619">
        <testcase name="testRequiredValidation" file="/home/ian/Desktop/08/ddd-blog-htmx/tests/Unit/Shared/Infrastructure/Security/InputValidatorTest.php" line="24" class="Tests\Unit\Shared\Infrastructure\Security\InputValidatorTest" classname="Tests.Unit.Shared.Infrastructure.Security.InputValidatorTest" assertions="2" time="0.000567"/>
        <testcase name="testEmailValidation" file="/home/ian/Desktop/08/ddd-blog-htmx/tests/Unit/Shared/Infrastructure/Security/InputValidatorTest.php" line="43" class="Tests\Unit\Shared\Infrastructure\Security\InputValidatorTest" classname="Tests.Unit.Shared.Infrastructure.Security.InputValidatorTest" assertions="1" time="0.000558"/>
        <testcase name="testMinLengthValidation" file="/home/ian/Desktop/08/ddd-blog-htmx/tests/Unit/Shared/Infrastructure/Security/InputValidatorTest.php" line="60" class="Tests\Unit\Shared\Infrastructure\Security\InputValidatorTest" classname="Tests.Unit.Shared.Infrastructure.Security.InputValidatorTest" assertions="1" time="0.000251"/>
        <testcase name="testMinLengthValidationFails" file="/home/ian/Desktop/08/ddd-blog-htmx/tests/Unit/Shared/Infrastructure/Security/InputValidatorTest.php" line="68" class="Tests\Unit\Shared\Infrastructure\Security\InputValidatorTest" classname="Tests.Unit.Shared.Infrastructure.Security.InputValidatorTest" assertions="2" time="0.000302"/>
        <testcase name="testMaxLengthValidation" file="/home/ian/Desktop/08/ddd-blog-htmx/tests/Unit/Shared/Infrastructure/Security/InputValidatorTest.php" line="77" class="Tests\Unit\Shared\Infrastructure\Security\InputValidatorTest" classname="Tests.Unit.Shared.Infrastructure.Security.InputValidatorTest" assertions="1" time="0.000217"/>
        <testcase name="testMaxLengthValidationFails" file="/home/ian/Desktop/08/ddd-blog-htmx/tests/Unit/Shared/Infrastructure/Security/InputValidatorTest.php" line="85" class="Tests\Unit\Shared\Infrastructure\Security\InputValidatorTest" classname="Tests.Unit.Shared.Infrastructure.Security.InputValidatorTest" assertions="2" time="0.000282"/>
        <testcase name="testIntegerValidation" file="/home/ian/Desktop/08/ddd-blog-htmx/tests/Unit/Shared/Infrastructure/Security/InputValidatorTest.php" line="94" class="Tests\Unit\Shared\Infrastructure\Security\InputValidatorTest" classname="Tests.Unit.Shared.Infrastructure.Security.InputValidatorTest" assertions="1" time="0.000246"/>
        <testcase name="testIntegerValidationFails" file="/home/ian/Desktop/08/ddd-blog-htmx/tests/Unit/Shared/Infrastructure/Security/InputValidatorTest.php" line="102" class="Tests\Unit\Shared\Infrastructure\Security\InputValidatorTest" classname="Tests.Unit.Shared.Infrastructure.Security.InputValidatorTest" assertions="2" time="0.000277"/>
        <testcase name="testSlugValidation" file="/home/ian/Desktop/08/ddd-blog-htmx/tests/Unit/Shared/Infrastructure/Security/InputValidatorTest.php" line="111" class="Tests\Unit\Shared\Infrastructure\Security\InputValidatorTest" classname="Tests.Unit.Shared.Infrastructure.Security.InputValidatorTest" assertions="1" time="0.000251"/>
        <testcase name="testSlugValidationFails" file="/home/ian/Desktop/08/ddd-blog-htmx/tests/Unit/Shared/Infrastructure/Security/InputValidatorTest.php" line="119" class="Tests\Unit\Shared\Infrastructure\Security\InputValidatorTest" classname="Tests.Unit.Shared.Infrastructure.Security.InputValidatorTest" assertions="2" time="0.000280"/>
        <testcase name="testInValidation" file="/home/ian/Desktop/08/ddd-blog-htmx/tests/Unit/Shared/Infrastructure/Security/InputValidatorTest.php" line="128" class="Tests\Unit\Shared\Infrastructure\Security\InputValidatorTest" classname="Tests.Unit.Shared.Infrastructure.Security.InputValidatorTest" assertions="1" time="0.000221"/>
        <testcase name="testInValidationFails" file="/home/ian/Desktop/08/ddd-blog-htmx/tests/Unit/Shared/Infrastructure/Security/InputValidatorTest.php" line="136" class="Tests\Unit\Shared\Infrastructure\Security\InputValidatorTest" classname="Tests.Unit.Shared.Infrastructure.Security.InputValidatorTest" assertions="2" time="0.000282"/>
        <testcase name="testMultipleRules" file="/home/ian/Desktop/08/ddd-blog-htmx/tests/Unit/Shared/Infrastructure/Security/InputValidatorTest.php" line="145" class="Tests\Unit\Shared\Infrastructure\Security\InputValidatorTest" classname="Tests.Unit.Shared.Infrastructure.Security.InputValidatorTest" assertions="2" time="0.000274"/>
        <testcase name="testMultipleRulesWithErrors" file="/home/ian/Desktop/08/ddd-blog-htmx/tests/Unit/Shared/Infrastructure/Security/InputValidatorTest.php" line="162" class="Tests\Unit\Shared\Infrastructure\Security\InputValidatorTest" classname="Tests.Unit.Shared.Infrastructure.Security.InputValidatorTest" assertions="4" time="0.000440"/>
        <testcase name="testSanitizeString" file="/home/ian/Desktop/08/ddd-blog-htmx/tests/Unit/Shared/Infrastructure/Security/InputValidatorTest.php" line="183" class="Tests\Unit\Shared\Infrastructure\Security\InputValidatorTest" classname="Tests.Unit.Shared.Infrastructure.Security.InputValidatorTest" assertions="2" time="0.000705"/>
        <testcase name="testSanitizeEmail" file="/home/ian/Desktop/08/ddd-blog-htmx/tests/Unit/Shared/Infrastructure/Security/InputValidatorTest.php" line="192" class="Tests\Unit\Shared\Infrastructure\Security\InputValidatorTest" classname="Tests.Unit.Shared.Infrastructure.Security.InputValidatorTest" assertions="1" time="0.000270"/>
        <testcase name="testSanitizeInt" file="/home/ian/Desktop/08/ddd-blog-htmx/tests/Unit/Shared/Infrastructure/Security/InputValidatorTest.php" line="200" class="Tests\Unit\Shared\Infrastructure\Security\InputValidatorTest" classname="Tests.Unit.Shared.Infrastructure.Security.InputValidatorTest" assertions="1" time="0.000243"/>
        <testcase name="testStripTags" file="/home/ian/Desktop/08/ddd-blog-htmx/tests/Unit/Shared/Infrastructure/Security/InputValidatorTest.php" line="208" class="Tests\Unit\Shared\Infrastructure\Security\InputValidatorTest" classname="Tests.Unit.Shared.Infrastructure.Security.InputValidatorTest" assertions="1" time="0.000232"/>
        <testcase name="testStripTagsWithAllowedTags" file="/home/ian/Desktop/08/ddd-blog-htmx/tests/Unit/Shared/Infrastructure/Security/InputValidatorTest.php" line="216" class="Tests\Unit\Shared\Infrastructure\Security\InputValidatorTest" classname="Tests.Unit.Shared.Infrastructure.Security.InputValidatorTest" assertions="1" time="0.000253"/>
        <testcase name="testEscapeHtml" file="/home/ian/Desktop/08/ddd-blog-htmx/tests/Unit/Shared/Infrastructure/Security/InputValidatorTest.php" line="224" class="Tests\Unit\Shared\Infrastructure\Security\InputValidatorTest" classname="Tests.Unit.Shared.Infrastructure.Security.InputValidatorTest" assertions="2" time="0.000286"/>
        <testcase name="testGetFirstError" file="/home/ian/Desktop/08/ddd-blog-htmx/tests/Unit/Shared/Infrastructure/Security/InputValidatorTest.php" line="233" class="Tests\Unit\Shared\Infrastructure\Security\InputValidatorTest" classname="Tests.Unit.Shared.Infrastructure.Security.InputValidatorTest" assertions="2" time="0.000266"/>
        <testcase name="testGetFirstErrorWhenNoErrors" file="/home/ian/Desktop/08/ddd-blog-htmx/tests/Unit/Shared/Infrastructure/Security/InputValidatorTest.php" line="245" class="Tests\Unit\Shared\Infrastructure\Security\InputValidatorTest" classname="Tests.Unit.Shared.Infrastructure.Security.InputValidatorTest" assertions="1" time="0.000251"/>
        <testcase name="testRequiredValidationFails" file="/home/ian/Desktop/08/ddd-blog-htmx/tests/Unit/Shared/Infrastructure/Security/InputValidatorTest.php" line="33" class="Tests\Unit\Shared\Infrastructure\Security\InputValidatorTest" classname="Tests.Unit.Shared.Infrastructure.Security.InputValidatorTest" assertions="3" time="0.000361"/>
        <testcase name="testEmailValidationFails" file="/home/ian/Desktop/08/ddd-blog-htmx/tests/Unit/Shared/Infrastructure/Security/InputValidatorTest.php" line="51" class="Tests\Unit\Shared\Infrastructure\Security\InputValidatorTest" classname="Tests.Unit.Shared.Infrastructure.Security.InputValidatorTest" assertions="2" time="0.000304"/>
      </testsuite>
    </testsuite>
    <testsuite name="integration" tests="13" assertions="35" errors="0" failures="0" skipped="0" time="2.178395">
      <testsuite name="Tests\Integration\Blog\Infrastructure\SqliteArticleRepositoryTest" file="/home/ian/Desktop/08/ddd-blog-htmx/tests/Integration/Blog/Infrastructure/SqliteArticleRepositoryTest.php" tests="13" assertions="35" errors="0" failures="0" skipped="0" time="2.178395">
        <testcase name="testFindByIdNotFound" file="/home/ian/Desktop/08/ddd-blog-htmx/tests/Integration/Blog/Infrastructure/SqliteArticleRepositoryTest.php" line="90" class="Tests\Integration\Blog\Infrastructure\SqliteArticleRepositoryTest" classname="Tests.Integration.Blog.Infrastructure.SqliteArticleRepositoryTest" assertions="1" time="0.170363"/>
        <testcase name="testFindBySlugNotFound" file="/home/ian/Desktop/08/ddd-blog-htmx/tests/Integration/Blog/Infrastructure/SqliteArticleRepositoryTest.php" line="108" class="Tests\Integration\Blog\Infrastructure\SqliteArticleRepositoryTest" classname="Tests.Integration.Blog.Infrastructure.SqliteArticleRepositoryTest" assertions="1" time="0.167356"/>
        <testcase name="testSaveNewArticle" file="/home/ian/Desktop/08/ddd-blog-htmx/tests/Integration/Blog/Infrastructure/SqliteArticleRepositoryTest.php" line="32" class="Tests\Integration\Blog\Infrastructure\SqliteArticleRepositoryTest" classname="Tests.Integration.Blog.Infrastructure.SqliteArticleRepositoryTest" assertions="6" time="0.167230"/>
        <testcase name="testUpdateExistingArticle" file="/home/ian/Desktop/08/ddd-blog-htmx/tests/Integration/Blog/Infrastructure/SqliteArticleRepositoryTest.php" line="52" class="Tests\Integration\Blog\Infrastructure\SqliteArticleRepositoryTest" classname="Tests.Integration.Blog.Infrastructure.SqliteArticleRepositoryTest" assertions="3" time="0.166983"/>
        <testcase name="testFindById" file="/home/ian/Desktop/08/ddd-blog-htmx/tests/Integration/Blog/Infrastructure/SqliteArticleRepositoryTest.php" line="78" class="Tests\Integration\Blog\Infrastructure\SqliteArticleRepositoryTest" classname="Tests.Integration.Blog.Infrastructure.SqliteArticleRepositoryTest" assertions="4" time="0.167291"/>
        <testcase name="testFindBySlug" file="/home/ian/Desktop/08/ddd-blog-htmx/tests/Integration/Blog/Infrastructure/SqliteArticleRepositoryTest.php" line="97" class="Tests\Integration\Blog\Infrastructure\SqliteArticleRepositoryTest" classname="Tests.Integration.Blog.Infrastructure.SqliteArticleRepositoryTest" assertions="3" time="0.167694"/>
        <testcase name="testFindPublished" file="/home/ian/Desktop/08/ddd-blog-htmx/tests/Integration/Blog/Infrastructure/SqliteArticleRepositoryTest.php" line="115" class="Tests\Integration\Blog\Infrastructure\SqliteArticleRepositoryTest" classname="Tests.Integration.Blog.Infrastructure.SqliteArticleRepositoryTest" assertions="3" time="0.167691"/>
        <testcase name="testFindByStatus" file="/home/ian/Desktop/08/ddd-blog-htmx/tests/Integration/Blog/Infrastructure/SqliteArticleRepositoryTest.php" line="144" class="Tests\Integration\Blog\Infrastructure\SqliteArticleRepositoryTest" classname="Tests.Integration.Blog.Infrastructure.SqliteArticleRepositoryTest" assertions="4" time="0.167287"/>
        <testcase name="testCountByStatus" file="/home/ian/Desktop/08/ddd-blog-htmx/tests/Integration/Blog/Infrastructure/SqliteArticleRepositoryTest.php" line="175" class="Tests\Integration\Blog\Infrastructure\SqliteArticleRepositoryTest" classname="Tests.Integration.Blog.Infrastructure.SqliteArticleRepositoryTest" assertions="2" time="0.167255"/>
        <testcase name="testDelete" file="/home/ian/Desktop/08/ddd-blog-htmx/tests/Integration/Blog/Infrastructure/SqliteArticleRepositoryTest.php" line="202" class="Tests\Integration\Blog\Infrastructure\SqliteArticleRepositoryTest" classname="Tests.Integration.Blog.Infrastructure.SqliteArticleRepositoryTest" assertions="2" time="0.166919"/>
        <testcase name="testSlugExists" file="/home/ian/Desktop/08/ddd-blog-htmx/tests/Integration/Blog/Infrastructure/SqliteArticleRepositoryTest.php" line="213" class="Tests\Integration\Blog\Infrastructure\SqliteArticleRepositoryTest" classname="Tests.Integration.Blog.Infrastructure.SqliteArticleRepositoryTest" assertions="2" time="0.167246"/>
        <testcase name="testSlugExistsWithExclusion" file="/home/ian/Desktop/08/ddd-blog-htmx/tests/Integration/Blog/Infrastructure/SqliteArticleRepositoryTest.php" line="224" class="Tests\Integration\Blog\Infrastructure\SqliteArticleRepositoryTest" classname="Tests.Integration.Blog.Infrastructure.SqliteArticleRepositoryTest" assertions="2" time="0.167318"/>
        <testcase name="testSearch" file="/home/ian/Desktop/08/ddd-blog-htmx/tests/Integration/Blog/Infrastructure/SqliteArticleRepositoryTest.php" line="237" class="Tests\Integration\Blog\Infrastructure\SqliteArticleRepositoryTest" classname="Tests.Integration.Blog.Infrastructure.SqliteArticleRepositoryTest" assertions="2" time="0.167762"/>
      </testsuite>
    </testsuite>
  </testsuite>
</testsuites>
