<?xml version="1.0" encoding="UTF-8"?>
<testsuites>
  <testsuite name="/home/dan/Desktop/08/apache-htmx/phpunit.xml" tests="13" assertions="0" errors="13" failures="0" skipped="0" time="0.000000">
    <testsuite name="unit" tests="13" assertions="0" errors="13" failures="0" skipped="0" time="0.000000">
      <testsuite name="Tests\Unit\Shared\Infrastructure\PathManagerTest" file="/home/dan/Desktop/08/apache-htmx/tests/Unit/Shared/Infrastructure/PathManagerTest.php" tests="13" assertions="0" errors="13" failures="0" skipped="0" time="0.000000">
        <testcase name="testBasicPathResolution" file="/home/dan/Desktop/08/apache-htmx/tests/Unit/Shared/Infrastructure/PathManagerTest.php" line="24" class="Tests\Unit\Shared\Infrastructure\PathManagerTest" classname="Tests.Unit.Shared.Infrastructure.PathManagerTest" assertions="0" time="0.000000">
          <error type="Error">Tests\Unit\Shared\Infrastructure\PathManagerTest::testBasicPathResolution
Error: Xdebug has detected a possible infinite loop, and aborted your script with a stack depth of '512' frames

/home/dan/Desktop/08/apache-htmx/src/Shared/Infrastructure/PathManager.php:147
/home/dan/Desktop/08/apache-htmx/src/Shared/Infrastructure/Path/FilePathCache.php:26
/home/dan/Desktop/08/apache-htmx/src/Shared/Infrastructure/PathManager.php:50
/home/dan/Desktop/08/apache-htmx/src/Shared/Infrastructure/PathManager.php:217
/home/dan/Desktop/08/apache-htmx/src/Shared/Infrastructure/PathManager.php:149
/home/dan/Desktop/08/apache-htmx/src/Shared/Infrastructure/Path/FilePathCache.php:26
/home/dan/Desktop/08/apache-htmx/src/Shared/Infrastructure/PathManager.php:50
/home/dan/Desktop/08/apache-htmx/src/Shared/Infrastructure/PathManager.php:217
/home/dan/Desktop/08/apache-htmx/src/Shared/Infrastructure/PathManager.php:149
/home/dan/Desktop/08/apache-htmx/src/Shared/Infrastructure/Path/FilePathCache.php:26
/home/dan/Desktop/08/apache-htmx/src/Shared/Infrastructure/PathManager.php:50
/home/dan/Desktop/08/apache-htmx/src/Shared/Infrastructure/PathManager.php:217
/home/dan/Desktop/08/apache-htmx/src/Shared/Infrastructure/PathManager.php:149
/home/dan/Desktop/08/apache-htmx/src/Shared/Infrastructure/Path/FilePathCache.php:26
/home/dan/Desktop/08/apache-htmx/src/Shared/Infrastructure/PathManager.php:50
/home/dan/Desktop/08/apache-htmx/src/Shared/Infrastructure/PathManager.php:217
/home/dan/Desktop/08/apache-htmx/src/Shared/Infrastructure/PathManager.php:149
/home/dan/Desktop/08/apache-htmx/src/Shared/Infrastructure/Path/FilePathCache.php:26
/home/dan/Desktop/08/apache-htmx/src/Shared/Infrastructure/PathManager.php:50
/home/dan/Desktop/08/apache-htmx/src/Shared/Infrastructure/PathManager.php:217
/home/dan/Desktop/08/apache-htmx/src/Shared/Infrastructure/PathManager.php:149
/home/dan/Desktop/08/apache-htmx/src/Shared/Infrastructure/Path/FilePathCache.php:26
/home/dan/Desktop/08/apache-htmx/src/Shared/Infrastructure/PathManager.php:50
/home/dan/Desktop/08/apache-htmx/src/Shared/Infrastructure/PathManager.php:217
/home/dan/Desktop/08/apache-htmx/src/Shared/Infrastructure/PathManager.php:149
/home/dan/Desktop/08/apache-htmx/src/Shared/Infrastructure/Path/FilePathCache.php:26
/home/dan/Desktop/08/apache-htmx/src/Shared/Infrastructure/PathManager.php:50
/home/dan/Desktop/08/apache-htmx/src/Shared/Infrastructure/PathManager.php:217
/home/dan/Desktop/08/apache-htmx/src/Shared/Infrastructure/PathManager.php:149
/home/dan/Desktop/08/apache-htmx/src/Shared/Infrastructure/Path/FilePathCache.php:26
/home/dan/Desktop/08/apache-htmx/src/Shared/Infrastructure/PathManager.php:50
/home/dan/Desktop/08/apache-htmx/src/Shared/Infrastructure/PathManager.php:217
/home/dan/Desktop/08/apache-htmx/src/Shared/Infrastructure/PathManager.php:149
/home/dan/Desktop/08/apache-htmx/src/Shared/Infrastructure/Path/FilePathCache.php:26
/home/dan/Desktop/08/apache-htmx/src/Shared/Infrastructure/PathManager.php:50
/home/dan/Desktop/08/apache-htmx/src/Shared/Infrastructure/PathManager.php:217
/home/dan/Desktop/08/apache-htmx/src/Shared/Infrastructure/PathManager.php:149
/home/dan/Desktop/08/apache-htmx/src/Shared/Infrastructure/Path/FilePathCache.php:26
/home/dan/Desktop/08/apache-htmx/src/Shared/Infrastructure/PathManager.php:50
/home/dan/Desktop/08/apache-htmx/src/Shared/Infrastructure/PathManager.php:217
/home/dan/Desktop/08/apache-htmx/src/Shared/Infrastructure/PathManager.php:149
/home/dan/Desktop/08/apache-htmx/src/Shared/Infrastructure/Path/FilePathCache.php:26
/home/dan/Desktop/08/apache-htmx/src/Shared/Infrastructure/PathManager.php:50
/home/dan/Desktop/08/apache-htmx/src/Shared/Infrastructure/PathManager.php:217
/home/dan/Desktop/08/apache-htmx/src/Shared/Infrastructure/PathManager.php:149
/home/dan/Desktop/08/apache-htmx/src/Shared/Infrastructure/Path/FilePathCache.php:26
/home/dan/Desktop/08/apache-htmx/src/Shared/Infrastructure/PathManager.php:50
/home/dan/Desktop/08/apache-htmx/src/Shared/Infrastructure/PathManager.php:217
/home/dan/Desktop/08/apache-htmx/src/Shared/Infrastructure/PathManager.php:149
/home/dan/Desktop/08/apache-htmx/src/Shared/Infrastructure/Path/FilePathCache.php:26
/home/dan/Desktop/08/apache-htmx/src/Shared/Infrastructure/PathManager.php:50
/home/dan/Desktop/08/apache-htmx/src/Shared/Infrastructure/PathManager.php:217
/home/dan/Desktop/08/apache-htmx/src/Shared/Infrastructure/PathManager.php:149
/home/dan/Desktop/08/apache-htmx/src/Shared/Infrastructure/Path/FilePathCache.php:26
/home/dan/Desktop/08/apache-htmx/src/Shared/Infrastructure/PathManager.php:50
/home/dan/Desktop/08/apache-htmx/src/Shared/Infrastructure/PathManager.php:217
/home/dan/Desktop/08/apache-htmx/src/Shared/Infrastructure/PathManager.php:149
/home/dan/Desktop/08/apache-htmx/src/Shared/Infrastructure/Path/FilePathCache.php:26
/home/dan/Desktop/08/apache-htmx/src/Shared/Infrastructure/PathManager.php:50
/home/dan/Desktop/08/apache-htmx/src/Shared/Infrastructure/PathManager.php:217
/home/dan/Desktop/08/apache-htmx/src/Shared/Infrastructure/PathManager.php:149
/home/dan/Desktop/08/apache-htmx/src/Shared/Infrastructure/Path/FilePathCache.php:26
/home/dan/Desktop/08/apache-htmx/src/Shared/Infrastructure/PathManager.php:50
/home/dan/Desktop/08/apache-htmx/src/Shared/Infrastructure/PathManager.php:217
/home/dan/Desktop/08/apache-htmx/src/Shared/Infrastructure/PathManager.php:149
/home/dan/Desktop/08/apache-htmx/src/Shared/Infrastructure/Path/FilePathCache.php:26
/home/dan/Desktop/08/apache-htmx/src/Shared/Infrastructure/PathManager.php:50
/home/dan/Desktop/08/apache-htmx/src/Shared/Infrastructure/PathManager.php:217
/home/dan/Desktop/08/apache-htmx/src/Shared/Infrastructure/PathManager.php:149
/home/dan/Desktop/08/apache-htmx/src/Shared/Infrastructure/Path/FilePathCache.php:26
/home/dan/Desktop/08/apache-htmx/src/Shared/Infrastructure/PathManager.php:50
/home/dan/Desktop/08/apache-htmx/src/Shared/Infrastructure/PathManager.php:217
/home/dan/Desktop/08/apache-htmx/src/Shared/Infrastructure/PathManager.php:149
/home/dan/Desktop/08/apache-htmx/src/Shared/Infrastructure/Path/FilePathCache.php:26
/home/dan/Desktop/08/apache-htmx/src/Shared/Infrastructure/PathManager.php:50
/home/dan/Desktop/08/apache-htmx/src/Shared/Infrastructure/PathManager.php:217
/home/dan/Desktop/08/apache-htmx/src/Shared/Infrastructure/PathManager.php:149
/home/dan/Desktop/08/apache-htmx/src/Shared/Infrastructure/Path/FilePathCache.php:26
/home/dan/Desktop/08/apache-htmx/src/Shared/Infrastructure/PathManager.php:50
/home/dan/Desktop/08/apache-htmx/src/Shared/Infrastructure/PathManager.php:217
/home/dan/Desktop/08/apache-htmx/src/Shared/Infrastructure/PathManager.php:149
/home/dan/Desktop/08/apache-htmx/src/Shared/Infrastructure/Path/FilePathCache.php:26
/home/dan/Desktop/08/apache-htmx/src/Shared/Infrastructure/PathManager.php:50
/home/dan/Desktop/08/apache-htmx/src/Shared/Infrastructure/PathManager.php:217
/home/dan/Desktop/08/apache-htmx/src/Shared/Infrastructure/PathManager.php:149
/home/dan/Desktop/08/apache-htmx/src/Shared/Infrastructure/Path/FilePathCache.php:26
/home/dan/Desktop/08/apache-htmx/src/Shared/Infrastructure/PathManager.php:50
/home/dan/Desktop/08/apache-htmx/src/Shared/Infrastructure/PathManager.php:217
/home/dan/Desktop/08/apache-htmx/src/Shared/Infrastructure/PathManager.php:149
/home/dan/Desktop/08/apache-htmx/src/Shared/Infrastructure/Path/FilePathCache.php:26
/home/dan/Desktop/08/apache-htmx/src/Shared/Infrastructure/PathManager.php:50
/home/dan/Desktop/08/apache-htmx/src/Shared/Infrastructure/PathManager.php:217
/home/dan/Desktop/08/apache-htmx/src/Shared/Infrastructure/PathManager.php:149
/home/dan/Desktop/08/apache-htmx/src/Shared/Infrastructure/Path/FilePathCache.php:26
/home/dan/Desktop/08/apache-htmx/src/Shared/Infrastructure/PathManager.php:50
/home/dan/Desktop/08/apache-htmx/src/Shared/Infrastructure/PathManager.php:217
/home/dan/Desktop/08/apache-htmx/src/Shared/Infrastructure/PathManager.php:149
/home/dan/Desktop/08/apache-htmx/src/Shared/Infrastructure/Path/FilePathCache.php:26
/home/dan/Desktop/08/apache-htmx/src/Shared/Infrastructure/PathManager.php:50
/home/dan/Desktop/08/apache-htmx/src/Shared/Infrastructure/PathManager.php:217
/home/dan/Desktop/08/apache-htmx/src/Shared/Infrastructure/PathManager.php:149
/home/dan/Desktop/08/apache-htmx/src/Shared/Infrastructure/Path/FilePathCache.php:26
/home/dan/Desktop/08/apache-htmx/src/Shared/Infrastructure/PathManager.php:50
/home/dan/Desktop/08/apache-htmx/src/Shared/Infrastructure/PathManager.php:217
/home/dan/Desktop/08/apache-htmx/src/Shared/Infrastructure/PathManager.php:149
/home/dan/Desktop/08/apache-htmx/src/Shared/Infrastructure/Path/FilePathCache.php:26
/home/dan/Desktop/08/apache-htmx/src/Shared/Infrastructure/PathManager.php:50
/home/dan/Desktop/08/apache-htmx/src/Shared/Infrastructure/PathManager.php:217
/home/dan/Desktop/08/apache-htmx/src/Shared/Infrastructure/PathManager.php:149
/home/dan/Desktop/08/apache-htmx/src/Shared/Infrastructure/Path/FilePathCache.php:26
/home/dan/Desktop/08/apache-htmx/src/Shared/Infrastructure/PathManager.php:50
/home/dan/Desktop/08/apache-htmx/src/Shared/Infrastructure/PathManager.php:217
/home/dan/Desktop/08/apache-htmx/src/Shared/Infrastructure/PathManager.php:149
/home/dan/Desktop/08/apache-htmx/src/Shared/Infrastructure/Path/FilePathCache.php:26
/home/dan/Desktop/08/apache-htmx/src/Shared/Infrastructure/PathManager.php:50
/home/dan/Desktop/08/apache-htmx/src/Shared/Infrastructure/PathManager.php:217
/home/dan/Desktop/08/apache-htmx/src/Shared/Infrastructure/PathManager.php:149
/home/dan/Desktop/08/apache-htmx/src/Shared/Infrastructure/Path/FilePathCache.php:26
/home/dan/Desktop/08/apache-htmx/src/Shared/Infrastructure/PathManager.php:50
/home/dan/Desktop/08/apache-htmx/src/Shared/Infrastructure/PathManager.php:217
/home/dan/Desktop/08/apache-htmx/src/Shared/Infrastructure/PathManager.php:149
/home/dan/Desktop/08/apache-htmx/src/Shared/Infrastructure/Path/FilePathCache.php:26
/home/dan/Desktop/08/apache-htmx/src/Shared/Infrastructure/PathManager.php:50
/home/dan/Desktop/08/apache-htmx/src/Shared/Infrastructure/PathManager.php:217
/home/dan/Desktop/08/apache-htmx/src/Shared/Infrastructure/PathManager.php:149
/home/dan/Desktop/08/apache-htmx/src/Shared/Infrastructure/Path/FilePathCache.php:26
/home/dan/Desktop/08/apache-htmx/src/Shared/Infrastructure/PathManager.php:50
/home/dan/Desktop/08/apache-htmx/src/Shared/Infrastructure/PathManager.php:217
/home/dan/Desktop/08/apache-htmx/src/Shared/Infrastructure/PathManager.php:149
/home/dan/Desktop/08/apache-htmx/src/Shared/Infrastructure/Path/FilePathCache.php:26
/home/dan/Desktop/08/apache-htmx/src/Shared/Infrastructure/PathManager.php:50
/home/dan/Desktop/08/apache-htmx/src/Shared/Infrastructure/PathManager.php:217
/home/dan/Desktop/08/apache-htmx/src/Shared/Infrastructure/PathManager.php:149
/home/dan/Desktop/08/apache-htmx/src/Shared/Infrastructure/Path/FilePathCache.php:26
/home/dan/Desktop/08/apache-htmx/src/Shared/Infrastructure/PathManager.php:50
/home/dan/Desktop/08/apache-htmx/src/Shared/Infrastructure/PathManager.php:217
/home/dan/Desktop/08/apache-htmx/src/Shared/Infrastructure/PathManager.php:149
/home/dan/Desktop/08/apache-htmx/src/Shared/Infrastructure/Path/FilePathCache.php:26
/home/dan/Desktop/08/apache-htmx/src/Shared/Infrastructure/PathManager.php:50
/home/dan/Desktop/08/apache-htmx/src/Shared/Infrastructure/PathManager.php:217
/home/dan/Desktop/08/apache-htmx/src/Shared/Infrastructure/PathManager.php:149
/home/dan/Desktop/08/apache-htmx/src/Shared/Infrastructure/Path/FilePathCache.php:26
/home/dan/Desktop/08/apache-htmx/src/Shared/Infrastructure/PathManager.php:50
/home/dan/Desktop/08/apache-htmx/src/Shared/Infrastructure/PathManager.php:217
/home/dan/Desktop/08/apache-htmx/src/Shared/Infrastructure/PathManager.php:149
/home/dan/Desktop/08/apache-htmx/src/Shared/Infrastructure/Path/FilePathCache.php:26
/home/dan/Desktop/08/apache-htmx/src/Shared/Infrastructure/PathManager.php:50
/home/dan/Desktop/08/apache-htmx/src/Shared/Infrastructure/PathManager.php:217
/home/dan/Desktop/08/apache-htmx/src/Shared/Infrastructure/PathManager.php:149
/home/dan/Desktop/08/apache-htmx/src/Shared/Infrastructure/Path/FilePathCache.php:26
/home/dan/Desktop/08/apache-htmx/src/Shared/Infrastructure/PathManager.php:50
/home/dan/Desktop/08/apache-htmx/src/Shared/Infrastructure/PathManager.php:217
/home/dan/Desktop/08/apache-htmx/src/Shared/Infrastructure/PathManager.php:149
/home/dan/Desktop/08/apache-htmx/src/Shared/Infrastructure/Path/FilePathCache.php:26
/home/dan/Desktop/08/apache-htmx/src/Shared/Infrastructure/PathManager.php:50
/home/dan/Desktop/08/apache-htmx/src/Shared/Infrastructure/PathManager.php:217
/home/dan/Desktop/08/apache-htmx/src/Shared/Infrastructure/PathManager.php:149
/home/dan/Desktop/08/apache-htmx/src/Shared/Infrastructure/Path/FilePathCache.php:26
/home/dan/Desktop/08/apache-htmx/src/Shared/Infrastructure/PathManager.php:50
/home/dan/Desktop/08/apache-htmx/src/Shared/Infrastructure/PathManager.php:217
/home/dan/Desktop/08/apache-htmx/src/Shared/Infrastructure/PathManager.php:149
/home/dan/Desktop/08/apache-htmx/src/Shared/Infrastructure/Path/FilePathCache.php:26
/home/dan/Desktop/08/apache-htmx/src/Shared/Infrastructure/PathManager.php:50
/home/dan/Desktop/08/apache-htmx/src/Shared/Infrastructure/PathManager.php:217
/home/dan/Desktop/08/apache-htmx/src/Shared/Infrastructure/PathManager.php:149
/home/dan/Desktop/08/apache-htmx/src/Shared/Infrastructure/Path/FilePathCache.php:26
/home/dan/Desktop/08/apache-htmx/src/Shared/Infrastructure/PathManager.php:50
/home/dan/Desktop/08/apache-htmx/src/Shared/Infrastructure/PathManager.php:217
/home/dan/Desktop/08/apache-htmx/src/Shared/Infrastructure/PathManager.php:149
/home/dan/Desktop/08/apache-htmx/src/Shared/Infrastructure/Path/FilePathCache.php:26
/home/dan/Desktop/08/apache-htmx/src/Shared/Infrastructure/PathManager.php:50
/home/dan/Desktop/08/apache-htmx/src/Shared/Infrastructure/PathManager.php:217
/home/dan/Desktop/08/apache-htmx/src/Shared/Infrastructure/PathManager.php:149
/home/dan/Desktop/08/apache-htmx/src/Shared/Infrastructure/Path/FilePathCache.php:26
/home/dan/Desktop/08/apache-htmx/src/Shared/Infrastructure/PathManager.php:50
/home/dan/Desktop/08/apache-htmx/src/Shared/Infrastructure/PathManager.php:217
/home/dan/Desktop/08/apache-htmx/src/Shared/Infrastructure/PathManager.php:149
/home/dan/Desktop/08/apache-htmx/src/Shared/Infrastructure/Path/FilePathCache.php:26
/home/dan/Desktop/08/apache-htmx/src/Shared/Infrastructure/PathManager.php:50
/home/dan/Desktop/08/apache-htmx/src/Shared/Infrastructure/PathManager.php:217
/home/dan/Desktop/08/apache-htmx/src/Shared/Infrastructure/PathManager.php:149
/home/dan/Desktop/08/apache-htmx/src/Shared/Infrastructure/Path/FilePathCache.php:26
/home/dan/Desktop/08/apache-htmx/src/Shared/Infrastructure/PathManager.php:50
/home/dan/Desktop/08/apache-htmx/src/Shared/Infrastructure/PathManager.php:217
/home/dan/Desktop/08/apache-htmx/src/Shared/Infrastructure/PathManager.php:149
/home/dan/Desktop/08/apache-htmx/src/Shared/Infrastructure/Path/FilePathCache.php:26
/home/dan/Desktop/08/apache-htmx/src/Shared/Infrastructure/PathManager.php:50
/home/dan/Desktop/08/apache-htmx/src/Shared/Infrastructure/PathManager.php:217
/home/dan/Desktop/08/apache-htmx/src/Shared/Infrastructure/PathManager.php:149
/home/dan/Desktop/08/apache-htmx/src/Shared/Infrastructure/Path/FilePathCache.php:26
/home/dan/Desktop/08/apache-htmx/src/Shared/Infrastructure/PathManager.php:50
/home/dan/Desktop/08/apache-htmx/src/Shared/Infrastructure/PathManager.php:217
/home/dan/Desktop/08/apache-htmx/src/Shared/Infrastructure/PathManager.php:149
/home/dan/Desktop/08/apache-htmx/src/Shared/Infrastructure/Path/FilePathCache.php:26
/home/dan/Desktop/08/apache-htmx/src/Shared/Infrastructure/PathManager.php:50
/home/dan/Desktop/08/apache-htmx/src/Shared/Infrastructure/PathManager.php:217
/home/dan/Desktop/08/apache-htmx/src/Shared/Infrastructure/PathManager.php:149
/home/dan/Desktop/08/apache-htmx/src/Shared/Infrastructure/Path/FilePathCache.php:26
/home/dan/Desktop/08/apache-htmx/src/Shared/Infrastructure/PathManager.php:50
/home/dan/Desktop/08/apache-htmx/src/Shared/Infrastructure/PathManager.php:217
/home/dan/Desktop/08/apache-htmx/src/Shared/Infrastructure/PathManager.php:149
/home/dan/Desktop/08/apache-htmx/src/Shared/Infrastructure/Path/FilePathCache.php:26
/home/dan/Desktop/08/apache-htmx/src/Shared/Infrastructure/PathManager.php:50
/home/dan/Desktop/08/apache-htmx/src/Shared/Infrastructure/PathManager.php:217
/home/dan/Desktop/08/apache-htmx/src/Shared/Infrastructure/PathManager.php:149
/home/dan/Desktop/08/apache-htmx/src/Shared/Infrastructure/Path/FilePathCache.php:26
/home/dan/Desktop/08/apache-htmx/src/Shared/Infrastructure/PathManager.php:50
/home/dan/Desktop/08/apache-htmx/src/Shared/Infrastructure/PathManager.php:217
/home/dan/Desktop/08/apache-htmx/src/Shared/Infrastructure/PathManager.php:149
/home/dan/Desktop/08/apache-htmx/src/Shared/Infrastructure/Path/FilePathCache.php:26
/home/dan/Desktop/08/apache-htmx/src/Shared/Infrastructure/PathManager.php:50
/home/dan/Desktop/08/apache-htmx/src/Shared/Infrastructure/PathManager.php:217
/home/dan/Desktop/08/apache-htmx/src/Shared/Infrastructure/PathManager.php:149
/home/dan/Desktop/08/apache-htmx/src/Shared/Infrastructure/Path/FilePathCache.php:26
/home/dan/Desktop/08/apache-htmx/src/Shared/Infrastructure/PathManager.php:50
/home/dan/Desktop/08/apache-htmx/src/Shared/Infrastructure/PathManager.php:217
/home/dan/Desktop/08/apache-htmx/src/Shared/Infrastructure/PathManager.php:149
/home/dan/Desktop/08/apache-htmx/src/Shared/Infrastructure/Path/FilePathCache.php:26
/home/dan/Desktop/08/apache-htmx/src/Shared/Infrastructure/PathManager.php:50
/home/dan/Desktop/08/apache-htmx/src/Shared/Infrastructure/PathManager.php:217
/home/dan/Desktop/08/apache-htmx/src/Shared/Infrastructure/PathManager.php:149
/home/dan/Desktop/08/apache-htmx/src/Shared/Infrastructure/Path/FilePathCache.php:26
/home/dan/Desktop/08/apache-htmx/src/Shared/Infrastructure/PathManager.php:50
/home/dan/Desktop/08/apache-htmx/src/Shared/Infrastructure/PathManager.php:217
/home/dan/Desktop/08/apache-htmx/src/Shared/Infrastructure/PathManager.php:149
/home/dan/Desktop/08/apache-htmx/src/Shared/Infrastructure/Path/FilePathCache.php:26
/home/dan/Desktop/08/apache-htmx/src/Shared/Infrastructure/PathManager.php:50
/home/dan/Desktop/08/apache-htmx/src/Shared/Infrastructure/PathManager.php:217
/home/dan/Desktop/08/apache-htmx/src/Shared/Infrastructure/PathManager.php:149
/home/dan/Desktop/08/apache-htmx/src/Shared/Infrastructure/Path/FilePathCache.php:26
/home/dan/Desktop/08/apache-htmx/src/Shared/Infrastructure/PathManager.php:50
/home/dan/Desktop/08/apache-htmx/src/Shared/Infrastructure/PathManager.php:217
/home/dan/Desktop/08/apache-htmx/src/Shared/Infrastructure/PathManager.php:149
/home/dan/Desktop/08/apache-htmx/src/Shared/Infrastructure/Path/FilePathCache.php:26
/home/dan/Desktop/08/apache-htmx/src/Shared/Infrastructure/PathManager.php:50
/home/dan/Desktop/08/apache-htmx/src/Shared/Infrastructure/PathManager.php:217
/home/dan/Desktop/08/apache-htmx/src/Shared/Infrastructure/PathManager.php:149
/home/dan/Desktop/08/apache-htmx/src/Shared/Infrastructure/Path/FilePathCache.php:26
/home/dan/Desktop/08/apache-htmx/src/Shared/Infrastructure/PathManager.php:50
/home/dan/Desktop/08/apache-htmx/src/Shared/Infrastructure/PathManager.php:217
/home/dan/Desktop/08/apache-htmx/src/Shared/Infrastructure/PathManager.php:149
/home/dan/Desktop/08/apache-htmx/src/Shared/Infrastructure/Path/FilePathCache.php:26
/home/dan/Desktop/08/apache-htmx/src/Shared/Infrastructure/PathManager.php:50
/home/dan/Desktop/08/apache-htmx/src/Shared/Infrastructure/PathManager.php:217
/home/dan/Desktop/08/apache-htmx/src/Shared/Infrastructure/PathManager.php:149
/home/dan/Desktop/08/apache-htmx/src/Shared/Infrastructure/Path/FilePathCache.php:26
/home/dan/Desktop/08/apache-htmx/src/Shared/Infrastructure/PathManager.php:50
/home/dan/Desktop/08/apache-htmx/src/Shared/Infrastructure/PathManager.php:217
/home/dan/Desktop/08/apache-htmx/src/Shared/Infrastructure/PathManager.php:149
/home/dan/Desktop/08/apache-htmx/src/Shared/Infrastructure/Path/FilePathCache.php:26
/home/dan/Desktop/08/apache-htmx/src/Shared/Infrastructure/PathManager.php:50
/home/dan/Desktop/08/apache-htmx/src/Shared/Infrastructure/PathManager.php:217
/home/dan/Desktop/08/apache-htmx/src/Shared/Infrastructure/PathManager.php:149
/home/dan/Desktop/08/apache-htmx/src/Shared/Infrastructure/Path/FilePathCache.php:26
/home/dan/Desktop/08/apache-htmx/src/Shared/Infrastructure/PathManager.php:50
/home/dan/Desktop/08/apache-htmx/src/Shared/Infrastructure/PathManager.php:217
/home/dan/Desktop/08/apache-htmx/src/Shared/Infrastructure/PathManager.php:149
/home/dan/Desktop/08/apache-htmx/src/Shared/Infrastructure/Path/FilePathCache.php:26
/home/dan/Desktop/08/apache-htmx/src/Shared/Infrastructure/PathManager.php:50
/home/dan/Desktop/08/apache-htmx/src/Shared/Infrastructure/PathManager.php:217
/home/dan/Desktop/08/apache-htmx/src/Shared/Infrastructure/PathManager.php:149
/home/dan/Desktop/08/apache-htmx/src/Shared/Infrastructure/Path/FilePathCache.php:26
/home/dan/Desktop/08/apache-htmx/src/Shared/Infrastructure/PathManager.php:50
/home/dan/Desktop/08/apache-htmx/src/Shared/Infrastructure/PathManager.php:217
/home/dan/Desktop/08/apache-htmx/src/Shared/Infrastructure/PathManager.php:149
/home/dan/Desktop/08/apache-htmx/src/Shared/Infrastructure/Path/FilePathCache.php:26
/home/dan/Desktop/08/apache-htmx/src/Shared/Infrastructure/PathManager.php:50
/home/dan/Desktop/08/apache-htmx/src/Shared/Infrastructure/PathManager.php:217
/home/dan/Desktop/08/apache-htmx/src/Shared/Infrastructure/PathManager.php:149
/home/dan/Desktop/08/apache-htmx/src/Shared/Infrastructure/Path/FilePathCache.php:26
/home/dan/Desktop/08/apache-htmx/src/Shared/Infrastructure/PathManager.php:50
/home/dan/Desktop/08/apache-htmx/src/Shared/Infrastructure/PathManager.php:217
/home/dan/Desktop/08/apache-htmx/src/Shared/Infrastructure/PathManager.php:149
/home/dan/Desktop/08/apache-htmx/src/Shared/Infrastructure/Path/FilePathCache.php:26
/home/dan/Desktop/08/apache-htmx/src/Shared/Infrastructure/PathManager.php:50
/home/dan/Desktop/08/apache-htmx/src/Shared/Infrastructure/PathManager.php:217
/home/dan/Desktop/08/apache-htmx/src/Shared/Infrastructure/PathManager.php:149
/home/dan/Desktop/08/apache-htmx/src/Shared/Infrastructure/Path/FilePathCache.php:26
/home/dan/Desktop/08/apache-htmx/src/Shared/Infrastructure/PathManager.php:50
/home/dan/Desktop/08/apache-htmx/src/Shared/Infrastructure/PathManager.php:217
/home/dan/Desktop/08/apache-htmx/src/Shared/Infrastructure/PathManager.php:149
/home/dan/Desktop/08/apache-htmx/src/Shared/Infrastructure/Path/FilePathCache.php:26
/home/dan/Desktop/08/apache-htmx/src/Shared/Infrastructure/PathManager.php:50
/home/dan/Desktop/08/apache-htmx/src/Shared/Infrastructure/PathManager.php:217
/home/dan/Desktop/08/apache-htmx/src/Shared/Infrastructure/PathManager.php:149
/home/dan/Desktop/08/apache-htmx/src/Shared/Infrastructure/Path/FilePathCache.php:26
/home/dan/Desktop/08/apache-htmx/src/Shared/Infrastructure/PathManager.php:50
/home/dan/Desktop/08/apache-htmx/src/Shared/Infrastructure/PathManager.php:217
/home/dan/Desktop/08/apache-htmx/src/Shared/Infrastructure/PathManager.php:149
/home/dan/Desktop/08/apache-htmx/src/Shared/Infrastructure/Path/FilePathCache.php:26
/home/dan/Desktop/08/apache-htmx/src/Shared/Infrastructure/PathManager.php:50
/home/dan/Desktop/08/apache-htmx/src/Shared/Infrastructure/PathManager.php:217
/home/dan/Desktop/08/apache-htmx/src/Shared/Infrastructure/PathManager.php:149
/home/dan/Desktop/08/apache-htmx/src/Shared/Infrastructure/Path/FilePathCache.php:26
/home/dan/Desktop/08/apache-htmx/src/Shared/Infrastructure/PathManager.php:50
/home/dan/Desktop/08/apache-htmx/src/Shared/Infrastructure/PathManager.php:217
/home/dan/Desktop/08/apache-htmx/src/Shared/Infrastructure/PathManager.php:149
/home/dan/Desktop/08/apache-htmx/src/Shared/Infrastructure/Path/FilePathCache.php:26
/home/dan/Desktop/08/apache-htmx/src/Shared/Infrastructure/PathManager.php:50
/home/dan/Desktop/08/apache-htmx/src/Shared/Infrastructure/PathManager.php:217
/home/dan/Desktop/08/apache-htmx/src/Shared/Infrastructure/PathManager.php:149
/home/dan/Desktop/08/apache-htmx/src/Shared/Infrastructure/Path/FilePathCache.php:26
/home/dan/Desktop/08/apache-htmx/src/Shared/Infrastructure/PathManager.php:50
/home/dan/Desktop/08/apache-htmx/src/Shared/Infrastructure/PathManager.php:217
/home/dan/Desktop/08/apache-htmx/src/Shared/Infrastructure/PathManager.php:149
/home/dan/Desktop/08/apache-htmx/src/Shared/Infrastructure/Path/FilePathCache.php:26
/home/dan/Desktop/08/apache-htmx/src/Shared/Infrastructure/PathManager.php:50
/home/dan/Desktop/08/apache-htmx/src/Shared/Infrastructure/PathManager.php:217
/home/dan/Desktop/08/apache-htmx/src/Shared/Infrastructure/PathManager.php:149
/home/dan/Desktop/08/apache-htmx/src/Shared/Infrastructure/Path/FilePathCache.php:26
/home/dan/Desktop/08/apache-htmx/src/Shared/Infrastructure/PathManager.php:50
/home/dan/Desktop/08/apache-htmx/src/Shared/Infrastructure/PathManager.php:217
/home/dan/Desktop/08/apache-htmx/src/Shared/Infrastructure/PathManager.php:149
/home/dan/Desktop/08/apache-htmx/src/Shared/Infrastructure/Path/FilePathCache.php:26
/home/dan/Desktop/08/apache-htmx/src/Shared/Infrastructure/PathManager.php:50
/home/dan/Desktop/08/apache-htmx/src/Shared/Infrastructure/PathManager.php:217
/home/dan/Desktop/08/apache-htmx/src/Shared/Infrastructure/PathManager.php:149
/home/dan/Desktop/08/apache-htmx/src/Shared/Infrastructure/Path/FilePathCache.php:26
/home/dan/Desktop/08/apache-htmx/src/Shared/Infrastructure/PathManager.php:50
/home/dan/Desktop/08/apache-htmx/src/Shared/Infrastructure/PathManager.php:217
/home/dan/Desktop/08/apache-htmx/src/Shared/Infrastructure/PathManager.php:149
/home/dan/Desktop/08/apache-htmx/src/Shared/Infrastructure/Path/FilePathCache.php:26
/home/dan/Desktop/08/apache-htmx/src/Shared/Infrastructure/PathManager.php:50
/home/dan/Desktop/08/apache-htmx/src/Shared/Infrastructure/PathManager.php:217
/home/dan/Desktop/08/apache-htmx/src/Shared/Infrastructure/PathManager.php:149
/home/dan/Desktop/08/apache-htmx/src/Shared/Infrastructure/Path/FilePathCache.php:26
/home/dan/Desktop/08/apache-htmx/src/Shared/Infrastructure/PathManager.php:50
/home/dan/Desktop/08/apache-htmx/src/Shared/Infrastructure/PathManager.php:217
/home/dan/Desktop/08/apache-htmx/src/Shared/Infrastructure/PathManager.php:149
/home/dan/Desktop/08/apache-htmx/src/Shared/Infrastructure/Path/FilePathCache.php:26
/home/dan/Desktop/08/apache-htmx/src/Shared/Infrastructure/PathManager.php:50
/home/dan/Desktop/08/apache-htmx/src/Shared/Infrastructure/PathManager.php:217
/home/dan/Desktop/08/apache-htmx/src/Shared/Infrastructure/PathManager.php:149
/home/dan/Desktop/08/apache-htmx/src/Shared/Infrastructure/Path/FilePathCache.php:26
/home/dan/Desktop/08/apache-htmx/src/Shared/Infrastructure/PathManager.php:50
/home/dan/Desktop/08/apache-htmx/src/Shared/Infrastructure/PathManager.php:217
/home/dan/Desktop/08/apache-htmx/src/Shared/Infrastructure/PathManager.php:149
/home/dan/Desktop/08/apache-htmx/src/Shared/Infrastructure/Path/FilePathCache.php:26
/home/dan/Desktop/08/apache-htmx/src/Shared/Infrastructure/PathManager.php:50
/home/dan/Desktop/08/apache-htmx/src/Shared/Infrastructure/PathManager.php:217
/home/dan/Desktop/08/apache-htmx/src/Shared/Infrastructure/PathManager.php:149
/home/dan/Desktop/08/apache-htmx/src/Shared/Infrastructure/Path/FilePathCache.php:26
/home/dan/Desktop/08/apache-htmx/src/Shared/Infrastructure/PathManager.php:50
/home/dan/Desktop/08/apache-htmx/src/Shared/Infrastructure/PathManager.php:217
/home/dan/Desktop/08/apache-htmx/src/Shared/Infrastructure/PathManager.php:149
/home/dan/Desktop/08/apache-htmx/src/Shared/Infrastructure/Path/FilePathCache.php:26
/home/dan/Desktop/08/apache-htmx/src/Shared/Infrastructure/PathManager.php:50
/home/dan/Desktop/08/apache-htmx/src/Shared/Infrastructure/PathManager.php:217
/home/dan/Desktop/08/apache-htmx/src/Shared/Infrastructure/PathManager.php:149
/home/dan/Desktop/08/apache-htmx/src/Shared/Infrastructure/Path/FilePathCache.php:26
/home/dan/Desktop/08/apache-htmx/src/Shared/Infrastructure/PathManager.php:50
/home/dan/Desktop/08/apache-htmx/src/Shared/Infrastructure/PathManager.php:217
/home/dan/Desktop/08/apache-htmx/src/Shared/Infrastructure/PathManager.php:149
/home/dan/Desktop/08/apache-htmx/src/Shared/Infrastructure/Path/FilePathCache.php:26
/home/dan/Desktop/08/apache-htmx/src/Shared/Infrastructure/PathManager.php:50
/home/dan/Desktop/08/apache-htmx/src/Shared/Infrastructure/PathManager.php:217
/home/dan/Desktop/08/apache-htmx/src/Shared/Infrastructure/PathManager.php:149
/home/dan/Desktop/08/apache-htmx/src/Shared/Infrastructure/Path/FilePathCache.php:26
/home/dan/Desktop/08/apache-htmx/src/Shared/Infrastructure/PathManager.php:50
/home/dan/Desktop/08/apache-htmx/src/Shared/Infrastructure/PathManager.php:217
/home/dan/Desktop/08/apache-htmx/src/Shared/Infrastructure/PathManager.php:149
/home/dan/Desktop/08/apache-htmx/src/Shared/Infrastructure/Path/FilePathCache.php:26
/home/dan/Desktop/08/apache-htmx/src/Shared/Infrastructure/PathManager.php:50
/home/dan/Desktop/08/apache-htmx/src/Shared/Infrastructure/PathManager.php:217
/home/dan/Desktop/08/apache-htmx/src/Shared/Infrastructure/PathManager.php:149
/home/dan/Desktop/08/apache-htmx/src/Shared/Infrastructure/Path/FilePathCache.php:26
/home/dan/Desktop/08/apache-htmx/src/Shared/Infrastructure/PathManager.php:50
/home/dan/Desktop/08/apache-htmx/src/Shared/Infrastructure/PathManager.php:217
/home/dan/Desktop/08/apache-htmx/src/Shared/Infrastructure/PathManager.php:149
/home/dan/Desktop/08/apache-htmx/src/Shared/Infrastructure/Path/FilePathCache.php:26
/home/dan/Desktop/08/apache-htmx/src/Shared/Infrastructure/PathManager.php:50
/home/dan/Desktop/08/apache-htmx/src/Shared/Infrastructure/PathManager.php:217
/home/dan/Desktop/08/apache-htmx/src/Shared/Infrastructure/PathManager.php:149
/home/dan/Desktop/08/apache-htmx/src/Shared/Infrastructure/Path/FilePathCache.php:26
/home/dan/Desktop/08/apache-htmx/src/Shared/Infrastructure/PathManager.php:50
/home/dan/Desktop/08/apache-htmx/src/Shared/Infrastructure/PathManager.php:217
/home/dan/Desktop/08/apache-htmx/src/Shared/Infrastructure/PathManager.php:149
/home/dan/Desktop/08/apache-htmx/src/Shared/Infrastructure/Path/FilePathCache.php:26
/home/dan/Desktop/08/apache-htmx/src/Shared/Infrastructure/PathManager.php:50
/home/dan/Desktop/08/apache-htmx/src/Shared/Infrastructure/PathManager.php:217
/home/dan/Desktop/08/apache-htmx/src/Shared/Infrastructure/PathManager.php:149
/home/dan/Desktop/08/apache-htmx/src/Shared/Infrastructure/Path/FilePathCache.php:26
/home/dan/Desktop/08/apache-htmx/src/Shared/Infrastructure/PathManager.php:50
/home/dan/Desktop/08/apache-htmx/src/Shared/Infrastructure/PathManager.php:217
/home/dan/Desktop/08/apache-htmx/src/Shared/Infrastructure/PathManager.php:149
/home/dan/Desktop/08/apache-htmx/src/Shared/Infrastructure/Path/FilePathCache.php:26
/home/dan/Desktop/08/apache-htmx/src/Shared/Infrastructure/PathManager.php:50
/home/dan/Desktop/08/apache-htmx/src/Shared/Infrastructure/PathManager.php:217
/home/dan/Desktop/08/apache-htmx/src/Shared/Infrastructure/PathManager.php:149
/home/dan/Desktop/08/apache-htmx/src/Shared/Infrastructure/Path/FilePathCache.php:26
/home/dan/Desktop/08/apache-htmx/src/Shared/Infrastructure/PathManager.php:50
/home/dan/Desktop/08/apache-htmx/src/Shared/Infrastructure/PathManager.php:217
/home/dan/Desktop/08/apache-htmx/src/Shared/Infrastructure/PathManager.php:149
/home/dan/Desktop/08/apache-htmx/src/Shared/Infrastructure/Path/FilePathCache.php:26
/home/dan/Desktop/08/apache-htmx/src/Shared/Infrastructure/PathManager.php:50
/home/dan/Desktop/08/apache-htmx/src/Shared/Infrastructure/PathManager.php:217
/home/dan/Desktop/08/apache-htmx/src/Shared/Infrastructure/PathManager.php:149
/home/dan/Desktop/08/apache-htmx/src/Shared/Infrastructure/Path/FilePathCache.php:26
/home/dan/Desktop/08/apache-htmx/src/Shared/Infrastructure/PathManager.php:50
/home/dan/Desktop/08/apache-htmx/src/Shared/Infrastructure/PathManager.php:217
/home/dan/Desktop/08/apache-htmx/src/Shared/Infrastructure/PathManager.php:149
/home/dan/Desktop/08/apache-htmx/src/Shared/Infrastructure/Path/FilePathCache.php:26
/home/dan/Desktop/08/apache-htmx/src/Shared/Infrastructure/PathManager.php:50
/home/dan/Desktop/08/apache-htmx/src/Shared/Infrastructure/PathManager.php:217
/home/dan/Desktop/08/apache-htmx/src/Shared/Infrastructure/PathManager.php:149
/home/dan/Desktop/08/apache-htmx/src/Shared/Infrastructure/Path/FilePathCache.php:26
/home/dan/Desktop/08/apache-htmx/src/Shared/Infrastructure/PathManager.php:50
/home/dan/Desktop/08/apache-htmx/src/Shared/Infrastructure/PathManager.php:217
/home/dan/Desktop/08/apache-htmx/src/Shared/Infrastructure/PathManager.php:149
/home/dan/Desktop/08/apache-htmx/src/Shared/Infrastructure/Path/FilePathCache.php:26
/home/dan/Desktop/08/apache-htmx/src/Shared/Infrastructure/PathManager.php:50
/home/dan/Desktop/08/apache-htmx/src/Shared/Infrastructure/PathManager.php:217
/home/dan/Desktop/08/apache-htmx/src/Shared/Infrastructure/PathManager.php:149
/home/dan/Desktop/08/apache-htmx/src/Shared/Infrastructure/Path/FilePathCache.php:26
/home/dan/Desktop/08/apache-htmx/src/Shared/Infrastructure/PathManager.php:50
/home/dan/Desktop/08/apache-htmx/src/Shared/Infrastructure/PathManager.php:217
/home/dan/Desktop/08/apache-htmx/src/Shared/Infrastructure/PathManager.php:149
/home/dan/Desktop/08/apache-htmx/src/Shared/Infrastructure/Path/FilePathCache.php:26
/home/dan/Desktop/08/apache-htmx/src/Shared/Infrastructure/PathManager.php:50
/home/dan/Desktop/08/apache-htmx/src/Shared/Infrastructure/PathManager.php:217
/home/dan/Desktop/08/apache-htmx/src/Shared/Infrastructure/PathManager.php:149
/home/dan/Desktop/08/apache-htmx/src/Shared/Infrastructure/Path/FilePathCache.php:26
/home/dan/Desktop/08/apache-htmx/src/Shared/Infrastructure/PathManager.php:50
/home/dan/Desktop/08/apache-htmx/src/Shared/Infrastructure/PathManager.php:217
/home/dan/Desktop/08/apache-htmx/src/Shared/Infrastructure/PathManager.php:149
/home/dan/Desktop/08/apache-htmx/src/Shared/Infrastructure/Path/FilePathCache.php:26
/home/dan/Desktop/08/apache-htmx/src/Shared/Infrastructure/PathManager.php:50
/home/dan/Desktop/08/apache-htmx/src/Shared/Infrastructure/PathManager.php:217
/home/dan/Desktop/08/apache-htmx/src/Shared/Infrastructure/PathManager.php:149
/home/dan/Desktop/08/apache-htmx/src/Shared/Infrastructure/Path/FilePathCache.php:26
/home/dan/Desktop/08/apache-htmx/src/Shared/Infrastructure/PathManager.php:50
/home/dan/Desktop/08/apache-htmx/src/Shared/Infrastructure/PathManager.php:217
/home/dan/Desktop/08/apache-htmx/src/Shared/Infrastructure/PathManager.php:149
/home/dan/Desktop/08/apache-htmx/src/Shared/Infrastructure/Path/FilePathCache.php:26
/home/dan/Desktop/08/apache-htmx/src/Shared/Infrastructure/PathManager.php:50
/home/dan/Desktop/08/apache-htmx/src/Shared/Infrastructure/PathManager.php:217
/home/dan/Desktop/08/apache-htmx/src/Shared/Infrastructure/PathManager.php:149
/home/dan/Desktop/08/apache-htmx/src/Shared/Infrastructure/Path/FilePathCache.php:26
/home/dan/Desktop/08/apache-htmx/src/Shared/Infrastructure/PathManager.php:50
/home/dan/Desktop/08/apache-htmx/src/Shared/Infrastructure/PathManager.php:217
/home/dan/Desktop/08/apache-htmx/src/Shared/Infrastructure/PathManager.php:149
/home/dan/Desktop/08/apache-htmx/src/Shared/Infrastructure/Path/FilePathCache.php:26
/home/dan/Desktop/08/apache-htmx/src/Shared/Infrastructure/PathManager.php:50
/home/dan/Desktop/08/apache-htmx/src/Shared/Infrastructure/PathManager.php:217
/home/dan/Desktop/08/apache-htmx/src/Shared/Infrastructure/PathManager.php:149
/home/dan/Desktop/08/apache-htmx/src/Shared/Infrastructure/Path/FilePathCache.php:26
/home/dan/Desktop/08/apache-htmx/src/Shared/Infrastructure/PathManager.php:50
/home/dan/Desktop/08/apache-htmx/src/Shared/Infrastructure/PathManager.php:217
/home/dan/Desktop/08/apache-htmx/src/Shared/Infrastructure/PathManager.php:149
/home/dan/Desktop/08/apache-htmx/src/Shared/Infrastructure/Path/FilePathCache.php:26
/home/dan/Desktop/08/apache-htmx/src/Shared/Infrastructure/PathManager.php:50
/home/dan/Desktop/08/apache-htmx/src/Shared/Infrastructure/PathManager.php:217
/home/dan/Desktop/08/apache-htmx/src/Shared/Infrastructure/PathManager.php:149
/home/dan/Desktop/08/apache-htmx/src/Shared/Infrastructure/Path/FilePathCache.php:26
/home/dan/Desktop/08/apache-htmx/src/Shared/Infrastructure/PathManager.php:50
/home/dan/Desktop/08/apache-htmx/src/Shared/Infrastructure/PathManager.php:217
/home/dan/Desktop/08/apache-htmx/src/Shared/Infrastructure/PathManager.php:149
/home/dan/Desktop/08/apache-htmx/src/Shared/Infrastructure/Path/FilePathCache.php:26
/home/dan/Desktop/08/apache-htmx/src/Shared/Infrastructure/PathManager.php:50
/home/dan/Desktop/08/apache-htmx/src/Shared/Infrastructure/PathManager.php:217
/home/dan/Desktop/08/apache-htmx/src/Shared/Infrastructure/PathManager.php:149
/home/dan/Desktop/08/apache-htmx/src/Shared/Infrastructure/Path/FilePathCache.php:26
/home/dan/Desktop/08/apache-htmx/src/Shared/Infrastructure/PathManager.php:50
/home/dan/Desktop/08/apache-htmx/src/Shared/Infrastructure/PathManager.php:217
/home/dan/Desktop/08/apache-htmx/src/Shared/Infrastructure/PathManager.php:149
/home/dan/Desktop/08/apache-htmx/src/Shared/Infrastructure/Path/FilePathCache.php:26
/home/dan/Desktop/08/apache-htmx/src/Shared/Infrastructure/PathManager.php:50
/home/dan/Desktop/08/apache-htmx/src/Shared/Infrastructure/PathManager.php:217
/home/dan/Desktop/08/apache-htmx/src/Shared/Infrastructure/PathManager.php:149
/home/dan/Desktop/08/apache-htmx/src/Shared/Infrastructure/Path/FilePathCache.php:26
/home/dan/Desktop/08/apache-htmx/src/Shared/Infrastructure/PathManager.php:50
/home/dan/Desktop/08/apache-htmx/src/Shared/Infrastructure/PathManager.php:217
/home/dan/Desktop/08/apache-htmx/src/Shared/Infrastructure/PathManager.php:149
/home/dan/Desktop/08/apache-htmx/src/Shared/Infrastructure/Path/FilePathCache.php:26
/home/dan/Desktop/08/apache-htmx/src/Shared/Infrastructure/PathManager.php:50
/home/dan/Desktop/08/apache-htmx/src/Shared/Infrastructure/PathManager.php:217
/home/dan/Desktop/08/apache-htmx/src/Shared/Infrastructure/PathManager.php:149
/home/dan/Desktop/08/apache-htmx/src/Shared/Infrastructure/Path/FilePathCache.php:26
/home/dan/Desktop/08/apache-htmx/src/Shared/Infrastructure/PathManager.php:50
/home/dan/Desktop/08/apache-htmx/src/Shared/Infrastructure/PathManager.php:217
/home/dan/Desktop/08/apache-htmx/src/Shared/Infrastructure/PathManager.php:149
/home/dan/Desktop/08/apache-htmx/src/Shared/Infrastructure/Path/FilePathCache.php:26
/home/dan/Desktop/08/apache-htmx/src/Shared/Infrastructure/PathManager.php:50
/home/dan/Desktop/08/apache-htmx/src/Shared/Infrastructure/PathManager.php:217
/home/dan/Desktop/08/apache-htmx/src/Shared/Infrastructure/PathManager.php:149
/home/dan/Desktop/08/apache-htmx/src/Shared/Infrastructure/Path/FilePathCache.php:26
/home/dan/Desktop/08/apache-htmx/src/Shared/Infrastructure/PathManager.php:50
/home/dan/Desktop/08/apache-htmx/src/Shared/Infrastructure/PathManager.php:217
/home/dan/Desktop/08/apache-htmx/src/Shared/Infrastructure/PathManager.php:149
/home/dan/Desktop/08/apache-htmx/src/Shared/Infrastructure/Path/FilePathCache.php:26
/home/dan/Desktop/08/apache-htmx/src/Shared/Infrastructure/PathManager.php:50
/home/dan/Desktop/08/apache-htmx/src/Shared/Infrastructure/PathManager.php:217
/home/dan/Desktop/08/apache-htmx/src/Shared/Infrastructure/PathManager.php:149
/home/dan/Desktop/08/apache-htmx/src/Shared/Infrastructure/Path/FilePathCache.php:26
/home/dan/Desktop/08/apache-htmx/src/Shared/Infrastructure/PathManager.php:50
/home/dan/Desktop/08/apache-htmx/src/Shared/Infrastructure/PathManager.php:217
/home/dan/Desktop/08/apache-htmx/src/Shared/Infrastructure/PathManager.php:149
/home/dan/Desktop/08/apache-htmx/src/Shared/Infrastructure/Path/FilePathCache.php:26
/home/dan/Desktop/08/apache-htmx/src/Shared/Infrastructure/PathManager.php:50
/home/dan/Desktop/08/apache-htmx/src/Shared/Infrastructure/PathManager.php:412
/home/dan/Desktop/08/apache-htmx/tests/Unit/Shared/Infrastructure/PathManagerTest.php:18</error>
        </testcase>
        <testcase name="testPathCaching" file="/home/dan/Desktop/08/apache-htmx/tests/Unit/Shared/Infrastructure/PathManagerTest.php" line="35" class="Tests\Unit\Shared\Infrastructure\PathManagerTest" classname="Tests.Unit.Shared.Infrastructure.PathManagerTest" assertions="0" time="0.000000">
          <error type="Error">Tests\Unit\Shared\Infrastructure\PathManagerTest::testPathCaching
Error: Xdebug has detected a possible infinite loop, and aborted your script with a stack depth of '512' frames

/home/dan/Desktop/08/apache-htmx/src/Shared/Infrastructure/PathManager.php:147
/home/dan/Desktop/08/apache-htmx/src/Shared/Infrastructure/Path/FilePathCache.php:26
/home/dan/Desktop/08/apache-htmx/src/Shared/Infrastructure/PathManager.php:50
/home/dan/Desktop/08/apache-htmx/src/Shared/Infrastructure/PathManager.php:217
/home/dan/Desktop/08/apache-htmx/src/Shared/Infrastructure/PathManager.php:149
/home/dan/Desktop/08/apache-htmx/src/Shared/Infrastructure/Path/FilePathCache.php:26
/home/dan/Desktop/08/apache-htmx/src/Shared/Infrastructure/PathManager.php:50
/home/dan/Desktop/08/apache-htmx/src/Shared/Infrastructure/PathManager.php:217
/home/dan/Desktop/08/apache-htmx/src/Shared/Infrastructure/PathManager.php:149
/home/dan/Desktop/08/apache-htmx/src/Shared/Infrastructure/Path/FilePathCache.php:26
/home/dan/Desktop/08/apache-htmx/src/Shared/Infrastructure/PathManager.php:50
/home/dan/Desktop/08/apache-htmx/src/Shared/Infrastructure/PathManager.php:217
/home/dan/Desktop/08/apache-htmx/src/Shared/Infrastructure/PathManager.php:149
/home/dan/Desktop/08/apache-htmx/src/Shared/Infrastructure/Path/FilePathCache.php:26
/home/dan/Desktop/08/apache-htmx/src/Shared/Infrastructure/PathManager.php:50
/home/dan/Desktop/08/apache-htmx/src/Shared/Infrastructure/PathManager.php:217
/home/dan/Desktop/08/apache-htmx/src/Shared/Infrastructure/PathManager.php:149
/home/dan/Desktop/08/apache-htmx/src/Shared/Infrastructure/Path/FilePathCache.php:26
/home/dan/Desktop/08/apache-htmx/src/Shared/Infrastructure/PathManager.php:50
/home/dan/Desktop/08/apache-htmx/src/Shared/Infrastructure/PathManager.php:217
/home/dan/Desktop/08/apache-htmx/src/Shared/Infrastructure/PathManager.php:149
/home/dan/Desktop/08/apache-htmx/src/Shared/Infrastructure/Path/FilePathCache.php:26
/home/dan/Desktop/08/apache-htmx/src/Shared/Infrastructure/PathManager.php:50
/home/dan/Desktop/08/apache-htmx/src/Shared/Infrastructure/PathManager.php:217
/home/dan/Desktop/08/apache-htmx/src/Shared/Infrastructure/PathManager.php:149
/home/dan/Desktop/08/apache-htmx/src/Shared/Infrastructure/Path/FilePathCache.php:26
/home/dan/Desktop/08/apache-htmx/src/Shared/Infrastructure/PathManager.php:50
/home/dan/Desktop/08/apache-htmx/src/Shared/Infrastructure/PathManager.php:217
/home/dan/Desktop/08/apache-htmx/src/Shared/Infrastructure/PathManager.php:149
/home/dan/Desktop/08/apache-htmx/src/Shared/Infrastructure/Path/FilePathCache.php:26
/home/dan/Desktop/08/apache-htmx/src/Shared/Infrastructure/PathManager.php:50
/home/dan/Desktop/08/apache-htmx/src/Shared/Infrastructure/PathManager.php:217
/home/dan/Desktop/08/apache-htmx/src/Shared/Infrastructure/PathManager.php:149
/home/dan/Desktop/08/apache-htmx/src/Shared/Infrastructure/Path/FilePathCache.php:26
/home/dan/Desktop/08/apache-htmx/src/Shared/Infrastructure/PathManager.php:50
/home/dan/Desktop/08/apache-htmx/src/Shared/Infrastructure/PathManager.php:217
/home/dan/Desktop/08/apache-htmx/src/Shared/Infrastructure/PathManager.php:149
/home/dan/Desktop/08/apache-htmx/src/Shared/Infrastructure/Path/FilePathCache.php:26
/home/dan/Desktop/08/apache-htmx/src/Shared/Infrastructure/PathManager.php:50
/home/dan/Desktop/08/apache-htmx/src/Shared/Infrastructure/PathManager.php:217
/home/dan/Desktop/08/apache-htmx/src/Shared/Infrastructure/PathManager.php:149
/home/dan/Desktop/08/apache-htmx/src/Shared/Infrastructure/Path/FilePathCache.php:26
/home/dan/Desktop/08/apache-htmx/src/Shared/Infrastructure/PathManager.php:50
/home/dan/Desktop/08/apache-htmx/src/Shared/Infrastructure/PathManager.php:217
/home/dan/Desktop/08/apache-htmx/src/Shared/Infrastructure/PathManager.php:149
/home/dan/Desktop/08/apache-htmx/src/Shared/Infrastructure/Path/FilePathCache.php:26
/home/dan/Desktop/08/apache-htmx/src/Shared/Infrastructure/PathManager.php:50
/home/dan/Desktop/08/apache-htmx/src/Shared/Infrastructure/PathManager.php:217
/home/dan/Desktop/08/apache-htmx/src/Shared/Infrastructure/PathManager.php:149
/home/dan/Desktop/08/apache-htmx/src/Shared/Infrastructure/Path/FilePathCache.php:26
/home/dan/Desktop/08/apache-htmx/src/Shared/Infrastructure/PathManager.php:50
/home/dan/Desktop/08/apache-htmx/src/Shared/Infrastructure/PathManager.php:217
/home/dan/Desktop/08/apache-htmx/src/Shared/Infrastructure/PathManager.php:149
/home/dan/Desktop/08/apache-htmx/src/Shared/Infrastructure/Path/FilePathCache.php:26
/home/dan/Desktop/08/apache-htmx/src/Shared/Infrastructure/PathManager.php:50
/home/dan/Desktop/08/apache-htmx/src/Shared/Infrastructure/PathManager.php:217
/home/dan/Desktop/08/apache-htmx/src/Shared/Infrastructure/PathManager.php:149
/home/dan/Desktop/08/apache-htmx/src/Shared/Infrastructure/Path/FilePathCache.php:26
/home/dan/Desktop/08/apache-htmx/src/Shared/Infrastructure/PathManager.php:50
/home/dan/Desktop/08/apache-htmx/src/Shared/Infrastructure/PathManager.php:217
/home/dan/Desktop/08/apache-htmx/src/Shared/Infrastructure/PathManager.php:149
/home/dan/Desktop/08/apache-htmx/src/Shared/Infrastructure/Path/FilePathCache.php:26
/home/dan/Desktop/08/apache-htmx/src/Shared/Infrastructure/PathManager.php:50
/home/dan/Desktop/08/apache-htmx/src/Shared/Infrastructure/PathManager.php:217
/home/dan/Desktop/08/apache-htmx/src/Shared/Infrastructure/PathManager.php:149
/home/dan/Desktop/08/apache-htmx/src/Shared/Infrastructure/Path/FilePathCache.php:26
/home/dan/Desktop/08/apache-htmx/src/Shared/Infrastructure/PathManager.php:50
/home/dan/Desktop/08/apache-htmx/src/Shared/Infrastructure/PathManager.php:217
/home/dan/Desktop/08/apache-htmx/src/Shared/Infrastructure/PathManager.php:149
/home/dan/Desktop/08/apache-htmx/src/Shared/Infrastructure/Path/FilePathCache.php:26
/home/dan/Desktop/08/apache-htmx/src/Shared/Infrastructure/PathManager.php:50
/home/dan/Desktop/08/apache-htmx/src/Shared/Infrastructure/PathManager.php:217
/home/dan/Desktop/08/apache-htmx/src/Shared/Infrastructure/PathManager.php:149
/home/dan/Desktop/08/apache-htmx/src/Shared/Infrastructure/Path/FilePathCache.php:26
/home/dan/Desktop/08/apache-htmx/src/Shared/Infrastructure/PathManager.php:50
/home/dan/Desktop/08/apache-htmx/src/Shared/Infrastructure/PathManager.php:217
/home/dan/Desktop/08/apache-htmx/src/Shared/Infrastructure/PathManager.php:149
/home/dan/Desktop/08/apache-htmx/src/Shared/Infrastructure/Path/FilePathCache.php:26
/home/dan/Desktop/08/apache-htmx/src/Shared/Infrastructure/PathManager.php:50
/home/dan/Desktop/08/apache-htmx/src/Shared/Infrastructure/PathManager.php:217
/home/dan/Desktop/08/apache-htmx/src/Shared/Infrastructure/PathManager.php:149
/home/dan/Desktop/08/apache-htmx/src/Shared/Infrastructure/Path/FilePathCache.php:26
/home/dan/Desktop/08/apache-htmx/src/Shared/Infrastructure/PathManager.php:50
/home/dan/Desktop/08/apache-htmx/src/Shared/Infrastructure/PathManager.php:217
/home/dan/Desktop/08/apache-htmx/src/Shared/Infrastructure/PathManager.php:149
/home/dan/Desktop/08/apache-htmx/src/Shared/Infrastructure/Path/FilePathCache.php:26
/home/dan/Desktop/08/apache-htmx/src/Shared/Infrastructure/PathManager.php:50
/home/dan/Desktop/08/apache-htmx/src/Shared/Infrastructure/PathManager.php:217
/home/dan/Desktop/08/apache-htmx/src/Shared/Infrastructure/PathManager.php:149
/home/dan/Desktop/08/apache-htmx/src/Shared/Infrastructure/Path/FilePathCache.php:26
/home/dan/Desktop/08/apache-htmx/src/Shared/Infrastructure/PathManager.php:50
/home/dan/Desktop/08/apache-htmx/src/Shared/Infrastructure/PathManager.php:217
/home/dan/Desktop/08/apache-htmx/src/Shared/Infrastructure/PathManager.php:149
/home/dan/Desktop/08/apache-htmx/src/Shared/Infrastructure/Path/FilePathCache.php:26
/home/dan/Desktop/08/apache-htmx/src/Shared/Infrastructure/PathManager.php:50
/home/dan/Desktop/08/apache-htmx/src/Shared/Infrastructure/PathManager.php:217
/home/dan/Desktop/08/apache-htmx/src/Shared/Infrastructure/PathManager.php:149
/home/dan/Desktop/08/apache-htmx/src/Shared/Infrastructure/Path/FilePathCache.php:26
/home/dan/Desktop/08/apache-htmx/src/Shared/Infrastructure/PathManager.php:50
/home/dan/Desktop/08/apache-htmx/src/Shared/Infrastructure/PathManager.php:217
/home/dan/Desktop/08/apache-htmx/src/Shared/Infrastructure/PathManager.php:149
/home/dan/Desktop/08/apache-htmx/src/Shared/Infrastructure/Path/FilePathCache.php:26
/home/dan/Desktop/08/apache-htmx/src/Shared/Infrastructure/PathManager.php:50
/home/dan/Desktop/08/apache-htmx/src/Shared/Infrastructure/PathManager.php:217
/home/dan/Desktop/08/apache-htmx/src/Shared/Infrastructure/PathManager.php:149
/home/dan/Desktop/08/apache-htmx/src/Shared/Infrastructure/Path/FilePathCache.php:26
/home/dan/Desktop/08/apache-htmx/src/Shared/Infrastructure/PathManager.php:50
/home/dan/Desktop/08/apache-htmx/src/Shared/Infrastructure/PathManager.php:217
/home/dan/Desktop/08/apache-htmx/src/Shared/Infrastructure/PathManager.php:149
/home/dan/Desktop/08/apache-htmx/src/Shared/Infrastructure/Path/FilePathCache.php:26
/home/dan/Desktop/08/apache-htmx/src/Shared/Infrastructure/PathManager.php:50
/home/dan/Desktop/08/apache-htmx/src/Shared/Infrastructure/PathManager.php:217
/home/dan/Desktop/08/apache-htmx/src/Shared/Infrastructure/PathManager.php:149
/home/dan/Desktop/08/apache-htmx/src/Shared/Infrastructure/Path/FilePathCache.php:26
/home/dan/Desktop/08/apache-htmx/src/Shared/Infrastructure/PathManager.php:50
/home/dan/Desktop/08/apache-htmx/src/Shared/Infrastructure/PathManager.php:217
/home/dan/Desktop/08/apache-htmx/src/Shared/Infrastructure/PathManager.php:149
/home/dan/Desktop/08/apache-htmx/src/Shared/Infrastructure/Path/FilePathCache.php:26
/home/dan/Desktop/08/apache-htmx/src/Shared/Infrastructure/PathManager.php:50
/home/dan/Desktop/08/apache-htmx/src/Shared/Infrastructure/PathManager.php:217
/home/dan/Desktop/08/apache-htmx/src/Shared/Infrastructure/PathManager.php:149
/home/dan/Desktop/08/apache-htmx/src/Shared/Infrastructure/Path/FilePathCache.php:26
/home/dan/Desktop/08/apache-htmx/src/Shared/Infrastructure/PathManager.php:50
/home/dan/Desktop/08/apache-htmx/src/Shared/Infrastructure/PathManager.php:217
/home/dan/Desktop/08/apache-htmx/src/Shared/Infrastructure/PathManager.php:149
/home/dan/Desktop/08/apache-htmx/src/Shared/Infrastructure/Path/FilePathCache.php:26
/home/dan/Desktop/08/apache-htmx/src/Shared/Infrastructure/PathManager.php:50
/home/dan/Desktop/08/apache-htmx/src/Shared/Infrastructure/PathManager.php:217
/home/dan/Desktop/08/apache-htmx/src/Shared/Infrastructure/PathManager.php:149
/home/dan/Desktop/08/apache-htmx/src/Shared/Infrastructure/Path/FilePathCache.php:26
/home/dan/Desktop/08/apache-htmx/src/Shared/Infrastructure/PathManager.php:50
/home/dan/Desktop/08/apache-htmx/src/Shared/Infrastructure/PathManager.php:217
/home/dan/Desktop/08/apache-htmx/src/Shared/Infrastructure/PathManager.php:149
/home/dan/Desktop/08/apache-htmx/src/Shared/Infrastructure/Path/FilePathCache.php:26
/home/dan/Desktop/08/apache-htmx/src/Shared/Infrastructure/PathManager.php:50
/home/dan/Desktop/08/apache-htmx/src/Shared/Infrastructure/PathManager.php:217
/home/dan/Desktop/08/apache-htmx/src/Shared/Infrastructure/PathManager.php:149
/home/dan/Desktop/08/apache-htmx/src/Shared/Infrastructure/Path/FilePathCache.php:26
/home/dan/Desktop/08/apache-htmx/src/Shared/Infrastructure/PathManager.php:50
/home/dan/Desktop/08/apache-htmx/src/Shared/Infrastructure/PathManager.php:217
/home/dan/Desktop/08/apache-htmx/src/Shared/Infrastructure/PathManager.php:149
/home/dan/Desktop/08/apache-htmx/src/Shared/Infrastructure/Path/FilePathCache.php:26
/home/dan/Desktop/08/apache-htmx/src/Shared/Infrastructure/PathManager.php:50
/home/dan/Desktop/08/apache-htmx/src/Shared/Infrastructure/PathManager.php:217
/home/dan/Desktop/08/apache-htmx/src/Shared/Infrastructure/PathManager.php:149
/home/dan/Desktop/08/apache-htmx/src/Shared/Infrastructure/Path/FilePathCache.php:26
/home/dan/Desktop/08/apache-htmx/src/Shared/Infrastructure/PathManager.php:50
/home/dan/Desktop/08/apache-htmx/src/Shared/Infrastructure/PathManager.php:217
/home/dan/Desktop/08/apache-htmx/src/Shared/Infrastructure/PathManager.php:149
/home/dan/Desktop/08/apache-htmx/src/Shared/Infrastructure/Path/FilePathCache.php:26
/home/dan/Desktop/08/apache-htmx/src/Shared/Infrastructure/PathManager.php:50
/home/dan/Desktop/08/apache-htmx/src/Shared/Infrastructure/PathManager.php:217
/home/dan/Desktop/08/apache-htmx/src/Shared/Infrastructure/PathManager.php:149
/home/dan/Desktop/08/apache-htmx/src/Shared/Infrastructure/Path/FilePathCache.php:26
/home/dan/Desktop/08/apache-htmx/src/Shared/Infrastructure/PathManager.php:50
/home/dan/Desktop/08/apache-htmx/src/Shared/Infrastructure/PathManager.php:217
/home/dan/Desktop/08/apache-htmx/src/Shared/Infrastructure/PathManager.php:149
/home/dan/Desktop/08/apache-htmx/src/Shared/Infrastructure/Path/FilePathCache.php:26
/home/dan/Desktop/08/apache-htmx/src/Shared/Infrastructure/PathManager.php:50
/home/dan/Desktop/08/apache-htmx/src/Shared/Infrastructure/PathManager.php:217
/home/dan/Desktop/08/apache-htmx/src/Shared/Infrastructure/PathManager.php:149
/home/dan/Desktop/08/apache-htmx/src/Shared/Infrastructure/Path/FilePathCache.php:26
/home/dan/Desktop/08/apache-htmx/src/Shared/Infrastructure/PathManager.php:50
/home/dan/Desktop/08/apache-htmx/src/Shared/Infrastructure/PathManager.php:217
/home/dan/Desktop/08/apache-htmx/src/Shared/Infrastructure/PathManager.php:149
/home/dan/Desktop/08/apache-htmx/src/Shared/Infrastructure/Path/FilePathCache.php:26
/home/dan/Desktop/08/apache-htmx/src/Shared/Infrastructure/PathManager.php:50
/home/dan/Desktop/08/apache-htmx/src/Shared/Infrastructure/PathManager.php:217
/home/dan/Desktop/08/apache-htmx/src/Shared/Infrastructure/PathManager.php:149
/home/dan/Desktop/08/apache-htmx/src/Shared/Infrastructure/Path/FilePathCache.php:26
/home/dan/Desktop/08/apache-htmx/src/Shared/Infrastructure/PathManager.php:50
/home/dan/Desktop/08/apache-htmx/src/Shared/Infrastructure/PathManager.php:217
/home/dan/Desktop/08/apache-htmx/src/Shared/Infrastructure/PathManager.php:149
/home/dan/Desktop/08/apache-htmx/src/Shared/Infrastructure/Path/FilePathCache.php:26
/home/dan/Desktop/08/apache-htmx/src/Shared/Infrastructure/PathManager.php:50
/home/dan/Desktop/08/apache-htmx/src/Shared/Infrastructure/PathManager.php:217
/home/dan/Desktop/08/apache-htmx/src/Shared/Infrastructure/PathManager.php:149
/home/dan/Desktop/08/apache-htmx/src/Shared/Infrastructure/Path/FilePathCache.php:26
/home/dan/Desktop/08/apache-htmx/src/Shared/Infrastructure/PathManager.php:50
/home/dan/Desktop/08/apache-htmx/src/Shared/Infrastructure/PathManager.php:217
/home/dan/Desktop/08/apache-htmx/src/Shared/Infrastructure/PathManager.php:149
/home/dan/Desktop/08/apache-htmx/src/Shared/Infrastructure/Path/FilePathCache.php:26
/home/dan/Desktop/08/apache-htmx/src/Shared/Infrastructure/PathManager.php:50
/home/dan/Desktop/08/apache-htmx/src/Shared/Infrastructure/PathManager.php:217
/home/dan/Desktop/08/apache-htmx/src/Shared/Infrastructure/PathManager.php:149
/home/dan/Desktop/08/apache-htmx/src/Shared/Infrastructure/Path/FilePathCache.php:26
/home/dan/Desktop/08/apache-htmx/src/Shared/Infrastructure/PathManager.php:50
/home/dan/Desktop/08/apache-htmx/src/Shared/Infrastructure/PathManager.php:217
/home/dan/Desktop/08/apache-htmx/src/Shared/Infrastructure/PathManager.php:149
/home/dan/Desktop/08/apache-htmx/src/Shared/Infrastructure/Path/FilePathCache.php:26
/home/dan/Desktop/08/apache-htmx/src/Shared/Infrastructure/PathManager.php:50
/home/dan/Desktop/08/apache-htmx/src/Shared/Infrastructure/PathManager.php:217
/home/dan/Desktop/08/apache-htmx/src/Shared/Infrastructure/PathManager.php:149
/home/dan/Desktop/08/apache-htmx/src/Shared/Infrastructure/Path/FilePathCache.php:26
/home/dan/Desktop/08/apache-htmx/src/Shared/Infrastructure/PathManager.php:50
/home/dan/Desktop/08/apache-htmx/src/Shared/Infrastructure/PathManager.php:217
/home/dan/Desktop/08/apache-htmx/src/Shared/Infrastructure/PathManager.php:149
/home/dan/Desktop/08/apache-htmx/src/Shared/Infrastructure/Path/FilePathCache.php:26
/home/dan/Desktop/08/apache-htmx/src/Shared/Infrastructure/PathManager.php:50
/home/dan/Desktop/08/apache-htmx/src/Shared/Infrastructure/PathManager.php:217
/home/dan/Desktop/08/apache-htmx/src/Shared/Infrastructure/PathManager.php:149
/home/dan/Desktop/08/apache-htmx/src/Shared/Infrastructure/Path/FilePathCache.php:26
/home/dan/Desktop/08/apache-htmx/src/Shared/Infrastructure/PathManager.php:50
/home/dan/Desktop/08/apache-htmx/src/Shared/Infrastructure/PathManager.php:217
/home/dan/Desktop/08/apache-htmx/src/Shared/Infrastructure/PathManager.php:149
/home/dan/Desktop/08/apache-htmx/src/Shared/Infrastructure/Path/FilePathCache.php:26
/home/dan/Desktop/08/apache-htmx/src/Shared/Infrastructure/PathManager.php:50
/home/dan/Desktop/08/apache-htmx/src/Shared/Infrastructure/PathManager.php:217
/home/dan/Desktop/08/apache-htmx/src/Shared/Infrastructure/PathManager.php:149
/home/dan/Desktop/08/apache-htmx/src/Shared/Infrastructure/Path/FilePathCache.php:26
/home/dan/Desktop/08/apache-htmx/src/Shared/Infrastructure/PathManager.php:50
/home/dan/Desktop/08/apache-htmx/src/Shared/Infrastructure/PathManager.php:217
/home/dan/Desktop/08/apache-htmx/src/Shared/Infrastructure/PathManager.php:149
/home/dan/Desktop/08/apache-htmx/src/Shared/Infrastructure/Path/FilePathCache.php:26
/home/dan/Desktop/08/apache-htmx/src/Shared/Infrastructure/PathManager.php:50
/home/dan/Desktop/08/apache-htmx/src/Shared/Infrastructure/PathManager.php:217
/home/dan/Desktop/08/apache-htmx/src/Shared/Infrastructure/PathManager.php:149
/home/dan/Desktop/08/apache-htmx/src/Shared/Infrastructure/Path/FilePathCache.php:26
/home/dan/Desktop/08/apache-htmx/src/Shared/Infrastructure/PathManager.php:50
/home/dan/Desktop/08/apache-htmx/src/Shared/Infrastructure/PathManager.php:217
/home/dan/Desktop/08/apache-htmx/src/Shared/Infrastructure/PathManager.php:149
/home/dan/Desktop/08/apache-htmx/src/Shared/Infrastructure/Path/FilePathCache.php:26
/home/dan/Desktop/08/apache-htmx/src/Shared/Infrastructure/PathManager.php:50
/home/dan/Desktop/08/apache-htmx/src/Shared/Infrastructure/PathManager.php:217
/home/dan/Desktop/08/apache-htmx/src/Shared/Infrastructure/PathManager.php:149
/home/dan/Desktop/08/apache-htmx/src/Shared/Infrastructure/Path/FilePathCache.php:26
/home/dan/Desktop/08/apache-htmx/src/Shared/Infrastructure/PathManager.php:50
/home/dan/Desktop/08/apache-htmx/src/Shared/Infrastructure/PathManager.php:217
/home/dan/Desktop/08/apache-htmx/src/Shared/Infrastructure/PathManager.php:149
/home/dan/Desktop/08/apache-htmx/src/Shared/Infrastructure/Path/FilePathCache.php:26
/home/dan/Desktop/08/apache-htmx/src/Shared/Infrastructure/PathManager.php:50
/home/dan/Desktop/08/apache-htmx/src/Shared/Infrastructure/PathManager.php:217
/home/dan/Desktop/08/apache-htmx/src/Shared/Infrastructure/PathManager.php:149
/home/dan/Desktop/08/apache-htmx/src/Shared/Infrastructure/Path/FilePathCache.php:26
/home/dan/Desktop/08/apache-htmx/src/Shared/Infrastructure/PathManager.php:50
/home/dan/Desktop/08/apache-htmx/src/Shared/Infrastructure/PathManager.php:217
/home/dan/Desktop/08/apache-htmx/src/Shared/Infrastructure/PathManager.php:149
/home/dan/Desktop/08/apache-htmx/src/Shared/Infrastructure/Path/FilePathCache.php:26
/home/dan/Desktop/08/apache-htmx/src/Shared/Infrastructure/PathManager.php:50
/home/dan/Desktop/08/apache-htmx/src/Shared/Infrastructure/PathManager.php:217
/home/dan/Desktop/08/apache-htmx/src/Shared/Infrastructure/PathManager.php:149
/home/dan/Desktop/08/apache-htmx/src/Shared/Infrastructure/Path/FilePathCache.php:26
/home/dan/Desktop/08/apache-htmx/src/Shared/Infrastructure/PathManager.php:50
/home/dan/Desktop/08/apache-htmx/src/Shared/Infrastructure/PathManager.php:217
/home/dan/Desktop/08/apache-htmx/src/Shared/Infrastructure/PathManager.php:149
/home/dan/Desktop/08/apache-htmx/src/Shared/Infrastructure/Path/FilePathCache.php:26
/home/dan/Desktop/08/apache-htmx/src/Shared/Infrastructure/PathManager.php:50
/home/dan/Desktop/08/apache-htmx/src/Shared/Infrastructure/PathManager.php:217
/home/dan/Desktop/08/apache-htmx/src/Shared/Infrastructure/PathManager.php:149
/home/dan/Desktop/08/apache-htmx/src/Shared/Infrastructure/Path/FilePathCache.php:26
/home/dan/Desktop/08/apache-htmx/src/Shared/Infrastructure/PathManager.php:50
/home/dan/Desktop/08/apache-htmx/src/Shared/Infrastructure/PathManager.php:217
/home/dan/Desktop/08/apache-htmx/src/Shared/Infrastructure/PathManager.php:149
/home/dan/Desktop/08/apache-htmx/src/Shared/Infrastructure/Path/FilePathCache.php:26
/home/dan/Desktop/08/apache-htmx/src/Shared/Infrastructure/PathManager.php:50
/home/dan/Desktop/08/apache-htmx/src/Shared/Infrastructure/PathManager.php:217
/home/dan/Desktop/08/apache-htmx/src/Shared/Infrastructure/PathManager.php:149
/home/dan/Desktop/08/apache-htmx/src/Shared/Infrastructure/Path/FilePathCache.php:26
/home/dan/Desktop/08/apache-htmx/src/Shared/Infrastructure/PathManager.php:50
/home/dan/Desktop/08/apache-htmx/src/Shared/Infrastructure/PathManager.php:217
/home/dan/Desktop/08/apache-htmx/src/Shared/Infrastructure/PathManager.php:149
/home/dan/Desktop/08/apache-htmx/src/Shared/Infrastructure/Path/FilePathCache.php:26
/home/dan/Desktop/08/apache-htmx/src/Shared/Infrastructure/PathManager.php:50
/home/dan/Desktop/08/apache-htmx/src/Shared/Infrastructure/PathManager.php:217
/home/dan/Desktop/08/apache-htmx/src/Shared/Infrastructure/PathManager.php:149
/home/dan/Desktop/08/apache-htmx/src/Shared/Infrastructure/Path/FilePathCache.php:26
/home/dan/Desktop/08/apache-htmx/src/Shared/Infrastructure/PathManager.php:50
/home/dan/Desktop/08/apache-htmx/src/Shared/Infrastructure/PathManager.php:217
/home/dan/Desktop/08/apache-htmx/src/Shared/Infrastructure/PathManager.php:149
/home/dan/Desktop/08/apache-htmx/src/Shared/Infrastructure/Path/FilePathCache.php:26
/home/dan/Desktop/08/apache-htmx/src/Shared/Infrastructure/PathManager.php:50
/home/dan/Desktop/08/apache-htmx/src/Shared/Infrastructure/PathManager.php:217
/home/dan/Desktop/08/apache-htmx/src/Shared/Infrastructure/PathManager.php:149
/home/dan/Desktop/08/apache-htmx/src/Shared/Infrastructure/Path/FilePathCache.php:26
/home/dan/Desktop/08/apache-htmx/src/Shared/Infrastructure/PathManager.php:50
/home/dan/Desktop/08/apache-htmx/src/Shared/Infrastructure/PathManager.php:217
/home/dan/Desktop/08/apache-htmx/src/Shared/Infrastructure/PathManager.php:149
/home/dan/Desktop/08/apache-htmx/src/Shared/Infrastructure/Path/FilePathCache.php:26
/home/dan/Desktop/08/apache-htmx/src/Shared/Infrastructure/PathManager.php:50
/home/dan/Desktop/08/apache-htmx/src/Shared/Infrastructure/PathManager.php:217
/home/dan/Desktop/08/apache-htmx/src/Shared/Infrastructure/PathManager.php:149
/home/dan/Desktop/08/apache-htmx/src/Shared/Infrastructure/Path/FilePathCache.php:26
/home/dan/Desktop/08/apache-htmx/src/Shared/Infrastructure/PathManager.php:50
/home/dan/Desktop/08/apache-htmx/src/Shared/Infrastructure/PathManager.php:217
/home/dan/Desktop/08/apache-htmx/src/Shared/Infrastructure/PathManager.php:149
/home/dan/Desktop/08/apache-htmx/src/Shared/Infrastructure/Path/FilePathCache.php:26
/home/dan/Desktop/08/apache-htmx/src/Shared/Infrastructure/PathManager.php:50
/home/dan/Desktop/08/apache-htmx/src/Shared/Infrastructure/PathManager.php:217
/home/dan/Desktop/08/apache-htmx/src/Shared/Infrastructure/PathManager.php:149
/home/dan/Desktop/08/apache-htmx/src/Shared/Infrastructure/Path/FilePathCache.php:26
/home/dan/Desktop/08/apache-htmx/src/Shared/Infrastructure/PathManager.php:50
/home/dan/Desktop/08/apache-htmx/src/Shared/Infrastructure/PathManager.php:217
/home/dan/Desktop/08/apache-htmx/src/Shared/Infrastructure/PathManager.php:149
/home/dan/Desktop/08/apache-htmx/src/Shared/Infrastructure/Path/FilePathCache.php:26
/home/dan/Desktop/08/apache-htmx/src/Shared/Infrastructure/PathManager.php:50
/home/dan/Desktop/08/apache-htmx/src/Shared/Infrastructure/PathManager.php:217
/home/dan/Desktop/08/apache-htmx/src/Shared/Infrastructure/PathManager.php:149
/home/dan/Desktop/08/apache-htmx/src/Shared/Infrastructure/Path/FilePathCache.php:26
/home/dan/Desktop/08/apache-htmx/src/Shared/Infrastructure/PathManager.php:50
/home/dan/Desktop/08/apache-htmx/src/Shared/Infrastructure/PathManager.php:217
/home/dan/Desktop/08/apache-htmx/src/Shared/Infrastructure/PathManager.php:149
/home/dan/Desktop/08/apache-htmx/src/Shared/Infrastructure/Path/FilePathCache.php:26
/home/dan/Desktop/08/apache-htmx/src/Shared/Infrastructure/PathManager.php:50
/home/dan/Desktop/08/apache-htmx/src/Shared/Infrastructure/PathManager.php:217
/home/dan/Desktop/08/apache-htmx/src/Shared/Infrastructure/PathManager.php:149
/home/dan/Desktop/08/apache-htmx/src/Shared/Infrastructure/Path/FilePathCache.php:26
/home/dan/Desktop/08/apache-htmx/src/Shared/Infrastructure/PathManager.php:50
/home/dan/Desktop/08/apache-htmx/src/Shared/Infrastructure/PathManager.php:217
/home/dan/Desktop/08/apache-htmx/src/Shared/Infrastructure/PathManager.php:149
/home/dan/Desktop/08/apache-htmx/src/Shared/Infrastructure/Path/FilePathCache.php:26
/home/dan/Desktop/08/apache-htmx/src/Shared/Infrastructure/PathManager.php:50
/home/dan/Desktop/08/apache-htmx/src/Shared/Infrastructure/PathManager.php:217
/home/dan/Desktop/08/apache-htmx/src/Shared/Infrastructure/PathManager.php:149
/home/dan/Desktop/08/apache-htmx/src/Shared/Infrastructure/Path/FilePathCache.php:26
/home/dan/Desktop/08/apache-htmx/src/Shared/Infrastructure/PathManager.php:50
/home/dan/Desktop/08/apache-htmx/src/Shared/Infrastructure/PathManager.php:217
/home/dan/Desktop/08/apache-htmx/src/Shared/Infrastructure/PathManager.php:149
/home/dan/Desktop/08/apache-htmx/src/Shared/Infrastructure/Path/FilePathCache.php:26
/home/dan/Desktop/08/apache-htmx/src/Shared/Infrastructure/PathManager.php:50
/home/dan/Desktop/08/apache-htmx/src/Shared/Infrastructure/PathManager.php:217
/home/dan/Desktop/08/apache-htmx/src/Shared/Infrastructure/PathManager.php:149
/home/dan/Desktop/08/apache-htmx/src/Shared/Infrastructure/Path/FilePathCache.php:26
/home/dan/Desktop/08/apache-htmx/src/Shared/Infrastructure/PathManager.php:50
/home/dan/Desktop/08/apache-htmx/src/Shared/Infrastructure/PathManager.php:217
/home/dan/Desktop/08/apache-htmx/src/Shared/Infrastructure/PathManager.php:149
/home/dan/Desktop/08/apache-htmx/src/Shared/Infrastructure/Path/FilePathCache.php:26
/home/dan/Desktop/08/apache-htmx/src/Shared/Infrastructure/PathManager.php:50
/home/dan/Desktop/08/apache-htmx/src/Shared/Infrastructure/PathManager.php:217
/home/dan/Desktop/08/apache-htmx/src/Shared/Infrastructure/PathManager.php:149
/home/dan/Desktop/08/apache-htmx/src/Shared/Infrastructure/Path/FilePathCache.php:26
/home/dan/Desktop/08/apache-htmx/src/Shared/Infrastructure/PathManager.php:50
/home/dan/Desktop/08/apache-htmx/src/Shared/Infrastructure/PathManager.php:217
/home/dan/Desktop/08/apache-htmx/src/Shared/Infrastructure/PathManager.php:149
/home/dan/Desktop/08/apache-htmx/src/Shared/Infrastructure/Path/FilePathCache.php:26
/home/dan/Desktop/08/apache-htmx/src/Shared/Infrastructure/PathManager.php:50
/home/dan/Desktop/08/apache-htmx/src/Shared/Infrastructure/PathManager.php:217
/home/dan/Desktop/08/apache-htmx/src/Shared/Infrastructure/PathManager.php:149
/home/dan/Desktop/08/apache-htmx/src/Shared/Infrastructure/Path/FilePathCache.php:26
/home/dan/Desktop/08/apache-htmx/src/Shared/Infrastructure/PathManager.php:50
/home/dan/Desktop/08/apache-htmx/src/Shared/Infrastructure/PathManager.php:217
/home/dan/Desktop/08/apache-htmx/src/Shared/Infrastructure/PathManager.php:149
/home/dan/Desktop/08/apache-htmx/src/Shared/Infrastructure/Path/FilePathCache.php:26
/home/dan/Desktop/08/apache-htmx/src/Shared/Infrastructure/PathManager.php:50
/home/dan/Desktop/08/apache-htmx/src/Shared/Infrastructure/PathManager.php:217
/home/dan/Desktop/08/apache-htmx/src/Shared/Infrastructure/PathManager.php:149
/home/dan/Desktop/08/apache-htmx/src/Shared/Infrastructure/Path/FilePathCache.php:26
/home/dan/Desktop/08/apache-htmx/src/Shared/Infrastructure/PathManager.php:50
/home/dan/Desktop/08/apache-htmx/src/Shared/Infrastructure/PathManager.php:217
/home/dan/Desktop/08/apache-htmx/src/Shared/Infrastructure/PathManager.php:149
/home/dan/Desktop/08/apache-htmx/src/Shared/Infrastructure/Path/FilePathCache.php:26
/home/dan/Desktop/08/apache-htmx/src/Shared/Infrastructure/PathManager.php:50
/home/dan/Desktop/08/apache-htmx/src/Shared/Infrastructure/PathManager.php:217
/home/dan/Desktop/08/apache-htmx/src/Shared/Infrastructure/PathManager.php:149
/home/dan/Desktop/08/apache-htmx/src/Shared/Infrastructure/Path/FilePathCache.php:26
/home/dan/Desktop/08/apache-htmx/src/Shared/Infrastructure/PathManager.php:50
/home/dan/Desktop/08/apache-htmx/src/Shared/Infrastructure/PathManager.php:217
/home/dan/Desktop/08/apache-htmx/src/Shared/Infrastructure/PathManager.php:149
/home/dan/Desktop/08/apache-htmx/src/Shared/Infrastructure/Path/FilePathCache.php:26
/home/dan/Desktop/08/apache-htmx/src/Shared/Infrastructure/PathManager.php:50
/home/dan/Desktop/08/apache-htmx/src/Shared/Infrastructure/PathManager.php:217
/home/dan/Desktop/08/apache-htmx/src/Shared/Infrastructure/PathManager.php:149
/home/dan/Desktop/08/apache-htmx/src/Shared/Infrastructure/Path/FilePathCache.php:26
/home/dan/Desktop/08/apache-htmx/src/Shared/Infrastructure/PathManager.php:50
/home/dan/Desktop/08/apache-htmx/src/Shared/Infrastructure/PathManager.php:217
/home/dan/Desktop/08/apache-htmx/src/Shared/Infrastructure/PathManager.php:149
/home/dan/Desktop/08/apache-htmx/src/Shared/Infrastructure/Path/FilePathCache.php:26
/home/dan/Desktop/08/apache-htmx/src/Shared/Infrastructure/PathManager.php:50
/home/dan/Desktop/08/apache-htmx/src/Shared/Infrastructure/PathManager.php:217
/home/dan/Desktop/08/apache-htmx/src/Shared/Infrastructure/PathManager.php:149
/home/dan/Desktop/08/apache-htmx/src/Shared/Infrastructure/Path/FilePathCache.php:26
/home/dan/Desktop/08/apache-htmx/src/Shared/Infrastructure/PathManager.php:50
/home/dan/Desktop/08/apache-htmx/src/Shared/Infrastructure/PathManager.php:217
/home/dan/Desktop/08/apache-htmx/src/Shared/Infrastructure/PathManager.php:149
/home/dan/Desktop/08/apache-htmx/src/Shared/Infrastructure/Path/FilePathCache.php:26
/home/dan/Desktop/08/apache-htmx/src/Shared/Infrastructure/PathManager.php:50
/home/dan/Desktop/08/apache-htmx/src/Shared/Infrastructure/PathManager.php:217
/home/dan/Desktop/08/apache-htmx/src/Shared/Infrastructure/PathManager.php:149
/home/dan/Desktop/08/apache-htmx/src/Shared/Infrastructure/Path/FilePathCache.php:26
/home/dan/Desktop/08/apache-htmx/src/Shared/Infrastructure/PathManager.php:50
/home/dan/Desktop/08/apache-htmx/src/Shared/Infrastructure/PathManager.php:217
/home/dan/Desktop/08/apache-htmx/src/Shared/Infrastructure/PathManager.php:149
/home/dan/Desktop/08/apache-htmx/src/Shared/Infrastructure/Path/FilePathCache.php:26
/home/dan/Desktop/08/apache-htmx/src/Shared/Infrastructure/PathManager.php:50
/home/dan/Desktop/08/apache-htmx/src/Shared/Infrastructure/PathManager.php:217
/home/dan/Desktop/08/apache-htmx/src/Shared/Infrastructure/PathManager.php:149
/home/dan/Desktop/08/apache-htmx/src/Shared/Infrastructure/Path/FilePathCache.php:26
/home/dan/Desktop/08/apache-htmx/src/Shared/Infrastructure/PathManager.php:50
/home/dan/Desktop/08/apache-htmx/src/Shared/Infrastructure/PathManager.php:217
/home/dan/Desktop/08/apache-htmx/src/Shared/Infrastructure/PathManager.php:149
/home/dan/Desktop/08/apache-htmx/src/Shared/Infrastructure/Path/FilePathCache.php:26
/home/dan/Desktop/08/apache-htmx/src/Shared/Infrastructure/PathManager.php:50
/home/dan/Desktop/08/apache-htmx/src/Shared/Infrastructure/PathManager.php:217
/home/dan/Desktop/08/apache-htmx/src/Shared/Infrastructure/PathManager.php:149
/home/dan/Desktop/08/apache-htmx/src/Shared/Infrastructure/Path/FilePathCache.php:26
/home/dan/Desktop/08/apache-htmx/src/Shared/Infrastructure/PathManager.php:50
/home/dan/Desktop/08/apache-htmx/src/Shared/Infrastructure/PathManager.php:217
/home/dan/Desktop/08/apache-htmx/src/Shared/Infrastructure/PathManager.php:149
/home/dan/Desktop/08/apache-htmx/src/Shared/Infrastructure/Path/FilePathCache.php:26
/home/dan/Desktop/08/apache-htmx/src/Shared/Infrastructure/PathManager.php:50
/home/dan/Desktop/08/apache-htmx/src/Shared/Infrastructure/PathManager.php:217
/home/dan/Desktop/08/apache-htmx/src/Shared/Infrastructure/PathManager.php:149
/home/dan/Desktop/08/apache-htmx/src/Shared/Infrastructure/Path/FilePathCache.php:26
/home/dan/Desktop/08/apache-htmx/src/Shared/Infrastructure/PathManager.php:50
/home/dan/Desktop/08/apache-htmx/src/Shared/Infrastructure/PathManager.php:217
/home/dan/Desktop/08/apache-htmx/src/Shared/Infrastructure/PathManager.php:149
/home/dan/Desktop/08/apache-htmx/src/Shared/Infrastructure/Path/FilePathCache.php:26
/home/dan/Desktop/08/apache-htmx/src/Shared/Infrastructure/PathManager.php:50
/home/dan/Desktop/08/apache-htmx/src/Shared/Infrastructure/PathManager.php:217
/home/dan/Desktop/08/apache-htmx/src/Shared/Infrastructure/PathManager.php:149
/home/dan/Desktop/08/apache-htmx/src/Shared/Infrastructure/Path/FilePathCache.php:26
/home/dan/Desktop/08/apache-htmx/src/Shared/Infrastructure/PathManager.php:50
/home/dan/Desktop/08/apache-htmx/src/Shared/Infrastructure/PathManager.php:217
/home/dan/Desktop/08/apache-htmx/src/Shared/Infrastructure/PathManager.php:149
/home/dan/Desktop/08/apache-htmx/src/Shared/Infrastructure/Path/FilePathCache.php:26
/home/dan/Desktop/08/apache-htmx/src/Shared/Infrastructure/PathManager.php:50
/home/dan/Desktop/08/apache-htmx/src/Shared/Infrastructure/PathManager.php:217
/home/dan/Desktop/08/apache-htmx/src/Shared/Infrastructure/PathManager.php:149
/home/dan/Desktop/08/apache-htmx/src/Shared/Infrastructure/Path/FilePathCache.php:26
/home/dan/Desktop/08/apache-htmx/src/Shared/Infrastructure/PathManager.php:50
/home/dan/Desktop/08/apache-htmx/src/Shared/Infrastructure/PathManager.php:217
/home/dan/Desktop/08/apache-htmx/src/Shared/Infrastructure/PathManager.php:149
/home/dan/Desktop/08/apache-htmx/src/Shared/Infrastructure/Path/FilePathCache.php:26
/home/dan/Desktop/08/apache-htmx/src/Shared/Infrastructure/PathManager.php:50
/home/dan/Desktop/08/apache-htmx/src/Shared/Infrastructure/PathManager.php:217
/home/dan/Desktop/08/apache-htmx/src/Shared/Infrastructure/PathManager.php:149
/home/dan/Desktop/08/apache-htmx/src/Shared/Infrastructure/Path/FilePathCache.php:26
/home/dan/Desktop/08/apache-htmx/src/Shared/Infrastructure/PathManager.php:50
/home/dan/Desktop/08/apache-htmx/src/Shared/Infrastructure/PathManager.php:217
/home/dan/Desktop/08/apache-htmx/src/Shared/Infrastructure/PathManager.php:149
/home/dan/Desktop/08/apache-htmx/src/Shared/Infrastructure/Path/FilePathCache.php:26
/home/dan/Desktop/08/apache-htmx/src/Shared/Infrastructure/PathManager.php:50
/home/dan/Desktop/08/apache-htmx/src/Shared/Infrastructure/PathManager.php:217
/home/dan/Desktop/08/apache-htmx/src/Shared/Infrastructure/PathManager.php:149
/home/dan/Desktop/08/apache-htmx/src/Shared/Infrastructure/Path/FilePathCache.php:26
/home/dan/Desktop/08/apache-htmx/src/Shared/Infrastructure/PathManager.php:50
/home/dan/Desktop/08/apache-htmx/src/Shared/Infrastructure/PathManager.php:217
/home/dan/Desktop/08/apache-htmx/src/Shared/Infrastructure/PathManager.php:149
/home/dan/Desktop/08/apache-htmx/src/Shared/Infrastructure/Path/FilePathCache.php:26
/home/dan/Desktop/08/apache-htmx/src/Shared/Infrastructure/PathManager.php:50
/home/dan/Desktop/08/apache-htmx/src/Shared/Infrastructure/PathManager.php:217
/home/dan/Desktop/08/apache-htmx/src/Shared/Infrastructure/PathManager.php:149
/home/dan/Desktop/08/apache-htmx/src/Shared/Infrastructure/Path/FilePathCache.php:26
/home/dan/Desktop/08/apache-htmx/src/Shared/Infrastructure/PathManager.php:50
/home/dan/Desktop/08/apache-htmx/src/Shared/Infrastructure/PathManager.php:217
/home/dan/Desktop/08/apache-htmx/src/Shared/Infrastructure/PathManager.php:149
/home/dan/Desktop/08/apache-htmx/src/Shared/Infrastructure/Path/FilePathCache.php:26
/home/dan/Desktop/08/apache-htmx/src/Shared/Infrastructure/PathManager.php:50
/home/dan/Desktop/08/apache-htmx/src/Shared/Infrastructure/PathManager.php:217
/home/dan/Desktop/08/apache-htmx/src/Shared/Infrastructure/PathManager.php:149
/home/dan/Desktop/08/apache-htmx/src/Shared/Infrastructure/Path/FilePathCache.php:26
/home/dan/Desktop/08/apache-htmx/src/Shared/Infrastructure/PathManager.php:50
/home/dan/Desktop/08/apache-htmx/src/Shared/Infrastructure/PathManager.php:217
/home/dan/Desktop/08/apache-htmx/src/Shared/Infrastructure/PathManager.php:149
/home/dan/Desktop/08/apache-htmx/src/Shared/Infrastructure/Path/FilePathCache.php:26
/home/dan/Desktop/08/apache-htmx/src/Shared/Infrastructure/PathManager.php:50
/home/dan/Desktop/08/apache-htmx/src/Shared/Infrastructure/PathManager.php:217
/home/dan/Desktop/08/apache-htmx/src/Shared/Infrastructure/PathManager.php:149
/home/dan/Desktop/08/apache-htmx/src/Shared/Infrastructure/Path/FilePathCache.php:26
/home/dan/Desktop/08/apache-htmx/src/Shared/Infrastructure/PathManager.php:50
/home/dan/Desktop/08/apache-htmx/src/Shared/Infrastructure/PathManager.php:217
/home/dan/Desktop/08/apache-htmx/src/Shared/Infrastructure/PathManager.php:149
/home/dan/Desktop/08/apache-htmx/src/Shared/Infrastructure/Path/FilePathCache.php:26
/home/dan/Desktop/08/apache-htmx/src/Shared/Infrastructure/PathManager.php:50
/home/dan/Desktop/08/apache-htmx/src/Shared/Infrastructure/PathManager.php:217
/home/dan/Desktop/08/apache-htmx/src/Shared/Infrastructure/PathManager.php:149
/home/dan/Desktop/08/apache-htmx/src/Shared/Infrastructure/Path/FilePathCache.php:26
/home/dan/Desktop/08/apache-htmx/src/Shared/Infrastructure/PathManager.php:50
/home/dan/Desktop/08/apache-htmx/src/Shared/Infrastructure/PathManager.php:217
/home/dan/Desktop/08/apache-htmx/src/Shared/Infrastructure/PathManager.php:149
/home/dan/Desktop/08/apache-htmx/src/Shared/Infrastructure/Path/FilePathCache.php:26
/home/dan/Desktop/08/apache-htmx/src/Shared/Infrastructure/PathManager.php:50
/home/dan/Desktop/08/apache-htmx/src/Shared/Infrastructure/PathManager.php:217
/home/dan/Desktop/08/apache-htmx/src/Shared/Infrastructure/PathManager.php:149
/home/dan/Desktop/08/apache-htmx/src/Shared/Infrastructure/Path/FilePathCache.php:26
/home/dan/Desktop/08/apache-htmx/src/Shared/Infrastructure/PathManager.php:50
/home/dan/Desktop/08/apache-htmx/src/Shared/Infrastructure/PathManager.php:217
/home/dan/Desktop/08/apache-htmx/src/Shared/Infrastructure/PathManager.php:149
/home/dan/Desktop/08/apache-htmx/src/Shared/Infrastructure/Path/FilePathCache.php:26
/home/dan/Desktop/08/apache-htmx/src/Shared/Infrastructure/PathManager.php:50
/home/dan/Desktop/08/apache-htmx/src/Shared/Infrastructure/PathManager.php:217
/home/dan/Desktop/08/apache-htmx/src/Shared/Infrastructure/PathManager.php:149
/home/dan/Desktop/08/apache-htmx/src/Shared/Infrastructure/Path/FilePathCache.php:26
/home/dan/Desktop/08/apache-htmx/src/Shared/Infrastructure/PathManager.php:50
/home/dan/Desktop/08/apache-htmx/src/Shared/Infrastructure/PathManager.php:217
/home/dan/Desktop/08/apache-htmx/src/Shared/Infrastructure/PathManager.php:149
/home/dan/Desktop/08/apache-htmx/src/Shared/Infrastructure/Path/FilePathCache.php:26
/home/dan/Desktop/08/apache-htmx/src/Shared/Infrastructure/PathManager.php:50
/home/dan/Desktop/08/apache-htmx/src/Shared/Infrastructure/PathManager.php:217
/home/dan/Desktop/08/apache-htmx/src/Shared/Infrastructure/PathManager.php:149
/home/dan/Desktop/08/apache-htmx/src/Shared/Infrastructure/Path/FilePathCache.php:26
/home/dan/Desktop/08/apache-htmx/src/Shared/Infrastructure/PathManager.php:50
/home/dan/Desktop/08/apache-htmx/src/Shared/Infrastructure/PathManager.php:217
/home/dan/Desktop/08/apache-htmx/src/Shared/Infrastructure/PathManager.php:149
/home/dan/Desktop/08/apache-htmx/src/Shared/Infrastructure/Path/FilePathCache.php:26
/home/dan/Desktop/08/apache-htmx/src/Shared/Infrastructure/PathManager.php:50
/home/dan/Desktop/08/apache-htmx/src/Shared/Infrastructure/PathManager.php:217
/home/dan/Desktop/08/apache-htmx/src/Shared/Infrastructure/PathManager.php:149
/home/dan/Desktop/08/apache-htmx/src/Shared/Infrastructure/Path/FilePathCache.php:26
/home/dan/Desktop/08/apache-htmx/src/Shared/Infrastructure/PathManager.php:50
/home/dan/Desktop/08/apache-htmx/src/Shared/Infrastructure/PathManager.php:412
/home/dan/Desktop/08/apache-htmx/tests/Unit/Shared/Infrastructure/PathManagerTest.php:18</error>
        </testcase>
        <testcase name="testCacheDisabled" file="/home/dan/Desktop/08/apache-htmx/tests/Unit/Shared/Infrastructure/PathManagerTest.php" line="56" class="Tests\Unit\Shared\Infrastructure\PathManagerTest" classname="Tests.Unit.Shared.Infrastructure.PathManagerTest" assertions="0" time="0.000000">
          <error type="Error">Tests\Unit\Shared\Infrastructure\PathManagerTest::testCacheDisabled
Error: Xdebug has detected a possible infinite loop, and aborted your script with a stack depth of '512' frames

/home/dan/Desktop/08/apache-htmx/src/Shared/Infrastructure/PathManager.php:147
/home/dan/Desktop/08/apache-htmx/src/Shared/Infrastructure/Path/FilePathCache.php:26
/home/dan/Desktop/08/apache-htmx/src/Shared/Infrastructure/PathManager.php:50
/home/dan/Desktop/08/apache-htmx/src/Shared/Infrastructure/PathManager.php:217
/home/dan/Desktop/08/apache-htmx/src/Shared/Infrastructure/PathManager.php:149
/home/dan/Desktop/08/apache-htmx/src/Shared/Infrastructure/Path/FilePathCache.php:26
/home/dan/Desktop/08/apache-htmx/src/Shared/Infrastructure/PathManager.php:50
/home/dan/Desktop/08/apache-htmx/src/Shared/Infrastructure/PathManager.php:217
/home/dan/Desktop/08/apache-htmx/src/Shared/Infrastructure/PathManager.php:149
/home/dan/Desktop/08/apache-htmx/src/Shared/Infrastructure/Path/FilePathCache.php:26
/home/dan/Desktop/08/apache-htmx/src/Shared/Infrastructure/PathManager.php:50
/home/dan/Desktop/08/apache-htmx/src/Shared/Infrastructure/PathManager.php:217
/home/dan/Desktop/08/apache-htmx/src/Shared/Infrastructure/PathManager.php:149
/home/dan/Desktop/08/apache-htmx/src/Shared/Infrastructure/Path/FilePathCache.php:26
/home/dan/Desktop/08/apache-htmx/src/Shared/Infrastructure/PathManager.php:50
/home/dan/Desktop/08/apache-htmx/src/Shared/Infrastructure/PathManager.php:217
/home/dan/Desktop/08/apache-htmx/src/Shared/Infrastructure/PathManager.php:149
/home/dan/Desktop/08/apache-htmx/src/Shared/Infrastructure/Path/FilePathCache.php:26
/home/dan/Desktop/08/apache-htmx/src/Shared/Infrastructure/PathManager.php:50
/home/dan/Desktop/08/apache-htmx/src/Shared/Infrastructure/PathManager.php:217
/home/dan/Desktop/08/apache-htmx/src/Shared/Infrastructure/PathManager.php:149
/home/dan/Desktop/08/apache-htmx/src/Shared/Infrastructure/Path/FilePathCache.php:26
/home/dan/Desktop/08/apache-htmx/src/Shared/Infrastructure/PathManager.php:50
/home/dan/Desktop/08/apache-htmx/src/Shared/Infrastructure/PathManager.php:217
/home/dan/Desktop/08/apache-htmx/src/Shared/Infrastructure/PathManager.php:149
/home/dan/Desktop/08/apache-htmx/src/Shared/Infrastructure/Path/FilePathCache.php:26
/home/dan/Desktop/08/apache-htmx/src/Shared/Infrastructure/PathManager.php:50
/home/dan/Desktop/08/apache-htmx/src/Shared/Infrastructure/PathManager.php:217
/home/dan/Desktop/08/apache-htmx/src/Shared/Infrastructure/PathManager.php:149
/home/dan/Desktop/08/apache-htmx/src/Shared/Infrastructure/Path/FilePathCache.php:26
/home/dan/Desktop/08/apache-htmx/src/Shared/Infrastructure/PathManager.php:50
/home/dan/Desktop/08/apache-htmx/src/Shared/Infrastructure/PathManager.php:217
/home/dan/Desktop/08/apache-htmx/src/Shared/Infrastructure/PathManager.php:149
/home/dan/Desktop/08/apache-htmx/src/Shared/Infrastructure/Path/FilePathCache.php:26
/home/dan/Desktop/08/apache-htmx/src/Shared/Infrastructure/PathManager.php:50
/home/dan/Desktop/08/apache-htmx/src/Shared/Infrastructure/PathManager.php:217
/home/dan/Desktop/08/apache-htmx/src/Shared/Infrastructure/PathManager.php:149
/home/dan/Desktop/08/apache-htmx/src/Shared/Infrastructure/Path/FilePathCache.php:26
/home/dan/Desktop/08/apache-htmx/src/Shared/Infrastructure/PathManager.php:50
/home/dan/Desktop/08/apache-htmx/src/Shared/Infrastructure/PathManager.php:217
/home/dan/Desktop/08/apache-htmx/src/Shared/Infrastructure/PathManager.php:149
/home/dan/Desktop/08/apache-htmx/src/Shared/Infrastructure/Path/FilePathCache.php:26
/home/dan/Desktop/08/apache-htmx/src/Shared/Infrastructure/PathManager.php:50
/home/dan/Desktop/08/apache-htmx/src/Shared/Infrastructure/PathManager.php:217
/home/dan/Desktop/08/apache-htmx/src/Shared/Infrastructure/PathManager.php:149
/home/dan/Desktop/08/apache-htmx/src/Shared/Infrastructure/Path/FilePathCache.php:26
/home/dan/Desktop/08/apache-htmx/src/Shared/Infrastructure/PathManager.php:50
/home/dan/Desktop/08/apache-htmx/src/Shared/Infrastructure/PathManager.php:217
/home/dan/Desktop/08/apache-htmx/src/Shared/Infrastructure/PathManager.php:149
/home/dan/Desktop/08/apache-htmx/src/Shared/Infrastructure/Path/FilePathCache.php:26
/home/dan/Desktop/08/apache-htmx/src/Shared/Infrastructure/PathManager.php:50
/home/dan/Desktop/08/apache-htmx/src/Shared/Infrastructure/PathManager.php:217
/home/dan/Desktop/08/apache-htmx/src/Shared/Infrastructure/PathManager.php:149
/home/dan/Desktop/08/apache-htmx/src/Shared/Infrastructure/Path/FilePathCache.php:26
/home/dan/Desktop/08/apache-htmx/src/Shared/Infrastructure/PathManager.php:50
/home/dan/Desktop/08/apache-htmx/src/Shared/Infrastructure/PathManager.php:217
/home/dan/Desktop/08/apache-htmx/src/Shared/Infrastructure/PathManager.php:149
/home/dan/Desktop/08/apache-htmx/src/Shared/Infrastructure/Path/FilePathCache.php:26
/home/dan/Desktop/08/apache-htmx/src/Shared/Infrastructure/PathManager.php:50
/home/dan/Desktop/08/apache-htmx/src/Shared/Infrastructure/PathManager.php:217
/home/dan/Desktop/08/apache-htmx/src/Shared/Infrastructure/PathManager.php:149
/home/dan/Desktop/08/apache-htmx/src/Shared/Infrastructure/Path/FilePathCache.php:26
/home/dan/Desktop/08/apache-htmx/src/Shared/Infrastructure/PathManager.php:50
/home/dan/Desktop/08/apache-htmx/src/Shared/Infrastructure/PathManager.php:217
/home/dan/Desktop/08/apache-htmx/src/Shared/Infrastructure/PathManager.php:149
/home/dan/Desktop/08/apache-htmx/src/Shared/Infrastructure/Path/FilePathCache.php:26
/home/dan/Desktop/08/apache-htmx/src/Shared/Infrastructure/PathManager.php:50
/home/dan/Desktop/08/apache-htmx/src/Shared/Infrastructure/PathManager.php:217
/home/dan/Desktop/08/apache-htmx/src/Shared/Infrastructure/PathManager.php:149
/home/dan/Desktop/08/apache-htmx/src/Shared/Infrastructure/Path/FilePathCache.php:26
/home/dan/Desktop/08/apache-htmx/src/Shared/Infrastructure/PathManager.php:50
/home/dan/Desktop/08/apache-htmx/src/Shared/Infrastructure/PathManager.php:217
/home/dan/Desktop/08/apache-htmx/src/Shared/Infrastructure/PathManager.php:149
/home/dan/Desktop/08/apache-htmx/src/Shared/Infrastructure/Path/FilePathCache.php:26
/home/dan/Desktop/08/apache-htmx/src/Shared/Infrastructure/PathManager.php:50
/home/dan/Desktop/08/apache-htmx/src/Shared/Infrastructure/PathManager.php:217
/home/dan/Desktop/08/apache-htmx/src/Shared/Infrastructure/PathManager.php:149
/home/dan/Desktop/08/apache-htmx/src/Shared/Infrastructure/Path/FilePathCache.php:26
/home/dan/Desktop/08/apache-htmx/src/Shared/Infrastructure/PathManager.php:50
/home/dan/Desktop/08/apache-htmx/src/Shared/Infrastructure/PathManager.php:217
/home/dan/Desktop/08/apache-htmx/src/Shared/Infrastructure/PathManager.php:149
/home/dan/Desktop/08/apache-htmx/src/Shared/Infrastructure/Path/FilePathCache.php:26
/home/dan/Desktop/08/apache-htmx/src/Shared/Infrastructure/PathManager.php:50
/home/dan/Desktop/08/apache-htmx/src/Shared/Infrastructure/PathManager.php:217
/home/dan/Desktop/08/apache-htmx/src/Shared/Infrastructure/PathManager.php:149
/home/dan/Desktop/08/apache-htmx/src/Shared/Infrastructure/Path/FilePathCache.php:26
/home/dan/Desktop/08/apache-htmx/src/Shared/Infrastructure/PathManager.php:50
/home/dan/Desktop/08/apache-htmx/src/Shared/Infrastructure/PathManager.php:217
/home/dan/Desktop/08/apache-htmx/src/Shared/Infrastructure/PathManager.php:149
/home/dan/Desktop/08/apache-htmx/src/Shared/Infrastructure/Path/FilePathCache.php:26
/home/dan/Desktop/08/apache-htmx/src/Shared/Infrastructure/PathManager.php:50
/home/dan/Desktop/08/apache-htmx/src/Shared/Infrastructure/PathManager.php:217
/home/dan/Desktop/08/apache-htmx/src/Shared/Infrastructure/PathManager.php:149
/home/dan/Desktop/08/apache-htmx/src/Shared/Infrastructure/Path/FilePathCache.php:26
/home/dan/Desktop/08/apache-htmx/src/Shared/Infrastructure/PathManager.php:50
/home/dan/Desktop/08/apache-htmx/src/Shared/Infrastructure/PathManager.php:217
/home/dan/Desktop/08/apache-htmx/src/Shared/Infrastructure/PathManager.php:149
/home/dan/Desktop/08/apache-htmx/src/Shared/Infrastructure/Path/FilePathCache.php:26
/home/dan/Desktop/08/apache-htmx/src/Shared/Infrastructure/PathManager.php:50
/home/dan/Desktop/08/apache-htmx/src/Shared/Infrastructure/PathManager.php:217
/home/dan/Desktop/08/apache-htmx/src/Shared/Infrastructure/PathManager.php:149
/home/dan/Desktop/08/apache-htmx/src/Shared/Infrastructure/Path/FilePathCache.php:26
/home/dan/Desktop/08/apache-htmx/src/Shared/Infrastructure/PathManager.php:50
/home/dan/Desktop/08/apache-htmx/src/Shared/Infrastructure/PathManager.php:217
/home/dan/Desktop/08/apache-htmx/src/Shared/Infrastructure/PathManager.php:149
/home/dan/Desktop/08/apache-htmx/src/Shared/Infrastructure/Path/FilePathCache.php:26
/home/dan/Desktop/08/apache-htmx/src/Shared/Infrastructure/PathManager.php:50
/home/dan/Desktop/08/apache-htmx/src/Shared/Infrastructure/PathManager.php:217
/home/dan/Desktop/08/apache-htmx/src/Shared/Infrastructure/PathManager.php:149
/home/dan/Desktop/08/apache-htmx/src/Shared/Infrastructure/Path/FilePathCache.php:26
/home/dan/Desktop/08/apache-htmx/src/Shared/Infrastructure/PathManager.php:50
/home/dan/Desktop/08/apache-htmx/src/Shared/Infrastructure/PathManager.php:217
/home/dan/Desktop/08/apache-htmx/src/Shared/Infrastructure/PathManager.php:149
/home/dan/Desktop/08/apache-htmx/src/Shared/Infrastructure/Path/FilePathCache.php:26
/home/dan/Desktop/08/apache-htmx/src/Shared/Infrastructure/PathManager.php:50
/home/dan/Desktop/08/apache-htmx/src/Shared/Infrastructure/PathManager.php:217
/home/dan/Desktop/08/apache-htmx/src/Shared/Infrastructure/PathManager.php:149
/home/dan/Desktop/08/apache-htmx/src/Shared/Infrastructure/Path/FilePathCache.php:26
/home/dan/Desktop/08/apache-htmx/src/Shared/Infrastructure/PathManager.php:50
/home/dan/Desktop/08/apache-htmx/src/Shared/Infrastructure/PathManager.php:217
/home/dan/Desktop/08/apache-htmx/src/Shared/Infrastructure/PathManager.php:149
/home/dan/Desktop/08/apache-htmx/src/Shared/Infrastructure/Path/FilePathCache.php:26
/home/dan/Desktop/08/apache-htmx/src/Shared/Infrastructure/PathManager.php:50
/home/dan/Desktop/08/apache-htmx/src/Shared/Infrastructure/PathManager.php:217
/home/dan/Desktop/08/apache-htmx/src/Shared/Infrastructure/PathManager.php:149
/home/dan/Desktop/08/apache-htmx/src/Shared/Infrastructure/Path/FilePathCache.php:26
/home/dan/Desktop/08/apache-htmx/src/Shared/Infrastructure/PathManager.php:50
/home/dan/Desktop/08/apache-htmx/src/Shared/Infrastructure/PathManager.php:217
/home/dan/Desktop/08/apache-htmx/src/Shared/Infrastructure/PathManager.php:149
/home/dan/Desktop/08/apache-htmx/src/Shared/Infrastructure/Path/FilePathCache.php:26
/home/dan/Desktop/08/apache-htmx/src/Shared/Infrastructure/PathManager.php:50
/home/dan/Desktop/08/apache-htmx/src/Shared/Infrastructure/PathManager.php:217
/home/dan/Desktop/08/apache-htmx/src/Shared/Infrastructure/PathManager.php:149
/home/dan/Desktop/08/apache-htmx/src/Shared/Infrastructure/Path/FilePathCache.php:26
/home/dan/Desktop/08/apache-htmx/src/Shared/Infrastructure/PathManager.php:50
/home/dan/Desktop/08/apache-htmx/src/Shared/Infrastructure/PathManager.php:217
/home/dan/Desktop/08/apache-htmx/src/Shared/Infrastructure/PathManager.php:149
/home/dan/Desktop/08/apache-htmx/src/Shared/Infrastructure/Path/FilePathCache.php:26
/home/dan/Desktop/08/apache-htmx/src/Shared/Infrastructure/PathManager.php:50
/home/dan/Desktop/08/apache-htmx/src/Shared/Infrastructure/PathManager.php:217
/home/dan/Desktop/08/apache-htmx/src/Shared/Infrastructure/PathManager.php:149
/home/dan/Desktop/08/apache-htmx/src/Shared/Infrastructure/Path/FilePathCache.php:26
/home/dan/Desktop/08/apache-htmx/src/Shared/Infrastructure/PathManager.php:50
/home/dan/Desktop/08/apache-htmx/src/Shared/Infrastructure/PathManager.php:217
/home/dan/Desktop/08/apache-htmx/src/Shared/Infrastructure/PathManager.php:149
/home/dan/Desktop/08/apache-htmx/src/Shared/Infrastructure/Path/FilePathCache.php:26
/home/dan/Desktop/08/apache-htmx/src/Shared/Infrastructure/PathManager.php:50
/home/dan/Desktop/08/apache-htmx/src/Shared/Infrastructure/PathManager.php:217
/home/dan/Desktop/08/apache-htmx/src/Shared/Infrastructure/PathManager.php:149
/home/dan/Desktop/08/apache-htmx/src/Shared/Infrastructure/Path/FilePathCache.php:26
/home/dan/Desktop/08/apache-htmx/src/Shared/Infrastructure/PathManager.php:50
/home/dan/Desktop/08/apache-htmx/src/Shared/Infrastructure/PathManager.php:217
/home/dan/Desktop/08/apache-htmx/src/Shared/Infrastructure/PathManager.php:149
/home/dan/Desktop/08/apache-htmx/src/Shared/Infrastructure/Path/FilePathCache.php:26
/home/dan/Desktop/08/apache-htmx/src/Shared/Infrastructure/PathManager.php:50
/home/dan/Desktop/08/apache-htmx/src/Shared/Infrastructure/PathManager.php:217
/home/dan/Desktop/08/apache-htmx/src/Shared/Infrastructure/PathManager.php:149
/home/dan/Desktop/08/apache-htmx/src/Shared/Infrastructure/Path/FilePathCache.php:26
/home/dan/Desktop/08/apache-htmx/src/Shared/Infrastructure/PathManager.php:50
/home/dan/Desktop/08/apache-htmx/src/Shared/Infrastructure/PathManager.php:217
/home/dan/Desktop/08/apache-htmx/src/Shared/Infrastructure/PathManager.php:149
/home/dan/Desktop/08/apache-htmx/src/Shared/Infrastructure/Path/FilePathCache.php:26
/home/dan/Desktop/08/apache-htmx/src/Shared/Infrastructure/PathManager.php:50
/home/dan/Desktop/08/apache-htmx/src/Shared/Infrastructure/PathManager.php:217
/home/dan/Desktop/08/apache-htmx/src/Shared/Infrastructure/PathManager.php:149
/home/dan/Desktop/08/apache-htmx/src/Shared/Infrastructure/Path/FilePathCache.php:26
/home/dan/Desktop/08/apache-htmx/src/Shared/Infrastructure/PathManager.php:50
/home/dan/Desktop/08/apache-htmx/src/Shared/Infrastructure/PathManager.php:217
/home/dan/Desktop/08/apache-htmx/src/Shared/Infrastructure/PathManager.php:149
/home/dan/Desktop/08/apache-htmx/src/Shared/Infrastructure/Path/FilePathCache.php:26
/home/dan/Desktop/08/apache-htmx/src/Shared/Infrastructure/PathManager.php:50
/home/dan/Desktop/08/apache-htmx/src/Shared/Infrastructure/PathManager.php:217
/home/dan/Desktop/08/apache-htmx/src/Shared/Infrastructure/PathManager.php:149
/home/dan/Desktop/08/apache-htmx/src/Shared/Infrastructure/Path/FilePathCache.php:26
/home/dan/Desktop/08/apache-htmx/src/Shared/Infrastructure/PathManager.php:50
/home/dan/Desktop/08/apache-htmx/src/Shared/Infrastructure/PathManager.php:217
/home/dan/Desktop/08/apache-htmx/src/Shared/Infrastructure/PathManager.php:149
/home/dan/Desktop/08/apache-htmx/src/Shared/Infrastructure/Path/FilePathCache.php:26
/home/dan/Desktop/08/apache-htmx/src/Shared/Infrastructure/PathManager.php:50
/home/dan/Desktop/08/apache-htmx/src/Shared/Infrastructure/PathManager.php:217
/home/dan/Desktop/08/apache-htmx/src/Shared/Infrastructure/PathManager.php:149
/home/dan/Desktop/08/apache-htmx/src/Shared/Infrastructure/Path/FilePathCache.php:26
/home/dan/Desktop/08/apache-htmx/src/Shared/Infrastructure/PathManager.php:50
/home/dan/Desktop/08/apache-htmx/src/Shared/Infrastructure/PathManager.php:217
/home/dan/Desktop/08/apache-htmx/src/Shared/Infrastructure/PathManager.php:149
/home/dan/Desktop/08/apache-htmx/src/Shared/Infrastructure/Path/FilePathCache.php:26
/home/dan/Desktop/08/apache-htmx/src/Shared/Infrastructure/PathManager.php:50
/home/dan/Desktop/08/apache-htmx/src/Shared/Infrastructure/PathManager.php:217
/home/dan/Desktop/08/apache-htmx/src/Shared/Infrastructure/PathManager.php:149
/home/dan/Desktop/08/apache-htmx/src/Shared/Infrastructure/Path/FilePathCache.php:26
/home/dan/Desktop/08/apache-htmx/src/Shared/Infrastructure/PathManager.php:50
/home/dan/Desktop/08/apache-htmx/src/Shared/Infrastructure/PathManager.php:217
/home/dan/Desktop/08/apache-htmx/src/Shared/Infrastructure/PathManager.php:149
/home/dan/Desktop/08/apache-htmx/src/Shared/Infrastructure/Path/FilePathCache.php:26
/home/dan/Desktop/08/apache-htmx/src/Shared/Infrastructure/PathManager.php:50
/home/dan/Desktop/08/apache-htmx/src/Shared/Infrastructure/PathManager.php:217
/home/dan/Desktop/08/apache-htmx/src/Shared/Infrastructure/PathManager.php:149
/home/dan/Desktop/08/apache-htmx/src/Shared/Infrastructure/Path/FilePathCache.php:26
/home/dan/Desktop/08/apache-htmx/src/Shared/Infrastructure/PathManager.php:50
/home/dan/Desktop/08/apache-htmx/src/Shared/Infrastructure/PathManager.php:217
/home/dan/Desktop/08/apache-htmx/src/Shared/Infrastructure/PathManager.php:149
/home/dan/Desktop/08/apache-htmx/src/Shared/Infrastructure/Path/FilePathCache.php:26
/home/dan/Desktop/08/apache-htmx/src/Shared/Infrastructure/PathManager.php:50
/home/dan/Desktop/08/apache-htmx/src/Shared/Infrastructure/PathManager.php:217
/home/dan/Desktop/08/apache-htmx/src/Shared/Infrastructure/PathManager.php:149
/home/dan/Desktop/08/apache-htmx/src/Shared/Infrastructure/Path/FilePathCache.php:26
/home/dan/Desktop/08/apache-htmx/src/Shared/Infrastructure/PathManager.php:50
/home/dan/Desktop/08/apache-htmx/src/Shared/Infrastructure/PathManager.php:217
/home/dan/Desktop/08/apache-htmx/src/Shared/Infrastructure/PathManager.php:149
/home/dan/Desktop/08/apache-htmx/src/Shared/Infrastructure/Path/FilePathCache.php:26
/home/dan/Desktop/08/apache-htmx/src/Shared/Infrastructure/PathManager.php:50
/home/dan/Desktop/08/apache-htmx/src/Shared/Infrastructure/PathManager.php:217
/home/dan/Desktop/08/apache-htmx/src/Shared/Infrastructure/PathManager.php:149
/home/dan/Desktop/08/apache-htmx/src/Shared/Infrastructure/Path/FilePathCache.php:26
/home/dan/Desktop/08/apache-htmx/src/Shared/Infrastructure/PathManager.php:50
/home/dan/Desktop/08/apache-htmx/src/Shared/Infrastructure/PathManager.php:217
/home/dan/Desktop/08/apache-htmx/src/Shared/Infrastructure/PathManager.php:149
/home/dan/Desktop/08/apache-htmx/src/Shared/Infrastructure/Path/FilePathCache.php:26
/home/dan/Desktop/08/apache-htmx/src/Shared/Infrastructure/PathManager.php:50
/home/dan/Desktop/08/apache-htmx/src/Shared/Infrastructure/PathManager.php:217
/home/dan/Desktop/08/apache-htmx/src/Shared/Infrastructure/PathManager.php:149
/home/dan/Desktop/08/apache-htmx/src/Shared/Infrastructure/Path/FilePathCache.php:26
/home/dan/Desktop/08/apache-htmx/src/Shared/Infrastructure/PathManager.php:50
/home/dan/Desktop/08/apache-htmx/src/Shared/Infrastructure/PathManager.php:217
/home/dan/Desktop/08/apache-htmx/src/Shared/Infrastructure/PathManager.php:149
/home/dan/Desktop/08/apache-htmx/src/Shared/Infrastructure/Path/FilePathCache.php:26
/home/dan/Desktop/08/apache-htmx/src/Shared/Infrastructure/PathManager.php:50
/home/dan/Desktop/08/apache-htmx/src/Shared/Infrastructure/PathManager.php:217
/home/dan/Desktop/08/apache-htmx/src/Shared/Infrastructure/PathManager.php:149
/home/dan/Desktop/08/apache-htmx/src/Shared/Infrastructure/Path/FilePathCache.php:26
/home/dan/Desktop/08/apache-htmx/src/Shared/Infrastructure/PathManager.php:50
/home/dan/Desktop/08/apache-htmx/src/Shared/Infrastructure/PathManager.php:217
/home/dan/Desktop/08/apache-htmx/src/Shared/Infrastructure/PathManager.php:149
/home/dan/Desktop/08/apache-htmx/src/Shared/Infrastructure/Path/FilePathCache.php:26
/home/dan/Desktop/08/apache-htmx/src/Shared/Infrastructure/PathManager.php:50
/home/dan/Desktop/08/apache-htmx/src/Shared/Infrastructure/PathManager.php:217
/home/dan/Desktop/08/apache-htmx/src/Shared/Infrastructure/PathManager.php:149
/home/dan/Desktop/08/apache-htmx/src/Shared/Infrastructure/Path/FilePathCache.php:26
/home/dan/Desktop/08/apache-htmx/src/Shared/Infrastructure/PathManager.php:50
/home/dan/Desktop/08/apache-htmx/src/Shared/Infrastructure/PathManager.php:217
/home/dan/Desktop/08/apache-htmx/src/Shared/Infrastructure/PathManager.php:149
/home/dan/Desktop/08/apache-htmx/src/Shared/Infrastructure/Path/FilePathCache.php:26
/home/dan/Desktop/08/apache-htmx/src/Shared/Infrastructure/PathManager.php:50
/home/dan/Desktop/08/apache-htmx/src/Shared/Infrastructure/PathManager.php:217
/home/dan/Desktop/08/apache-htmx/src/Shared/Infrastructure/PathManager.php:149
/home/dan/Desktop/08/apache-htmx/src/Shared/Infrastructure/Path/FilePathCache.php:26
/home/dan/Desktop/08/apache-htmx/src/Shared/Infrastructure/PathManager.php:50
/home/dan/Desktop/08/apache-htmx/src/Shared/Infrastructure/PathManager.php:217
/home/dan/Desktop/08/apache-htmx/src/Shared/Infrastructure/PathManager.php:149
/home/dan/Desktop/08/apache-htmx/src/Shared/Infrastructure/Path/FilePathCache.php:26
/home/dan/Desktop/08/apache-htmx/src/Shared/Infrastructure/PathManager.php:50
/home/dan/Desktop/08/apache-htmx/src/Shared/Infrastructure/PathManager.php:217
/home/dan/Desktop/08/apache-htmx/src/Shared/Infrastructure/PathManager.php:149
/home/dan/Desktop/08/apache-htmx/src/Shared/Infrastructure/Path/FilePathCache.php:26
/home/dan/Desktop/08/apache-htmx/src/Shared/Infrastructure/PathManager.php:50
/home/dan/Desktop/08/apache-htmx/src/Shared/Infrastructure/PathManager.php:217
/home/dan/Desktop/08/apache-htmx/src/Shared/Infrastructure/PathManager.php:149
/home/dan/Desktop/08/apache-htmx/src/Shared/Infrastructure/Path/FilePathCache.php:26
/home/dan/Desktop/08/apache-htmx/src/Shared/Infrastructure/PathManager.php:50
/home/dan/Desktop/08/apache-htmx/src/Shared/Infrastructure/PathManager.php:217
/home/dan/Desktop/08/apache-htmx/src/Shared/Infrastructure/PathManager.php:149
/home/dan/Desktop/08/apache-htmx/src/Shared/Infrastructure/Path/FilePathCache.php:26
/home/dan/Desktop/08/apache-htmx/src/Shared/Infrastructure/PathManager.php:50
/home/dan/Desktop/08/apache-htmx/src/Shared/Infrastructure/PathManager.php:217
/home/dan/Desktop/08/apache-htmx/src/Shared/Infrastructure/PathManager.php:149
/home/dan/Desktop/08/apache-htmx/src/Shared/Infrastructure/Path/FilePathCache.php:26
/home/dan/Desktop/08/apache-htmx/src/Shared/Infrastructure/PathManager.php:50
/home/dan/Desktop/08/apache-htmx/src/Shared/Infrastructure/PathManager.php:217
/home/dan/Desktop/08/apache-htmx/src/Shared/Infrastructure/PathManager.php:149
/home/dan/Desktop/08/apache-htmx/src/Shared/Infrastructure/Path/FilePathCache.php:26
/home/dan/Desktop/08/apache-htmx/src/Shared/Infrastructure/PathManager.php:50
/home/dan/Desktop/08/apache-htmx/src/Shared/Infrastructure/PathManager.php:217
/home/dan/Desktop/08/apache-htmx/src/Shared/Infrastructure/PathManager.php:149
/home/dan/Desktop/08/apache-htmx/src/Shared/Infrastructure/Path/FilePathCache.php:26
/home/dan/Desktop/08/apache-htmx/src/Shared/Infrastructure/PathManager.php:50
/home/dan/Desktop/08/apache-htmx/src/Shared/Infrastructure/PathManager.php:217
/home/dan/Desktop/08/apache-htmx/src/Shared/Infrastructure/PathManager.php:149
/home/dan/Desktop/08/apache-htmx/src/Shared/Infrastructure/Path/FilePathCache.php:26
/home/dan/Desktop/08/apache-htmx/src/Shared/Infrastructure/PathManager.php:50
/home/dan/Desktop/08/apache-htmx/src/Shared/Infrastructure/PathManager.php:217
/home/dan/Desktop/08/apache-htmx/src/Shared/Infrastructure/PathManager.php:149
/home/dan/Desktop/08/apache-htmx/src/Shared/Infrastructure/Path/FilePathCache.php:26
/home/dan/Desktop/08/apache-htmx/src/Shared/Infrastructure/PathManager.php:50
/home/dan/Desktop/08/apache-htmx/src/Shared/Infrastructure/PathManager.php:217
/home/dan/Desktop/08/apache-htmx/src/Shared/Infrastructure/PathManager.php:149
/home/dan/Desktop/08/apache-htmx/src/Shared/Infrastructure/Path/FilePathCache.php:26
/home/dan/Desktop/08/apache-htmx/src/Shared/Infrastructure/PathManager.php:50
/home/dan/Desktop/08/apache-htmx/src/Shared/Infrastructure/PathManager.php:217
/home/dan/Desktop/08/apache-htmx/src/Shared/Infrastructure/PathManager.php:149
/home/dan/Desktop/08/apache-htmx/src/Shared/Infrastructure/Path/FilePathCache.php:26
/home/dan/Desktop/08/apache-htmx/src/Shared/Infrastructure/PathManager.php:50
/home/dan/Desktop/08/apache-htmx/src/Shared/Infrastructure/PathManager.php:217
/home/dan/Desktop/08/apache-htmx/src/Shared/Infrastructure/PathManager.php:149
/home/dan/Desktop/08/apache-htmx/src/Shared/Infrastructure/Path/FilePathCache.php:26
/home/dan/Desktop/08/apache-htmx/src/Shared/Infrastructure/PathManager.php:50
/home/dan/Desktop/08/apache-htmx/src/Shared/Infrastructure/PathManager.php:217
/home/dan/Desktop/08/apache-htmx/src/Shared/Infrastructure/PathManager.php:149
/home/dan/Desktop/08/apache-htmx/src/Shared/Infrastructure/Path/FilePathCache.php:26
/home/dan/Desktop/08/apache-htmx/src/Shared/Infrastructure/PathManager.php:50
/home/dan/Desktop/08/apache-htmx/src/Shared/Infrastructure/PathManager.php:217
/home/dan/Desktop/08/apache-htmx/src/Shared/Infrastructure/PathManager.php:149
/home/dan/Desktop/08/apache-htmx/src/Shared/Infrastructure/Path/FilePathCache.php:26
/home/dan/Desktop/08/apache-htmx/src/Shared/Infrastructure/PathManager.php:50
/home/dan/Desktop/08/apache-htmx/src/Shared/Infrastructure/PathManager.php:217
/home/dan/Desktop/08/apache-htmx/src/Shared/Infrastructure/PathManager.php:149
/home/dan/Desktop/08/apache-htmx/src/Shared/Infrastructure/Path/FilePathCache.php:26
/home/dan/Desktop/08/apache-htmx/src/Shared/Infrastructure/PathManager.php:50
/home/dan/Desktop/08/apache-htmx/src/Shared/Infrastructure/PathManager.php:217
/home/dan/Desktop/08/apache-htmx/src/Shared/Infrastructure/PathManager.php:149
/home/dan/Desktop/08/apache-htmx/src/Shared/Infrastructure/Path/FilePathCache.php:26
/home/dan/Desktop/08/apache-htmx/src/Shared/Infrastructure/PathManager.php:50
/home/dan/Desktop/08/apache-htmx/src/Shared/Infrastructure/PathManager.php:217
/home/dan/Desktop/08/apache-htmx/src/Shared/Infrastructure/PathManager.php:149
/home/dan/Desktop/08/apache-htmx/src/Shared/Infrastructure/Path/FilePathCache.php:26
/home/dan/Desktop/08/apache-htmx/src/Shared/Infrastructure/PathManager.php:50
/home/dan/Desktop/08/apache-htmx/src/Shared/Infrastructure/PathManager.php:217
/home/dan/Desktop/08/apache-htmx/src/Shared/Infrastructure/PathManager.php:149
/home/dan/Desktop/08/apache-htmx/src/Shared/Infrastructure/Path/FilePathCache.php:26
/home/dan/Desktop/08/apache-htmx/src/Shared/Infrastructure/PathManager.php:50
/home/dan/Desktop/08/apache-htmx/src/Shared/Infrastructure/PathManager.php:217
/home/dan/Desktop/08/apache-htmx/src/Shared/Infrastructure/PathManager.php:149
/home/dan/Desktop/08/apache-htmx/src/Shared/Infrastructure/Path/FilePathCache.php:26
/home/dan/Desktop/08/apache-htmx/src/Shared/Infrastructure/PathManager.php:50
/home/dan/Desktop/08/apache-htmx/src/Shared/Infrastructure/PathManager.php:217
/home/dan/Desktop/08/apache-htmx/src/Shared/Infrastructure/PathManager.php:149
/home/dan/Desktop/08/apache-htmx/src/Shared/Infrastructure/Path/FilePathCache.php:26
/home/dan/Desktop/08/apache-htmx/src/Shared/Infrastructure/PathManager.php:50
/home/dan/Desktop/08/apache-htmx/src/Shared/Infrastructure/PathManager.php:217
/home/dan/Desktop/08/apache-htmx/src/Shared/Infrastructure/PathManager.php:149
/home/dan/Desktop/08/apache-htmx/src/Shared/Infrastructure/Path/FilePathCache.php:26
/home/dan/Desktop/08/apache-htmx/src/Shared/Infrastructure/PathManager.php:50
/home/dan/Desktop/08/apache-htmx/src/Shared/Infrastructure/PathManager.php:217
/home/dan/Desktop/08/apache-htmx/src/Shared/Infrastructure/PathManager.php:149
/home/dan/Desktop/08/apache-htmx/src/Shared/Infrastructure/Path/FilePathCache.php:26
/home/dan/Desktop/08/apache-htmx/src/Shared/Infrastructure/PathManager.php:50
/home/dan/Desktop/08/apache-htmx/src/Shared/Infrastructure/PathManager.php:217
/home/dan/Desktop/08/apache-htmx/src/Shared/Infrastructure/PathManager.php:149
/home/dan/Desktop/08/apache-htmx/src/Shared/Infrastructure/Path/FilePathCache.php:26
/home/dan/Desktop/08/apache-htmx/src/Shared/Infrastructure/PathManager.php:50
/home/dan/Desktop/08/apache-htmx/src/Shared/Infrastructure/PathManager.php:217
/home/dan/Desktop/08/apache-htmx/src/Shared/Infrastructure/PathManager.php:149
/home/dan/Desktop/08/apache-htmx/src/Shared/Infrastructure/Path/FilePathCache.php:26
/home/dan/Desktop/08/apache-htmx/src/Shared/Infrastructure/PathManager.php:50
/home/dan/Desktop/08/apache-htmx/src/Shared/Infrastructure/PathManager.php:217
/home/dan/Desktop/08/apache-htmx/src/Shared/Infrastructure/PathManager.php:149
/home/dan/Desktop/08/apache-htmx/src/Shared/Infrastructure/Path/FilePathCache.php:26
/home/dan/Desktop/08/apache-htmx/src/Shared/Infrastructure/PathManager.php:50
/home/dan/Desktop/08/apache-htmx/src/Shared/Infrastructure/PathManager.php:217
/home/dan/Desktop/08/apache-htmx/src/Shared/Infrastructure/PathManager.php:149
/home/dan/Desktop/08/apache-htmx/src/Shared/Infrastructure/Path/FilePathCache.php:26
/home/dan/Desktop/08/apache-htmx/src/Shared/Infrastructure/PathManager.php:50
/home/dan/Desktop/08/apache-htmx/src/Shared/Infrastructure/PathManager.php:217
/home/dan/Desktop/08/apache-htmx/src/Shared/Infrastructure/PathManager.php:149
/home/dan/Desktop/08/apache-htmx/src/Shared/Infrastructure/Path/FilePathCache.php:26
/home/dan/Desktop/08/apache-htmx/src/Shared/Infrastructure/PathManager.php:50
/home/dan/Desktop/08/apache-htmx/src/Shared/Infrastructure/PathManager.php:217
/home/dan/Desktop/08/apache-htmx/src/Shared/Infrastructure/PathManager.php:149
/home/dan/Desktop/08/apache-htmx/src/Shared/Infrastructure/Path/FilePathCache.php:26
/home/dan/Desktop/08/apache-htmx/src/Shared/Infrastructure/PathManager.php:50
/home/dan/Desktop/08/apache-htmx/src/Shared/Infrastructure/PathManager.php:217
/home/dan/Desktop/08/apache-htmx/src/Shared/Infrastructure/PathManager.php:149
/home/dan/Desktop/08/apache-htmx/src/Shared/Infrastructure/Path/FilePathCache.php:26
/home/dan/Desktop/08/apache-htmx/src/Shared/Infrastructure/PathManager.php:50
/home/dan/Desktop/08/apache-htmx/src/Shared/Infrastructure/PathManager.php:217
/home/dan/Desktop/08/apache-htmx/src/Shared/Infrastructure/PathManager.php:149
/home/dan/Desktop/08/apache-htmx/src/Shared/Infrastructure/Path/FilePathCache.php:26
/home/dan/Desktop/08/apache-htmx/src/Shared/Infrastructure/PathManager.php:50
/home/dan/Desktop/08/apache-htmx/src/Shared/Infrastructure/PathManager.php:217
/home/dan/Desktop/08/apache-htmx/src/Shared/Infrastructure/PathManager.php:149
/home/dan/Desktop/08/apache-htmx/src/Shared/Infrastructure/Path/FilePathCache.php:26
/home/dan/Desktop/08/apache-htmx/src/Shared/Infrastructure/PathManager.php:50
/home/dan/Desktop/08/apache-htmx/src/Shared/Infrastructure/PathManager.php:217
/home/dan/Desktop/08/apache-htmx/src/Shared/Infrastructure/PathManager.php:149
/home/dan/Desktop/08/apache-htmx/src/Shared/Infrastructure/Path/FilePathCache.php:26
/home/dan/Desktop/08/apache-htmx/src/Shared/Infrastructure/PathManager.php:50
/home/dan/Desktop/08/apache-htmx/src/Shared/Infrastructure/PathManager.php:217
/home/dan/Desktop/08/apache-htmx/src/Shared/Infrastructure/PathManager.php:149
/home/dan/Desktop/08/apache-htmx/src/Shared/Infrastructure/Path/FilePathCache.php:26
/home/dan/Desktop/08/apache-htmx/src/Shared/Infrastructure/PathManager.php:50
/home/dan/Desktop/08/apache-htmx/src/Shared/Infrastructure/PathManager.php:217
/home/dan/Desktop/08/apache-htmx/src/Shared/Infrastructure/PathManager.php:149
/home/dan/Desktop/08/apache-htmx/src/Shared/Infrastructure/Path/FilePathCache.php:26
/home/dan/Desktop/08/apache-htmx/src/Shared/Infrastructure/PathManager.php:50
/home/dan/Desktop/08/apache-htmx/src/Shared/Infrastructure/PathManager.php:217
/home/dan/Desktop/08/apache-htmx/src/Shared/Infrastructure/PathManager.php:149
/home/dan/Desktop/08/apache-htmx/src/Shared/Infrastructure/Path/FilePathCache.php:26
/home/dan/Desktop/08/apache-htmx/src/Shared/Infrastructure/PathManager.php:50
/home/dan/Desktop/08/apache-htmx/src/Shared/Infrastructure/PathManager.php:217
/home/dan/Desktop/08/apache-htmx/src/Shared/Infrastructure/PathManager.php:149
/home/dan/Desktop/08/apache-htmx/src/Shared/Infrastructure/Path/FilePathCache.php:26
/home/dan/Desktop/08/apache-htmx/src/Shared/Infrastructure/PathManager.php:50
/home/dan/Desktop/08/apache-htmx/src/Shared/Infrastructure/PathManager.php:217
/home/dan/Desktop/08/apache-htmx/src/Shared/Infrastructure/PathManager.php:149
/home/dan/Desktop/08/apache-htmx/src/Shared/Infrastructure/Path/FilePathCache.php:26
/home/dan/Desktop/08/apache-htmx/src/Shared/Infrastructure/PathManager.php:50
/home/dan/Desktop/08/apache-htmx/src/Shared/Infrastructure/PathManager.php:217
/home/dan/Desktop/08/apache-htmx/src/Shared/Infrastructure/PathManager.php:149
/home/dan/Desktop/08/apache-htmx/src/Shared/Infrastructure/Path/FilePathCache.php:26
/home/dan/Desktop/08/apache-htmx/src/Shared/Infrastructure/PathManager.php:50
/home/dan/Desktop/08/apache-htmx/src/Shared/Infrastructure/PathManager.php:217
/home/dan/Desktop/08/apache-htmx/src/Shared/Infrastructure/PathManager.php:149
/home/dan/Desktop/08/apache-htmx/src/Shared/Infrastructure/Path/FilePathCache.php:26
/home/dan/Desktop/08/apache-htmx/src/Shared/Infrastructure/PathManager.php:50
/home/dan/Desktop/08/apache-htmx/src/Shared/Infrastructure/PathManager.php:217
/home/dan/Desktop/08/apache-htmx/src/Shared/Infrastructure/PathManager.php:149
/home/dan/Desktop/08/apache-htmx/src/Shared/Infrastructure/Path/FilePathCache.php:26
/home/dan/Desktop/08/apache-htmx/src/Shared/Infrastructure/PathManager.php:50
/home/dan/Desktop/08/apache-htmx/src/Shared/Infrastructure/PathManager.php:217
/home/dan/Desktop/08/apache-htmx/src/Shared/Infrastructure/PathManager.php:149
/home/dan/Desktop/08/apache-htmx/src/Shared/Infrastructure/Path/FilePathCache.php:26
/home/dan/Desktop/08/apache-htmx/src/Shared/Infrastructure/PathManager.php:50
/home/dan/Desktop/08/apache-htmx/src/Shared/Infrastructure/PathManager.php:217
/home/dan/Desktop/08/apache-htmx/src/Shared/Infrastructure/PathManager.php:149
/home/dan/Desktop/08/apache-htmx/src/Shared/Infrastructure/Path/FilePathCache.php:26
/home/dan/Desktop/08/apache-htmx/src/Shared/Infrastructure/PathManager.php:50
/home/dan/Desktop/08/apache-htmx/src/Shared/Infrastructure/PathManager.php:217
/home/dan/Desktop/08/apache-htmx/src/Shared/Infrastructure/PathManager.php:149
/home/dan/Desktop/08/apache-htmx/src/Shared/Infrastructure/Path/FilePathCache.php:26
/home/dan/Desktop/08/apache-htmx/src/Shared/Infrastructure/PathManager.php:50
/home/dan/Desktop/08/apache-htmx/src/Shared/Infrastructure/PathManager.php:217
/home/dan/Desktop/08/apache-htmx/src/Shared/Infrastructure/PathManager.php:149
/home/dan/Desktop/08/apache-htmx/src/Shared/Infrastructure/Path/FilePathCache.php:26
/home/dan/Desktop/08/apache-htmx/src/Shared/Infrastructure/PathManager.php:50
/home/dan/Desktop/08/apache-htmx/src/Shared/Infrastructure/PathManager.php:217
/home/dan/Desktop/08/apache-htmx/src/Shared/Infrastructure/PathManager.php:149
/home/dan/Desktop/08/apache-htmx/src/Shared/Infrastructure/Path/FilePathCache.php:26
/home/dan/Desktop/08/apache-htmx/src/Shared/Infrastructure/PathManager.php:50
/home/dan/Desktop/08/apache-htmx/src/Shared/Infrastructure/PathManager.php:217
/home/dan/Desktop/08/apache-htmx/src/Shared/Infrastructure/PathManager.php:149
/home/dan/Desktop/08/apache-htmx/src/Shared/Infrastructure/Path/FilePathCache.php:26
/home/dan/Desktop/08/apache-htmx/src/Shared/Infrastructure/PathManager.php:50
/home/dan/Desktop/08/apache-htmx/src/Shared/Infrastructure/PathManager.php:217
/home/dan/Desktop/08/apache-htmx/src/Shared/Infrastructure/PathManager.php:149
/home/dan/Desktop/08/apache-htmx/src/Shared/Infrastructure/Path/FilePathCache.php:26
/home/dan/Desktop/08/apache-htmx/src/Shared/Infrastructure/PathManager.php:50
/home/dan/Desktop/08/apache-htmx/src/Shared/Infrastructure/PathManager.php:217
/home/dan/Desktop/08/apache-htmx/src/Shared/Infrastructure/PathManager.php:149
/home/dan/Desktop/08/apache-htmx/src/Shared/Infrastructure/Path/FilePathCache.php:26
/home/dan/Desktop/08/apache-htmx/src/Shared/Infrastructure/PathManager.php:50
/home/dan/Desktop/08/apache-htmx/src/Shared/Infrastructure/PathManager.php:217
/home/dan/Desktop/08/apache-htmx/src/Shared/Infrastructure/PathManager.php:149
/home/dan/Desktop/08/apache-htmx/src/Shared/Infrastructure/Path/FilePathCache.php:26
/home/dan/Desktop/08/apache-htmx/src/Shared/Infrastructure/PathManager.php:50
/home/dan/Desktop/08/apache-htmx/src/Shared/Infrastructure/PathManager.php:217
/home/dan/Desktop/08/apache-htmx/src/Shared/Infrastructure/PathManager.php:149
/home/dan/Desktop/08/apache-htmx/src/Shared/Infrastructure/Path/FilePathCache.php:26
/home/dan/Desktop/08/apache-htmx/src/Shared/Infrastructure/PathManager.php:50
/home/dan/Desktop/08/apache-htmx/src/Shared/Infrastructure/PathManager.php:217
/home/dan/Desktop/08/apache-htmx/src/Shared/Infrastructure/PathManager.php:149
/home/dan/Desktop/08/apache-htmx/src/Shared/Infrastructure/Path/FilePathCache.php:26
/home/dan/Desktop/08/apache-htmx/src/Shared/Infrastructure/PathManager.php:50
/home/dan/Desktop/08/apache-htmx/src/Shared/Infrastructure/PathManager.php:217
/home/dan/Desktop/08/apache-htmx/src/Shared/Infrastructure/PathManager.php:149
/home/dan/Desktop/08/apache-htmx/src/Shared/Infrastructure/Path/FilePathCache.php:26
/home/dan/Desktop/08/apache-htmx/src/Shared/Infrastructure/PathManager.php:50
/home/dan/Desktop/08/apache-htmx/src/Shared/Infrastructure/PathManager.php:217
/home/dan/Desktop/08/apache-htmx/src/Shared/Infrastructure/PathManager.php:149
/home/dan/Desktop/08/apache-htmx/src/Shared/Infrastructure/Path/FilePathCache.php:26
/home/dan/Desktop/08/apache-htmx/src/Shared/Infrastructure/PathManager.php:50
/home/dan/Desktop/08/apache-htmx/src/Shared/Infrastructure/PathManager.php:217
/home/dan/Desktop/08/apache-htmx/src/Shared/Infrastructure/PathManager.php:149
/home/dan/Desktop/08/apache-htmx/src/Shared/Infrastructure/Path/FilePathCache.php:26
/home/dan/Desktop/08/apache-htmx/src/Shared/Infrastructure/PathManager.php:50
/home/dan/Desktop/08/apache-htmx/src/Shared/Infrastructure/PathManager.php:217
/home/dan/Desktop/08/apache-htmx/src/Shared/Infrastructure/PathManager.php:149
/home/dan/Desktop/08/apache-htmx/src/Shared/Infrastructure/Path/FilePathCache.php:26
/home/dan/Desktop/08/apache-htmx/src/Shared/Infrastructure/PathManager.php:50
/home/dan/Desktop/08/apache-htmx/src/Shared/Infrastructure/PathManager.php:217
/home/dan/Desktop/08/apache-htmx/src/Shared/Infrastructure/PathManager.php:149
/home/dan/Desktop/08/apache-htmx/src/Shared/Infrastructure/Path/FilePathCache.php:26
/home/dan/Desktop/08/apache-htmx/src/Shared/Infrastructure/PathManager.php:50
/home/dan/Desktop/08/apache-htmx/src/Shared/Infrastructure/PathManager.php:217
/home/dan/Desktop/08/apache-htmx/src/Shared/Infrastructure/PathManager.php:149
/home/dan/Desktop/08/apache-htmx/src/Shared/Infrastructure/Path/FilePathCache.php:26
/home/dan/Desktop/08/apache-htmx/src/Shared/Infrastructure/PathManager.php:50
/home/dan/Desktop/08/apache-htmx/src/Shared/Infrastructure/PathManager.php:217
/home/dan/Desktop/08/apache-htmx/src/Shared/Infrastructure/PathManager.php:149
/home/dan/Desktop/08/apache-htmx/src/Shared/Infrastructure/Path/FilePathCache.php:26
/home/dan/Desktop/08/apache-htmx/src/Shared/Infrastructure/PathManager.php:50
/home/dan/Desktop/08/apache-htmx/src/Shared/Infrastructure/PathManager.php:217
/home/dan/Desktop/08/apache-htmx/src/Shared/Infrastructure/PathManager.php:149
/home/dan/Desktop/08/apache-htmx/src/Shared/Infrastructure/Path/FilePathCache.php:26
/home/dan/Desktop/08/apache-htmx/src/Shared/Infrastructure/PathManager.php:50
/home/dan/Desktop/08/apache-htmx/src/Shared/Infrastructure/PathManager.php:217
/home/dan/Desktop/08/apache-htmx/src/Shared/Infrastructure/PathManager.php:149
/home/dan/Desktop/08/apache-htmx/src/Shared/Infrastructure/Path/FilePathCache.php:26
/home/dan/Desktop/08/apache-htmx/src/Shared/Infrastructure/PathManager.php:50
/home/dan/Desktop/08/apache-htmx/src/Shared/Infrastructure/PathManager.php:217
/home/dan/Desktop/08/apache-htmx/src/Shared/Infrastructure/PathManager.php:149
/home/dan/Desktop/08/apache-htmx/src/Shared/Infrastructure/Path/FilePathCache.php:26
/home/dan/Desktop/08/apache-htmx/src/Shared/Infrastructure/PathManager.php:50
/home/dan/Desktop/08/apache-htmx/src/Shared/Infrastructure/PathManager.php:217
/home/dan/Desktop/08/apache-htmx/src/Shared/Infrastructure/PathManager.php:149
/home/dan/Desktop/08/apache-htmx/src/Shared/Infrastructure/Path/FilePathCache.php:26
/home/dan/Desktop/08/apache-htmx/src/Shared/Infrastructure/PathManager.php:50
/home/dan/Desktop/08/apache-htmx/src/Shared/Infrastructure/PathManager.php:217
/home/dan/Desktop/08/apache-htmx/src/Shared/Infrastructure/PathManager.php:149
/home/dan/Desktop/08/apache-htmx/src/Shared/Infrastructure/Path/FilePathCache.php:26
/home/dan/Desktop/08/apache-htmx/src/Shared/Infrastructure/PathManager.php:50
/home/dan/Desktop/08/apache-htmx/src/Shared/Infrastructure/PathManager.php:412
/home/dan/Desktop/08/apache-htmx/tests/Unit/Shared/Infrastructure/PathManagerTest.php:18</error>
        </testcase>
        <testcase name="testPathSecurityValidation" file="/home/dan/Desktop/08/apache-htmx/tests/Unit/Shared/Infrastructure/PathManagerTest.php" line="69" class="Tests\Unit\Shared\Infrastructure\PathManagerTest" classname="Tests.Unit.Shared.Infrastructure.PathManagerTest" assertions="0" time="0.000000">
          <error type="Error">Tests\Unit\Shared\Infrastructure\PathManagerTest::testPathSecurityValidation
Error: Xdebug has detected a possible infinite loop, and aborted your script with a stack depth of '512' frames

/home/dan/Desktop/08/apache-htmx/src/Shared/Infrastructure/PathManager.php:147
/home/dan/Desktop/08/apache-htmx/src/Shared/Infrastructure/Path/FilePathCache.php:26
/home/dan/Desktop/08/apache-htmx/src/Shared/Infrastructure/PathManager.php:50
/home/dan/Desktop/08/apache-htmx/src/Shared/Infrastructure/PathManager.php:217
/home/dan/Desktop/08/apache-htmx/src/Shared/Infrastructure/PathManager.php:149
/home/dan/Desktop/08/apache-htmx/src/Shared/Infrastructure/Path/FilePathCache.php:26
/home/dan/Desktop/08/apache-htmx/src/Shared/Infrastructure/PathManager.php:50
/home/dan/Desktop/08/apache-htmx/src/Shared/Infrastructure/PathManager.php:217
/home/dan/Desktop/08/apache-htmx/src/Shared/Infrastructure/PathManager.php:149
/home/dan/Desktop/08/apache-htmx/src/Shared/Infrastructure/Path/FilePathCache.php:26
/home/dan/Desktop/08/apache-htmx/src/Shared/Infrastructure/PathManager.php:50
/home/dan/Desktop/08/apache-htmx/src/Shared/Infrastructure/PathManager.php:217
/home/dan/Desktop/08/apache-htmx/src/Shared/Infrastructure/PathManager.php:149
/home/dan/Desktop/08/apache-htmx/src/Shared/Infrastructure/Path/FilePathCache.php:26
/home/dan/Desktop/08/apache-htmx/src/Shared/Infrastructure/PathManager.php:50
/home/dan/Desktop/08/apache-htmx/src/Shared/Infrastructure/PathManager.php:217
/home/dan/Desktop/08/apache-htmx/src/Shared/Infrastructure/PathManager.php:149
/home/dan/Desktop/08/apache-htmx/src/Shared/Infrastructure/Path/FilePathCache.php:26
/home/dan/Desktop/08/apache-htmx/src/Shared/Infrastructure/PathManager.php:50
/home/dan/Desktop/08/apache-htmx/src/Shared/Infrastructure/PathManager.php:217
/home/dan/Desktop/08/apache-htmx/src/Shared/Infrastructure/PathManager.php:149
/home/dan/Desktop/08/apache-htmx/src/Shared/Infrastructure/Path/FilePathCache.php:26
/home/dan/Desktop/08/apache-htmx/src/Shared/Infrastructure/PathManager.php:50
/home/dan/Desktop/08/apache-htmx/src/Shared/Infrastructure/PathManager.php:217
/home/dan/Desktop/08/apache-htmx/src/Shared/Infrastructure/PathManager.php:149
/home/dan/Desktop/08/apache-htmx/src/Shared/Infrastructure/Path/FilePathCache.php:26
/home/dan/Desktop/08/apache-htmx/src/Shared/Infrastructure/PathManager.php:50
/home/dan/Desktop/08/apache-htmx/src/Shared/Infrastructure/PathManager.php:217
/home/dan/Desktop/08/apache-htmx/src/Shared/Infrastructure/PathManager.php:149
/home/dan/Desktop/08/apache-htmx/src/Shared/Infrastructure/Path/FilePathCache.php:26
/home/dan/Desktop/08/apache-htmx/src/Shared/Infrastructure/PathManager.php:50
/home/dan/Desktop/08/apache-htmx/src/Shared/Infrastructure/PathManager.php:217
/home/dan/Desktop/08/apache-htmx/src/Shared/Infrastructure/PathManager.php:149
/home/dan/Desktop/08/apache-htmx/src/Shared/Infrastructure/Path/FilePathCache.php:26
/home/dan/Desktop/08/apache-htmx/src/Shared/Infrastructure/PathManager.php:50
/home/dan/Desktop/08/apache-htmx/src/Shared/Infrastructure/PathManager.php:217
/home/dan/Desktop/08/apache-htmx/src/Shared/Infrastructure/PathManager.php:149
/home/dan/Desktop/08/apache-htmx/src/Shared/Infrastructure/Path/FilePathCache.php:26
/home/dan/Desktop/08/apache-htmx/src/Shared/Infrastructure/PathManager.php:50
/home/dan/Desktop/08/apache-htmx/src/Shared/Infrastructure/PathManager.php:217
/home/dan/Desktop/08/apache-htmx/src/Shared/Infrastructure/PathManager.php:149
/home/dan/Desktop/08/apache-htmx/src/Shared/Infrastructure/Path/FilePathCache.php:26
/home/dan/Desktop/08/apache-htmx/src/Shared/Infrastructure/PathManager.php:50
/home/dan/Desktop/08/apache-htmx/src/Shared/Infrastructure/PathManager.php:217
/home/dan/Desktop/08/apache-htmx/src/Shared/Infrastructure/PathManager.php:149
/home/dan/Desktop/08/apache-htmx/src/Shared/Infrastructure/Path/FilePathCache.php:26
/home/dan/Desktop/08/apache-htmx/src/Shared/Infrastructure/PathManager.php:50
/home/dan/Desktop/08/apache-htmx/src/Shared/Infrastructure/PathManager.php:217
/home/dan/Desktop/08/apache-htmx/src/Shared/Infrastructure/PathManager.php:149
/home/dan/Desktop/08/apache-htmx/src/Shared/Infrastructure/Path/FilePathCache.php:26
/home/dan/Desktop/08/apache-htmx/src/Shared/Infrastructure/PathManager.php:50
/home/dan/Desktop/08/apache-htmx/src/Shared/Infrastructure/PathManager.php:217
/home/dan/Desktop/08/apache-htmx/src/Shared/Infrastructure/PathManager.php:149
/home/dan/Desktop/08/apache-htmx/src/Shared/Infrastructure/Path/FilePathCache.php:26
/home/dan/Desktop/08/apache-htmx/src/Shared/Infrastructure/PathManager.php:50
/home/dan/Desktop/08/apache-htmx/src/Shared/Infrastructure/PathManager.php:217
/home/dan/Desktop/08/apache-htmx/src/Shared/Infrastructure/PathManager.php:149
/home/dan/Desktop/08/apache-htmx/src/Shared/Infrastructure/Path/FilePathCache.php:26
/home/dan/Desktop/08/apache-htmx/src/Shared/Infrastructure/PathManager.php:50
/home/dan/Desktop/08/apache-htmx/src/Shared/Infrastructure/PathManager.php:217
/home/dan/Desktop/08/apache-htmx/src/Shared/Infrastructure/PathManager.php:149
/home/dan/Desktop/08/apache-htmx/src/Shared/Infrastructure/Path/FilePathCache.php:26
/home/dan/Desktop/08/apache-htmx/src/Shared/Infrastructure/PathManager.php:50
/home/dan/Desktop/08/apache-htmx/src/Shared/Infrastructure/PathManager.php:217
/home/dan/Desktop/08/apache-htmx/src/Shared/Infrastructure/PathManager.php:149
/home/dan/Desktop/08/apache-htmx/src/Shared/Infrastructure/Path/FilePathCache.php:26
/home/dan/Desktop/08/apache-htmx/src/Shared/Infrastructure/PathManager.php:50
/home/dan/Desktop/08/apache-htmx/src/Shared/Infrastructure/PathManager.php:217
/home/dan/Desktop/08/apache-htmx/src/Shared/Infrastructure/PathManager.php:149
/home/dan/Desktop/08/apache-htmx/src/Shared/Infrastructure/Path/FilePathCache.php:26
/home/dan/Desktop/08/apache-htmx/src/Shared/Infrastructure/PathManager.php:50
/home/dan/Desktop/08/apache-htmx/src/Shared/Infrastructure/PathManager.php:217
/home/dan/Desktop/08/apache-htmx/src/Shared/Infrastructure/PathManager.php:149
/home/dan/Desktop/08/apache-htmx/src/Shared/Infrastructure/Path/FilePathCache.php:26
/home/dan/Desktop/08/apache-htmx/src/Shared/Infrastructure/PathManager.php:50
/home/dan/Desktop/08/apache-htmx/src/Shared/Infrastructure/PathManager.php:217
/home/dan/Desktop/08/apache-htmx/src/Shared/Infrastructure/PathManager.php:149
/home/dan/Desktop/08/apache-htmx/src/Shared/Infrastructure/Path/FilePathCache.php:26
/home/dan/Desktop/08/apache-htmx/src/Shared/Infrastructure/PathManager.php:50
/home/dan/Desktop/08/apache-htmx/src/Shared/Infrastructure/PathManager.php:217
/home/dan/Desktop/08/apache-htmx/src/Shared/Infrastructure/PathManager.php:149
/home/dan/Desktop/08/apache-htmx/src/Shared/Infrastructure/Path/FilePathCache.php:26
/home/dan/Desktop/08/apache-htmx/src/Shared/Infrastructure/PathManager.php:50
/home/dan/Desktop/08/apache-htmx/src/Shared/Infrastructure/PathManager.php:217
/home/dan/Desktop/08/apache-htmx/src/Shared/Infrastructure/PathManager.php:149
/home/dan/Desktop/08/apache-htmx/src/Shared/Infrastructure/Path/FilePathCache.php:26
/home/dan/Desktop/08/apache-htmx/src/Shared/Infrastructure/PathManager.php:50
/home/dan/Desktop/08/apache-htmx/src/Shared/Infrastructure/PathManager.php:217
/home/dan/Desktop/08/apache-htmx/src/Shared/Infrastructure/PathManager.php:149
/home/dan/Desktop/08/apache-htmx/src/Shared/Infrastructure/Path/FilePathCache.php:26
/home/dan/Desktop/08/apache-htmx/src/Shared/Infrastructure/PathManager.php:50
/home/dan/Desktop/08/apache-htmx/src/Shared/Infrastructure/PathManager.php:217
/home/dan/Desktop/08/apache-htmx/src/Shared/Infrastructure/PathManager.php:149
/home/dan/Desktop/08/apache-htmx/src/Shared/Infrastructure/Path/FilePathCache.php:26
/home/dan/Desktop/08/apache-htmx/src/Shared/Infrastructure/PathManager.php:50
/home/dan/Desktop/08/apache-htmx/src/Shared/Infrastructure/PathManager.php:217
/home/dan/Desktop/08/apache-htmx/src/Shared/Infrastructure/PathManager.php:149
/home/dan/Desktop/08/apache-htmx/src/Shared/Infrastructure/Path/FilePathCache.php:26
/home/dan/Desktop/08/apache-htmx/src/Shared/Infrastructure/PathManager.php:50
/home/dan/Desktop/08/apache-htmx/src/Shared/Infrastructure/PathManager.php:217
/home/dan/Desktop/08/apache-htmx/src/Shared/Infrastructure/PathManager.php:149
/home/dan/Desktop/08/apache-htmx/src/Shared/Infrastructure/Path/FilePathCache.php:26
/home/dan/Desktop/08/apache-htmx/src/Shared/Infrastructure/PathManager.php:50
/home/dan/Desktop/08/apache-htmx/src/Shared/Infrastructure/PathManager.php:217
/home/dan/Desktop/08/apache-htmx/src/Shared/Infrastructure/PathManager.php:149
/home/dan/Desktop/08/apache-htmx/src/Shared/Infrastructure/Path/FilePathCache.php:26
/home/dan/Desktop/08/apache-htmx/src/Shared/Infrastructure/PathManager.php:50
/home/dan/Desktop/08/apache-htmx/src/Shared/Infrastructure/PathManager.php:217
/home/dan/Desktop/08/apache-htmx/src/Shared/Infrastructure/PathManager.php:149
/home/dan/Desktop/08/apache-htmx/src/Shared/Infrastructure/Path/FilePathCache.php:26
/home/dan/Desktop/08/apache-htmx/src/Shared/Infrastructure/PathManager.php:50
/home/dan/Desktop/08/apache-htmx/src/Shared/Infrastructure/PathManager.php:217
/home/dan/Desktop/08/apache-htmx/src/Shared/Infrastructure/PathManager.php:149
/home/dan/Desktop/08/apache-htmx/src/Shared/Infrastructure/Path/FilePathCache.php:26
/home/dan/Desktop/08/apache-htmx/src/Shared/Infrastructure/PathManager.php:50
/home/dan/Desktop/08/apache-htmx/src/Shared/Infrastructure/PathManager.php:217
/home/dan/Desktop/08/apache-htmx/src/Shared/Infrastructure/PathManager.php:149
/home/dan/Desktop/08/apache-htmx/src/Shared/Infrastructure/Path/FilePathCache.php:26
/home/dan/Desktop/08/apache-htmx/src/Shared/Infrastructure/PathManager.php:50
/home/dan/Desktop/08/apache-htmx/src/Shared/Infrastructure/PathManager.php:217
/home/dan/Desktop/08/apache-htmx/src/Shared/Infrastructure/PathManager.php:149
/home/dan/Desktop/08/apache-htmx/src/Shared/Infrastructure/Path/FilePathCache.php:26
/home/dan/Desktop/08/apache-htmx/src/Shared/Infrastructure/PathManager.php:50
/home/dan/Desktop/08/apache-htmx/src/Shared/Infrastructure/PathManager.php:217
/home/dan/Desktop/08/apache-htmx/src/Shared/Infrastructure/PathManager.php:149
/home/dan/Desktop/08/apache-htmx/src/Shared/Infrastructure/Path/FilePathCache.php:26
/home/dan/Desktop/08/apache-htmx/src/Shared/Infrastructure/PathManager.php:50
/home/dan/Desktop/08/apache-htmx/src/Shared/Infrastructure/PathManager.php:217
/home/dan/Desktop/08/apache-htmx/src/Shared/Infrastructure/PathManager.php:149
/home/dan/Desktop/08/apache-htmx/src/Shared/Infrastructure/Path/FilePathCache.php:26
/home/dan/Desktop/08/apache-htmx/src/Shared/Infrastructure/PathManager.php:50
/home/dan/Desktop/08/apache-htmx/src/Shared/Infrastructure/PathManager.php:217
/home/dan/Desktop/08/apache-htmx/src/Shared/Infrastructure/PathManager.php:149
/home/dan/Desktop/08/apache-htmx/src/Shared/Infrastructure/Path/FilePathCache.php:26
/home/dan/Desktop/08/apache-htmx/src/Shared/Infrastructure/PathManager.php:50
/home/dan/Desktop/08/apache-htmx/src/Shared/Infrastructure/PathManager.php:217
/home/dan/Desktop/08/apache-htmx/src/Shared/Infrastructure/PathManager.php:149
/home/dan/Desktop/08/apache-htmx/src/Shared/Infrastructure/Path/FilePathCache.php:26
/home/dan/Desktop/08/apache-htmx/src/Shared/Infrastructure/PathManager.php:50
/home/dan/Desktop/08/apache-htmx/src/Shared/Infrastructure/PathManager.php:217
/home/dan/Desktop/08/apache-htmx/src/Shared/Infrastructure/PathManager.php:149
/home/dan/Desktop/08/apache-htmx/src/Shared/Infrastructure/Path/FilePathCache.php:26
/home/dan/Desktop/08/apache-htmx/src/Shared/Infrastructure/PathManager.php:50
/home/dan/Desktop/08/apache-htmx/src/Shared/Infrastructure/PathManager.php:217
/home/dan/Desktop/08/apache-htmx/src/Shared/Infrastructure/PathManager.php:149
/home/dan/Desktop/08/apache-htmx/src/Shared/Infrastructure/Path/FilePathCache.php:26
/home/dan/Desktop/08/apache-htmx/src/Shared/Infrastructure/PathManager.php:50
/home/dan/Desktop/08/apache-htmx/src/Shared/Infrastructure/PathManager.php:217
/home/dan/Desktop/08/apache-htmx/src/Shared/Infrastructure/PathManager.php:149
/home/dan/Desktop/08/apache-htmx/src/Shared/Infrastructure/Path/FilePathCache.php:26
/home/dan/Desktop/08/apache-htmx/src/Shared/Infrastructure/PathManager.php:50
/home/dan/Desktop/08/apache-htmx/src/Shared/Infrastructure/PathManager.php:217
/home/dan/Desktop/08/apache-htmx/src/Shared/Infrastructure/PathManager.php:149
/home/dan/Desktop/08/apache-htmx/src/Shared/Infrastructure/Path/FilePathCache.php:26
/home/dan/Desktop/08/apache-htmx/src/Shared/Infrastructure/PathManager.php:50
/home/dan/Desktop/08/apache-htmx/src/Shared/Infrastructure/PathManager.php:217
/home/dan/Desktop/08/apache-htmx/src/Shared/Infrastructure/PathManager.php:149
/home/dan/Desktop/08/apache-htmx/src/Shared/Infrastructure/Path/FilePathCache.php:26
/home/dan/Desktop/08/apache-htmx/src/Shared/Infrastructure/PathManager.php:50
/home/dan/Desktop/08/apache-htmx/src/Shared/Infrastructure/PathManager.php:217
/home/dan/Desktop/08/apache-htmx/src/Shared/Infrastructure/PathManager.php:149
/home/dan/Desktop/08/apache-htmx/src/Shared/Infrastructure/Path/FilePathCache.php:26
/home/dan/Desktop/08/apache-htmx/src/Shared/Infrastructure/PathManager.php:50
/home/dan/Desktop/08/apache-htmx/src/Shared/Infrastructure/PathManager.php:217
/home/dan/Desktop/08/apache-htmx/src/Shared/Infrastructure/PathManager.php:149
/home/dan/Desktop/08/apache-htmx/src/Shared/Infrastructure/Path/FilePathCache.php:26
/home/dan/Desktop/08/apache-htmx/src/Shared/Infrastructure/PathManager.php:50
/home/dan/Desktop/08/apache-htmx/src/Shared/Infrastructure/PathManager.php:217
/home/dan/Desktop/08/apache-htmx/src/Shared/Infrastructure/PathManager.php:149
/home/dan/Desktop/08/apache-htmx/src/Shared/Infrastructure/Path/FilePathCache.php:26
/home/dan/Desktop/08/apache-htmx/src/Shared/Infrastructure/PathManager.php:50
/home/dan/Desktop/08/apache-htmx/src/Shared/Infrastructure/PathManager.php:217
/home/dan/Desktop/08/apache-htmx/src/Shared/Infrastructure/PathManager.php:149
/home/dan/Desktop/08/apache-htmx/src/Shared/Infrastructure/Path/FilePathCache.php:26
/home/dan/Desktop/08/apache-htmx/src/Shared/Infrastructure/PathManager.php:50
/home/dan/Desktop/08/apache-htmx/src/Shared/Infrastructure/PathManager.php:217
/home/dan/Desktop/08/apache-htmx/src/Shared/Infrastructure/PathManager.php:149
/home/dan/Desktop/08/apache-htmx/src/Shared/Infrastructure/Path/FilePathCache.php:26
/home/dan/Desktop/08/apache-htmx/src/Shared/Infrastructure/PathManager.php:50
/home/dan/Desktop/08/apache-htmx/src/Shared/Infrastructure/PathManager.php:217
/home/dan/Desktop/08/apache-htmx/src/Shared/Infrastructure/PathManager.php:149
/home/dan/Desktop/08/apache-htmx/src/Shared/Infrastructure/Path/FilePathCache.php:26
/home/dan/Desktop/08/apache-htmx/src/Shared/Infrastructure/PathManager.php:50
/home/dan/Desktop/08/apache-htmx/src/Shared/Infrastructure/PathManager.php:217
/home/dan/Desktop/08/apache-htmx/src/Shared/Infrastructure/PathManager.php:149
/home/dan/Desktop/08/apache-htmx/src/Shared/Infrastructure/Path/FilePathCache.php:26
/home/dan/Desktop/08/apache-htmx/src/Shared/Infrastructure/PathManager.php:50
/home/dan/Desktop/08/apache-htmx/src/Shared/Infrastructure/PathManager.php:217
/home/dan/Desktop/08/apache-htmx/src/Shared/Infrastructure/PathManager.php:149
/home/dan/Desktop/08/apache-htmx/src/Shared/Infrastructure/Path/FilePathCache.php:26
/home/dan/Desktop/08/apache-htmx/src/Shared/Infrastructure/PathManager.php:50
/home/dan/Desktop/08/apache-htmx/src/Shared/Infrastructure/PathManager.php:217
/home/dan/Desktop/08/apache-htmx/src/Shared/Infrastructure/PathManager.php:149
/home/dan/Desktop/08/apache-htmx/src/Shared/Infrastructure/Path/FilePathCache.php:26
/home/dan/Desktop/08/apache-htmx/src/Shared/Infrastructure/PathManager.php:50
/home/dan/Desktop/08/apache-htmx/src/Shared/Infrastructure/PathManager.php:217
/home/dan/Desktop/08/apache-htmx/src/Shared/Infrastructure/PathManager.php:149
/home/dan/Desktop/08/apache-htmx/src/Shared/Infrastructure/Path/FilePathCache.php:26
/home/dan/Desktop/08/apache-htmx/src/Shared/Infrastructure/PathManager.php:50
/home/dan/Desktop/08/apache-htmx/src/Shared/Infrastructure/PathManager.php:217
/home/dan/Desktop/08/apache-htmx/src/Shared/Infrastructure/PathManager.php:149
/home/dan/Desktop/08/apache-htmx/src/Shared/Infrastructure/Path/FilePathCache.php:26
/home/dan/Desktop/08/apache-htmx/src/Shared/Infrastructure/PathManager.php:50
/home/dan/Desktop/08/apache-htmx/src/Shared/Infrastructure/PathManager.php:217
/home/dan/Desktop/08/apache-htmx/src/Shared/Infrastructure/PathManager.php:149
/home/dan/Desktop/08/apache-htmx/src/Shared/Infrastructure/Path/FilePathCache.php:26
/home/dan/Desktop/08/apache-htmx/src/Shared/Infrastructure/PathManager.php:50
/home/dan/Desktop/08/apache-htmx/src/Shared/Infrastructure/PathManager.php:217
/home/dan/Desktop/08/apache-htmx/src/Shared/Infrastructure/PathManager.php:149
/home/dan/Desktop/08/apache-htmx/src/Shared/Infrastructure/Path/FilePathCache.php:26
/home/dan/Desktop/08/apache-htmx/src/Shared/Infrastructure/PathManager.php:50
/home/dan/Desktop/08/apache-htmx/src/Shared/Infrastructure/PathManager.php:217
/home/dan/Desktop/08/apache-htmx/src/Shared/Infrastructure/PathManager.php:149
/home/dan/Desktop/08/apache-htmx/src/Shared/Infrastructure/Path/FilePathCache.php:26
/home/dan/Desktop/08/apache-htmx/src/Shared/Infrastructure/PathManager.php:50
/home/dan/Desktop/08/apache-htmx/src/Shared/Infrastructure/PathManager.php:217
/home/dan/Desktop/08/apache-htmx/src/Shared/Infrastructure/PathManager.php:149
/home/dan/Desktop/08/apache-htmx/src/Shared/Infrastructure/Path/FilePathCache.php:26
/home/dan/Desktop/08/apache-htmx/src/Shared/Infrastructure/PathManager.php:50
/home/dan/Desktop/08/apache-htmx/src/Shared/Infrastructure/PathManager.php:217
/home/dan/Desktop/08/apache-htmx/src/Shared/Infrastructure/PathManager.php:149
/home/dan/Desktop/08/apache-htmx/src/Shared/Infrastructure/Path/FilePathCache.php:26
/home/dan/Desktop/08/apache-htmx/src/Shared/Infrastructure/PathManager.php:50
/home/dan/Desktop/08/apache-htmx/src/Shared/Infrastructure/PathManager.php:217
/home/dan/Desktop/08/apache-htmx/src/Shared/Infrastructure/PathManager.php:149
/home/dan/Desktop/08/apache-htmx/src/Shared/Infrastructure/Path/FilePathCache.php:26
/home/dan/Desktop/08/apache-htmx/src/Shared/Infrastructure/PathManager.php:50
/home/dan/Desktop/08/apache-htmx/src/Shared/Infrastructure/PathManager.php:217
/home/dan/Desktop/08/apache-htmx/src/Shared/Infrastructure/PathManager.php:149
/home/dan/Desktop/08/apache-htmx/src/Shared/Infrastructure/Path/FilePathCache.php:26
/home/dan/Desktop/08/apache-htmx/src/Shared/Infrastructure/PathManager.php:50
/home/dan/Desktop/08/apache-htmx/src/Shared/Infrastructure/PathManager.php:217
/home/dan/Desktop/08/apache-htmx/src/Shared/Infrastructure/PathManager.php:149
/home/dan/Desktop/08/apache-htmx/src/Shared/Infrastructure/Path/FilePathCache.php:26
/home/dan/Desktop/08/apache-htmx/src/Shared/Infrastructure/PathManager.php:50
/home/dan/Desktop/08/apache-htmx/src/Shared/Infrastructure/PathManager.php:217
/home/dan/Desktop/08/apache-htmx/src/Shared/Infrastructure/PathManager.php:149
/home/dan/Desktop/08/apache-htmx/src/Shared/Infrastructure/Path/FilePathCache.php:26
/home/dan/Desktop/08/apache-htmx/src/Shared/Infrastructure/PathManager.php:50
/home/dan/Desktop/08/apache-htmx/src/Shared/Infrastructure/PathManager.php:217
/home/dan/Desktop/08/apache-htmx/src/Shared/Infrastructure/PathManager.php:149
/home/dan/Desktop/08/apache-htmx/src/Shared/Infrastructure/Path/FilePathCache.php:26
/home/dan/Desktop/08/apache-htmx/src/Shared/Infrastructure/PathManager.php:50
/home/dan/Desktop/08/apache-htmx/src/Shared/Infrastructure/PathManager.php:217
/home/dan/Desktop/08/apache-htmx/src/Shared/Infrastructure/PathManager.php:149
/home/dan/Desktop/08/apache-htmx/src/Shared/Infrastructure/Path/FilePathCache.php:26
/home/dan/Desktop/08/apache-htmx/src/Shared/Infrastructure/PathManager.php:50
/home/dan/Desktop/08/apache-htmx/src/Shared/Infrastructure/PathManager.php:217
/home/dan/Desktop/08/apache-htmx/src/Shared/Infrastructure/PathManager.php:149
/home/dan/Desktop/08/apache-htmx/src/Shared/Infrastructure/Path/FilePathCache.php:26
/home/dan/Desktop/08/apache-htmx/src/Shared/Infrastructure/PathManager.php:50
/home/dan/Desktop/08/apache-htmx/src/Shared/Infrastructure/PathManager.php:217
/home/dan/Desktop/08/apache-htmx/src/Shared/Infrastructure/PathManager.php:149
/home/dan/Desktop/08/apache-htmx/src/Shared/Infrastructure/Path/FilePathCache.php:26
/home/dan/Desktop/08/apache-htmx/src/Shared/Infrastructure/PathManager.php:50
/home/dan/Desktop/08/apache-htmx/src/Shared/Infrastructure/PathManager.php:217
/home/dan/Desktop/08/apache-htmx/src/Shared/Infrastructure/PathManager.php:149
/home/dan/Desktop/08/apache-htmx/src/Shared/Infrastructure/Path/FilePathCache.php:26
/home/dan/Desktop/08/apache-htmx/src/Shared/Infrastructure/PathManager.php:50
/home/dan/Desktop/08/apache-htmx/src/Shared/Infrastructure/PathManager.php:217
/home/dan/Desktop/08/apache-htmx/src/Shared/Infrastructure/PathManager.php:149
/home/dan/Desktop/08/apache-htmx/src/Shared/Infrastructure/Path/FilePathCache.php:26
/home/dan/Desktop/08/apache-htmx/src/Shared/Infrastructure/PathManager.php:50
/home/dan/Desktop/08/apache-htmx/src/Shared/Infrastructure/PathManager.php:217
/home/dan/Desktop/08/apache-htmx/src/Shared/Infrastructure/PathManager.php:149
/home/dan/Desktop/08/apache-htmx/src/Shared/Infrastructure/Path/FilePathCache.php:26
/home/dan/Desktop/08/apache-htmx/src/Shared/Infrastructure/PathManager.php:50
/home/dan/Desktop/08/apache-htmx/src/Shared/Infrastructure/PathManager.php:217
/home/dan/Desktop/08/apache-htmx/src/Shared/Infrastructure/PathManager.php:149
/home/dan/Desktop/08/apache-htmx/src/Shared/Infrastructure/Path/FilePathCache.php:26
/home/dan/Desktop/08/apache-htmx/src/Shared/Infrastructure/PathManager.php:50
/home/dan/Desktop/08/apache-htmx/src/Shared/Infrastructure/PathManager.php:217
/home/dan/Desktop/08/apache-htmx/src/Shared/Infrastructure/PathManager.php:149
/home/dan/Desktop/08/apache-htmx/src/Shared/Infrastructure/Path/FilePathCache.php:26
/home/dan/Desktop/08/apache-htmx/src/Shared/Infrastructure/PathManager.php:50
/home/dan/Desktop/08/apache-htmx/src/Shared/Infrastructure/PathManager.php:217
/home/dan/Desktop/08/apache-htmx/src/Shared/Infrastructure/PathManager.php:149
/home/dan/Desktop/08/apache-htmx/src/Shared/Infrastructure/Path/FilePathCache.php:26
/home/dan/Desktop/08/apache-htmx/src/Shared/Infrastructure/PathManager.php:50
/home/dan/Desktop/08/apache-htmx/src/Shared/Infrastructure/PathManager.php:217
/home/dan/Desktop/08/apache-htmx/src/Shared/Infrastructure/PathManager.php:149
/home/dan/Desktop/08/apache-htmx/src/Shared/Infrastructure/Path/FilePathCache.php:26
/home/dan/Desktop/08/apache-htmx/src/Shared/Infrastructure/PathManager.php:50
/home/dan/Desktop/08/apache-htmx/src/Shared/Infrastructure/PathManager.php:217
/home/dan/Desktop/08/apache-htmx/src/Shared/Infrastructure/PathManager.php:149
/home/dan/Desktop/08/apache-htmx/src/Shared/Infrastructure/Path/FilePathCache.php:26
/home/dan/Desktop/08/apache-htmx/src/Shared/Infrastructure/PathManager.php:50
/home/dan/Desktop/08/apache-htmx/src/Shared/Infrastructure/PathManager.php:217
/home/dan/Desktop/08/apache-htmx/src/Shared/Infrastructure/PathManager.php:149
/home/dan/Desktop/08/apache-htmx/src/Shared/Infrastructure/Path/FilePathCache.php:26
/home/dan/Desktop/08/apache-htmx/src/Shared/Infrastructure/PathManager.php:50
/home/dan/Desktop/08/apache-htmx/src/Shared/Infrastructure/PathManager.php:217
/home/dan/Desktop/08/apache-htmx/src/Shared/Infrastructure/PathManager.php:149
/home/dan/Desktop/08/apache-htmx/src/Shared/Infrastructure/Path/FilePathCache.php:26
/home/dan/Desktop/08/apache-htmx/src/Shared/Infrastructure/PathManager.php:50
/home/dan/Desktop/08/apache-htmx/src/Shared/Infrastructure/PathManager.php:217
/home/dan/Desktop/08/apache-htmx/src/Shared/Infrastructure/PathManager.php:149
/home/dan/Desktop/08/apache-htmx/src/Shared/Infrastructure/Path/FilePathCache.php:26
/home/dan/Desktop/08/apache-htmx/src/Shared/Infrastructure/PathManager.php:50
/home/dan/Desktop/08/apache-htmx/src/Shared/Infrastructure/PathManager.php:217
/home/dan/Desktop/08/apache-htmx/src/Shared/Infrastructure/PathManager.php:149
/home/dan/Desktop/08/apache-htmx/src/Shared/Infrastructure/Path/FilePathCache.php:26
/home/dan/Desktop/08/apache-htmx/src/Shared/Infrastructure/PathManager.php:50
/home/dan/Desktop/08/apache-htmx/src/Shared/Infrastructure/PathManager.php:217
/home/dan/Desktop/08/apache-htmx/src/Shared/Infrastructure/PathManager.php:149
/home/dan/Desktop/08/apache-htmx/src/Shared/Infrastructure/Path/FilePathCache.php:26
/home/dan/Desktop/08/apache-htmx/src/Shared/Infrastructure/PathManager.php:50
/home/dan/Desktop/08/apache-htmx/src/Shared/Infrastructure/PathManager.php:217
/home/dan/Desktop/08/apache-htmx/src/Shared/Infrastructure/PathManager.php:149
/home/dan/Desktop/08/apache-htmx/src/Shared/Infrastructure/Path/FilePathCache.php:26
/home/dan/Desktop/08/apache-htmx/src/Shared/Infrastructure/PathManager.php:50
/home/dan/Desktop/08/apache-htmx/src/Shared/Infrastructure/PathManager.php:217
/home/dan/Desktop/08/apache-htmx/src/Shared/Infrastructure/PathManager.php:149
/home/dan/Desktop/08/apache-htmx/src/Shared/Infrastructure/Path/FilePathCache.php:26
/home/dan/Desktop/08/apache-htmx/src/Shared/Infrastructure/PathManager.php:50
/home/dan/Desktop/08/apache-htmx/src/Shared/Infrastructure/PathManager.php:217
/home/dan/Desktop/08/apache-htmx/src/Shared/Infrastructure/PathManager.php:149
/home/dan/Desktop/08/apache-htmx/src/Shared/Infrastructure/Path/FilePathCache.php:26
/home/dan/Desktop/08/apache-htmx/src/Shared/Infrastructure/PathManager.php:50
/home/dan/Desktop/08/apache-htmx/src/Shared/Infrastructure/PathManager.php:217
/home/dan/Desktop/08/apache-htmx/src/Shared/Infrastructure/PathManager.php:149
/home/dan/Desktop/08/apache-htmx/src/Shared/Infrastructure/Path/FilePathCache.php:26
/home/dan/Desktop/08/apache-htmx/src/Shared/Infrastructure/PathManager.php:50
/home/dan/Desktop/08/apache-htmx/src/Shared/Infrastructure/PathManager.php:217
/home/dan/Desktop/08/apache-htmx/src/Shared/Infrastructure/PathManager.php:149
/home/dan/Desktop/08/apache-htmx/src/Shared/Infrastructure/Path/FilePathCache.php:26
/home/dan/Desktop/08/apache-htmx/src/Shared/Infrastructure/PathManager.php:50
/home/dan/Desktop/08/apache-htmx/src/Shared/Infrastructure/PathManager.php:217
/home/dan/Desktop/08/apache-htmx/src/Shared/Infrastructure/PathManager.php:149
/home/dan/Desktop/08/apache-htmx/src/Shared/Infrastructure/Path/FilePathCache.php:26
/home/dan/Desktop/08/apache-htmx/src/Shared/Infrastructure/PathManager.php:50
/home/dan/Desktop/08/apache-htmx/src/Shared/Infrastructure/PathManager.php:217
/home/dan/Desktop/08/apache-htmx/src/Shared/Infrastructure/PathManager.php:149
/home/dan/Desktop/08/apache-htmx/src/Shared/Infrastructure/Path/FilePathCache.php:26
/home/dan/Desktop/08/apache-htmx/src/Shared/Infrastructure/PathManager.php:50
/home/dan/Desktop/08/apache-htmx/src/Shared/Infrastructure/PathManager.php:217
/home/dan/Desktop/08/apache-htmx/src/Shared/Infrastructure/PathManager.php:149
/home/dan/Desktop/08/apache-htmx/src/Shared/Infrastructure/Path/FilePathCache.php:26
/home/dan/Desktop/08/apache-htmx/src/Shared/Infrastructure/PathManager.php:50
/home/dan/Desktop/08/apache-htmx/src/Shared/Infrastructure/PathManager.php:217
/home/dan/Desktop/08/apache-htmx/src/Shared/Infrastructure/PathManager.php:149
/home/dan/Desktop/08/apache-htmx/src/Shared/Infrastructure/Path/FilePathCache.php:26
/home/dan/Desktop/08/apache-htmx/src/Shared/Infrastructure/PathManager.php:50
/home/dan/Desktop/08/apache-htmx/src/Shared/Infrastructure/PathManager.php:217
/home/dan/Desktop/08/apache-htmx/src/Shared/Infrastructure/PathManager.php:149
/home/dan/Desktop/08/apache-htmx/src/Shared/Infrastructure/Path/FilePathCache.php:26
/home/dan/Desktop/08/apache-htmx/src/Shared/Infrastructure/PathManager.php:50
/home/dan/Desktop/08/apache-htmx/src/Shared/Infrastructure/PathManager.php:217
/home/dan/Desktop/08/apache-htmx/src/Shared/Infrastructure/PathManager.php:149
/home/dan/Desktop/08/apache-htmx/src/Shared/Infrastructure/Path/FilePathCache.php:26
/home/dan/Desktop/08/apache-htmx/src/Shared/Infrastructure/PathManager.php:50
/home/dan/Desktop/08/apache-htmx/src/Shared/Infrastructure/PathManager.php:217
/home/dan/Desktop/08/apache-htmx/src/Shared/Infrastructure/PathManager.php:149
/home/dan/Desktop/08/apache-htmx/src/Shared/Infrastructure/Path/FilePathCache.php:26
/home/dan/Desktop/08/apache-htmx/src/Shared/Infrastructure/PathManager.php:50
/home/dan/Desktop/08/apache-htmx/src/Shared/Infrastructure/PathManager.php:217
/home/dan/Desktop/08/apache-htmx/src/Shared/Infrastructure/PathManager.php:149
/home/dan/Desktop/08/apache-htmx/src/Shared/Infrastructure/Path/FilePathCache.php:26
/home/dan/Desktop/08/apache-htmx/src/Shared/Infrastructure/PathManager.php:50
/home/dan/Desktop/08/apache-htmx/src/Shared/Infrastructure/PathManager.php:217
/home/dan/Desktop/08/apache-htmx/src/Shared/Infrastructure/PathManager.php:149
/home/dan/Desktop/08/apache-htmx/src/Shared/Infrastructure/Path/FilePathCache.php:26
/home/dan/Desktop/08/apache-htmx/src/Shared/Infrastructure/PathManager.php:50
/home/dan/Desktop/08/apache-htmx/src/Shared/Infrastructure/PathManager.php:217
/home/dan/Desktop/08/apache-htmx/src/Shared/Infrastructure/PathManager.php:149
/home/dan/Desktop/08/apache-htmx/src/Shared/Infrastructure/Path/FilePathCache.php:26
/home/dan/Desktop/08/apache-htmx/src/Shared/Infrastructure/PathManager.php:50
/home/dan/Desktop/08/apache-htmx/src/Shared/Infrastructure/PathManager.php:217
/home/dan/Desktop/08/apache-htmx/src/Shared/Infrastructure/PathManager.php:149
/home/dan/Desktop/08/apache-htmx/src/Shared/Infrastructure/Path/FilePathCache.php:26
/home/dan/Desktop/08/apache-htmx/src/Shared/Infrastructure/PathManager.php:50
/home/dan/Desktop/08/apache-htmx/src/Shared/Infrastructure/PathManager.php:217
/home/dan/Desktop/08/apache-htmx/src/Shared/Infrastructure/PathManager.php:149
/home/dan/Desktop/08/apache-htmx/src/Shared/Infrastructure/Path/FilePathCache.php:26
/home/dan/Desktop/08/apache-htmx/src/Shared/Infrastructure/PathManager.php:50
/home/dan/Desktop/08/apache-htmx/src/Shared/Infrastructure/PathManager.php:217
/home/dan/Desktop/08/apache-htmx/src/Shared/Infrastructure/PathManager.php:149
/home/dan/Desktop/08/apache-htmx/src/Shared/Infrastructure/Path/FilePathCache.php:26
/home/dan/Desktop/08/apache-htmx/src/Shared/Infrastructure/PathManager.php:50
/home/dan/Desktop/08/apache-htmx/src/Shared/Infrastructure/PathManager.php:217
/home/dan/Desktop/08/apache-htmx/src/Shared/Infrastructure/PathManager.php:149
/home/dan/Desktop/08/apache-htmx/src/Shared/Infrastructure/Path/FilePathCache.php:26
/home/dan/Desktop/08/apache-htmx/src/Shared/Infrastructure/PathManager.php:50
/home/dan/Desktop/08/apache-htmx/src/Shared/Infrastructure/PathManager.php:217
/home/dan/Desktop/08/apache-htmx/src/Shared/Infrastructure/PathManager.php:149
/home/dan/Desktop/08/apache-htmx/src/Shared/Infrastructure/Path/FilePathCache.php:26
/home/dan/Desktop/08/apache-htmx/src/Shared/Infrastructure/PathManager.php:50
/home/dan/Desktop/08/apache-htmx/src/Shared/Infrastructure/PathManager.php:217
/home/dan/Desktop/08/apache-htmx/src/Shared/Infrastructure/PathManager.php:149
/home/dan/Desktop/08/apache-htmx/src/Shared/Infrastructure/Path/FilePathCache.php:26
/home/dan/Desktop/08/apache-htmx/src/Shared/Infrastructure/PathManager.php:50
/home/dan/Desktop/08/apache-htmx/src/Shared/Infrastructure/PathManager.php:217
/home/dan/Desktop/08/apache-htmx/src/Shared/Infrastructure/PathManager.php:149
/home/dan/Desktop/08/apache-htmx/src/Shared/Infrastructure/Path/FilePathCache.php:26
/home/dan/Desktop/08/apache-htmx/src/Shared/Infrastructure/PathManager.php:50
/home/dan/Desktop/08/apache-htmx/src/Shared/Infrastructure/PathManager.php:217
/home/dan/Desktop/08/apache-htmx/src/Shared/Infrastructure/PathManager.php:149
/home/dan/Desktop/08/apache-htmx/src/Shared/Infrastructure/Path/FilePathCache.php:26
/home/dan/Desktop/08/apache-htmx/src/Shared/Infrastructure/PathManager.php:50
/home/dan/Desktop/08/apache-htmx/src/Shared/Infrastructure/PathManager.php:217
/home/dan/Desktop/08/apache-htmx/src/Shared/Infrastructure/PathManager.php:149
/home/dan/Desktop/08/apache-htmx/src/Shared/Infrastructure/Path/FilePathCache.php:26
/home/dan/Desktop/08/apache-htmx/src/Shared/Infrastructure/PathManager.php:50
/home/dan/Desktop/08/apache-htmx/src/Shared/Infrastructure/PathManager.php:217
/home/dan/Desktop/08/apache-htmx/src/Shared/Infrastructure/PathManager.php:149
/home/dan/Desktop/08/apache-htmx/src/Shared/Infrastructure/Path/FilePathCache.php:26
/home/dan/Desktop/08/apache-htmx/src/Shared/Infrastructure/PathManager.php:50
/home/dan/Desktop/08/apache-htmx/src/Shared/Infrastructure/PathManager.php:217
/home/dan/Desktop/08/apache-htmx/src/Shared/Infrastructure/PathManager.php:149
/home/dan/Desktop/08/apache-htmx/src/Shared/Infrastructure/Path/FilePathCache.php:26
/home/dan/Desktop/08/apache-htmx/src/Shared/Infrastructure/PathManager.php:50
/home/dan/Desktop/08/apache-htmx/src/Shared/Infrastructure/PathManager.php:217
/home/dan/Desktop/08/apache-htmx/src/Shared/Infrastructure/PathManager.php:149
/home/dan/Desktop/08/apache-htmx/src/Shared/Infrastructure/Path/FilePathCache.php:26
/home/dan/Desktop/08/apache-htmx/src/Shared/Infrastructure/PathManager.php:50
/home/dan/Desktop/08/apache-htmx/src/Shared/Infrastructure/PathManager.php:217
/home/dan/Desktop/08/apache-htmx/src/Shared/Infrastructure/PathManager.php:149
/home/dan/Desktop/08/apache-htmx/src/Shared/Infrastructure/Path/FilePathCache.php:26
/home/dan/Desktop/08/apache-htmx/src/Shared/Infrastructure/PathManager.php:50
/home/dan/Desktop/08/apache-htmx/src/Shared/Infrastructure/PathManager.php:217
/home/dan/Desktop/08/apache-htmx/src/Shared/Infrastructure/PathManager.php:149
/home/dan/Desktop/08/apache-htmx/src/Shared/Infrastructure/Path/FilePathCache.php:26
/home/dan/Desktop/08/apache-htmx/src/Shared/Infrastructure/PathManager.php:50
/home/dan/Desktop/08/apache-htmx/src/Shared/Infrastructure/PathManager.php:217
/home/dan/Desktop/08/apache-htmx/src/Shared/Infrastructure/PathManager.php:149
/home/dan/Desktop/08/apache-htmx/src/Shared/Infrastructure/Path/FilePathCache.php:26
/home/dan/Desktop/08/apache-htmx/src/Shared/Infrastructure/PathManager.php:50
/home/dan/Desktop/08/apache-htmx/src/Shared/Infrastructure/PathManager.php:217
/home/dan/Desktop/08/apache-htmx/src/Shared/Infrastructure/PathManager.php:149
/home/dan/Desktop/08/apache-htmx/src/Shared/Infrastructure/Path/FilePathCache.php:26
/home/dan/Desktop/08/apache-htmx/src/Shared/Infrastructure/PathManager.php:50
/home/dan/Desktop/08/apache-htmx/src/Shared/Infrastructure/PathManager.php:217
/home/dan/Desktop/08/apache-htmx/src/Shared/Infrastructure/PathManager.php:149
/home/dan/Desktop/08/apache-htmx/src/Shared/Infrastructure/Path/FilePathCache.php:26
/home/dan/Desktop/08/apache-htmx/src/Shared/Infrastructure/PathManager.php:50
/home/dan/Desktop/08/apache-htmx/src/Shared/Infrastructure/PathManager.php:217
/home/dan/Desktop/08/apache-htmx/src/Shared/Infrastructure/PathManager.php:149
/home/dan/Desktop/08/apache-htmx/src/Shared/Infrastructure/Path/FilePathCache.php:26
/home/dan/Desktop/08/apache-htmx/src/Shared/Infrastructure/PathManager.php:50
/home/dan/Desktop/08/apache-htmx/src/Shared/Infrastructure/PathManager.php:217
/home/dan/Desktop/08/apache-htmx/src/Shared/Infrastructure/PathManager.php:149
/home/dan/Desktop/08/apache-htmx/src/Shared/Infrastructure/Path/FilePathCache.php:26
/home/dan/Desktop/08/apache-htmx/src/Shared/Infrastructure/PathManager.php:50
/home/dan/Desktop/08/apache-htmx/src/Shared/Infrastructure/PathManager.php:217
/home/dan/Desktop/08/apache-htmx/src/Shared/Infrastructure/PathManager.php:149
/home/dan/Desktop/08/apache-htmx/src/Shared/Infrastructure/Path/FilePathCache.php:26
/home/dan/Desktop/08/apache-htmx/src/Shared/Infrastructure/PathManager.php:50
/home/dan/Desktop/08/apache-htmx/src/Shared/Infrastructure/PathManager.php:217
/home/dan/Desktop/08/apache-htmx/src/Shared/Infrastructure/PathManager.php:149
/home/dan/Desktop/08/apache-htmx/src/Shared/Infrastructure/Path/FilePathCache.php:26
/home/dan/Desktop/08/apache-htmx/src/Shared/Infrastructure/PathManager.php:50
/home/dan/Desktop/08/apache-htmx/src/Shared/Infrastructure/PathManager.php:217
/home/dan/Desktop/08/apache-htmx/src/Shared/Infrastructure/PathManager.php:149
/home/dan/Desktop/08/apache-htmx/src/Shared/Infrastructure/Path/FilePathCache.php:26
/home/dan/Desktop/08/apache-htmx/src/Shared/Infrastructure/PathManager.php:50
/home/dan/Desktop/08/apache-htmx/src/Shared/Infrastructure/PathManager.php:217
/home/dan/Desktop/08/apache-htmx/src/Shared/Infrastructure/PathManager.php:149
/home/dan/Desktop/08/apache-htmx/src/Shared/Infrastructure/Path/FilePathCache.php:26
/home/dan/Desktop/08/apache-htmx/src/Shared/Infrastructure/PathManager.php:50
/home/dan/Desktop/08/apache-htmx/src/Shared/Infrastructure/PathManager.php:217
/home/dan/Desktop/08/apache-htmx/src/Shared/Infrastructure/PathManager.php:149
/home/dan/Desktop/08/apache-htmx/src/Shared/Infrastructure/Path/FilePathCache.php:26
/home/dan/Desktop/08/apache-htmx/src/Shared/Infrastructure/PathManager.php:50
/home/dan/Desktop/08/apache-htmx/src/Shared/Infrastructure/PathManager.php:217
/home/dan/Desktop/08/apache-htmx/src/Shared/Infrastructure/PathManager.php:149
/home/dan/Desktop/08/apache-htmx/src/Shared/Infrastructure/Path/FilePathCache.php:26
/home/dan/Desktop/08/apache-htmx/src/Shared/Infrastructure/PathManager.php:50
/home/dan/Desktop/08/apache-htmx/src/Shared/Infrastructure/PathManager.php:217
/home/dan/Desktop/08/apache-htmx/src/Shared/Infrastructure/PathManager.php:149
/home/dan/Desktop/08/apache-htmx/src/Shared/Infrastructure/Path/FilePathCache.php:26
/home/dan/Desktop/08/apache-htmx/src/Shared/Infrastructure/PathManager.php:50
/home/dan/Desktop/08/apache-htmx/src/Shared/Infrastructure/PathManager.php:217
/home/dan/Desktop/08/apache-htmx/src/Shared/Infrastructure/PathManager.php:149
/home/dan/Desktop/08/apache-htmx/src/Shared/Infrastructure/Path/FilePathCache.php:26
/home/dan/Desktop/08/apache-htmx/src/Shared/Infrastructure/PathManager.php:50
/home/dan/Desktop/08/apache-htmx/src/Shared/Infrastructure/PathManager.php:217
/home/dan/Desktop/08/apache-htmx/src/Shared/Infrastructure/PathManager.php:149
/home/dan/Desktop/08/apache-htmx/src/Shared/Infrastructure/Path/FilePathCache.php:26
/home/dan/Desktop/08/apache-htmx/src/Shared/Infrastructure/PathManager.php:50
/home/dan/Desktop/08/apache-htmx/src/Shared/Infrastructure/PathManager.php:217
/home/dan/Desktop/08/apache-htmx/src/Shared/Infrastructure/PathManager.php:149
/home/dan/Desktop/08/apache-htmx/src/Shared/Infrastructure/Path/FilePathCache.php:26
/home/dan/Desktop/08/apache-htmx/src/Shared/Infrastructure/PathManager.php:50
/home/dan/Desktop/08/apache-htmx/src/Shared/Infrastructure/PathManager.php:217
/home/dan/Desktop/08/apache-htmx/src/Shared/Infrastructure/PathManager.php:149
/home/dan/Desktop/08/apache-htmx/src/Shared/Infrastructure/Path/FilePathCache.php:26
/home/dan/Desktop/08/apache-htmx/src/Shared/Infrastructure/PathManager.php:50
/home/dan/Desktop/08/apache-htmx/src/Shared/Infrastructure/PathManager.php:217
/home/dan/Desktop/08/apache-htmx/src/Shared/Infrastructure/PathManager.php:149
/home/dan/Desktop/08/apache-htmx/src/Shared/Infrastructure/Path/FilePathCache.php:26
/home/dan/Desktop/08/apache-htmx/src/Shared/Infrastructure/PathManager.php:50
/home/dan/Desktop/08/apache-htmx/src/Shared/Infrastructure/PathManager.php:217
/home/dan/Desktop/08/apache-htmx/src/Shared/Infrastructure/PathManager.php:149
/home/dan/Desktop/08/apache-htmx/src/Shared/Infrastructure/Path/FilePathCache.php:26
/home/dan/Desktop/08/apache-htmx/src/Shared/Infrastructure/PathManager.php:50
/home/dan/Desktop/08/apache-htmx/src/Shared/Infrastructure/PathManager.php:217
/home/dan/Desktop/08/apache-htmx/src/Shared/Infrastructure/PathManager.php:149
/home/dan/Desktop/08/apache-htmx/src/Shared/Infrastructure/Path/FilePathCache.php:26
/home/dan/Desktop/08/apache-htmx/src/Shared/Infrastructure/PathManager.php:50
/home/dan/Desktop/08/apache-htmx/src/Shared/Infrastructure/PathManager.php:412
/home/dan/Desktop/08/apache-htmx/tests/Unit/Shared/Infrastructure/PathManagerTest.php:18</error>
        </testcase>
        <testcase name="testPathSanitization" file="/home/dan/Desktop/08/apache-htmx/tests/Unit/Shared/Infrastructure/PathManagerTest.php" line="82" class="Tests\Unit\Shared\Infrastructure\PathManagerTest" classname="Tests.Unit.Shared.Infrastructure.PathManagerTest" assertions="0" time="0.000000">
          <error type="Error">Tests\Unit\Shared\Infrastructure\PathManagerTest::testPathSanitization
Error: Xdebug has detected a possible infinite loop, and aborted your script with a stack depth of '512' frames

/home/dan/Desktop/08/apache-htmx/src/Shared/Infrastructure/PathManager.php:147
/home/dan/Desktop/08/apache-htmx/src/Shared/Infrastructure/Path/FilePathCache.php:26
/home/dan/Desktop/08/apache-htmx/src/Shared/Infrastructure/PathManager.php:50
/home/dan/Desktop/08/apache-htmx/src/Shared/Infrastructure/PathManager.php:217
/home/dan/Desktop/08/apache-htmx/src/Shared/Infrastructure/PathManager.php:149
/home/dan/Desktop/08/apache-htmx/src/Shared/Infrastructure/Path/FilePathCache.php:26
/home/dan/Desktop/08/apache-htmx/src/Shared/Infrastructure/PathManager.php:50
/home/dan/Desktop/08/apache-htmx/src/Shared/Infrastructure/PathManager.php:217
/home/dan/Desktop/08/apache-htmx/src/Shared/Infrastructure/PathManager.php:149
/home/dan/Desktop/08/apache-htmx/src/Shared/Infrastructure/Path/FilePathCache.php:26
/home/dan/Desktop/08/apache-htmx/src/Shared/Infrastructure/PathManager.php:50
/home/dan/Desktop/08/apache-htmx/src/Shared/Infrastructure/PathManager.php:217
/home/dan/Desktop/08/apache-htmx/src/Shared/Infrastructure/PathManager.php:149
/home/dan/Desktop/08/apache-htmx/src/Shared/Infrastructure/Path/FilePathCache.php:26
/home/dan/Desktop/08/apache-htmx/src/Shared/Infrastructure/PathManager.php:50
/home/dan/Desktop/08/apache-htmx/src/Shared/Infrastructure/PathManager.php:217
/home/dan/Desktop/08/apache-htmx/src/Shared/Infrastructure/PathManager.php:149
/home/dan/Desktop/08/apache-htmx/src/Shared/Infrastructure/Path/FilePathCache.php:26
/home/dan/Desktop/08/apache-htmx/src/Shared/Infrastructure/PathManager.php:50
/home/dan/Desktop/08/apache-htmx/src/Shared/Infrastructure/PathManager.php:217
/home/dan/Desktop/08/apache-htmx/src/Shared/Infrastructure/PathManager.php:149
/home/dan/Desktop/08/apache-htmx/src/Shared/Infrastructure/Path/FilePathCache.php:26
/home/dan/Desktop/08/apache-htmx/src/Shared/Infrastructure/PathManager.php:50
/home/dan/Desktop/08/apache-htmx/src/Shared/Infrastructure/PathManager.php:217
/home/dan/Desktop/08/apache-htmx/src/Shared/Infrastructure/PathManager.php:149
/home/dan/Desktop/08/apache-htmx/src/Shared/Infrastructure/Path/FilePathCache.php:26
/home/dan/Desktop/08/apache-htmx/src/Shared/Infrastructure/PathManager.php:50
/home/dan/Desktop/08/apache-htmx/src/Shared/Infrastructure/PathManager.php:217
/home/dan/Desktop/08/apache-htmx/src/Shared/Infrastructure/PathManager.php:149
/home/dan/Desktop/08/apache-htmx/src/Shared/Infrastructure/Path/FilePathCache.php:26
/home/dan/Desktop/08/apache-htmx/src/Shared/Infrastructure/PathManager.php:50
/home/dan/Desktop/08/apache-htmx/src/Shared/Infrastructure/PathManager.php:217
/home/dan/Desktop/08/apache-htmx/src/Shared/Infrastructure/PathManager.php:149
/home/dan/Desktop/08/apache-htmx/src/Shared/Infrastructure/Path/FilePathCache.php:26
/home/dan/Desktop/08/apache-htmx/src/Shared/Infrastructure/PathManager.php:50
/home/dan/Desktop/08/apache-htmx/src/Shared/Infrastructure/PathManager.php:217
/home/dan/Desktop/08/apache-htmx/src/Shared/Infrastructure/PathManager.php:149
/home/dan/Desktop/08/apache-htmx/src/Shared/Infrastructure/Path/FilePathCache.php:26
/home/dan/Desktop/08/apache-htmx/src/Shared/Infrastructure/PathManager.php:50
/home/dan/Desktop/08/apache-htmx/src/Shared/Infrastructure/PathManager.php:217
/home/dan/Desktop/08/apache-htmx/src/Shared/Infrastructure/PathManager.php:149
/home/dan/Desktop/08/apache-htmx/src/Shared/Infrastructure/Path/FilePathCache.php:26
/home/dan/Desktop/08/apache-htmx/src/Shared/Infrastructure/PathManager.php:50
/home/dan/Desktop/08/apache-htmx/src/Shared/Infrastructure/PathManager.php:217
/home/dan/Desktop/08/apache-htmx/src/Shared/Infrastructure/PathManager.php:149
/home/dan/Desktop/08/apache-htmx/src/Shared/Infrastructure/Path/FilePathCache.php:26
/home/dan/Desktop/08/apache-htmx/src/Shared/Infrastructure/PathManager.php:50
/home/dan/Desktop/08/apache-htmx/src/Shared/Infrastructure/PathManager.php:217
/home/dan/Desktop/08/apache-htmx/src/Shared/Infrastructure/PathManager.php:149
/home/dan/Desktop/08/apache-htmx/src/Shared/Infrastructure/Path/FilePathCache.php:26
/home/dan/Desktop/08/apache-htmx/src/Shared/Infrastructure/PathManager.php:50
/home/dan/Desktop/08/apache-htmx/src/Shared/Infrastructure/PathManager.php:217
/home/dan/Desktop/08/apache-htmx/src/Shared/Infrastructure/PathManager.php:149
/home/dan/Desktop/08/apache-htmx/src/Shared/Infrastructure/Path/FilePathCache.php:26
/home/dan/Desktop/08/apache-htmx/src/Shared/Infrastructure/PathManager.php:50
/home/dan/Desktop/08/apache-htmx/src/Shared/Infrastructure/PathManager.php:217
/home/dan/Desktop/08/apache-htmx/src/Shared/Infrastructure/PathManager.php:149
/home/dan/Desktop/08/apache-htmx/src/Shared/Infrastructure/Path/FilePathCache.php:26
/home/dan/Desktop/08/apache-htmx/src/Shared/Infrastructure/PathManager.php:50
/home/dan/Desktop/08/apache-htmx/src/Shared/Infrastructure/PathManager.php:217
/home/dan/Desktop/08/apache-htmx/src/Shared/Infrastructure/PathManager.php:149
/home/dan/Desktop/08/apache-htmx/src/Shared/Infrastructure/Path/FilePathCache.php:26
/home/dan/Desktop/08/apache-htmx/src/Shared/Infrastructure/PathManager.php:50
/home/dan/Desktop/08/apache-htmx/src/Shared/Infrastructure/PathManager.php:217
/home/dan/Desktop/08/apache-htmx/src/Shared/Infrastructure/PathManager.php:149
/home/dan/Desktop/08/apache-htmx/src/Shared/Infrastructure/Path/FilePathCache.php:26
/home/dan/Desktop/08/apache-htmx/src/Shared/Infrastructure/PathManager.php:50
/home/dan/Desktop/08/apache-htmx/src/Shared/Infrastructure/PathManager.php:217
/home/dan/Desktop/08/apache-htmx/src/Shared/Infrastructure/PathManager.php:149
/home/dan/Desktop/08/apache-htmx/src/Shared/Infrastructure/Path/FilePathCache.php:26
/home/dan/Desktop/08/apache-htmx/src/Shared/Infrastructure/PathManager.php:50
/home/dan/Desktop/08/apache-htmx/src/Shared/Infrastructure/PathManager.php:217
/home/dan/Desktop/08/apache-htmx/src/Shared/Infrastructure/PathManager.php:149
/home/dan/Desktop/08/apache-htmx/src/Shared/Infrastructure/Path/FilePathCache.php:26
/home/dan/Desktop/08/apache-htmx/src/Shared/Infrastructure/PathManager.php:50
/home/dan/Desktop/08/apache-htmx/src/Shared/Infrastructure/PathManager.php:217
/home/dan/Desktop/08/apache-htmx/src/Shared/Infrastructure/PathManager.php:149
/home/dan/Desktop/08/apache-htmx/src/Shared/Infrastructure/Path/FilePathCache.php:26
/home/dan/Desktop/08/apache-htmx/src/Shared/Infrastructure/PathManager.php:50
/home/dan/Desktop/08/apache-htmx/src/Shared/Infrastructure/PathManager.php:217
/home/dan/Desktop/08/apache-htmx/src/Shared/Infrastructure/PathManager.php:149
/home/dan/Desktop/08/apache-htmx/src/Shared/Infrastructure/Path/FilePathCache.php:26
/home/dan/Desktop/08/apache-htmx/src/Shared/Infrastructure/PathManager.php:50
/home/dan/Desktop/08/apache-htmx/src/Shared/Infrastructure/PathManager.php:217
/home/dan/Desktop/08/apache-htmx/src/Shared/Infrastructure/PathManager.php:149
/home/dan/Desktop/08/apache-htmx/src/Shared/Infrastructure/Path/FilePathCache.php:26
/home/dan/Desktop/08/apache-htmx/src/Shared/Infrastructure/PathManager.php:50
/home/dan/Desktop/08/apache-htmx/src/Shared/Infrastructure/PathManager.php:217
/home/dan/Desktop/08/apache-htmx/src/Shared/Infrastructure/PathManager.php:149
/home/dan/Desktop/08/apache-htmx/src/Shared/Infrastructure/Path/FilePathCache.php:26
/home/dan/Desktop/08/apache-htmx/src/Shared/Infrastructure/PathManager.php:50
/home/dan/Desktop/08/apache-htmx/src/Shared/Infrastructure/PathManager.php:217
/home/dan/Desktop/08/apache-htmx/src/Shared/Infrastructure/PathManager.php:149
/home/dan/Desktop/08/apache-htmx/src/Shared/Infrastructure/Path/FilePathCache.php:26
/home/dan/Desktop/08/apache-htmx/src/Shared/Infrastructure/PathManager.php:50
/home/dan/Desktop/08/apache-htmx/src/Shared/Infrastructure/PathManager.php:217
/home/dan/Desktop/08/apache-htmx/src/Shared/Infrastructure/PathManager.php:149
/home/dan/Desktop/08/apache-htmx/src/Shared/Infrastructure/Path/FilePathCache.php:26
/home/dan/Desktop/08/apache-htmx/src/Shared/Infrastructure/PathManager.php:50
/home/dan/Desktop/08/apache-htmx/src/Shared/Infrastructure/PathManager.php:217
/home/dan/Desktop/08/apache-htmx/src/Shared/Infrastructure/PathManager.php:149
/home/dan/Desktop/08/apache-htmx/src/Shared/Infrastructure/Path/FilePathCache.php:26
/home/dan/Desktop/08/apache-htmx/src/Shared/Infrastructure/PathManager.php:50
/home/dan/Desktop/08/apache-htmx/src/Shared/Infrastructure/PathManager.php:217
/home/dan/Desktop/08/apache-htmx/src/Shared/Infrastructure/PathManager.php:149
/home/dan/Desktop/08/apache-htmx/src/Shared/Infrastructure/Path/FilePathCache.php:26
/home/dan/Desktop/08/apache-htmx/src/Shared/Infrastructure/PathManager.php:50
/home/dan/Desktop/08/apache-htmx/src/Shared/Infrastructure/PathManager.php:217
/home/dan/Desktop/08/apache-htmx/src/Shared/Infrastructure/PathManager.php:149
/home/dan/Desktop/08/apache-htmx/src/Shared/Infrastructure/Path/FilePathCache.php:26
/home/dan/Desktop/08/apache-htmx/src/Shared/Infrastructure/PathManager.php:50
/home/dan/Desktop/08/apache-htmx/src/Shared/Infrastructure/PathManager.php:217
/home/dan/Desktop/08/apache-htmx/src/Shared/Infrastructure/PathManager.php:149
/home/dan/Desktop/08/apache-htmx/src/Shared/Infrastructure/Path/FilePathCache.php:26
/home/dan/Desktop/08/apache-htmx/src/Shared/Infrastructure/PathManager.php:50
/home/dan/Desktop/08/apache-htmx/src/Shared/Infrastructure/PathManager.php:217
/home/dan/Desktop/08/apache-htmx/src/Shared/Infrastructure/PathManager.php:149
/home/dan/Desktop/08/apache-htmx/src/Shared/Infrastructure/Path/FilePathCache.php:26
/home/dan/Desktop/08/apache-htmx/src/Shared/Infrastructure/PathManager.php:50
/home/dan/Desktop/08/apache-htmx/src/Shared/Infrastructure/PathManager.php:217
/home/dan/Desktop/08/apache-htmx/src/Shared/Infrastructure/PathManager.php:149
/home/dan/Desktop/08/apache-htmx/src/Shared/Infrastructure/Path/FilePathCache.php:26
/home/dan/Desktop/08/apache-htmx/src/Shared/Infrastructure/PathManager.php:50
/home/dan/Desktop/08/apache-htmx/src/Shared/Infrastructure/PathManager.php:217
/home/dan/Desktop/08/apache-htmx/src/Shared/Infrastructure/PathManager.php:149
/home/dan/Desktop/08/apache-htmx/src/Shared/Infrastructure/Path/FilePathCache.php:26
/home/dan/Desktop/08/apache-htmx/src/Shared/Infrastructure/PathManager.php:50
/home/dan/Desktop/08/apache-htmx/src/Shared/Infrastructure/PathManager.php:217
/home/dan/Desktop/08/apache-htmx/src/Shared/Infrastructure/PathManager.php:149
/home/dan/Desktop/08/apache-htmx/src/Shared/Infrastructure/Path/FilePathCache.php:26
/home/dan/Desktop/08/apache-htmx/src/Shared/Infrastructure/PathManager.php:50
/home/dan/Desktop/08/apache-htmx/src/Shared/Infrastructure/PathManager.php:217
/home/dan/Desktop/08/apache-htmx/src/Shared/Infrastructure/PathManager.php:149
/home/dan/Desktop/08/apache-htmx/src/Shared/Infrastructure/Path/FilePathCache.php:26
/home/dan/Desktop/08/apache-htmx/src/Shared/Infrastructure/PathManager.php:50
/home/dan/Desktop/08/apache-htmx/src/Shared/Infrastructure/PathManager.php:217
/home/dan/Desktop/08/apache-htmx/src/Shared/Infrastructure/PathManager.php:149
/home/dan/Desktop/08/apache-htmx/src/Shared/Infrastructure/Path/FilePathCache.php:26
/home/dan/Desktop/08/apache-htmx/src/Shared/Infrastructure/PathManager.php:50
/home/dan/Desktop/08/apache-htmx/src/Shared/Infrastructure/PathManager.php:217
/home/dan/Desktop/08/apache-htmx/src/Shared/Infrastructure/PathManager.php:149
/home/dan/Desktop/08/apache-htmx/src/Shared/Infrastructure/Path/FilePathCache.php:26
/home/dan/Desktop/08/apache-htmx/src/Shared/Infrastructure/PathManager.php:50
/home/dan/Desktop/08/apache-htmx/src/Shared/Infrastructure/PathManager.php:217
/home/dan/Desktop/08/apache-htmx/src/Shared/Infrastructure/PathManager.php:149
/home/dan/Desktop/08/apache-htmx/src/Shared/Infrastructure/Path/FilePathCache.php:26
/home/dan/Desktop/08/apache-htmx/src/Shared/Infrastructure/PathManager.php:50
/home/dan/Desktop/08/apache-htmx/src/Shared/Infrastructure/PathManager.php:217
/home/dan/Desktop/08/apache-htmx/src/Shared/Infrastructure/PathManager.php:149
/home/dan/Desktop/08/apache-htmx/src/Shared/Infrastructure/Path/FilePathCache.php:26
/home/dan/Desktop/08/apache-htmx/src/Shared/Infrastructure/PathManager.php:50
/home/dan/Desktop/08/apache-htmx/src/Shared/Infrastructure/PathManager.php:217
/home/dan/Desktop/08/apache-htmx/src/Shared/Infrastructure/PathManager.php:149
/home/dan/Desktop/08/apache-htmx/src/Shared/Infrastructure/Path/FilePathCache.php:26
/home/dan/Desktop/08/apache-htmx/src/Shared/Infrastructure/PathManager.php:50
/home/dan/Desktop/08/apache-htmx/src/Shared/Infrastructure/PathManager.php:217
/home/dan/Desktop/08/apache-htmx/src/Shared/Infrastructure/PathManager.php:149
/home/dan/Desktop/08/apache-htmx/src/Shared/Infrastructure/Path/FilePathCache.php:26
/home/dan/Desktop/08/apache-htmx/src/Shared/Infrastructure/PathManager.php:50
/home/dan/Desktop/08/apache-htmx/src/Shared/Infrastructure/PathManager.php:217
/home/dan/Desktop/08/apache-htmx/src/Shared/Infrastructure/PathManager.php:149
/home/dan/Desktop/08/apache-htmx/src/Shared/Infrastructure/Path/FilePathCache.php:26
/home/dan/Desktop/08/apache-htmx/src/Shared/Infrastructure/PathManager.php:50
/home/dan/Desktop/08/apache-htmx/src/Shared/Infrastructure/PathManager.php:217
/home/dan/Desktop/08/apache-htmx/src/Shared/Infrastructure/PathManager.php:149
/home/dan/Desktop/08/apache-htmx/src/Shared/Infrastructure/Path/FilePathCache.php:26
/home/dan/Desktop/08/apache-htmx/src/Shared/Infrastructure/PathManager.php:50
/home/dan/Desktop/08/apache-htmx/src/Shared/Infrastructure/PathManager.php:217
/home/dan/Desktop/08/apache-htmx/src/Shared/Infrastructure/PathManager.php:149
/home/dan/Desktop/08/apache-htmx/src/Shared/Infrastructure/Path/FilePathCache.php:26
/home/dan/Desktop/08/apache-htmx/src/Shared/Infrastructure/PathManager.php:50
/home/dan/Desktop/08/apache-htmx/src/Shared/Infrastructure/PathManager.php:217
/home/dan/Desktop/08/apache-htmx/src/Shared/Infrastructure/PathManager.php:149
/home/dan/Desktop/08/apache-htmx/src/Shared/Infrastructure/Path/FilePathCache.php:26
/home/dan/Desktop/08/apache-htmx/src/Shared/Infrastructure/PathManager.php:50
/home/dan/Desktop/08/apache-htmx/src/Shared/Infrastructure/PathManager.php:217
/home/dan/Desktop/08/apache-htmx/src/Shared/Infrastructure/PathManager.php:149
/home/dan/Desktop/08/apache-htmx/src/Shared/Infrastructure/Path/FilePathCache.php:26
/home/dan/Desktop/08/apache-htmx/src/Shared/Infrastructure/PathManager.php:50
/home/dan/Desktop/08/apache-htmx/src/Shared/Infrastructure/PathManager.php:217
/home/dan/Desktop/08/apache-htmx/src/Shared/Infrastructure/PathManager.php:149
/home/dan/Desktop/08/apache-htmx/src/Shared/Infrastructure/Path/FilePathCache.php:26
/home/dan/Desktop/08/apache-htmx/src/Shared/Infrastructure/PathManager.php:50
/home/dan/Desktop/08/apache-htmx/src/Shared/Infrastructure/PathManager.php:217
/home/dan/Desktop/08/apache-htmx/src/Shared/Infrastructure/PathManager.php:149
/home/dan/Desktop/08/apache-htmx/src/Shared/Infrastructure/Path/FilePathCache.php:26
/home/dan/Desktop/08/apache-htmx/src/Shared/Infrastructure/PathManager.php:50
/home/dan/Desktop/08/apache-htmx/src/Shared/Infrastructure/PathManager.php:217
/home/dan/Desktop/08/apache-htmx/src/Shared/Infrastructure/PathManager.php:149
/home/dan/Desktop/08/apache-htmx/src/Shared/Infrastructure/Path/FilePathCache.php:26
/home/dan/Desktop/08/apache-htmx/src/Shared/Infrastructure/PathManager.php:50
/home/dan/Desktop/08/apache-htmx/src/Shared/Infrastructure/PathManager.php:217
/home/dan/Desktop/08/apache-htmx/src/Shared/Infrastructure/PathManager.php:149
/home/dan/Desktop/08/apache-htmx/src/Shared/Infrastructure/Path/FilePathCache.php:26
/home/dan/Desktop/08/apache-htmx/src/Shared/Infrastructure/PathManager.php:50
/home/dan/Desktop/08/apache-htmx/src/Shared/Infrastructure/PathManager.php:217
/home/dan/Desktop/08/apache-htmx/src/Shared/Infrastructure/PathManager.php:149
/home/dan/Desktop/08/apache-htmx/src/Shared/Infrastructure/Path/FilePathCache.php:26
/home/dan/Desktop/08/apache-htmx/src/Shared/Infrastructure/PathManager.php:50
/home/dan/Desktop/08/apache-htmx/src/Shared/Infrastructure/PathManager.php:217
/home/dan/Desktop/08/apache-htmx/src/Shared/Infrastructure/PathManager.php:149
/home/dan/Desktop/08/apache-htmx/src/Shared/Infrastructure/Path/FilePathCache.php:26
/home/dan/Desktop/08/apache-htmx/src/Shared/Infrastructure/PathManager.php:50
/home/dan/Desktop/08/apache-htmx/src/Shared/Infrastructure/PathManager.php:217
/home/dan/Desktop/08/apache-htmx/src/Shared/Infrastructure/PathManager.php:149
/home/dan/Desktop/08/apache-htmx/src/Shared/Infrastructure/Path/FilePathCache.php:26
/home/dan/Desktop/08/apache-htmx/src/Shared/Infrastructure/PathManager.php:50
/home/dan/Desktop/08/apache-htmx/src/Shared/Infrastructure/PathManager.php:217
/home/dan/Desktop/08/apache-htmx/src/Shared/Infrastructure/PathManager.php:149
/home/dan/Desktop/08/apache-htmx/src/Shared/Infrastructure/Path/FilePathCache.php:26
/home/dan/Desktop/08/apache-htmx/src/Shared/Infrastructure/PathManager.php:50
/home/dan/Desktop/08/apache-htmx/src/Shared/Infrastructure/PathManager.php:217
/home/dan/Desktop/08/apache-htmx/src/Shared/Infrastructure/PathManager.php:149
/home/dan/Desktop/08/apache-htmx/src/Shared/Infrastructure/Path/FilePathCache.php:26
/home/dan/Desktop/08/apache-htmx/src/Shared/Infrastructure/PathManager.php:50
/home/dan/Desktop/08/apache-htmx/src/Shared/Infrastructure/PathManager.php:217
/home/dan/Desktop/08/apache-htmx/src/Shared/Infrastructure/PathManager.php:149
/home/dan/Desktop/08/apache-htmx/src/Shared/Infrastructure/Path/FilePathCache.php:26
/home/dan/Desktop/08/apache-htmx/src/Shared/Infrastructure/PathManager.php:50
/home/dan/Desktop/08/apache-htmx/src/Shared/Infrastructure/PathManager.php:217
/home/dan/Desktop/08/apache-htmx/src/Shared/Infrastructure/PathManager.php:149
/home/dan/Desktop/08/apache-htmx/src/Shared/Infrastructure/Path/FilePathCache.php:26
/home/dan/Desktop/08/apache-htmx/src/Shared/Infrastructure/PathManager.php:50
/home/dan/Desktop/08/apache-htmx/src/Shared/Infrastructure/PathManager.php:217
/home/dan/Desktop/08/apache-htmx/src/Shared/Infrastructure/PathManager.php:149
/home/dan/Desktop/08/apache-htmx/src/Shared/Infrastructure/Path/FilePathCache.php:26
/home/dan/Desktop/08/apache-htmx/src/Shared/Infrastructure/PathManager.php:50
/home/dan/Desktop/08/apache-htmx/src/Shared/Infrastructure/PathManager.php:217
/home/dan/Desktop/08/apache-htmx/src/Shared/Infrastructure/PathManager.php:149
/home/dan/Desktop/08/apache-htmx/src/Shared/Infrastructure/Path/FilePathCache.php:26
/home/dan/Desktop/08/apache-htmx/src/Shared/Infrastructure/PathManager.php:50
/home/dan/Desktop/08/apache-htmx/src/Shared/Infrastructure/PathManager.php:217
/home/dan/Desktop/08/apache-htmx/src/Shared/Infrastructure/PathManager.php:149
/home/dan/Desktop/08/apache-htmx/src/Shared/Infrastructure/Path/FilePathCache.php:26
/home/dan/Desktop/08/apache-htmx/src/Shared/Infrastructure/PathManager.php:50
/home/dan/Desktop/08/apache-htmx/src/Shared/Infrastructure/PathManager.php:217
/home/dan/Desktop/08/apache-htmx/src/Shared/Infrastructure/PathManager.php:149
/home/dan/Desktop/08/apache-htmx/src/Shared/Infrastructure/Path/FilePathCache.php:26
/home/dan/Desktop/08/apache-htmx/src/Shared/Infrastructure/PathManager.php:50
/home/dan/Desktop/08/apache-htmx/src/Shared/Infrastructure/PathManager.php:217
/home/dan/Desktop/08/apache-htmx/src/Shared/Infrastructure/PathManager.php:149
/home/dan/Desktop/08/apache-htmx/src/Shared/Infrastructure/Path/FilePathCache.php:26
/home/dan/Desktop/08/apache-htmx/src/Shared/Infrastructure/PathManager.php:50
/home/dan/Desktop/08/apache-htmx/src/Shared/Infrastructure/PathManager.php:217
/home/dan/Desktop/08/apache-htmx/src/Shared/Infrastructure/PathManager.php:149
/home/dan/Desktop/08/apache-htmx/src/Shared/Infrastructure/Path/FilePathCache.php:26
/home/dan/Desktop/08/apache-htmx/src/Shared/Infrastructure/PathManager.php:50
/home/dan/Desktop/08/apache-htmx/src/Shared/Infrastructure/PathManager.php:217
/home/dan/Desktop/08/apache-htmx/src/Shared/Infrastructure/PathManager.php:149
/home/dan/Desktop/08/apache-htmx/src/Shared/Infrastructure/Path/FilePathCache.php:26
/home/dan/Desktop/08/apache-htmx/src/Shared/Infrastructure/PathManager.php:50
/home/dan/Desktop/08/apache-htmx/src/Shared/Infrastructure/PathManager.php:217
/home/dan/Desktop/08/apache-htmx/src/Shared/Infrastructure/PathManager.php:149
/home/dan/Desktop/08/apache-htmx/src/Shared/Infrastructure/Path/FilePathCache.php:26
/home/dan/Desktop/08/apache-htmx/src/Shared/Infrastructure/PathManager.php:50
/home/dan/Desktop/08/apache-htmx/src/Shared/Infrastructure/PathManager.php:217
/home/dan/Desktop/08/apache-htmx/src/Shared/Infrastructure/PathManager.php:149
/home/dan/Desktop/08/apache-htmx/src/Shared/Infrastructure/Path/FilePathCache.php:26
/home/dan/Desktop/08/apache-htmx/src/Shared/Infrastructure/PathManager.php:50
/home/dan/Desktop/08/apache-htmx/src/Shared/Infrastructure/PathManager.php:217
/home/dan/Desktop/08/apache-htmx/src/Shared/Infrastructure/PathManager.php:149
/home/dan/Desktop/08/apache-htmx/src/Shared/Infrastructure/Path/FilePathCache.php:26
/home/dan/Desktop/08/apache-htmx/src/Shared/Infrastructure/PathManager.php:50
/home/dan/Desktop/08/apache-htmx/src/Shared/Infrastructure/PathManager.php:217
/home/dan/Desktop/08/apache-htmx/src/Shared/Infrastructure/PathManager.php:149
/home/dan/Desktop/08/apache-htmx/src/Shared/Infrastructure/Path/FilePathCache.php:26
/home/dan/Desktop/08/apache-htmx/src/Shared/Infrastructure/PathManager.php:50
/home/dan/Desktop/08/apache-htmx/src/Shared/Infrastructure/PathManager.php:217
/home/dan/Desktop/08/apache-htmx/src/Shared/Infrastructure/PathManager.php:149
/home/dan/Desktop/08/apache-htmx/src/Shared/Infrastructure/Path/FilePathCache.php:26
/home/dan/Desktop/08/apache-htmx/src/Shared/Infrastructure/PathManager.php:50
/home/dan/Desktop/08/apache-htmx/src/Shared/Infrastructure/PathManager.php:217
/home/dan/Desktop/08/apache-htmx/src/Shared/Infrastructure/PathManager.php:149
/home/dan/Desktop/08/apache-htmx/src/Shared/Infrastructure/Path/FilePathCache.php:26
/home/dan/Desktop/08/apache-htmx/src/Shared/Infrastructure/PathManager.php:50
/home/dan/Desktop/08/apache-htmx/src/Shared/Infrastructure/PathManager.php:217
/home/dan/Desktop/08/apache-htmx/src/Shared/Infrastructure/PathManager.php:149
/home/dan/Desktop/08/apache-htmx/src/Shared/Infrastructure/Path/FilePathCache.php:26
/home/dan/Desktop/08/apache-htmx/src/Shared/Infrastructure/PathManager.php:50
/home/dan/Desktop/08/apache-htmx/src/Shared/Infrastructure/PathManager.php:217
/home/dan/Desktop/08/apache-htmx/src/Shared/Infrastructure/PathManager.php:149
/home/dan/Desktop/08/apache-htmx/src/Shared/Infrastructure/Path/FilePathCache.php:26
/home/dan/Desktop/08/apache-htmx/src/Shared/Infrastructure/PathManager.php:50
/home/dan/Desktop/08/apache-htmx/src/Shared/Infrastructure/PathManager.php:217
/home/dan/Desktop/08/apache-htmx/src/Shared/Infrastructure/PathManager.php:149
/home/dan/Desktop/08/apache-htmx/src/Shared/Infrastructure/Path/FilePathCache.php:26
/home/dan/Desktop/08/apache-htmx/src/Shared/Infrastructure/PathManager.php:50
/home/dan/Desktop/08/apache-htmx/src/Shared/Infrastructure/PathManager.php:217
/home/dan/Desktop/08/apache-htmx/src/Shared/Infrastructure/PathManager.php:149
/home/dan/Desktop/08/apache-htmx/src/Shared/Infrastructure/Path/FilePathCache.php:26
/home/dan/Desktop/08/apache-htmx/src/Shared/Infrastructure/PathManager.php:50
/home/dan/Desktop/08/apache-htmx/src/Shared/Infrastructure/PathManager.php:217
/home/dan/Desktop/08/apache-htmx/src/Shared/Infrastructure/PathManager.php:149
/home/dan/Desktop/08/apache-htmx/src/Shared/Infrastructure/Path/FilePathCache.php:26
/home/dan/Desktop/08/apache-htmx/src/Shared/Infrastructure/PathManager.php:50
/home/dan/Desktop/08/apache-htmx/src/Shared/Infrastructure/PathManager.php:217
/home/dan/Desktop/08/apache-htmx/src/Shared/Infrastructure/PathManager.php:149
/home/dan/Desktop/08/apache-htmx/src/Shared/Infrastructure/Path/FilePathCache.php:26
/home/dan/Desktop/08/apache-htmx/src/Shared/Infrastructure/PathManager.php:50
/home/dan/Desktop/08/apache-htmx/src/Shared/Infrastructure/PathManager.php:217
/home/dan/Desktop/08/apache-htmx/src/Shared/Infrastructure/PathManager.php:149
/home/dan/Desktop/08/apache-htmx/src/Shared/Infrastructure/Path/FilePathCache.php:26
/home/dan/Desktop/08/apache-htmx/src/Shared/Infrastructure/PathManager.php:50
/home/dan/Desktop/08/apache-htmx/src/Shared/Infrastructure/PathManager.php:217
/home/dan/Desktop/08/apache-htmx/src/Shared/Infrastructure/PathManager.php:149
/home/dan/Desktop/08/apache-htmx/src/Shared/Infrastructure/Path/FilePathCache.php:26
/home/dan/Desktop/08/apache-htmx/src/Shared/Infrastructure/PathManager.php:50
/home/dan/Desktop/08/apache-htmx/src/Shared/Infrastructure/PathManager.php:217
/home/dan/Desktop/08/apache-htmx/src/Shared/Infrastructure/PathManager.php:149
/home/dan/Desktop/08/apache-htmx/src/Shared/Infrastructure/Path/FilePathCache.php:26
/home/dan/Desktop/08/apache-htmx/src/Shared/Infrastructure/PathManager.php:50
/home/dan/Desktop/08/apache-htmx/src/Shared/Infrastructure/PathManager.php:217
/home/dan/Desktop/08/apache-htmx/src/Shared/Infrastructure/PathManager.php:149
/home/dan/Desktop/08/apache-htmx/src/Shared/Infrastructure/Path/FilePathCache.php:26
/home/dan/Desktop/08/apache-htmx/src/Shared/Infrastructure/PathManager.php:50
/home/dan/Desktop/08/apache-htmx/src/Shared/Infrastructure/PathManager.php:217
/home/dan/Desktop/08/apache-htmx/src/Shared/Infrastructure/PathManager.php:149
/home/dan/Desktop/08/apache-htmx/src/Shared/Infrastructure/Path/FilePathCache.php:26
/home/dan/Desktop/08/apache-htmx/src/Shared/Infrastructure/PathManager.php:50
/home/dan/Desktop/08/apache-htmx/src/Shared/Infrastructure/PathManager.php:217
/home/dan/Desktop/08/apache-htmx/src/Shared/Infrastructure/PathManager.php:149
/home/dan/Desktop/08/apache-htmx/src/Shared/Infrastructure/Path/FilePathCache.php:26
/home/dan/Desktop/08/apache-htmx/src/Shared/Infrastructure/PathManager.php:50
/home/dan/Desktop/08/apache-htmx/src/Shared/Infrastructure/PathManager.php:217
/home/dan/Desktop/08/apache-htmx/src/Shared/Infrastructure/PathManager.php:149
/home/dan/Desktop/08/apache-htmx/src/Shared/Infrastructure/Path/FilePathCache.php:26
/home/dan/Desktop/08/apache-htmx/src/Shared/Infrastructure/PathManager.php:50
/home/dan/Desktop/08/apache-htmx/src/Shared/Infrastructure/PathManager.php:217
/home/dan/Desktop/08/apache-htmx/src/Shared/Infrastructure/PathManager.php:149
/home/dan/Desktop/08/apache-htmx/src/Shared/Infrastructure/Path/FilePathCache.php:26
/home/dan/Desktop/08/apache-htmx/src/Shared/Infrastructure/PathManager.php:50
/home/dan/Desktop/08/apache-htmx/src/Shared/Infrastructure/PathManager.php:217
/home/dan/Desktop/08/apache-htmx/src/Shared/Infrastructure/PathManager.php:149
/home/dan/Desktop/08/apache-htmx/src/Shared/Infrastructure/Path/FilePathCache.php:26
/home/dan/Desktop/08/apache-htmx/src/Shared/Infrastructure/PathManager.php:50
/home/dan/Desktop/08/apache-htmx/src/Shared/Infrastructure/PathManager.php:217
/home/dan/Desktop/08/apache-htmx/src/Shared/Infrastructure/PathManager.php:149
/home/dan/Desktop/08/apache-htmx/src/Shared/Infrastructure/Path/FilePathCache.php:26
/home/dan/Desktop/08/apache-htmx/src/Shared/Infrastructure/PathManager.php:50
/home/dan/Desktop/08/apache-htmx/src/Shared/Infrastructure/PathManager.php:217
/home/dan/Desktop/08/apache-htmx/src/Shared/Infrastructure/PathManager.php:149
/home/dan/Desktop/08/apache-htmx/src/Shared/Infrastructure/Path/FilePathCache.php:26
/home/dan/Desktop/08/apache-htmx/src/Shared/Infrastructure/PathManager.php:50
/home/dan/Desktop/08/apache-htmx/src/Shared/Infrastructure/PathManager.php:217
/home/dan/Desktop/08/apache-htmx/src/Shared/Infrastructure/PathManager.php:149
/home/dan/Desktop/08/apache-htmx/src/Shared/Infrastructure/Path/FilePathCache.php:26
/home/dan/Desktop/08/apache-htmx/src/Shared/Infrastructure/PathManager.php:50
/home/dan/Desktop/08/apache-htmx/src/Shared/Infrastructure/PathManager.php:217
/home/dan/Desktop/08/apache-htmx/src/Shared/Infrastructure/PathManager.php:149
/home/dan/Desktop/08/apache-htmx/src/Shared/Infrastructure/Path/FilePathCache.php:26
/home/dan/Desktop/08/apache-htmx/src/Shared/Infrastructure/PathManager.php:50
/home/dan/Desktop/08/apache-htmx/src/Shared/Infrastructure/PathManager.php:217
/home/dan/Desktop/08/apache-htmx/src/Shared/Infrastructure/PathManager.php:149
/home/dan/Desktop/08/apache-htmx/src/Shared/Infrastructure/Path/FilePathCache.php:26
/home/dan/Desktop/08/apache-htmx/src/Shared/Infrastructure/PathManager.php:50
/home/dan/Desktop/08/apache-htmx/src/Shared/Infrastructure/PathManager.php:217
/home/dan/Desktop/08/apache-htmx/src/Shared/Infrastructure/PathManager.php:149
/home/dan/Desktop/08/apache-htmx/src/Shared/Infrastructure/Path/FilePathCache.php:26
/home/dan/Desktop/08/apache-htmx/src/Shared/Infrastructure/PathManager.php:50
/home/dan/Desktop/08/apache-htmx/src/Shared/Infrastructure/PathManager.php:217
/home/dan/Desktop/08/apache-htmx/src/Shared/Infrastructure/PathManager.php:149
/home/dan/Desktop/08/apache-htmx/src/Shared/Infrastructure/Path/FilePathCache.php:26
/home/dan/Desktop/08/apache-htmx/src/Shared/Infrastructure/PathManager.php:50
/home/dan/Desktop/08/apache-htmx/src/Shared/Infrastructure/PathManager.php:217
/home/dan/Desktop/08/apache-htmx/src/Shared/Infrastructure/PathManager.php:149
/home/dan/Desktop/08/apache-htmx/src/Shared/Infrastructure/Path/FilePathCache.php:26
/home/dan/Desktop/08/apache-htmx/src/Shared/Infrastructure/PathManager.php:50
/home/dan/Desktop/08/apache-htmx/src/Shared/Infrastructure/PathManager.php:217
/home/dan/Desktop/08/apache-htmx/src/Shared/Infrastructure/PathManager.php:149
/home/dan/Desktop/08/apache-htmx/src/Shared/Infrastructure/Path/FilePathCache.php:26
/home/dan/Desktop/08/apache-htmx/src/Shared/Infrastructure/PathManager.php:50
/home/dan/Desktop/08/apache-htmx/src/Shared/Infrastructure/PathManager.php:217
/home/dan/Desktop/08/apache-htmx/src/Shared/Infrastructure/PathManager.php:149
/home/dan/Desktop/08/apache-htmx/src/Shared/Infrastructure/Path/FilePathCache.php:26
/home/dan/Desktop/08/apache-htmx/src/Shared/Infrastructure/PathManager.php:50
/home/dan/Desktop/08/apache-htmx/src/Shared/Infrastructure/PathManager.php:217
/home/dan/Desktop/08/apache-htmx/src/Shared/Infrastructure/PathManager.php:149
/home/dan/Desktop/08/apache-htmx/src/Shared/Infrastructure/Path/FilePathCache.php:26
/home/dan/Desktop/08/apache-htmx/src/Shared/Infrastructure/PathManager.php:50
/home/dan/Desktop/08/apache-htmx/src/Shared/Infrastructure/PathManager.php:217
/home/dan/Desktop/08/apache-htmx/src/Shared/Infrastructure/PathManager.php:149
/home/dan/Desktop/08/apache-htmx/src/Shared/Infrastructure/Path/FilePathCache.php:26
/home/dan/Desktop/08/apache-htmx/src/Shared/Infrastructure/PathManager.php:50
/home/dan/Desktop/08/apache-htmx/src/Shared/Infrastructure/PathManager.php:217
/home/dan/Desktop/08/apache-htmx/src/Shared/Infrastructure/PathManager.php:149
/home/dan/Desktop/08/apache-htmx/src/Shared/Infrastructure/Path/FilePathCache.php:26
/home/dan/Desktop/08/apache-htmx/src/Shared/Infrastructure/PathManager.php:50
/home/dan/Desktop/08/apache-htmx/src/Shared/Infrastructure/PathManager.php:217
/home/dan/Desktop/08/apache-htmx/src/Shared/Infrastructure/PathManager.php:149
/home/dan/Desktop/08/apache-htmx/src/Shared/Infrastructure/Path/FilePathCache.php:26
/home/dan/Desktop/08/apache-htmx/src/Shared/Infrastructure/PathManager.php:50
/home/dan/Desktop/08/apache-htmx/src/Shared/Infrastructure/PathManager.php:217
/home/dan/Desktop/08/apache-htmx/src/Shared/Infrastructure/PathManager.php:149
/home/dan/Desktop/08/apache-htmx/src/Shared/Infrastructure/Path/FilePathCache.php:26
/home/dan/Desktop/08/apache-htmx/src/Shared/Infrastructure/PathManager.php:50
/home/dan/Desktop/08/apache-htmx/src/Shared/Infrastructure/PathManager.php:217
/home/dan/Desktop/08/apache-htmx/src/Shared/Infrastructure/PathManager.php:149
/home/dan/Desktop/08/apache-htmx/src/Shared/Infrastructure/Path/FilePathCache.php:26
/home/dan/Desktop/08/apache-htmx/src/Shared/Infrastructure/PathManager.php:50
/home/dan/Desktop/08/apache-htmx/src/Shared/Infrastructure/PathManager.php:217
/home/dan/Desktop/08/apache-htmx/src/Shared/Infrastructure/PathManager.php:149
/home/dan/Desktop/08/apache-htmx/src/Shared/Infrastructure/Path/FilePathCache.php:26
/home/dan/Desktop/08/apache-htmx/src/Shared/Infrastructure/PathManager.php:50
/home/dan/Desktop/08/apache-htmx/src/Shared/Infrastructure/PathManager.php:217
/home/dan/Desktop/08/apache-htmx/src/Shared/Infrastructure/PathManager.php:149
/home/dan/Desktop/08/apache-htmx/src/Shared/Infrastructure/Path/FilePathCache.php:26
/home/dan/Desktop/08/apache-htmx/src/Shared/Infrastructure/PathManager.php:50
/home/dan/Desktop/08/apache-htmx/src/Shared/Infrastructure/PathManager.php:217
/home/dan/Desktop/08/apache-htmx/src/Shared/Infrastructure/PathManager.php:149
/home/dan/Desktop/08/apache-htmx/src/Shared/Infrastructure/Path/FilePathCache.php:26
/home/dan/Desktop/08/apache-htmx/src/Shared/Infrastructure/PathManager.php:50
/home/dan/Desktop/08/apache-htmx/src/Shared/Infrastructure/PathManager.php:217
/home/dan/Desktop/08/apache-htmx/src/Shared/Infrastructure/PathManager.php:149
/home/dan/Desktop/08/apache-htmx/src/Shared/Infrastructure/Path/FilePathCache.php:26
/home/dan/Desktop/08/apache-htmx/src/Shared/Infrastructure/PathManager.php:50
/home/dan/Desktop/08/apache-htmx/src/Shared/Infrastructure/PathManager.php:217
/home/dan/Desktop/08/apache-htmx/src/Shared/Infrastructure/PathManager.php:149
/home/dan/Desktop/08/apache-htmx/src/Shared/Infrastructure/Path/FilePathCache.php:26
/home/dan/Desktop/08/apache-htmx/src/Shared/Infrastructure/PathManager.php:50
/home/dan/Desktop/08/apache-htmx/src/Shared/Infrastructure/PathManager.php:217
/home/dan/Desktop/08/apache-htmx/src/Shared/Infrastructure/PathManager.php:149
/home/dan/Desktop/08/apache-htmx/src/Shared/Infrastructure/Path/FilePathCache.php:26
/home/dan/Desktop/08/apache-htmx/src/Shared/Infrastructure/PathManager.php:50
/home/dan/Desktop/08/apache-htmx/src/Shared/Infrastructure/PathManager.php:217
/home/dan/Desktop/08/apache-htmx/src/Shared/Infrastructure/PathManager.php:149
/home/dan/Desktop/08/apache-htmx/src/Shared/Infrastructure/Path/FilePathCache.php:26
/home/dan/Desktop/08/apache-htmx/src/Shared/Infrastructure/PathManager.php:50
/home/dan/Desktop/08/apache-htmx/src/Shared/Infrastructure/PathManager.php:217
/home/dan/Desktop/08/apache-htmx/src/Shared/Infrastructure/PathManager.php:149
/home/dan/Desktop/08/apache-htmx/src/Shared/Infrastructure/Path/FilePathCache.php:26
/home/dan/Desktop/08/apache-htmx/src/Shared/Infrastructure/PathManager.php:50
/home/dan/Desktop/08/apache-htmx/src/Shared/Infrastructure/PathManager.php:217
/home/dan/Desktop/08/apache-htmx/src/Shared/Infrastructure/PathManager.php:149
/home/dan/Desktop/08/apache-htmx/src/Shared/Infrastructure/Path/FilePathCache.php:26
/home/dan/Desktop/08/apache-htmx/src/Shared/Infrastructure/PathManager.php:50
/home/dan/Desktop/08/apache-htmx/src/Shared/Infrastructure/PathManager.php:217
/home/dan/Desktop/08/apache-htmx/src/Shared/Infrastructure/PathManager.php:149
/home/dan/Desktop/08/apache-htmx/src/Shared/Infrastructure/Path/FilePathCache.php:26
/home/dan/Desktop/08/apache-htmx/src/Shared/Infrastructure/PathManager.php:50
/home/dan/Desktop/08/apache-htmx/src/Shared/Infrastructure/PathManager.php:217
/home/dan/Desktop/08/apache-htmx/src/Shared/Infrastructure/PathManager.php:149
/home/dan/Desktop/08/apache-htmx/src/Shared/Infrastructure/Path/FilePathCache.php:26
/home/dan/Desktop/08/apache-htmx/src/Shared/Infrastructure/PathManager.php:50
/home/dan/Desktop/08/apache-htmx/src/Shared/Infrastructure/PathManager.php:217
/home/dan/Desktop/08/apache-htmx/src/Shared/Infrastructure/PathManager.php:149
/home/dan/Desktop/08/apache-htmx/src/Shared/Infrastructure/Path/FilePathCache.php:26
/home/dan/Desktop/08/apache-htmx/src/Shared/Infrastructure/PathManager.php:50
/home/dan/Desktop/08/apache-htmx/src/Shared/Infrastructure/PathManager.php:217
/home/dan/Desktop/08/apache-htmx/src/Shared/Infrastructure/PathManager.php:149
/home/dan/Desktop/08/apache-htmx/src/Shared/Infrastructure/Path/FilePathCache.php:26
/home/dan/Desktop/08/apache-htmx/src/Shared/Infrastructure/PathManager.php:50
/home/dan/Desktop/08/apache-htmx/src/Shared/Infrastructure/PathManager.php:217
/home/dan/Desktop/08/apache-htmx/src/Shared/Infrastructure/PathManager.php:149
/home/dan/Desktop/08/apache-htmx/src/Shared/Infrastructure/Path/FilePathCache.php:26
/home/dan/Desktop/08/apache-htmx/src/Shared/Infrastructure/PathManager.php:50
/home/dan/Desktop/08/apache-htmx/src/Shared/Infrastructure/PathManager.php:217
/home/dan/Desktop/08/apache-htmx/src/Shared/Infrastructure/PathManager.php:149
/home/dan/Desktop/08/apache-htmx/src/Shared/Infrastructure/Path/FilePathCache.php:26
/home/dan/Desktop/08/apache-htmx/src/Shared/Infrastructure/PathManager.php:50
/home/dan/Desktop/08/apache-htmx/src/Shared/Infrastructure/PathManager.php:217
/home/dan/Desktop/08/apache-htmx/src/Shared/Infrastructure/PathManager.php:149
/home/dan/Desktop/08/apache-htmx/src/Shared/Infrastructure/Path/FilePathCache.php:26
/home/dan/Desktop/08/apache-htmx/src/Shared/Infrastructure/PathManager.php:50
/home/dan/Desktop/08/apache-htmx/src/Shared/Infrastructure/PathManager.php:217
/home/dan/Desktop/08/apache-htmx/src/Shared/Infrastructure/PathManager.php:149
/home/dan/Desktop/08/apache-htmx/src/Shared/Infrastructure/Path/FilePathCache.php:26
/home/dan/Desktop/08/apache-htmx/src/Shared/Infrastructure/PathManager.php:50
/home/dan/Desktop/08/apache-htmx/src/Shared/Infrastructure/PathManager.php:217
/home/dan/Desktop/08/apache-htmx/src/Shared/Infrastructure/PathManager.php:149
/home/dan/Desktop/08/apache-htmx/src/Shared/Infrastructure/Path/FilePathCache.php:26
/home/dan/Desktop/08/apache-htmx/src/Shared/Infrastructure/PathManager.php:50
/home/dan/Desktop/08/apache-htmx/src/Shared/Infrastructure/PathManager.php:217
/home/dan/Desktop/08/apache-htmx/src/Shared/Infrastructure/PathManager.php:149
/home/dan/Desktop/08/apache-htmx/src/Shared/Infrastructure/Path/FilePathCache.php:26
/home/dan/Desktop/08/apache-htmx/src/Shared/Infrastructure/PathManager.php:50
/home/dan/Desktop/08/apache-htmx/src/Shared/Infrastructure/PathManager.php:217
/home/dan/Desktop/08/apache-htmx/src/Shared/Infrastructure/PathManager.php:149
/home/dan/Desktop/08/apache-htmx/src/Shared/Infrastructure/Path/FilePathCache.php:26
/home/dan/Desktop/08/apache-htmx/src/Shared/Infrastructure/PathManager.php:50
/home/dan/Desktop/08/apache-htmx/src/Shared/Infrastructure/PathManager.php:217
/home/dan/Desktop/08/apache-htmx/src/Shared/Infrastructure/PathManager.php:149
/home/dan/Desktop/08/apache-htmx/src/Shared/Infrastructure/Path/FilePathCache.php:26
/home/dan/Desktop/08/apache-htmx/src/Shared/Infrastructure/PathManager.php:50
/home/dan/Desktop/08/apache-htmx/src/Shared/Infrastructure/PathManager.php:217
/home/dan/Desktop/08/apache-htmx/src/Shared/Infrastructure/PathManager.php:149
/home/dan/Desktop/08/apache-htmx/src/Shared/Infrastructure/Path/FilePathCache.php:26
/home/dan/Desktop/08/apache-htmx/src/Shared/Infrastructure/PathManager.php:50
/home/dan/Desktop/08/apache-htmx/src/Shared/Infrastructure/PathManager.php:217
/home/dan/Desktop/08/apache-htmx/src/Shared/Infrastructure/PathManager.php:149
/home/dan/Desktop/08/apache-htmx/src/Shared/Infrastructure/Path/FilePathCache.php:26
/home/dan/Desktop/08/apache-htmx/src/Shared/Infrastructure/PathManager.php:50
/home/dan/Desktop/08/apache-htmx/src/Shared/Infrastructure/PathManager.php:217
/home/dan/Desktop/08/apache-htmx/src/Shared/Infrastructure/PathManager.php:149
/home/dan/Desktop/08/apache-htmx/src/Shared/Infrastructure/Path/FilePathCache.php:26
/home/dan/Desktop/08/apache-htmx/src/Shared/Infrastructure/PathManager.php:50
/home/dan/Desktop/08/apache-htmx/src/Shared/Infrastructure/PathManager.php:217
/home/dan/Desktop/08/apache-htmx/src/Shared/Infrastructure/PathManager.php:149
/home/dan/Desktop/08/apache-htmx/src/Shared/Infrastructure/Path/FilePathCache.php:26
/home/dan/Desktop/08/apache-htmx/src/Shared/Infrastructure/PathManager.php:50
/home/dan/Desktop/08/apache-htmx/src/Shared/Infrastructure/PathManager.php:412
/home/dan/Desktop/08/apache-htmx/tests/Unit/Shared/Infrastructure/PathManagerTest.php:18</error>
        </testcase>
        <testcase name="testEventSystem" file="/home/dan/Desktop/08/apache-htmx/tests/Unit/Shared/Infrastructure/PathManagerTest.php" line="94" class="Tests\Unit\Shared\Infrastructure\PathManagerTest" classname="Tests.Unit.Shared.Infrastructure.PathManagerTest" assertions="0" time="0.000000">
          <error type="Error">Tests\Unit\Shared\Infrastructure\PathManagerTest::testEventSystem
Error: Xdebug has detected a possible infinite loop, and aborted your script with a stack depth of '512' frames

/home/dan/Desktop/08/apache-htmx/src/Shared/Infrastructure/PathManager.php:147
/home/dan/Desktop/08/apache-htmx/src/Shared/Infrastructure/Path/FilePathCache.php:26
/home/dan/Desktop/08/apache-htmx/src/Shared/Infrastructure/PathManager.php:50
/home/dan/Desktop/08/apache-htmx/src/Shared/Infrastructure/PathManager.php:217
/home/dan/Desktop/08/apache-htmx/src/Shared/Infrastructure/PathManager.php:149
/home/dan/Desktop/08/apache-htmx/src/Shared/Infrastructure/Path/FilePathCache.php:26
/home/dan/Desktop/08/apache-htmx/src/Shared/Infrastructure/PathManager.php:50
/home/dan/Desktop/08/apache-htmx/src/Shared/Infrastructure/PathManager.php:217
/home/dan/Desktop/08/apache-htmx/src/Shared/Infrastructure/PathManager.php:149
/home/dan/Desktop/08/apache-htmx/src/Shared/Infrastructure/Path/FilePathCache.php:26
/home/dan/Desktop/08/apache-htmx/src/Shared/Infrastructure/PathManager.php:50
/home/dan/Desktop/08/apache-htmx/src/Shared/Infrastructure/PathManager.php:217
/home/dan/Desktop/08/apache-htmx/src/Shared/Infrastructure/PathManager.php:149
/home/dan/Desktop/08/apache-htmx/src/Shared/Infrastructure/Path/FilePathCache.php:26
/home/dan/Desktop/08/apache-htmx/src/Shared/Infrastructure/PathManager.php:50
/home/dan/Desktop/08/apache-htmx/src/Shared/Infrastructure/PathManager.php:217
/home/dan/Desktop/08/apache-htmx/src/Shared/Infrastructure/PathManager.php:149
/home/dan/Desktop/08/apache-htmx/src/Shared/Infrastructure/Path/FilePathCache.php:26
/home/dan/Desktop/08/apache-htmx/src/Shared/Infrastructure/PathManager.php:50
/home/dan/Desktop/08/apache-htmx/src/Shared/Infrastructure/PathManager.php:217
/home/dan/Desktop/08/apache-htmx/src/Shared/Infrastructure/PathManager.php:149
/home/dan/Desktop/08/apache-htmx/src/Shared/Infrastructure/Path/FilePathCache.php:26
/home/dan/Desktop/08/apache-htmx/src/Shared/Infrastructure/PathManager.php:50
/home/dan/Desktop/08/apache-htmx/src/Shared/Infrastructure/PathManager.php:217
/home/dan/Desktop/08/apache-htmx/src/Shared/Infrastructure/PathManager.php:149
/home/dan/Desktop/08/apache-htmx/src/Shared/Infrastructure/Path/FilePathCache.php:26
/home/dan/Desktop/08/apache-htmx/src/Shared/Infrastructure/PathManager.php:50
/home/dan/Desktop/08/apache-htmx/src/Shared/Infrastructure/PathManager.php:217
/home/dan/Desktop/08/apache-htmx/src/Shared/Infrastructure/PathManager.php:149
/home/dan/Desktop/08/apache-htmx/src/Shared/Infrastructure/Path/FilePathCache.php:26
/home/dan/Desktop/08/apache-htmx/src/Shared/Infrastructure/PathManager.php:50
/home/dan/Desktop/08/apache-htmx/src/Shared/Infrastructure/PathManager.php:217
/home/dan/Desktop/08/apache-htmx/src/Shared/Infrastructure/PathManager.php:149
/home/dan/Desktop/08/apache-htmx/src/Shared/Infrastructure/Path/FilePathCache.php:26
/home/dan/Desktop/08/apache-htmx/src/Shared/Infrastructure/PathManager.php:50
/home/dan/Desktop/08/apache-htmx/src/Shared/Infrastructure/PathManager.php:217
/home/dan/Desktop/08/apache-htmx/src/Shared/Infrastructure/PathManager.php:149
/home/dan/Desktop/08/apache-htmx/src/Shared/Infrastructure/Path/FilePathCache.php:26
/home/dan/Desktop/08/apache-htmx/src/Shared/Infrastructure/PathManager.php:50
/home/dan/Desktop/08/apache-htmx/src/Shared/Infrastructure/PathManager.php:217
/home/dan/Desktop/08/apache-htmx/src/Shared/Infrastructure/PathManager.php:149
/home/dan/Desktop/08/apache-htmx/src/Shared/Infrastructure/Path/FilePathCache.php:26
/home/dan/Desktop/08/apache-htmx/src/Shared/Infrastructure/PathManager.php:50
/home/dan/Desktop/08/apache-htmx/src/Shared/Infrastructure/PathManager.php:217
/home/dan/Desktop/08/apache-htmx/src/Shared/Infrastructure/PathManager.php:149
/home/dan/Desktop/08/apache-htmx/src/Shared/Infrastructure/Path/FilePathCache.php:26
/home/dan/Desktop/08/apache-htmx/src/Shared/Infrastructure/PathManager.php:50
/home/dan/Desktop/08/apache-htmx/src/Shared/Infrastructure/PathManager.php:217
/home/dan/Desktop/08/apache-htmx/src/Shared/Infrastructure/PathManager.php:149
/home/dan/Desktop/08/apache-htmx/src/Shared/Infrastructure/Path/FilePathCache.php:26
/home/dan/Desktop/08/apache-htmx/src/Shared/Infrastructure/PathManager.php:50
/home/dan/Desktop/08/apache-htmx/src/Shared/Infrastructure/PathManager.php:217
/home/dan/Desktop/08/apache-htmx/src/Shared/Infrastructure/PathManager.php:149
/home/dan/Desktop/08/apache-htmx/src/Shared/Infrastructure/Path/FilePathCache.php:26
/home/dan/Desktop/08/apache-htmx/src/Shared/Infrastructure/PathManager.php:50
/home/dan/Desktop/08/apache-htmx/src/Shared/Infrastructure/PathManager.php:217
/home/dan/Desktop/08/apache-htmx/src/Shared/Infrastructure/PathManager.php:149
/home/dan/Desktop/08/apache-htmx/src/Shared/Infrastructure/Path/FilePathCache.php:26
/home/dan/Desktop/08/apache-htmx/src/Shared/Infrastructure/PathManager.php:50
/home/dan/Desktop/08/apache-htmx/src/Shared/Infrastructure/PathManager.php:217
/home/dan/Desktop/08/apache-htmx/src/Shared/Infrastructure/PathManager.php:149
/home/dan/Desktop/08/apache-htmx/src/Shared/Infrastructure/Path/FilePathCache.php:26
/home/dan/Desktop/08/apache-htmx/src/Shared/Infrastructure/PathManager.php:50
/home/dan/Desktop/08/apache-htmx/src/Shared/Infrastructure/PathManager.php:217
/home/dan/Desktop/08/apache-htmx/src/Shared/Infrastructure/PathManager.php:149
/home/dan/Desktop/08/apache-htmx/src/Shared/Infrastructure/Path/FilePathCache.php:26
/home/dan/Desktop/08/apache-htmx/src/Shared/Infrastructure/PathManager.php:50
/home/dan/Desktop/08/apache-htmx/src/Shared/Infrastructure/PathManager.php:217
/home/dan/Desktop/08/apache-htmx/src/Shared/Infrastructure/PathManager.php:149
/home/dan/Desktop/08/apache-htmx/src/Shared/Infrastructure/Path/FilePathCache.php:26
/home/dan/Desktop/08/apache-htmx/src/Shared/Infrastructure/PathManager.php:50
/home/dan/Desktop/08/apache-htmx/src/Shared/Infrastructure/PathManager.php:217
/home/dan/Desktop/08/apache-htmx/src/Shared/Infrastructure/PathManager.php:149
/home/dan/Desktop/08/apache-htmx/src/Shared/Infrastructure/Path/FilePathCache.php:26
/home/dan/Desktop/08/apache-htmx/src/Shared/Infrastructure/PathManager.php:50
/home/dan/Desktop/08/apache-htmx/src/Shared/Infrastructure/PathManager.php:217
/home/dan/Desktop/08/apache-htmx/src/Shared/Infrastructure/PathManager.php:149
/home/dan/Desktop/08/apache-htmx/src/Shared/Infrastructure/Path/FilePathCache.php:26
/home/dan/Desktop/08/apache-htmx/src/Shared/Infrastructure/PathManager.php:50
/home/dan/Desktop/08/apache-htmx/src/Shared/Infrastructure/PathManager.php:217
/home/dan/Desktop/08/apache-htmx/src/Shared/Infrastructure/PathManager.php:149
/home/dan/Desktop/08/apache-htmx/src/Shared/Infrastructure/Path/FilePathCache.php:26
/home/dan/Desktop/08/apache-htmx/src/Shared/Infrastructure/PathManager.php:50
/home/dan/Desktop/08/apache-htmx/src/Shared/Infrastructure/PathManager.php:217
/home/dan/Desktop/08/apache-htmx/src/Shared/Infrastructure/PathManager.php:149
/home/dan/Desktop/08/apache-htmx/src/Shared/Infrastructure/Path/FilePathCache.php:26
/home/dan/Desktop/08/apache-htmx/src/Shared/Infrastructure/PathManager.php:50
/home/dan/Desktop/08/apache-htmx/src/Shared/Infrastructure/PathManager.php:217
/home/dan/Desktop/08/apache-htmx/src/Shared/Infrastructure/PathManager.php:149
/home/dan/Desktop/08/apache-htmx/src/Shared/Infrastructure/Path/FilePathCache.php:26
/home/dan/Desktop/08/apache-htmx/src/Shared/Infrastructure/PathManager.php:50
/home/dan/Desktop/08/apache-htmx/src/Shared/Infrastructure/PathManager.php:217
/home/dan/Desktop/08/apache-htmx/src/Shared/Infrastructure/PathManager.php:149
/home/dan/Desktop/08/apache-htmx/src/Shared/Infrastructure/Path/FilePathCache.php:26
/home/dan/Desktop/08/apache-htmx/src/Shared/Infrastructure/PathManager.php:50
/home/dan/Desktop/08/apache-htmx/src/Shared/Infrastructure/PathManager.php:217
/home/dan/Desktop/08/apache-htmx/src/Shared/Infrastructure/PathManager.php:149
/home/dan/Desktop/08/apache-htmx/src/Shared/Infrastructure/Path/FilePathCache.php:26
/home/dan/Desktop/08/apache-htmx/src/Shared/Infrastructure/PathManager.php:50
/home/dan/Desktop/08/apache-htmx/src/Shared/Infrastructure/PathManager.php:217
/home/dan/Desktop/08/apache-htmx/src/Shared/Infrastructure/PathManager.php:149
/home/dan/Desktop/08/apache-htmx/src/Shared/Infrastructure/Path/FilePathCache.php:26
/home/dan/Desktop/08/apache-htmx/src/Shared/Infrastructure/PathManager.php:50
/home/dan/Desktop/08/apache-htmx/src/Shared/Infrastructure/PathManager.php:217
/home/dan/Desktop/08/apache-htmx/src/Shared/Infrastructure/PathManager.php:149
/home/dan/Desktop/08/apache-htmx/src/Shared/Infrastructure/Path/FilePathCache.php:26
/home/dan/Desktop/08/apache-htmx/src/Shared/Infrastructure/PathManager.php:50
/home/dan/Desktop/08/apache-htmx/src/Shared/Infrastructure/PathManager.php:217
/home/dan/Desktop/08/apache-htmx/src/Shared/Infrastructure/PathManager.php:149
/home/dan/Desktop/08/apache-htmx/src/Shared/Infrastructure/Path/FilePathCache.php:26
/home/dan/Desktop/08/apache-htmx/src/Shared/Infrastructure/PathManager.php:50
/home/dan/Desktop/08/apache-htmx/src/Shared/Infrastructure/PathManager.php:217
/home/dan/Desktop/08/apache-htmx/src/Shared/Infrastructure/PathManager.php:149
/home/dan/Desktop/08/apache-htmx/src/Shared/Infrastructure/Path/FilePathCache.php:26
/home/dan/Desktop/08/apache-htmx/src/Shared/Infrastructure/PathManager.php:50
/home/dan/Desktop/08/apache-htmx/src/Shared/Infrastructure/PathManager.php:217
/home/dan/Desktop/08/apache-htmx/src/Shared/Infrastructure/PathManager.php:149
/home/dan/Desktop/08/apache-htmx/src/Shared/Infrastructure/Path/FilePathCache.php:26
/home/dan/Desktop/08/apache-htmx/src/Shared/Infrastructure/PathManager.php:50
/home/dan/Desktop/08/apache-htmx/src/Shared/Infrastructure/PathManager.php:217
/home/dan/Desktop/08/apache-htmx/src/Shared/Infrastructure/PathManager.php:149
/home/dan/Desktop/08/apache-htmx/src/Shared/Infrastructure/Path/FilePathCache.php:26
/home/dan/Desktop/08/apache-htmx/src/Shared/Infrastructure/PathManager.php:50
/home/dan/Desktop/08/apache-htmx/src/Shared/Infrastructure/PathManager.php:217
/home/dan/Desktop/08/apache-htmx/src/Shared/Infrastructure/PathManager.php:149
/home/dan/Desktop/08/apache-htmx/src/Shared/Infrastructure/Path/FilePathCache.php:26
/home/dan/Desktop/08/apache-htmx/src/Shared/Infrastructure/PathManager.php:50
/home/dan/Desktop/08/apache-htmx/src/Shared/Infrastructure/PathManager.php:217
/home/dan/Desktop/08/apache-htmx/src/Shared/Infrastructure/PathManager.php:149
/home/dan/Desktop/08/apache-htmx/src/Shared/Infrastructure/Path/FilePathCache.php:26
/home/dan/Desktop/08/apache-htmx/src/Shared/Infrastructure/PathManager.php:50
/home/dan/Desktop/08/apache-htmx/src/Shared/Infrastructure/PathManager.php:217
/home/dan/Desktop/08/apache-htmx/src/Shared/Infrastructure/PathManager.php:149
/home/dan/Desktop/08/apache-htmx/src/Shared/Infrastructure/Path/FilePathCache.php:26
/home/dan/Desktop/08/apache-htmx/src/Shared/Infrastructure/PathManager.php:50
/home/dan/Desktop/08/apache-htmx/src/Shared/Infrastructure/PathManager.php:217
/home/dan/Desktop/08/apache-htmx/src/Shared/Infrastructure/PathManager.php:149
/home/dan/Desktop/08/apache-htmx/src/Shared/Infrastructure/Path/FilePathCache.php:26
/home/dan/Desktop/08/apache-htmx/src/Shared/Infrastructure/PathManager.php:50
/home/dan/Desktop/08/apache-htmx/src/Shared/Infrastructure/PathManager.php:217
/home/dan/Desktop/08/apache-htmx/src/Shared/Infrastructure/PathManager.php:149
/home/dan/Desktop/08/apache-htmx/src/Shared/Infrastructure/Path/FilePathCache.php:26
/home/dan/Desktop/08/apache-htmx/src/Shared/Infrastructure/PathManager.php:50
/home/dan/Desktop/08/apache-htmx/src/Shared/Infrastructure/PathManager.php:217
/home/dan/Desktop/08/apache-htmx/src/Shared/Infrastructure/PathManager.php:149
/home/dan/Desktop/08/apache-htmx/src/Shared/Infrastructure/Path/FilePathCache.php:26
/home/dan/Desktop/08/apache-htmx/src/Shared/Infrastructure/PathManager.php:50
/home/dan/Desktop/08/apache-htmx/src/Shared/Infrastructure/PathManager.php:217
/home/dan/Desktop/08/apache-htmx/src/Shared/Infrastructure/PathManager.php:149
/home/dan/Desktop/08/apache-htmx/src/Shared/Infrastructure/Path/FilePathCache.php:26
/home/dan/Desktop/08/apache-htmx/src/Shared/Infrastructure/PathManager.php:50
/home/dan/Desktop/08/apache-htmx/src/Shared/Infrastructure/PathManager.php:217
/home/dan/Desktop/08/apache-htmx/src/Shared/Infrastructure/PathManager.php:149
/home/dan/Desktop/08/apache-htmx/src/Shared/Infrastructure/Path/FilePathCache.php:26
/home/dan/Desktop/08/apache-htmx/src/Shared/Infrastructure/PathManager.php:50
/home/dan/Desktop/08/apache-htmx/src/Shared/Infrastructure/PathManager.php:217
/home/dan/Desktop/08/apache-htmx/src/Shared/Infrastructure/PathManager.php:149
/home/dan/Desktop/08/apache-htmx/src/Shared/Infrastructure/Path/FilePathCache.php:26
/home/dan/Desktop/08/apache-htmx/src/Shared/Infrastructure/PathManager.php:50
/home/dan/Desktop/08/apache-htmx/src/Shared/Infrastructure/PathManager.php:217
/home/dan/Desktop/08/apache-htmx/src/Shared/Infrastructure/PathManager.php:149
/home/dan/Desktop/08/apache-htmx/src/Shared/Infrastructure/Path/FilePathCache.php:26
/home/dan/Desktop/08/apache-htmx/src/Shared/Infrastructure/PathManager.php:50
/home/dan/Desktop/08/apache-htmx/src/Shared/Infrastructure/PathManager.php:217
/home/dan/Desktop/08/apache-htmx/src/Shared/Infrastructure/PathManager.php:149
/home/dan/Desktop/08/apache-htmx/src/Shared/Infrastructure/Path/FilePathCache.php:26
/home/dan/Desktop/08/apache-htmx/src/Shared/Infrastructure/PathManager.php:50
/home/dan/Desktop/08/apache-htmx/src/Shared/Infrastructure/PathManager.php:217
/home/dan/Desktop/08/apache-htmx/src/Shared/Infrastructure/PathManager.php:149
/home/dan/Desktop/08/apache-htmx/src/Shared/Infrastructure/Path/FilePathCache.php:26
/home/dan/Desktop/08/apache-htmx/src/Shared/Infrastructure/PathManager.php:50
/home/dan/Desktop/08/apache-htmx/src/Shared/Infrastructure/PathManager.php:217
/home/dan/Desktop/08/apache-htmx/src/Shared/Infrastructure/PathManager.php:149
/home/dan/Desktop/08/apache-htmx/src/Shared/Infrastructure/Path/FilePathCache.php:26
/home/dan/Desktop/08/apache-htmx/src/Shared/Infrastructure/PathManager.php:50
/home/dan/Desktop/08/apache-htmx/src/Shared/Infrastructure/PathManager.php:217
/home/dan/Desktop/08/apache-htmx/src/Shared/Infrastructure/PathManager.php:149
/home/dan/Desktop/08/apache-htmx/src/Shared/Infrastructure/Path/FilePathCache.php:26
/home/dan/Desktop/08/apache-htmx/src/Shared/Infrastructure/PathManager.php:50
/home/dan/Desktop/08/apache-htmx/src/Shared/Infrastructure/PathManager.php:217
/home/dan/Desktop/08/apache-htmx/src/Shared/Infrastructure/PathManager.php:149
/home/dan/Desktop/08/apache-htmx/src/Shared/Infrastructure/Path/FilePathCache.php:26
/home/dan/Desktop/08/apache-htmx/src/Shared/Infrastructure/PathManager.php:50
/home/dan/Desktop/08/apache-htmx/src/Shared/Infrastructure/PathManager.php:217
/home/dan/Desktop/08/apache-htmx/src/Shared/Infrastructure/PathManager.php:149
/home/dan/Desktop/08/apache-htmx/src/Shared/Infrastructure/Path/FilePathCache.php:26
/home/dan/Desktop/08/apache-htmx/src/Shared/Infrastructure/PathManager.php:50
/home/dan/Desktop/08/apache-htmx/src/Shared/Infrastructure/PathManager.php:217
/home/dan/Desktop/08/apache-htmx/src/Shared/Infrastructure/PathManager.php:149
/home/dan/Desktop/08/apache-htmx/src/Shared/Infrastructure/Path/FilePathCache.php:26
/home/dan/Desktop/08/apache-htmx/src/Shared/Infrastructure/PathManager.php:50
/home/dan/Desktop/08/apache-htmx/src/Shared/Infrastructure/PathManager.php:217
/home/dan/Desktop/08/apache-htmx/src/Shared/Infrastructure/PathManager.php:149
/home/dan/Desktop/08/apache-htmx/src/Shared/Infrastructure/Path/FilePathCache.php:26
/home/dan/Desktop/08/apache-htmx/src/Shared/Infrastructure/PathManager.php:50
/home/dan/Desktop/08/apache-htmx/src/Shared/Infrastructure/PathManager.php:217
/home/dan/Desktop/08/apache-htmx/src/Shared/Infrastructure/PathManager.php:149
/home/dan/Desktop/08/apache-htmx/src/Shared/Infrastructure/Path/FilePathCache.php:26
/home/dan/Desktop/08/apache-htmx/src/Shared/Infrastructure/PathManager.php:50
/home/dan/Desktop/08/apache-htmx/src/Shared/Infrastructure/PathManager.php:217
/home/dan/Desktop/08/apache-htmx/src/Shared/Infrastructure/PathManager.php:149
/home/dan/Desktop/08/apache-htmx/src/Shared/Infrastructure/Path/FilePathCache.php:26
/home/dan/Desktop/08/apache-htmx/src/Shared/Infrastructure/PathManager.php:50
/home/dan/Desktop/08/apache-htmx/src/Shared/Infrastructure/PathManager.php:217
/home/dan/Desktop/08/apache-htmx/src/Shared/Infrastructure/PathManager.php:149
/home/dan/Desktop/08/apache-htmx/src/Shared/Infrastructure/Path/FilePathCache.php:26
/home/dan/Desktop/08/apache-htmx/src/Shared/Infrastructure/PathManager.php:50
/home/dan/Desktop/08/apache-htmx/src/Shared/Infrastructure/PathManager.php:217
/home/dan/Desktop/08/apache-htmx/src/Shared/Infrastructure/PathManager.php:149
/home/dan/Desktop/08/apache-htmx/src/Shared/Infrastructure/Path/FilePathCache.php:26
/home/dan/Desktop/08/apache-htmx/src/Shared/Infrastructure/PathManager.php:50
/home/dan/Desktop/08/apache-htmx/src/Shared/Infrastructure/PathManager.php:217
/home/dan/Desktop/08/apache-htmx/src/Shared/Infrastructure/PathManager.php:149
/home/dan/Desktop/08/apache-htmx/src/Shared/Infrastructure/Path/FilePathCache.php:26
/home/dan/Desktop/08/apache-htmx/src/Shared/Infrastructure/PathManager.php:50
/home/dan/Desktop/08/apache-htmx/src/Shared/Infrastructure/PathManager.php:217
/home/dan/Desktop/08/apache-htmx/src/Shared/Infrastructure/PathManager.php:149
/home/dan/Desktop/08/apache-htmx/src/Shared/Infrastructure/Path/FilePathCache.php:26
/home/dan/Desktop/08/apache-htmx/src/Shared/Infrastructure/PathManager.php:50
/home/dan/Desktop/08/apache-htmx/src/Shared/Infrastructure/PathManager.php:217
/home/dan/Desktop/08/apache-htmx/src/Shared/Infrastructure/PathManager.php:149
/home/dan/Desktop/08/apache-htmx/src/Shared/Infrastructure/Path/FilePathCache.php:26
/home/dan/Desktop/08/apache-htmx/src/Shared/Infrastructure/PathManager.php:50
/home/dan/Desktop/08/apache-htmx/src/Shared/Infrastructure/PathManager.php:217
/home/dan/Desktop/08/apache-htmx/src/Shared/Infrastructure/PathManager.php:149
/home/dan/Desktop/08/apache-htmx/src/Shared/Infrastructure/Path/FilePathCache.php:26
/home/dan/Desktop/08/apache-htmx/src/Shared/Infrastructure/PathManager.php:50
/home/dan/Desktop/08/apache-htmx/src/Shared/Infrastructure/PathManager.php:217
/home/dan/Desktop/08/apache-htmx/src/Shared/Infrastructure/PathManager.php:149
/home/dan/Desktop/08/apache-htmx/src/Shared/Infrastructure/Path/FilePathCache.php:26
/home/dan/Desktop/08/apache-htmx/src/Shared/Infrastructure/PathManager.php:50
/home/dan/Desktop/08/apache-htmx/src/Shared/Infrastructure/PathManager.php:217
/home/dan/Desktop/08/apache-htmx/src/Shared/Infrastructure/PathManager.php:149
/home/dan/Desktop/08/apache-htmx/src/Shared/Infrastructure/Path/FilePathCache.php:26
/home/dan/Desktop/08/apache-htmx/src/Shared/Infrastructure/PathManager.php:50
/home/dan/Desktop/08/apache-htmx/src/Shared/Infrastructure/PathManager.php:217
/home/dan/Desktop/08/apache-htmx/src/Shared/Infrastructure/PathManager.php:149
/home/dan/Desktop/08/apache-htmx/src/Shared/Infrastructure/Path/FilePathCache.php:26
/home/dan/Desktop/08/apache-htmx/src/Shared/Infrastructure/PathManager.php:50
/home/dan/Desktop/08/apache-htmx/src/Shared/Infrastructure/PathManager.php:217
/home/dan/Desktop/08/apache-htmx/src/Shared/Infrastructure/PathManager.php:149
/home/dan/Desktop/08/apache-htmx/src/Shared/Infrastructure/Path/FilePathCache.php:26
/home/dan/Desktop/08/apache-htmx/src/Shared/Infrastructure/PathManager.php:50
/home/dan/Desktop/08/apache-htmx/src/Shared/Infrastructure/PathManager.php:217
/home/dan/Desktop/08/apache-htmx/src/Shared/Infrastructure/PathManager.php:149
/home/dan/Desktop/08/apache-htmx/src/Shared/Infrastructure/Path/FilePathCache.php:26
/home/dan/Desktop/08/apache-htmx/src/Shared/Infrastructure/PathManager.php:50
/home/dan/Desktop/08/apache-htmx/src/Shared/Infrastructure/PathManager.php:217
/home/dan/Desktop/08/apache-htmx/src/Shared/Infrastructure/PathManager.php:149
/home/dan/Desktop/08/apache-htmx/src/Shared/Infrastructure/Path/FilePathCache.php:26
/home/dan/Desktop/08/apache-htmx/src/Shared/Infrastructure/PathManager.php:50
/home/dan/Desktop/08/apache-htmx/src/Shared/Infrastructure/PathManager.php:217
/home/dan/Desktop/08/apache-htmx/src/Shared/Infrastructure/PathManager.php:149
/home/dan/Desktop/08/apache-htmx/src/Shared/Infrastructure/Path/FilePathCache.php:26
/home/dan/Desktop/08/apache-htmx/src/Shared/Infrastructure/PathManager.php:50
/home/dan/Desktop/08/apache-htmx/src/Shared/Infrastructure/PathManager.php:217
/home/dan/Desktop/08/apache-htmx/src/Shared/Infrastructure/PathManager.php:149
/home/dan/Desktop/08/apache-htmx/src/Shared/Infrastructure/Path/FilePathCache.php:26
/home/dan/Desktop/08/apache-htmx/src/Shared/Infrastructure/PathManager.php:50
/home/dan/Desktop/08/apache-htmx/src/Shared/Infrastructure/PathManager.php:217
/home/dan/Desktop/08/apache-htmx/src/Shared/Infrastructure/PathManager.php:149
/home/dan/Desktop/08/apache-htmx/src/Shared/Infrastructure/Path/FilePathCache.php:26
/home/dan/Desktop/08/apache-htmx/src/Shared/Infrastructure/PathManager.php:50
/home/dan/Desktop/08/apache-htmx/src/Shared/Infrastructure/PathManager.php:217
/home/dan/Desktop/08/apache-htmx/src/Shared/Infrastructure/PathManager.php:149
/home/dan/Desktop/08/apache-htmx/src/Shared/Infrastructure/Path/FilePathCache.php:26
/home/dan/Desktop/08/apache-htmx/src/Shared/Infrastructure/PathManager.php:50
/home/dan/Desktop/08/apache-htmx/src/Shared/Infrastructure/PathManager.php:217
/home/dan/Desktop/08/apache-htmx/src/Shared/Infrastructure/PathManager.php:149
/home/dan/Desktop/08/apache-htmx/src/Shared/Infrastructure/Path/FilePathCache.php:26
/home/dan/Desktop/08/apache-htmx/src/Shared/Infrastructure/PathManager.php:50
/home/dan/Desktop/08/apache-htmx/src/Shared/Infrastructure/PathManager.php:217
/home/dan/Desktop/08/apache-htmx/src/Shared/Infrastructure/PathManager.php:149
/home/dan/Desktop/08/apache-htmx/src/Shared/Infrastructure/Path/FilePathCache.php:26
/home/dan/Desktop/08/apache-htmx/src/Shared/Infrastructure/PathManager.php:50
/home/dan/Desktop/08/apache-htmx/src/Shared/Infrastructure/PathManager.php:217
/home/dan/Desktop/08/apache-htmx/src/Shared/Infrastructure/PathManager.php:149
/home/dan/Desktop/08/apache-htmx/src/Shared/Infrastructure/Path/FilePathCache.php:26
/home/dan/Desktop/08/apache-htmx/src/Shared/Infrastructure/PathManager.php:50
/home/dan/Desktop/08/apache-htmx/src/Shared/Infrastructure/PathManager.php:217
/home/dan/Desktop/08/apache-htmx/src/Shared/Infrastructure/PathManager.php:149
/home/dan/Desktop/08/apache-htmx/src/Shared/Infrastructure/Path/FilePathCache.php:26
/home/dan/Desktop/08/apache-htmx/src/Shared/Infrastructure/PathManager.php:50
/home/dan/Desktop/08/apache-htmx/src/Shared/Infrastructure/PathManager.php:217
/home/dan/Desktop/08/apache-htmx/src/Shared/Infrastructure/PathManager.php:149
/home/dan/Desktop/08/apache-htmx/src/Shared/Infrastructure/Path/FilePathCache.php:26
/home/dan/Desktop/08/apache-htmx/src/Shared/Infrastructure/PathManager.php:50
/home/dan/Desktop/08/apache-htmx/src/Shared/Infrastructure/PathManager.php:217
/home/dan/Desktop/08/apache-htmx/src/Shared/Infrastructure/PathManager.php:149
/home/dan/Desktop/08/apache-htmx/src/Shared/Infrastructure/Path/FilePathCache.php:26
/home/dan/Desktop/08/apache-htmx/src/Shared/Infrastructure/PathManager.php:50
/home/dan/Desktop/08/apache-htmx/src/Shared/Infrastructure/PathManager.php:217
/home/dan/Desktop/08/apache-htmx/src/Shared/Infrastructure/PathManager.php:149
/home/dan/Desktop/08/apache-htmx/src/Shared/Infrastructure/Path/FilePathCache.php:26
/home/dan/Desktop/08/apache-htmx/src/Shared/Infrastructure/PathManager.php:50
/home/dan/Desktop/08/apache-htmx/src/Shared/Infrastructure/PathManager.php:217
/home/dan/Desktop/08/apache-htmx/src/Shared/Infrastructure/PathManager.php:149
/home/dan/Desktop/08/apache-htmx/src/Shared/Infrastructure/Path/FilePathCache.php:26
/home/dan/Desktop/08/apache-htmx/src/Shared/Infrastructure/PathManager.php:50
/home/dan/Desktop/08/apache-htmx/src/Shared/Infrastructure/PathManager.php:217
/home/dan/Desktop/08/apache-htmx/src/Shared/Infrastructure/PathManager.php:149
/home/dan/Desktop/08/apache-htmx/src/Shared/Infrastructure/Path/FilePathCache.php:26
/home/dan/Desktop/08/apache-htmx/src/Shared/Infrastructure/PathManager.php:50
/home/dan/Desktop/08/apache-htmx/src/Shared/Infrastructure/PathManager.php:217
/home/dan/Desktop/08/apache-htmx/src/Shared/Infrastructure/PathManager.php:149
/home/dan/Desktop/08/apache-htmx/src/Shared/Infrastructure/Path/FilePathCache.php:26
/home/dan/Desktop/08/apache-htmx/src/Shared/Infrastructure/PathManager.php:50
/home/dan/Desktop/08/apache-htmx/src/Shared/Infrastructure/PathManager.php:217
/home/dan/Desktop/08/apache-htmx/src/Shared/Infrastructure/PathManager.php:149
/home/dan/Desktop/08/apache-htmx/src/Shared/Infrastructure/Path/FilePathCache.php:26
/home/dan/Desktop/08/apache-htmx/src/Shared/Infrastructure/PathManager.php:50
/home/dan/Desktop/08/apache-htmx/src/Shared/Infrastructure/PathManager.php:217
/home/dan/Desktop/08/apache-htmx/src/Shared/Infrastructure/PathManager.php:149
/home/dan/Desktop/08/apache-htmx/src/Shared/Infrastructure/Path/FilePathCache.php:26
/home/dan/Desktop/08/apache-htmx/src/Shared/Infrastructure/PathManager.php:50
/home/dan/Desktop/08/apache-htmx/src/Shared/Infrastructure/PathManager.php:217
/home/dan/Desktop/08/apache-htmx/src/Shared/Infrastructure/PathManager.php:149
/home/dan/Desktop/08/apache-htmx/src/Shared/Infrastructure/Path/FilePathCache.php:26
/home/dan/Desktop/08/apache-htmx/src/Shared/Infrastructure/PathManager.php:50
/home/dan/Desktop/08/apache-htmx/src/Shared/Infrastructure/PathManager.php:217
/home/dan/Desktop/08/apache-htmx/src/Shared/Infrastructure/PathManager.php:149
/home/dan/Desktop/08/apache-htmx/src/Shared/Infrastructure/Path/FilePathCache.php:26
/home/dan/Desktop/08/apache-htmx/src/Shared/Infrastructure/PathManager.php:50
/home/dan/Desktop/08/apache-htmx/src/Shared/Infrastructure/PathManager.php:217
/home/dan/Desktop/08/apache-htmx/src/Shared/Infrastructure/PathManager.php:149
/home/dan/Desktop/08/apache-htmx/src/Shared/Infrastructure/Path/FilePathCache.php:26
/home/dan/Desktop/08/apache-htmx/src/Shared/Infrastructure/PathManager.php:50
/home/dan/Desktop/08/apache-htmx/src/Shared/Infrastructure/PathManager.php:217
/home/dan/Desktop/08/apache-htmx/src/Shared/Infrastructure/PathManager.php:149
/home/dan/Desktop/08/apache-htmx/src/Shared/Infrastructure/Path/FilePathCache.php:26
/home/dan/Desktop/08/apache-htmx/src/Shared/Infrastructure/PathManager.php:50
/home/dan/Desktop/08/apache-htmx/src/Shared/Infrastructure/PathManager.php:217
/home/dan/Desktop/08/apache-htmx/src/Shared/Infrastructure/PathManager.php:149
/home/dan/Desktop/08/apache-htmx/src/Shared/Infrastructure/Path/FilePathCache.php:26
/home/dan/Desktop/08/apache-htmx/src/Shared/Infrastructure/PathManager.php:50
/home/dan/Desktop/08/apache-htmx/src/Shared/Infrastructure/PathManager.php:217
/home/dan/Desktop/08/apache-htmx/src/Shared/Infrastructure/PathManager.php:149
/home/dan/Desktop/08/apache-htmx/src/Shared/Infrastructure/Path/FilePathCache.php:26
/home/dan/Desktop/08/apache-htmx/src/Shared/Infrastructure/PathManager.php:50
/home/dan/Desktop/08/apache-htmx/src/Shared/Infrastructure/PathManager.php:217
/home/dan/Desktop/08/apache-htmx/src/Shared/Infrastructure/PathManager.php:149
/home/dan/Desktop/08/apache-htmx/src/Shared/Infrastructure/Path/FilePathCache.php:26
/home/dan/Desktop/08/apache-htmx/src/Shared/Infrastructure/PathManager.php:50
/home/dan/Desktop/08/apache-htmx/src/Shared/Infrastructure/PathManager.php:217
/home/dan/Desktop/08/apache-htmx/src/Shared/Infrastructure/PathManager.php:149
/home/dan/Desktop/08/apache-htmx/src/Shared/Infrastructure/Path/FilePathCache.php:26
/home/dan/Desktop/08/apache-htmx/src/Shared/Infrastructure/PathManager.php:50
/home/dan/Desktop/08/apache-htmx/src/Shared/Infrastructure/PathManager.php:217
/home/dan/Desktop/08/apache-htmx/src/Shared/Infrastructure/PathManager.php:149
/home/dan/Desktop/08/apache-htmx/src/Shared/Infrastructure/Path/FilePathCache.php:26
/home/dan/Desktop/08/apache-htmx/src/Shared/Infrastructure/PathManager.php:50
/home/dan/Desktop/08/apache-htmx/src/Shared/Infrastructure/PathManager.php:217
/home/dan/Desktop/08/apache-htmx/src/Shared/Infrastructure/PathManager.php:149
/home/dan/Desktop/08/apache-htmx/src/Shared/Infrastructure/Path/FilePathCache.php:26
/home/dan/Desktop/08/apache-htmx/src/Shared/Infrastructure/PathManager.php:50
/home/dan/Desktop/08/apache-htmx/src/Shared/Infrastructure/PathManager.php:217
/home/dan/Desktop/08/apache-htmx/src/Shared/Infrastructure/PathManager.php:149
/home/dan/Desktop/08/apache-htmx/src/Shared/Infrastructure/Path/FilePathCache.php:26
/home/dan/Desktop/08/apache-htmx/src/Shared/Infrastructure/PathManager.php:50
/home/dan/Desktop/08/apache-htmx/src/Shared/Infrastructure/PathManager.php:217
/home/dan/Desktop/08/apache-htmx/src/Shared/Infrastructure/PathManager.php:149
/home/dan/Desktop/08/apache-htmx/src/Shared/Infrastructure/Path/FilePathCache.php:26
/home/dan/Desktop/08/apache-htmx/src/Shared/Infrastructure/PathManager.php:50
/home/dan/Desktop/08/apache-htmx/src/Shared/Infrastructure/PathManager.php:217
/home/dan/Desktop/08/apache-htmx/src/Shared/Infrastructure/PathManager.php:149
/home/dan/Desktop/08/apache-htmx/src/Shared/Infrastructure/Path/FilePathCache.php:26
/home/dan/Desktop/08/apache-htmx/src/Shared/Infrastructure/PathManager.php:50
/home/dan/Desktop/08/apache-htmx/src/Shared/Infrastructure/PathManager.php:217
/home/dan/Desktop/08/apache-htmx/src/Shared/Infrastructure/PathManager.php:149
/home/dan/Desktop/08/apache-htmx/src/Shared/Infrastructure/Path/FilePathCache.php:26
/home/dan/Desktop/08/apache-htmx/src/Shared/Infrastructure/PathManager.php:50
/home/dan/Desktop/08/apache-htmx/src/Shared/Infrastructure/PathManager.php:217
/home/dan/Desktop/08/apache-htmx/src/Shared/Infrastructure/PathManager.php:149
/home/dan/Desktop/08/apache-htmx/src/Shared/Infrastructure/Path/FilePathCache.php:26
/home/dan/Desktop/08/apache-htmx/src/Shared/Infrastructure/PathManager.php:50
/home/dan/Desktop/08/apache-htmx/src/Shared/Infrastructure/PathManager.php:217
/home/dan/Desktop/08/apache-htmx/src/Shared/Infrastructure/PathManager.php:149
/home/dan/Desktop/08/apache-htmx/src/Shared/Infrastructure/Path/FilePathCache.php:26
/home/dan/Desktop/08/apache-htmx/src/Shared/Infrastructure/PathManager.php:50
/home/dan/Desktop/08/apache-htmx/src/Shared/Infrastructure/PathManager.php:217
/home/dan/Desktop/08/apache-htmx/src/Shared/Infrastructure/PathManager.php:149
/home/dan/Desktop/08/apache-htmx/src/Shared/Infrastructure/Path/FilePathCache.php:26
/home/dan/Desktop/08/apache-htmx/src/Shared/Infrastructure/PathManager.php:50
/home/dan/Desktop/08/apache-htmx/src/Shared/Infrastructure/PathManager.php:217
/home/dan/Desktop/08/apache-htmx/src/Shared/Infrastructure/PathManager.php:149
/home/dan/Desktop/08/apache-htmx/src/Shared/Infrastructure/Path/FilePathCache.php:26
/home/dan/Desktop/08/apache-htmx/src/Shared/Infrastructure/PathManager.php:50
/home/dan/Desktop/08/apache-htmx/src/Shared/Infrastructure/PathManager.php:217
/home/dan/Desktop/08/apache-htmx/src/Shared/Infrastructure/PathManager.php:149
/home/dan/Desktop/08/apache-htmx/src/Shared/Infrastructure/Path/FilePathCache.php:26
/home/dan/Desktop/08/apache-htmx/src/Shared/Infrastructure/PathManager.php:50
/home/dan/Desktop/08/apache-htmx/src/Shared/Infrastructure/PathManager.php:217
/home/dan/Desktop/08/apache-htmx/src/Shared/Infrastructure/PathManager.php:149
/home/dan/Desktop/08/apache-htmx/src/Shared/Infrastructure/Path/FilePathCache.php:26
/home/dan/Desktop/08/apache-htmx/src/Shared/Infrastructure/PathManager.php:50
/home/dan/Desktop/08/apache-htmx/src/Shared/Infrastructure/PathManager.php:217
/home/dan/Desktop/08/apache-htmx/src/Shared/Infrastructure/PathManager.php:149
/home/dan/Desktop/08/apache-htmx/src/Shared/Infrastructure/Path/FilePathCache.php:26
/home/dan/Desktop/08/apache-htmx/src/Shared/Infrastructure/PathManager.php:50
/home/dan/Desktop/08/apache-htmx/src/Shared/Infrastructure/PathManager.php:217
/home/dan/Desktop/08/apache-htmx/src/Shared/Infrastructure/PathManager.php:149
/home/dan/Desktop/08/apache-htmx/src/Shared/Infrastructure/Path/FilePathCache.php:26
/home/dan/Desktop/08/apache-htmx/src/Shared/Infrastructure/PathManager.php:50
/home/dan/Desktop/08/apache-htmx/src/Shared/Infrastructure/PathManager.php:217
/home/dan/Desktop/08/apache-htmx/src/Shared/Infrastructure/PathManager.php:149
/home/dan/Desktop/08/apache-htmx/src/Shared/Infrastructure/Path/FilePathCache.php:26
/home/dan/Desktop/08/apache-htmx/src/Shared/Infrastructure/PathManager.php:50
/home/dan/Desktop/08/apache-htmx/src/Shared/Infrastructure/PathManager.php:217
/home/dan/Desktop/08/apache-htmx/src/Shared/Infrastructure/PathManager.php:149
/home/dan/Desktop/08/apache-htmx/src/Shared/Infrastructure/Path/FilePathCache.php:26
/home/dan/Desktop/08/apache-htmx/src/Shared/Infrastructure/PathManager.php:50
/home/dan/Desktop/08/apache-htmx/src/Shared/Infrastructure/PathManager.php:217
/home/dan/Desktop/08/apache-htmx/src/Shared/Infrastructure/PathManager.php:149
/home/dan/Desktop/08/apache-htmx/src/Shared/Infrastructure/Path/FilePathCache.php:26
/home/dan/Desktop/08/apache-htmx/src/Shared/Infrastructure/PathManager.php:50
/home/dan/Desktop/08/apache-htmx/src/Shared/Infrastructure/PathManager.php:217
/home/dan/Desktop/08/apache-htmx/src/Shared/Infrastructure/PathManager.php:149
/home/dan/Desktop/08/apache-htmx/src/Shared/Infrastructure/Path/FilePathCache.php:26
/home/dan/Desktop/08/apache-htmx/src/Shared/Infrastructure/PathManager.php:50
/home/dan/Desktop/08/apache-htmx/src/Shared/Infrastructure/PathManager.php:217
/home/dan/Desktop/08/apache-htmx/src/Shared/Infrastructure/PathManager.php:149
/home/dan/Desktop/08/apache-htmx/src/Shared/Infrastructure/Path/FilePathCache.php:26
/home/dan/Desktop/08/apache-htmx/src/Shared/Infrastructure/PathManager.php:50
/home/dan/Desktop/08/apache-htmx/src/Shared/Infrastructure/PathManager.php:217
/home/dan/Desktop/08/apache-htmx/src/Shared/Infrastructure/PathManager.php:149
/home/dan/Desktop/08/apache-htmx/src/Shared/Infrastructure/Path/FilePathCache.php:26
/home/dan/Desktop/08/apache-htmx/src/Shared/Infrastructure/PathManager.php:50
/home/dan/Desktop/08/apache-htmx/src/Shared/Infrastructure/PathManager.php:217
/home/dan/Desktop/08/apache-htmx/src/Shared/Infrastructure/PathManager.php:149
/home/dan/Desktop/08/apache-htmx/src/Shared/Infrastructure/Path/FilePathCache.php:26
/home/dan/Desktop/08/apache-htmx/src/Shared/Infrastructure/PathManager.php:50
/home/dan/Desktop/08/apache-htmx/src/Shared/Infrastructure/PathManager.php:217
/home/dan/Desktop/08/apache-htmx/src/Shared/Infrastructure/PathManager.php:149
/home/dan/Desktop/08/apache-htmx/src/Shared/Infrastructure/Path/FilePathCache.php:26
/home/dan/Desktop/08/apache-htmx/src/Shared/Infrastructure/PathManager.php:50
/home/dan/Desktop/08/apache-htmx/src/Shared/Infrastructure/PathManager.php:217
/home/dan/Desktop/08/apache-htmx/src/Shared/Infrastructure/PathManager.php:149
/home/dan/Desktop/08/apache-htmx/src/Shared/Infrastructure/Path/FilePathCache.php:26
/home/dan/Desktop/08/apache-htmx/src/Shared/Infrastructure/PathManager.php:50
/home/dan/Desktop/08/apache-htmx/src/Shared/Infrastructure/PathManager.php:217
/home/dan/Desktop/08/apache-htmx/src/Shared/Infrastructure/PathManager.php:149
/home/dan/Desktop/08/apache-htmx/src/Shared/Infrastructure/Path/FilePathCache.php:26
/home/dan/Desktop/08/apache-htmx/src/Shared/Infrastructure/PathManager.php:50
/home/dan/Desktop/08/apache-htmx/src/Shared/Infrastructure/PathManager.php:217
/home/dan/Desktop/08/apache-htmx/src/Shared/Infrastructure/PathManager.php:149
/home/dan/Desktop/08/apache-htmx/src/Shared/Infrastructure/Path/FilePathCache.php:26
/home/dan/Desktop/08/apache-htmx/src/Shared/Infrastructure/PathManager.php:50
/home/dan/Desktop/08/apache-htmx/src/Shared/Infrastructure/PathManager.php:217
/home/dan/Desktop/08/apache-htmx/src/Shared/Infrastructure/PathManager.php:149
/home/dan/Desktop/08/apache-htmx/src/Shared/Infrastructure/Path/FilePathCache.php:26
/home/dan/Desktop/08/apache-htmx/src/Shared/Infrastructure/PathManager.php:50
/home/dan/Desktop/08/apache-htmx/src/Shared/Infrastructure/PathManager.php:217
/home/dan/Desktop/08/apache-htmx/src/Shared/Infrastructure/PathManager.php:149
/home/dan/Desktop/08/apache-htmx/src/Shared/Infrastructure/Path/FilePathCache.php:26
/home/dan/Desktop/08/apache-htmx/src/Shared/Infrastructure/PathManager.php:50
/home/dan/Desktop/08/apache-htmx/src/Shared/Infrastructure/PathManager.php:217
/home/dan/Desktop/08/apache-htmx/src/Shared/Infrastructure/PathManager.php:149
/home/dan/Desktop/08/apache-htmx/src/Shared/Infrastructure/Path/FilePathCache.php:26
/home/dan/Desktop/08/apache-htmx/src/Shared/Infrastructure/PathManager.php:50
/home/dan/Desktop/08/apache-htmx/src/Shared/Infrastructure/PathManager.php:217
/home/dan/Desktop/08/apache-htmx/src/Shared/Infrastructure/PathManager.php:149
/home/dan/Desktop/08/apache-htmx/src/Shared/Infrastructure/Path/FilePathCache.php:26
/home/dan/Desktop/08/apache-htmx/src/Shared/Infrastructure/PathManager.php:50
/home/dan/Desktop/08/apache-htmx/src/Shared/Infrastructure/PathManager.php:217
/home/dan/Desktop/08/apache-htmx/src/Shared/Infrastructure/PathManager.php:149
/home/dan/Desktop/08/apache-htmx/src/Shared/Infrastructure/Path/FilePathCache.php:26
/home/dan/Desktop/08/apache-htmx/src/Shared/Infrastructure/PathManager.php:50
/home/dan/Desktop/08/apache-htmx/src/Shared/Infrastructure/PathManager.php:217
/home/dan/Desktop/08/apache-htmx/src/Shared/Infrastructure/PathManager.php:149
/home/dan/Desktop/08/apache-htmx/src/Shared/Infrastructure/Path/FilePathCache.php:26
/home/dan/Desktop/08/apache-htmx/src/Shared/Infrastructure/PathManager.php:50
/home/dan/Desktop/08/apache-htmx/src/Shared/Infrastructure/PathManager.php:217
/home/dan/Desktop/08/apache-htmx/src/Shared/Infrastructure/PathManager.php:149
/home/dan/Desktop/08/apache-htmx/src/Shared/Infrastructure/Path/FilePathCache.php:26
/home/dan/Desktop/08/apache-htmx/src/Shared/Infrastructure/PathManager.php:50
/home/dan/Desktop/08/apache-htmx/src/Shared/Infrastructure/PathManager.php:217
/home/dan/Desktop/08/apache-htmx/src/Shared/Infrastructure/PathManager.php:149
/home/dan/Desktop/08/apache-htmx/src/Shared/Infrastructure/Path/FilePathCache.php:26
/home/dan/Desktop/08/apache-htmx/src/Shared/Infrastructure/PathManager.php:50
/home/dan/Desktop/08/apache-htmx/src/Shared/Infrastructure/PathManager.php:217
/home/dan/Desktop/08/apache-htmx/src/Shared/Infrastructure/PathManager.php:149
/home/dan/Desktop/08/apache-htmx/src/Shared/Infrastructure/Path/FilePathCache.php:26
/home/dan/Desktop/08/apache-htmx/src/Shared/Infrastructure/PathManager.php:50
/home/dan/Desktop/08/apache-htmx/src/Shared/Infrastructure/PathManager.php:217
/home/dan/Desktop/08/apache-htmx/src/Shared/Infrastructure/PathManager.php:149
/home/dan/Desktop/08/apache-htmx/src/Shared/Infrastructure/Path/FilePathCache.php:26
/home/dan/Desktop/08/apache-htmx/src/Shared/Infrastructure/PathManager.php:50
/home/dan/Desktop/08/apache-htmx/src/Shared/Infrastructure/PathManager.php:217
/home/dan/Desktop/08/apache-htmx/src/Shared/Infrastructure/PathManager.php:149
/home/dan/Desktop/08/apache-htmx/src/Shared/Infrastructure/Path/FilePathCache.php:26
/home/dan/Desktop/08/apache-htmx/src/Shared/Infrastructure/PathManager.php:50
/home/dan/Desktop/08/apache-htmx/src/Shared/Infrastructure/PathManager.php:217
/home/dan/Desktop/08/apache-htmx/src/Shared/Infrastructure/PathManager.php:149
/home/dan/Desktop/08/apache-htmx/src/Shared/Infrastructure/Path/FilePathCache.php:26
/home/dan/Desktop/08/apache-htmx/src/Shared/Infrastructure/PathManager.php:50
/home/dan/Desktop/08/apache-htmx/src/Shared/Infrastructure/PathManager.php:217
/home/dan/Desktop/08/apache-htmx/src/Shared/Infrastructure/PathManager.php:149
/home/dan/Desktop/08/apache-htmx/src/Shared/Infrastructure/Path/FilePathCache.php:26
/home/dan/Desktop/08/apache-htmx/src/Shared/Infrastructure/PathManager.php:50
/home/dan/Desktop/08/apache-htmx/src/Shared/Infrastructure/PathManager.php:412
/home/dan/Desktop/08/apache-htmx/tests/Unit/Shared/Infrastructure/PathManagerTest.php:18</error>
        </testcase>
        <testcase name="testDirectoryEvents" file="/home/dan/Desktop/08/apache-htmx/tests/Unit/Shared/Infrastructure/PathManagerTest.php" line="116" class="Tests\Unit\Shared\Infrastructure\PathManagerTest" classname="Tests.Unit.Shared.Infrastructure.PathManagerTest" assertions="0" time="0.000000">
          <error type="Error">Tests\Unit\Shared\Infrastructure\PathManagerTest::testDirectoryEvents
Error: Xdebug has detected a possible infinite loop, and aborted your script with a stack depth of '512' frames

/home/dan/Desktop/08/apache-htmx/src/Shared/Infrastructure/PathManager.php:147
/home/dan/Desktop/08/apache-htmx/src/Shared/Infrastructure/Path/FilePathCache.php:26
/home/dan/Desktop/08/apache-htmx/src/Shared/Infrastructure/PathManager.php:50
/home/dan/Desktop/08/apache-htmx/src/Shared/Infrastructure/PathManager.php:217
/home/dan/Desktop/08/apache-htmx/src/Shared/Infrastructure/PathManager.php:149
/home/dan/Desktop/08/apache-htmx/src/Shared/Infrastructure/Path/FilePathCache.php:26
/home/dan/Desktop/08/apache-htmx/src/Shared/Infrastructure/PathManager.php:50
/home/dan/Desktop/08/apache-htmx/src/Shared/Infrastructure/PathManager.php:217
/home/dan/Desktop/08/apache-htmx/src/Shared/Infrastructure/PathManager.php:149
/home/dan/Desktop/08/apache-htmx/src/Shared/Infrastructure/Path/FilePathCache.php:26
/home/dan/Desktop/08/apache-htmx/src/Shared/Infrastructure/PathManager.php:50
/home/dan/Desktop/08/apache-htmx/src/Shared/Infrastructure/PathManager.php:217
/home/dan/Desktop/08/apache-htmx/src/Shared/Infrastructure/PathManager.php:149
/home/dan/Desktop/08/apache-htmx/src/Shared/Infrastructure/Path/FilePathCache.php:26
/home/dan/Desktop/08/apache-htmx/src/Shared/Infrastructure/PathManager.php:50
/home/dan/Desktop/08/apache-htmx/src/Shared/Infrastructure/PathManager.php:217
/home/dan/Desktop/08/apache-htmx/src/Shared/Infrastructure/PathManager.php:149
/home/dan/Desktop/08/apache-htmx/src/Shared/Infrastructure/Path/FilePathCache.php:26
/home/dan/Desktop/08/apache-htmx/src/Shared/Infrastructure/PathManager.php:50
/home/dan/Desktop/08/apache-htmx/src/Shared/Infrastructure/PathManager.php:217
/home/dan/Desktop/08/apache-htmx/src/Shared/Infrastructure/PathManager.php:149
/home/dan/Desktop/08/apache-htmx/src/Shared/Infrastructure/Path/FilePathCache.php:26
/home/dan/Desktop/08/apache-htmx/src/Shared/Infrastructure/PathManager.php:50
/home/dan/Desktop/08/apache-htmx/src/Shared/Infrastructure/PathManager.php:217
/home/dan/Desktop/08/apache-htmx/src/Shared/Infrastructure/PathManager.php:149
/home/dan/Desktop/08/apache-htmx/src/Shared/Infrastructure/Path/FilePathCache.php:26
/home/dan/Desktop/08/apache-htmx/src/Shared/Infrastructure/PathManager.php:50
/home/dan/Desktop/08/apache-htmx/src/Shared/Infrastructure/PathManager.php:217
/home/dan/Desktop/08/apache-htmx/src/Shared/Infrastructure/PathManager.php:149
/home/dan/Desktop/08/apache-htmx/src/Shared/Infrastructure/Path/FilePathCache.php:26
/home/dan/Desktop/08/apache-htmx/src/Shared/Infrastructure/PathManager.php:50
/home/dan/Desktop/08/apache-htmx/src/Shared/Infrastructure/PathManager.php:217
/home/dan/Desktop/08/apache-htmx/src/Shared/Infrastructure/PathManager.php:149
/home/dan/Desktop/08/apache-htmx/src/Shared/Infrastructure/Path/FilePathCache.php:26
/home/dan/Desktop/08/apache-htmx/src/Shared/Infrastructure/PathManager.php:50
/home/dan/Desktop/08/apache-htmx/src/Shared/Infrastructure/PathManager.php:217
/home/dan/Desktop/08/apache-htmx/src/Shared/Infrastructure/PathManager.php:149
/home/dan/Desktop/08/apache-htmx/src/Shared/Infrastructure/Path/FilePathCache.php:26
/home/dan/Desktop/08/apache-htmx/src/Shared/Infrastructure/PathManager.php:50
/home/dan/Desktop/08/apache-htmx/src/Shared/Infrastructure/PathManager.php:217
/home/dan/Desktop/08/apache-htmx/src/Shared/Infrastructure/PathManager.php:149
/home/dan/Desktop/08/apache-htmx/src/Shared/Infrastructure/Path/FilePathCache.php:26
/home/dan/Desktop/08/apache-htmx/src/Shared/Infrastructure/PathManager.php:50
/home/dan/Desktop/08/apache-htmx/src/Shared/Infrastructure/PathManager.php:217
/home/dan/Desktop/08/apache-htmx/src/Shared/Infrastructure/PathManager.php:149
/home/dan/Desktop/08/apache-htmx/src/Shared/Infrastructure/Path/FilePathCache.php:26
/home/dan/Desktop/08/apache-htmx/src/Shared/Infrastructure/PathManager.php:50
/home/dan/Desktop/08/apache-htmx/src/Shared/Infrastructure/PathManager.php:217
/home/dan/Desktop/08/apache-htmx/src/Shared/Infrastructure/PathManager.php:149
/home/dan/Desktop/08/apache-htmx/src/Shared/Infrastructure/Path/FilePathCache.php:26
/home/dan/Desktop/08/apache-htmx/src/Shared/Infrastructure/PathManager.php:50
/home/dan/Desktop/08/apache-htmx/src/Shared/Infrastructure/PathManager.php:217
/home/dan/Desktop/08/apache-htmx/src/Shared/Infrastructure/PathManager.php:149
/home/dan/Desktop/08/apache-htmx/src/Shared/Infrastructure/Path/FilePathCache.php:26
/home/dan/Desktop/08/apache-htmx/src/Shared/Infrastructure/PathManager.php:50
/home/dan/Desktop/08/apache-htmx/src/Shared/Infrastructure/PathManager.php:217
/home/dan/Desktop/08/apache-htmx/src/Shared/Infrastructure/PathManager.php:149
/home/dan/Desktop/08/apache-htmx/src/Shared/Infrastructure/Path/FilePathCache.php:26
/home/dan/Desktop/08/apache-htmx/src/Shared/Infrastructure/PathManager.php:50
/home/dan/Desktop/08/apache-htmx/src/Shared/Infrastructure/PathManager.php:217
/home/dan/Desktop/08/apache-htmx/src/Shared/Infrastructure/PathManager.php:149
/home/dan/Desktop/08/apache-htmx/src/Shared/Infrastructure/Path/FilePathCache.php:26
/home/dan/Desktop/08/apache-htmx/src/Shared/Infrastructure/PathManager.php:50
/home/dan/Desktop/08/apache-htmx/src/Shared/Infrastructure/PathManager.php:217
/home/dan/Desktop/08/apache-htmx/src/Shared/Infrastructure/PathManager.php:149
/home/dan/Desktop/08/apache-htmx/src/Shared/Infrastructure/Path/FilePathCache.php:26
/home/dan/Desktop/08/apache-htmx/src/Shared/Infrastructure/PathManager.php:50
/home/dan/Desktop/08/apache-htmx/src/Shared/Infrastructure/PathManager.php:217
/home/dan/Desktop/08/apache-htmx/src/Shared/Infrastructure/PathManager.php:149
/home/dan/Desktop/08/apache-htmx/src/Shared/Infrastructure/Path/FilePathCache.php:26
/home/dan/Desktop/08/apache-htmx/src/Shared/Infrastructure/PathManager.php:50
/home/dan/Desktop/08/apache-htmx/src/Shared/Infrastructure/PathManager.php:217
/home/dan/Desktop/08/apache-htmx/src/Shared/Infrastructure/PathManager.php:149
/home/dan/Desktop/08/apache-htmx/src/Shared/Infrastructure/Path/FilePathCache.php:26
/home/dan/Desktop/08/apache-htmx/src/Shared/Infrastructure/PathManager.php:50
/home/dan/Desktop/08/apache-htmx/src/Shared/Infrastructure/PathManager.php:217
/home/dan/Desktop/08/apache-htmx/src/Shared/Infrastructure/PathManager.php:149
/home/dan/Desktop/08/apache-htmx/src/Shared/Infrastructure/Path/FilePathCache.php:26
/home/dan/Desktop/08/apache-htmx/src/Shared/Infrastructure/PathManager.php:50
/home/dan/Desktop/08/apache-htmx/src/Shared/Infrastructure/PathManager.php:217
/home/dan/Desktop/08/apache-htmx/src/Shared/Infrastructure/PathManager.php:149
/home/dan/Desktop/08/apache-htmx/src/Shared/Infrastructure/Path/FilePathCache.php:26
/home/dan/Desktop/08/apache-htmx/src/Shared/Infrastructure/PathManager.php:50
/home/dan/Desktop/08/apache-htmx/src/Shared/Infrastructure/PathManager.php:217
/home/dan/Desktop/08/apache-htmx/src/Shared/Infrastructure/PathManager.php:149
/home/dan/Desktop/08/apache-htmx/src/Shared/Infrastructure/Path/FilePathCache.php:26
/home/dan/Desktop/08/apache-htmx/src/Shared/Infrastructure/PathManager.php:50
/home/dan/Desktop/08/apache-htmx/src/Shared/Infrastructure/PathManager.php:217
/home/dan/Desktop/08/apache-htmx/src/Shared/Infrastructure/PathManager.php:149
/home/dan/Desktop/08/apache-htmx/src/Shared/Infrastructure/Path/FilePathCache.php:26
/home/dan/Desktop/08/apache-htmx/src/Shared/Infrastructure/PathManager.php:50
/home/dan/Desktop/08/apache-htmx/src/Shared/Infrastructure/PathManager.php:217
/home/dan/Desktop/08/apache-htmx/src/Shared/Infrastructure/PathManager.php:149
/home/dan/Desktop/08/apache-htmx/src/Shared/Infrastructure/Path/FilePathCache.php:26
/home/dan/Desktop/08/apache-htmx/src/Shared/Infrastructure/PathManager.php:50
/home/dan/Desktop/08/apache-htmx/src/Shared/Infrastructure/PathManager.php:217
/home/dan/Desktop/08/apache-htmx/src/Shared/Infrastructure/PathManager.php:149
/home/dan/Desktop/08/apache-htmx/src/Shared/Infrastructure/Path/FilePathCache.php:26
/home/dan/Desktop/08/apache-htmx/src/Shared/Infrastructure/PathManager.php:50
/home/dan/Desktop/08/apache-htmx/src/Shared/Infrastructure/PathManager.php:217
/home/dan/Desktop/08/apache-htmx/src/Shared/Infrastructure/PathManager.php:149
/home/dan/Desktop/08/apache-htmx/src/Shared/Infrastructure/Path/FilePathCache.php:26
/home/dan/Desktop/08/apache-htmx/src/Shared/Infrastructure/PathManager.php:50
/home/dan/Desktop/08/apache-htmx/src/Shared/Infrastructure/PathManager.php:217
/home/dan/Desktop/08/apache-htmx/src/Shared/Infrastructure/PathManager.php:149
/home/dan/Desktop/08/apache-htmx/src/Shared/Infrastructure/Path/FilePathCache.php:26
/home/dan/Desktop/08/apache-htmx/src/Shared/Infrastructure/PathManager.php:50
/home/dan/Desktop/08/apache-htmx/src/Shared/Infrastructure/PathManager.php:217
/home/dan/Desktop/08/apache-htmx/src/Shared/Infrastructure/PathManager.php:149
/home/dan/Desktop/08/apache-htmx/src/Shared/Infrastructure/Path/FilePathCache.php:26
/home/dan/Desktop/08/apache-htmx/src/Shared/Infrastructure/PathManager.php:50
/home/dan/Desktop/08/apache-htmx/src/Shared/Infrastructure/PathManager.php:217
/home/dan/Desktop/08/apache-htmx/src/Shared/Infrastructure/PathManager.php:149
/home/dan/Desktop/08/apache-htmx/src/Shared/Infrastructure/Path/FilePathCache.php:26
/home/dan/Desktop/08/apache-htmx/src/Shared/Infrastructure/PathManager.php:50
/home/dan/Desktop/08/apache-htmx/src/Shared/Infrastructure/PathManager.php:217
/home/dan/Desktop/08/apache-htmx/src/Shared/Infrastructure/PathManager.php:149
/home/dan/Desktop/08/apache-htmx/src/Shared/Infrastructure/Path/FilePathCache.php:26
/home/dan/Desktop/08/apache-htmx/src/Shared/Infrastructure/PathManager.php:50
/home/dan/Desktop/08/apache-htmx/src/Shared/Infrastructure/PathManager.php:217
/home/dan/Desktop/08/apache-htmx/src/Shared/Infrastructure/PathManager.php:149
/home/dan/Desktop/08/apache-htmx/src/Shared/Infrastructure/Path/FilePathCache.php:26
/home/dan/Desktop/08/apache-htmx/src/Shared/Infrastructure/PathManager.php:50
/home/dan/Desktop/08/apache-htmx/src/Shared/Infrastructure/PathManager.php:217
/home/dan/Desktop/08/apache-htmx/src/Shared/Infrastructure/PathManager.php:149
/home/dan/Desktop/08/apache-htmx/src/Shared/Infrastructure/Path/FilePathCache.php:26
/home/dan/Desktop/08/apache-htmx/src/Shared/Infrastructure/PathManager.php:50
/home/dan/Desktop/08/apache-htmx/src/Shared/Infrastructure/PathManager.php:217
/home/dan/Desktop/08/apache-htmx/src/Shared/Infrastructure/PathManager.php:149
/home/dan/Desktop/08/apache-htmx/src/Shared/Infrastructure/Path/FilePathCache.php:26
/home/dan/Desktop/08/apache-htmx/src/Shared/Infrastructure/PathManager.php:50
/home/dan/Desktop/08/apache-htmx/src/Shared/Infrastructure/PathManager.php:217
/home/dan/Desktop/08/apache-htmx/src/Shared/Infrastructure/PathManager.php:149
/home/dan/Desktop/08/apache-htmx/src/Shared/Infrastructure/Path/FilePathCache.php:26
/home/dan/Desktop/08/apache-htmx/src/Shared/Infrastructure/PathManager.php:50
/home/dan/Desktop/08/apache-htmx/src/Shared/Infrastructure/PathManager.php:217
/home/dan/Desktop/08/apache-htmx/src/Shared/Infrastructure/PathManager.php:149
/home/dan/Desktop/08/apache-htmx/src/Shared/Infrastructure/Path/FilePathCache.php:26
/home/dan/Desktop/08/apache-htmx/src/Shared/Infrastructure/PathManager.php:50
/home/dan/Desktop/08/apache-htmx/src/Shared/Infrastructure/PathManager.php:217
/home/dan/Desktop/08/apache-htmx/src/Shared/Infrastructure/PathManager.php:149
/home/dan/Desktop/08/apache-htmx/src/Shared/Infrastructure/Path/FilePathCache.php:26
/home/dan/Desktop/08/apache-htmx/src/Shared/Infrastructure/PathManager.php:50
/home/dan/Desktop/08/apache-htmx/src/Shared/Infrastructure/PathManager.php:217
/home/dan/Desktop/08/apache-htmx/src/Shared/Infrastructure/PathManager.php:149
/home/dan/Desktop/08/apache-htmx/src/Shared/Infrastructure/Path/FilePathCache.php:26
/home/dan/Desktop/08/apache-htmx/src/Shared/Infrastructure/PathManager.php:50
/home/dan/Desktop/08/apache-htmx/src/Shared/Infrastructure/PathManager.php:217
/home/dan/Desktop/08/apache-htmx/src/Shared/Infrastructure/PathManager.php:149
/home/dan/Desktop/08/apache-htmx/src/Shared/Infrastructure/Path/FilePathCache.php:26
/home/dan/Desktop/08/apache-htmx/src/Shared/Infrastructure/PathManager.php:50
/home/dan/Desktop/08/apache-htmx/src/Shared/Infrastructure/PathManager.php:217
/home/dan/Desktop/08/apache-htmx/src/Shared/Infrastructure/PathManager.php:149
/home/dan/Desktop/08/apache-htmx/src/Shared/Infrastructure/Path/FilePathCache.php:26
/home/dan/Desktop/08/apache-htmx/src/Shared/Infrastructure/PathManager.php:50
/home/dan/Desktop/08/apache-htmx/src/Shared/Infrastructure/PathManager.php:217
/home/dan/Desktop/08/apache-htmx/src/Shared/Infrastructure/PathManager.php:149
/home/dan/Desktop/08/apache-htmx/src/Shared/Infrastructure/Path/FilePathCache.php:26
/home/dan/Desktop/08/apache-htmx/src/Shared/Infrastructure/PathManager.php:50
/home/dan/Desktop/08/apache-htmx/src/Shared/Infrastructure/PathManager.php:217
/home/dan/Desktop/08/apache-htmx/src/Shared/Infrastructure/PathManager.php:149
/home/dan/Desktop/08/apache-htmx/src/Shared/Infrastructure/Path/FilePathCache.php:26
/home/dan/Desktop/08/apache-htmx/src/Shared/Infrastructure/PathManager.php:50
/home/dan/Desktop/08/apache-htmx/src/Shared/Infrastructure/PathManager.php:217
/home/dan/Desktop/08/apache-htmx/src/Shared/Infrastructure/PathManager.php:149
/home/dan/Desktop/08/apache-htmx/src/Shared/Infrastructure/Path/FilePathCache.php:26
/home/dan/Desktop/08/apache-htmx/src/Shared/Infrastructure/PathManager.php:50
/home/dan/Desktop/08/apache-htmx/src/Shared/Infrastructure/PathManager.php:217
/home/dan/Desktop/08/apache-htmx/src/Shared/Infrastructure/PathManager.php:149
/home/dan/Desktop/08/apache-htmx/src/Shared/Infrastructure/Path/FilePathCache.php:26
/home/dan/Desktop/08/apache-htmx/src/Shared/Infrastructure/PathManager.php:50
/home/dan/Desktop/08/apache-htmx/src/Shared/Infrastructure/PathManager.php:217
/home/dan/Desktop/08/apache-htmx/src/Shared/Infrastructure/PathManager.php:149
/home/dan/Desktop/08/apache-htmx/src/Shared/Infrastructure/Path/FilePathCache.php:26
/home/dan/Desktop/08/apache-htmx/src/Shared/Infrastructure/PathManager.php:50
/home/dan/Desktop/08/apache-htmx/src/Shared/Infrastructure/PathManager.php:217
/home/dan/Desktop/08/apache-htmx/src/Shared/Infrastructure/PathManager.php:149
/home/dan/Desktop/08/apache-htmx/src/Shared/Infrastructure/Path/FilePathCache.php:26
/home/dan/Desktop/08/apache-htmx/src/Shared/Infrastructure/PathManager.php:50
/home/dan/Desktop/08/apache-htmx/src/Shared/Infrastructure/PathManager.php:217
/home/dan/Desktop/08/apache-htmx/src/Shared/Infrastructure/PathManager.php:149
/home/dan/Desktop/08/apache-htmx/src/Shared/Infrastructure/Path/FilePathCache.php:26
/home/dan/Desktop/08/apache-htmx/src/Shared/Infrastructure/PathManager.php:50
/home/dan/Desktop/08/apache-htmx/src/Shared/Infrastructure/PathManager.php:217
/home/dan/Desktop/08/apache-htmx/src/Shared/Infrastructure/PathManager.php:149
/home/dan/Desktop/08/apache-htmx/src/Shared/Infrastructure/Path/FilePathCache.php:26
/home/dan/Desktop/08/apache-htmx/src/Shared/Infrastructure/PathManager.php:50
/home/dan/Desktop/08/apache-htmx/src/Shared/Infrastructure/PathManager.php:217
/home/dan/Desktop/08/apache-htmx/src/Shared/Infrastructure/PathManager.php:149
/home/dan/Desktop/08/apache-htmx/src/Shared/Infrastructure/Path/FilePathCache.php:26
/home/dan/Desktop/08/apache-htmx/src/Shared/Infrastructure/PathManager.php:50
/home/dan/Desktop/08/apache-htmx/src/Shared/Infrastructure/PathManager.php:217
/home/dan/Desktop/08/apache-htmx/src/Shared/Infrastructure/PathManager.php:149
/home/dan/Desktop/08/apache-htmx/src/Shared/Infrastructure/Path/FilePathCache.php:26
/home/dan/Desktop/08/apache-htmx/src/Shared/Infrastructure/PathManager.php:50
/home/dan/Desktop/08/apache-htmx/src/Shared/Infrastructure/PathManager.php:217
/home/dan/Desktop/08/apache-htmx/src/Shared/Infrastructure/PathManager.php:149
/home/dan/Desktop/08/apache-htmx/src/Shared/Infrastructure/Path/FilePathCache.php:26
/home/dan/Desktop/08/apache-htmx/src/Shared/Infrastructure/PathManager.php:50
/home/dan/Desktop/08/apache-htmx/src/Shared/Infrastructure/PathManager.php:217
/home/dan/Desktop/08/apache-htmx/src/Shared/Infrastructure/PathManager.php:149
/home/dan/Desktop/08/apache-htmx/src/Shared/Infrastructure/Path/FilePathCache.php:26
/home/dan/Desktop/08/apache-htmx/src/Shared/Infrastructure/PathManager.php:50
/home/dan/Desktop/08/apache-htmx/src/Shared/Infrastructure/PathManager.php:217
/home/dan/Desktop/08/apache-htmx/src/Shared/Infrastructure/PathManager.php:149
/home/dan/Desktop/08/apache-htmx/src/Shared/Infrastructure/Path/FilePathCache.php:26
/home/dan/Desktop/08/apache-htmx/src/Shared/Infrastructure/PathManager.php:50
/home/dan/Desktop/08/apache-htmx/src/Shared/Infrastructure/PathManager.php:217
/home/dan/Desktop/08/apache-htmx/src/Shared/Infrastructure/PathManager.php:149
/home/dan/Desktop/08/apache-htmx/src/Shared/Infrastructure/Path/FilePathCache.php:26
/home/dan/Desktop/08/apache-htmx/src/Shared/Infrastructure/PathManager.php:50
/home/dan/Desktop/08/apache-htmx/src/Shared/Infrastructure/PathManager.php:217
/home/dan/Desktop/08/apache-htmx/src/Shared/Infrastructure/PathManager.php:149
/home/dan/Desktop/08/apache-htmx/src/Shared/Infrastructure/Path/FilePathCache.php:26
/home/dan/Desktop/08/apache-htmx/src/Shared/Infrastructure/PathManager.php:50
/home/dan/Desktop/08/apache-htmx/src/Shared/Infrastructure/PathManager.php:217
/home/dan/Desktop/08/apache-htmx/src/Shared/Infrastructure/PathManager.php:149
/home/dan/Desktop/08/apache-htmx/src/Shared/Infrastructure/Path/FilePathCache.php:26
/home/dan/Desktop/08/apache-htmx/src/Shared/Infrastructure/PathManager.php:50
/home/dan/Desktop/08/apache-htmx/src/Shared/Infrastructure/PathManager.php:217
/home/dan/Desktop/08/apache-htmx/src/Shared/Infrastructure/PathManager.php:149
/home/dan/Desktop/08/apache-htmx/src/Shared/Infrastructure/Path/FilePathCache.php:26
/home/dan/Desktop/08/apache-htmx/src/Shared/Infrastructure/PathManager.php:50
/home/dan/Desktop/08/apache-htmx/src/Shared/Infrastructure/PathManager.php:217
/home/dan/Desktop/08/apache-htmx/src/Shared/Infrastructure/PathManager.php:149
/home/dan/Desktop/08/apache-htmx/src/Shared/Infrastructure/Path/FilePathCache.php:26
/home/dan/Desktop/08/apache-htmx/src/Shared/Infrastructure/PathManager.php:50
/home/dan/Desktop/08/apache-htmx/src/Shared/Infrastructure/PathManager.php:217
/home/dan/Desktop/08/apache-htmx/src/Shared/Infrastructure/PathManager.php:149
/home/dan/Desktop/08/apache-htmx/src/Shared/Infrastructure/Path/FilePathCache.php:26
/home/dan/Desktop/08/apache-htmx/src/Shared/Infrastructure/PathManager.php:50
/home/dan/Desktop/08/apache-htmx/src/Shared/Infrastructure/PathManager.php:217
/home/dan/Desktop/08/apache-htmx/src/Shared/Infrastructure/PathManager.php:149
/home/dan/Desktop/08/apache-htmx/src/Shared/Infrastructure/Path/FilePathCache.php:26
/home/dan/Desktop/08/apache-htmx/src/Shared/Infrastructure/PathManager.php:50
/home/dan/Desktop/08/apache-htmx/src/Shared/Infrastructure/PathManager.php:217
/home/dan/Desktop/08/apache-htmx/src/Shared/Infrastructure/PathManager.php:149
/home/dan/Desktop/08/apache-htmx/src/Shared/Infrastructure/Path/FilePathCache.php:26
/home/dan/Desktop/08/apache-htmx/src/Shared/Infrastructure/PathManager.php:50
/home/dan/Desktop/08/apache-htmx/src/Shared/Infrastructure/PathManager.php:217
/home/dan/Desktop/08/apache-htmx/src/Shared/Infrastructure/PathManager.php:149
/home/dan/Desktop/08/apache-htmx/src/Shared/Infrastructure/Path/FilePathCache.php:26
/home/dan/Desktop/08/apache-htmx/src/Shared/Infrastructure/PathManager.php:50
/home/dan/Desktop/08/apache-htmx/src/Shared/Infrastructure/PathManager.php:217
/home/dan/Desktop/08/apache-htmx/src/Shared/Infrastructure/PathManager.php:149
/home/dan/Desktop/08/apache-htmx/src/Shared/Infrastructure/Path/FilePathCache.php:26
/home/dan/Desktop/08/apache-htmx/src/Shared/Infrastructure/PathManager.php:50
/home/dan/Desktop/08/apache-htmx/src/Shared/Infrastructure/PathManager.php:217
/home/dan/Desktop/08/apache-htmx/src/Shared/Infrastructure/PathManager.php:149
/home/dan/Desktop/08/apache-htmx/src/Shared/Infrastructure/Path/FilePathCache.php:26
/home/dan/Desktop/08/apache-htmx/src/Shared/Infrastructure/PathManager.php:50
/home/dan/Desktop/08/apache-htmx/src/Shared/Infrastructure/PathManager.php:217
/home/dan/Desktop/08/apache-htmx/src/Shared/Infrastructure/PathManager.php:149
/home/dan/Desktop/08/apache-htmx/src/Shared/Infrastructure/Path/FilePathCache.php:26
/home/dan/Desktop/08/apache-htmx/src/Shared/Infrastructure/PathManager.php:50
/home/dan/Desktop/08/apache-htmx/src/Shared/Infrastructure/PathManager.php:217
/home/dan/Desktop/08/apache-htmx/src/Shared/Infrastructure/PathManager.php:149
/home/dan/Desktop/08/apache-htmx/src/Shared/Infrastructure/Path/FilePathCache.php:26
/home/dan/Desktop/08/apache-htmx/src/Shared/Infrastructure/PathManager.php:50
/home/dan/Desktop/08/apache-htmx/src/Shared/Infrastructure/PathManager.php:217
/home/dan/Desktop/08/apache-htmx/src/Shared/Infrastructure/PathManager.php:149
/home/dan/Desktop/08/apache-htmx/src/Shared/Infrastructure/Path/FilePathCache.php:26
/home/dan/Desktop/08/apache-htmx/src/Shared/Infrastructure/PathManager.php:50
/home/dan/Desktop/08/apache-htmx/src/Shared/Infrastructure/PathManager.php:217
/home/dan/Desktop/08/apache-htmx/src/Shared/Infrastructure/PathManager.php:149
/home/dan/Desktop/08/apache-htmx/src/Shared/Infrastructure/Path/FilePathCache.php:26
/home/dan/Desktop/08/apache-htmx/src/Shared/Infrastructure/PathManager.php:50
/home/dan/Desktop/08/apache-htmx/src/Shared/Infrastructure/PathManager.php:217
/home/dan/Desktop/08/apache-htmx/src/Shared/Infrastructure/PathManager.php:149
/home/dan/Desktop/08/apache-htmx/src/Shared/Infrastructure/Path/FilePathCache.php:26
/home/dan/Desktop/08/apache-htmx/src/Shared/Infrastructure/PathManager.php:50
/home/dan/Desktop/08/apache-htmx/src/Shared/Infrastructure/PathManager.php:217
/home/dan/Desktop/08/apache-htmx/src/Shared/Infrastructure/PathManager.php:149
/home/dan/Desktop/08/apache-htmx/src/Shared/Infrastructure/Path/FilePathCache.php:26
/home/dan/Desktop/08/apache-htmx/src/Shared/Infrastructure/PathManager.php:50
/home/dan/Desktop/08/apache-htmx/src/Shared/Infrastructure/PathManager.php:217
/home/dan/Desktop/08/apache-htmx/src/Shared/Infrastructure/PathManager.php:149
/home/dan/Desktop/08/apache-htmx/src/Shared/Infrastructure/Path/FilePathCache.php:26
/home/dan/Desktop/08/apache-htmx/src/Shared/Infrastructure/PathManager.php:50
/home/dan/Desktop/08/apache-htmx/src/Shared/Infrastructure/PathManager.php:217
/home/dan/Desktop/08/apache-htmx/src/Shared/Infrastructure/PathManager.php:149
/home/dan/Desktop/08/apache-htmx/src/Shared/Infrastructure/Path/FilePathCache.php:26
/home/dan/Desktop/08/apache-htmx/src/Shared/Infrastructure/PathManager.php:50
/home/dan/Desktop/08/apache-htmx/src/Shared/Infrastructure/PathManager.php:217
/home/dan/Desktop/08/apache-htmx/src/Shared/Infrastructure/PathManager.php:149
/home/dan/Desktop/08/apache-htmx/src/Shared/Infrastructure/Path/FilePathCache.php:26
/home/dan/Desktop/08/apache-htmx/src/Shared/Infrastructure/PathManager.php:50
/home/dan/Desktop/08/apache-htmx/src/Shared/Infrastructure/PathManager.php:217
/home/dan/Desktop/08/apache-htmx/src/Shared/Infrastructure/PathManager.php:149
/home/dan/Desktop/08/apache-htmx/src/Shared/Infrastructure/Path/FilePathCache.php:26
/home/dan/Desktop/08/apache-htmx/src/Shared/Infrastructure/PathManager.php:50
/home/dan/Desktop/08/apache-htmx/src/Shared/Infrastructure/PathManager.php:217
/home/dan/Desktop/08/apache-htmx/src/Shared/Infrastructure/PathManager.php:149
/home/dan/Desktop/08/apache-htmx/src/Shared/Infrastructure/Path/FilePathCache.php:26
/home/dan/Desktop/08/apache-htmx/src/Shared/Infrastructure/PathManager.php:50
/home/dan/Desktop/08/apache-htmx/src/Shared/Infrastructure/PathManager.php:217
/home/dan/Desktop/08/apache-htmx/src/Shared/Infrastructure/PathManager.php:149
/home/dan/Desktop/08/apache-htmx/src/Shared/Infrastructure/Path/FilePathCache.php:26
/home/dan/Desktop/08/apache-htmx/src/Shared/Infrastructure/PathManager.php:50
/home/dan/Desktop/08/apache-htmx/src/Shared/Infrastructure/PathManager.php:217
/home/dan/Desktop/08/apache-htmx/src/Shared/Infrastructure/PathManager.php:149
/home/dan/Desktop/08/apache-htmx/src/Shared/Infrastructure/Path/FilePathCache.php:26
/home/dan/Desktop/08/apache-htmx/src/Shared/Infrastructure/PathManager.php:50
/home/dan/Desktop/08/apache-htmx/src/Shared/Infrastructure/PathManager.php:217
/home/dan/Desktop/08/apache-htmx/src/Shared/Infrastructure/PathManager.php:149
/home/dan/Desktop/08/apache-htmx/src/Shared/Infrastructure/Path/FilePathCache.php:26
/home/dan/Desktop/08/apache-htmx/src/Shared/Infrastructure/PathManager.php:50
/home/dan/Desktop/08/apache-htmx/src/Shared/Infrastructure/PathManager.php:217
/home/dan/Desktop/08/apache-htmx/src/Shared/Infrastructure/PathManager.php:149
/home/dan/Desktop/08/apache-htmx/src/Shared/Infrastructure/Path/FilePathCache.php:26
/home/dan/Desktop/08/apache-htmx/src/Shared/Infrastructure/PathManager.php:50
/home/dan/Desktop/08/apache-htmx/src/Shared/Infrastructure/PathManager.php:217
/home/dan/Desktop/08/apache-htmx/src/Shared/Infrastructure/PathManager.php:149
/home/dan/Desktop/08/apache-htmx/src/Shared/Infrastructure/Path/FilePathCache.php:26
/home/dan/Desktop/08/apache-htmx/src/Shared/Infrastructure/PathManager.php:50
/home/dan/Desktop/08/apache-htmx/src/Shared/Infrastructure/PathManager.php:217
/home/dan/Desktop/08/apache-htmx/src/Shared/Infrastructure/PathManager.php:149
/home/dan/Desktop/08/apache-htmx/src/Shared/Infrastructure/Path/FilePathCache.php:26
/home/dan/Desktop/08/apache-htmx/src/Shared/Infrastructure/PathManager.php:50
/home/dan/Desktop/08/apache-htmx/src/Shared/Infrastructure/PathManager.php:217
/home/dan/Desktop/08/apache-htmx/src/Shared/Infrastructure/PathManager.php:149
/home/dan/Desktop/08/apache-htmx/src/Shared/Infrastructure/Path/FilePathCache.php:26
/home/dan/Desktop/08/apache-htmx/src/Shared/Infrastructure/PathManager.php:50
/home/dan/Desktop/08/apache-htmx/src/Shared/Infrastructure/PathManager.php:217
/home/dan/Desktop/08/apache-htmx/src/Shared/Infrastructure/PathManager.php:149
/home/dan/Desktop/08/apache-htmx/src/Shared/Infrastructure/Path/FilePathCache.php:26
/home/dan/Desktop/08/apache-htmx/src/Shared/Infrastructure/PathManager.php:50
/home/dan/Desktop/08/apache-htmx/src/Shared/Infrastructure/PathManager.php:217
/home/dan/Desktop/08/apache-htmx/src/Shared/Infrastructure/PathManager.php:149
/home/dan/Desktop/08/apache-htmx/src/Shared/Infrastructure/Path/FilePathCache.php:26
/home/dan/Desktop/08/apache-htmx/src/Shared/Infrastructure/PathManager.php:50
/home/dan/Desktop/08/apache-htmx/src/Shared/Infrastructure/PathManager.php:217
/home/dan/Desktop/08/apache-htmx/src/Shared/Infrastructure/PathManager.php:149
/home/dan/Desktop/08/apache-htmx/src/Shared/Infrastructure/Path/FilePathCache.php:26
/home/dan/Desktop/08/apache-htmx/src/Shared/Infrastructure/PathManager.php:50
/home/dan/Desktop/08/apache-htmx/src/Shared/Infrastructure/PathManager.php:217
/home/dan/Desktop/08/apache-htmx/src/Shared/Infrastructure/PathManager.php:149
/home/dan/Desktop/08/apache-htmx/src/Shared/Infrastructure/Path/FilePathCache.php:26
/home/dan/Desktop/08/apache-htmx/src/Shared/Infrastructure/PathManager.php:50
/home/dan/Desktop/08/apache-htmx/src/Shared/Infrastructure/PathManager.php:217
/home/dan/Desktop/08/apache-htmx/src/Shared/Infrastructure/PathManager.php:149
/home/dan/Desktop/08/apache-htmx/src/Shared/Infrastructure/Path/FilePathCache.php:26
/home/dan/Desktop/08/apache-htmx/src/Shared/Infrastructure/PathManager.php:50
/home/dan/Desktop/08/apache-htmx/src/Shared/Infrastructure/PathManager.php:217
/home/dan/Desktop/08/apache-htmx/src/Shared/Infrastructure/PathManager.php:149
/home/dan/Desktop/08/apache-htmx/src/Shared/Infrastructure/Path/FilePathCache.php:26
/home/dan/Desktop/08/apache-htmx/src/Shared/Infrastructure/PathManager.php:50
/home/dan/Desktop/08/apache-htmx/src/Shared/Infrastructure/PathManager.php:217
/home/dan/Desktop/08/apache-htmx/src/Shared/Infrastructure/PathManager.php:149
/home/dan/Desktop/08/apache-htmx/src/Shared/Infrastructure/Path/FilePathCache.php:26
/home/dan/Desktop/08/apache-htmx/src/Shared/Infrastructure/PathManager.php:50
/home/dan/Desktop/08/apache-htmx/src/Shared/Infrastructure/PathManager.php:217
/home/dan/Desktop/08/apache-htmx/src/Shared/Infrastructure/PathManager.php:149
/home/dan/Desktop/08/apache-htmx/src/Shared/Infrastructure/Path/FilePathCache.php:26
/home/dan/Desktop/08/apache-htmx/src/Shared/Infrastructure/PathManager.php:50
/home/dan/Desktop/08/apache-htmx/src/Shared/Infrastructure/PathManager.php:217
/home/dan/Desktop/08/apache-htmx/src/Shared/Infrastructure/PathManager.php:149
/home/dan/Desktop/08/apache-htmx/src/Shared/Infrastructure/Path/FilePathCache.php:26
/home/dan/Desktop/08/apache-htmx/src/Shared/Infrastructure/PathManager.php:50
/home/dan/Desktop/08/apache-htmx/src/Shared/Infrastructure/PathManager.php:217
/home/dan/Desktop/08/apache-htmx/src/Shared/Infrastructure/PathManager.php:149
/home/dan/Desktop/08/apache-htmx/src/Shared/Infrastructure/Path/FilePathCache.php:26
/home/dan/Desktop/08/apache-htmx/src/Shared/Infrastructure/PathManager.php:50
/home/dan/Desktop/08/apache-htmx/src/Shared/Infrastructure/PathManager.php:217
/home/dan/Desktop/08/apache-htmx/src/Shared/Infrastructure/PathManager.php:149
/home/dan/Desktop/08/apache-htmx/src/Shared/Infrastructure/Path/FilePathCache.php:26
/home/dan/Desktop/08/apache-htmx/src/Shared/Infrastructure/PathManager.php:50
/home/dan/Desktop/08/apache-htmx/src/Shared/Infrastructure/PathManager.php:217
/home/dan/Desktop/08/apache-htmx/src/Shared/Infrastructure/PathManager.php:149
/home/dan/Desktop/08/apache-htmx/src/Shared/Infrastructure/Path/FilePathCache.php:26
/home/dan/Desktop/08/apache-htmx/src/Shared/Infrastructure/PathManager.php:50
/home/dan/Desktop/08/apache-htmx/src/Shared/Infrastructure/PathManager.php:217
/home/dan/Desktop/08/apache-htmx/src/Shared/Infrastructure/PathManager.php:149
/home/dan/Desktop/08/apache-htmx/src/Shared/Infrastructure/Path/FilePathCache.php:26
/home/dan/Desktop/08/apache-htmx/src/Shared/Infrastructure/PathManager.php:50
/home/dan/Desktop/08/apache-htmx/src/Shared/Infrastructure/PathManager.php:217
/home/dan/Desktop/08/apache-htmx/src/Shared/Infrastructure/PathManager.php:149
/home/dan/Desktop/08/apache-htmx/src/Shared/Infrastructure/Path/FilePathCache.php:26
/home/dan/Desktop/08/apache-htmx/src/Shared/Infrastructure/PathManager.php:50
/home/dan/Desktop/08/apache-htmx/src/Shared/Infrastructure/PathManager.php:217
/home/dan/Desktop/08/apache-htmx/src/Shared/Infrastructure/PathManager.php:149
/home/dan/Desktop/08/apache-htmx/src/Shared/Infrastructure/Path/FilePathCache.php:26
/home/dan/Desktop/08/apache-htmx/src/Shared/Infrastructure/PathManager.php:50
/home/dan/Desktop/08/apache-htmx/src/Shared/Infrastructure/PathManager.php:217
/home/dan/Desktop/08/apache-htmx/src/Shared/Infrastructure/PathManager.php:149
/home/dan/Desktop/08/apache-htmx/src/Shared/Infrastructure/Path/FilePathCache.php:26
/home/dan/Desktop/08/apache-htmx/src/Shared/Infrastructure/PathManager.php:50
/home/dan/Desktop/08/apache-htmx/src/Shared/Infrastructure/PathManager.php:217
/home/dan/Desktop/08/apache-htmx/src/Shared/Infrastructure/PathManager.php:149
/home/dan/Desktop/08/apache-htmx/src/Shared/Infrastructure/Path/FilePathCache.php:26
/home/dan/Desktop/08/apache-htmx/src/Shared/Infrastructure/PathManager.php:50
/home/dan/Desktop/08/apache-htmx/src/Shared/Infrastructure/PathManager.php:217
/home/dan/Desktop/08/apache-htmx/src/Shared/Infrastructure/PathManager.php:149
/home/dan/Desktop/08/apache-htmx/src/Shared/Infrastructure/Path/FilePathCache.php:26
/home/dan/Desktop/08/apache-htmx/src/Shared/Infrastructure/PathManager.php:50
/home/dan/Desktop/08/apache-htmx/src/Shared/Infrastructure/PathManager.php:217
/home/dan/Desktop/08/apache-htmx/src/Shared/Infrastructure/PathManager.php:149
/home/dan/Desktop/08/apache-htmx/src/Shared/Infrastructure/Path/FilePathCache.php:26
/home/dan/Desktop/08/apache-htmx/src/Shared/Infrastructure/PathManager.php:50
/home/dan/Desktop/08/apache-htmx/src/Shared/Infrastructure/PathManager.php:217
/home/dan/Desktop/08/apache-htmx/src/Shared/Infrastructure/PathManager.php:149
/home/dan/Desktop/08/apache-htmx/src/Shared/Infrastructure/Path/FilePathCache.php:26
/home/dan/Desktop/08/apache-htmx/src/Shared/Infrastructure/PathManager.php:50
/home/dan/Desktop/08/apache-htmx/src/Shared/Infrastructure/PathManager.php:217
/home/dan/Desktop/08/apache-htmx/src/Shared/Infrastructure/PathManager.php:149
/home/dan/Desktop/08/apache-htmx/src/Shared/Infrastructure/Path/FilePathCache.php:26
/home/dan/Desktop/08/apache-htmx/src/Shared/Infrastructure/PathManager.php:50
/home/dan/Desktop/08/apache-htmx/src/Shared/Infrastructure/PathManager.php:217
/home/dan/Desktop/08/apache-htmx/src/Shared/Infrastructure/PathManager.php:149
/home/dan/Desktop/08/apache-htmx/src/Shared/Infrastructure/Path/FilePathCache.php:26
/home/dan/Desktop/08/apache-htmx/src/Shared/Infrastructure/PathManager.php:50
/home/dan/Desktop/08/apache-htmx/src/Shared/Infrastructure/PathManager.php:217
/home/dan/Desktop/08/apache-htmx/src/Shared/Infrastructure/PathManager.php:149
/home/dan/Desktop/08/apache-htmx/src/Shared/Infrastructure/Path/FilePathCache.php:26
/home/dan/Desktop/08/apache-htmx/src/Shared/Infrastructure/PathManager.php:50
/home/dan/Desktop/08/apache-htmx/src/Shared/Infrastructure/PathManager.php:217
/home/dan/Desktop/08/apache-htmx/src/Shared/Infrastructure/PathManager.php:149
/home/dan/Desktop/08/apache-htmx/src/Shared/Infrastructure/Path/FilePathCache.php:26
/home/dan/Desktop/08/apache-htmx/src/Shared/Infrastructure/PathManager.php:50
/home/dan/Desktop/08/apache-htmx/src/Shared/Infrastructure/PathManager.php:217
/home/dan/Desktop/08/apache-htmx/src/Shared/Infrastructure/PathManager.php:149
/home/dan/Desktop/08/apache-htmx/src/Shared/Infrastructure/Path/FilePathCache.php:26
/home/dan/Desktop/08/apache-htmx/src/Shared/Infrastructure/PathManager.php:50
/home/dan/Desktop/08/apache-htmx/src/Shared/Infrastructure/PathManager.php:217
/home/dan/Desktop/08/apache-htmx/src/Shared/Infrastructure/PathManager.php:149
/home/dan/Desktop/08/apache-htmx/src/Shared/Infrastructure/Path/FilePathCache.php:26
/home/dan/Desktop/08/apache-htmx/src/Shared/Infrastructure/PathManager.php:50
/home/dan/Desktop/08/apache-htmx/src/Shared/Infrastructure/PathManager.php:217
/home/dan/Desktop/08/apache-htmx/src/Shared/Infrastructure/PathManager.php:149
/home/dan/Desktop/08/apache-htmx/src/Shared/Infrastructure/Path/FilePathCache.php:26
/home/dan/Desktop/08/apache-htmx/src/Shared/Infrastructure/PathManager.php:50
/home/dan/Desktop/08/apache-htmx/src/Shared/Infrastructure/PathManager.php:217
/home/dan/Desktop/08/apache-htmx/src/Shared/Infrastructure/PathManager.php:149
/home/dan/Desktop/08/apache-htmx/src/Shared/Infrastructure/Path/FilePathCache.php:26
/home/dan/Desktop/08/apache-htmx/src/Shared/Infrastructure/PathManager.php:50
/home/dan/Desktop/08/apache-htmx/src/Shared/Infrastructure/PathManager.php:217
/home/dan/Desktop/08/apache-htmx/src/Shared/Infrastructure/PathManager.php:149
/home/dan/Desktop/08/apache-htmx/src/Shared/Infrastructure/Path/FilePathCache.php:26
/home/dan/Desktop/08/apache-htmx/src/Shared/Infrastructure/PathManager.php:50
/home/dan/Desktop/08/apache-htmx/src/Shared/Infrastructure/PathManager.php:217
/home/dan/Desktop/08/apache-htmx/src/Shared/Infrastructure/PathManager.php:149
/home/dan/Desktop/08/apache-htmx/src/Shared/Infrastructure/Path/FilePathCache.php:26
/home/dan/Desktop/08/apache-htmx/src/Shared/Infrastructure/PathManager.php:50
/home/dan/Desktop/08/apache-htmx/src/Shared/Infrastructure/PathManager.php:217
/home/dan/Desktop/08/apache-htmx/src/Shared/Infrastructure/PathManager.php:149
/home/dan/Desktop/08/apache-htmx/src/Shared/Infrastructure/Path/FilePathCache.php:26
/home/dan/Desktop/08/apache-htmx/src/Shared/Infrastructure/PathManager.php:50
/home/dan/Desktop/08/apache-htmx/src/Shared/Infrastructure/PathManager.php:217
/home/dan/Desktop/08/apache-htmx/src/Shared/Infrastructure/PathManager.php:149
/home/dan/Desktop/08/apache-htmx/src/Shared/Infrastructure/Path/FilePathCache.php:26
/home/dan/Desktop/08/apache-htmx/src/Shared/Infrastructure/PathManager.php:50
/home/dan/Desktop/08/apache-htmx/src/Shared/Infrastructure/PathManager.php:217
/home/dan/Desktop/08/apache-htmx/src/Shared/Infrastructure/PathManager.php:149
/home/dan/Desktop/08/apache-htmx/src/Shared/Infrastructure/Path/FilePathCache.php:26
/home/dan/Desktop/08/apache-htmx/src/Shared/Infrastructure/PathManager.php:50
/home/dan/Desktop/08/apache-htmx/src/Shared/Infrastructure/PathManager.php:217
/home/dan/Desktop/08/apache-htmx/src/Shared/Infrastructure/PathManager.php:149
/home/dan/Desktop/08/apache-htmx/src/Shared/Infrastructure/Path/FilePathCache.php:26
/home/dan/Desktop/08/apache-htmx/src/Shared/Infrastructure/PathManager.php:50
/home/dan/Desktop/08/apache-htmx/src/Shared/Infrastructure/PathManager.php:217
/home/dan/Desktop/08/apache-htmx/src/Shared/Infrastructure/PathManager.php:149
/home/dan/Desktop/08/apache-htmx/src/Shared/Infrastructure/Path/FilePathCache.php:26
/home/dan/Desktop/08/apache-htmx/src/Shared/Infrastructure/PathManager.php:50
/home/dan/Desktop/08/apache-htmx/src/Shared/Infrastructure/PathManager.php:217
/home/dan/Desktop/08/apache-htmx/src/Shared/Infrastructure/PathManager.php:149
/home/dan/Desktop/08/apache-htmx/src/Shared/Infrastructure/Path/FilePathCache.php:26
/home/dan/Desktop/08/apache-htmx/src/Shared/Infrastructure/PathManager.php:50
/home/dan/Desktop/08/apache-htmx/src/Shared/Infrastructure/PathManager.php:217
/home/dan/Desktop/08/apache-htmx/src/Shared/Infrastructure/PathManager.php:149
/home/dan/Desktop/08/apache-htmx/src/Shared/Infrastructure/Path/FilePathCache.php:26
/home/dan/Desktop/08/apache-htmx/src/Shared/Infrastructure/PathManager.php:50
/home/dan/Desktop/08/apache-htmx/src/Shared/Infrastructure/PathManager.php:217
/home/dan/Desktop/08/apache-htmx/src/Shared/Infrastructure/PathManager.php:149
/home/dan/Desktop/08/apache-htmx/src/Shared/Infrastructure/Path/FilePathCache.php:26
/home/dan/Desktop/08/apache-htmx/src/Shared/Infrastructure/PathManager.php:50
/home/dan/Desktop/08/apache-htmx/src/Shared/Infrastructure/PathManager.php:217
/home/dan/Desktop/08/apache-htmx/src/Shared/Infrastructure/PathManager.php:149
/home/dan/Desktop/08/apache-htmx/src/Shared/Infrastructure/Path/FilePathCache.php:26
/home/dan/Desktop/08/apache-htmx/src/Shared/Infrastructure/PathManager.php:50
/home/dan/Desktop/08/apache-htmx/src/Shared/Infrastructure/PathManager.php:217
/home/dan/Desktop/08/apache-htmx/src/Shared/Infrastructure/PathManager.php:149
/home/dan/Desktop/08/apache-htmx/src/Shared/Infrastructure/Path/FilePathCache.php:26
/home/dan/Desktop/08/apache-htmx/src/Shared/Infrastructure/PathManager.php:50
/home/dan/Desktop/08/apache-htmx/src/Shared/Infrastructure/PathManager.php:217
/home/dan/Desktop/08/apache-htmx/src/Shared/Infrastructure/PathManager.php:149
/home/dan/Desktop/08/apache-htmx/src/Shared/Infrastructure/Path/FilePathCache.php:26
/home/dan/Desktop/08/apache-htmx/src/Shared/Infrastructure/PathManager.php:50
/home/dan/Desktop/08/apache-htmx/src/Shared/Infrastructure/PathManager.php:217
/home/dan/Desktop/08/apache-htmx/src/Shared/Infrastructure/PathManager.php:149
/home/dan/Desktop/08/apache-htmx/src/Shared/Infrastructure/Path/FilePathCache.php:26
/home/dan/Desktop/08/apache-htmx/src/Shared/Infrastructure/PathManager.php:50
/home/dan/Desktop/08/apache-htmx/src/Shared/Infrastructure/PathManager.php:217
/home/dan/Desktop/08/apache-htmx/src/Shared/Infrastructure/PathManager.php:149
/home/dan/Desktop/08/apache-htmx/src/Shared/Infrastructure/Path/FilePathCache.php:26
/home/dan/Desktop/08/apache-htmx/src/Shared/Infrastructure/PathManager.php:50
/home/dan/Desktop/08/apache-htmx/src/Shared/Infrastructure/PathManager.php:217
/home/dan/Desktop/08/apache-htmx/src/Shared/Infrastructure/PathManager.php:149
/home/dan/Desktop/08/apache-htmx/src/Shared/Infrastructure/Path/FilePathCache.php:26
/home/dan/Desktop/08/apache-htmx/src/Shared/Infrastructure/PathManager.php:50
/home/dan/Desktop/08/apache-htmx/src/Shared/Infrastructure/PathManager.php:412
/home/dan/Desktop/08/apache-htmx/tests/Unit/Shared/Infrastructure/PathManagerTest.php:18</error>
        </testcase>
        <testcase name="testEventPropagation" file="/home/dan/Desktop/08/apache-htmx/tests/Unit/Shared/Infrastructure/PathManagerTest.php" line="138" class="Tests\Unit\Shared\Infrastructure\PathManagerTest" classname="Tests.Unit.Shared.Infrastructure.PathManagerTest" assertions="0" time="0.000000">
          <error type="Error">Tests\Unit\Shared\Infrastructure\PathManagerTest::testEventPropagation
Error: Xdebug has detected a possible infinite loop, and aborted your script with a stack depth of '512' frames

/home/dan/Desktop/08/apache-htmx/src/Shared/Infrastructure/PathManager.php:147
/home/dan/Desktop/08/apache-htmx/src/Shared/Infrastructure/Path/FilePathCache.php:26
/home/dan/Desktop/08/apache-htmx/src/Shared/Infrastructure/PathManager.php:50
/home/dan/Desktop/08/apache-htmx/src/Shared/Infrastructure/PathManager.php:217
/home/dan/Desktop/08/apache-htmx/src/Shared/Infrastructure/PathManager.php:149
/home/dan/Desktop/08/apache-htmx/src/Shared/Infrastructure/Path/FilePathCache.php:26
/home/dan/Desktop/08/apache-htmx/src/Shared/Infrastructure/PathManager.php:50
/home/dan/Desktop/08/apache-htmx/src/Shared/Infrastructure/PathManager.php:217
/home/dan/Desktop/08/apache-htmx/src/Shared/Infrastructure/PathManager.php:149
/home/dan/Desktop/08/apache-htmx/src/Shared/Infrastructure/Path/FilePathCache.php:26
/home/dan/Desktop/08/apache-htmx/src/Shared/Infrastructure/PathManager.php:50
/home/dan/Desktop/08/apache-htmx/src/Shared/Infrastructure/PathManager.php:217
/home/dan/Desktop/08/apache-htmx/src/Shared/Infrastructure/PathManager.php:149
/home/dan/Desktop/08/apache-htmx/src/Shared/Infrastructure/Path/FilePathCache.php:26
/home/dan/Desktop/08/apache-htmx/src/Shared/Infrastructure/PathManager.php:50
/home/dan/Desktop/08/apache-htmx/src/Shared/Infrastructure/PathManager.php:217
/home/dan/Desktop/08/apache-htmx/src/Shared/Infrastructure/PathManager.php:149
/home/dan/Desktop/08/apache-htmx/src/Shared/Infrastructure/Path/FilePathCache.php:26
/home/dan/Desktop/08/apache-htmx/src/Shared/Infrastructure/PathManager.php:50
/home/dan/Desktop/08/apache-htmx/src/Shared/Infrastructure/PathManager.php:217
/home/dan/Desktop/08/apache-htmx/src/Shared/Infrastructure/PathManager.php:149
/home/dan/Desktop/08/apache-htmx/src/Shared/Infrastructure/Path/FilePathCache.php:26
/home/dan/Desktop/08/apache-htmx/src/Shared/Infrastructure/PathManager.php:50
/home/dan/Desktop/08/apache-htmx/src/Shared/Infrastructure/PathManager.php:217
/home/dan/Desktop/08/apache-htmx/src/Shared/Infrastructure/PathManager.php:149
/home/dan/Desktop/08/apache-htmx/src/Shared/Infrastructure/Path/FilePathCache.php:26
/home/dan/Desktop/08/apache-htmx/src/Shared/Infrastructure/PathManager.php:50
/home/dan/Desktop/08/apache-htmx/src/Shared/Infrastructure/PathManager.php:217
/home/dan/Desktop/08/apache-htmx/src/Shared/Infrastructure/PathManager.php:149
/home/dan/Desktop/08/apache-htmx/src/Shared/Infrastructure/Path/FilePathCache.php:26
/home/dan/Desktop/08/apache-htmx/src/Shared/Infrastructure/PathManager.php:50
/home/dan/Desktop/08/apache-htmx/src/Shared/Infrastructure/PathManager.php:217
/home/dan/Desktop/08/apache-htmx/src/Shared/Infrastructure/PathManager.php:149
/home/dan/Desktop/08/apache-htmx/src/Shared/Infrastructure/Path/FilePathCache.php:26
/home/dan/Desktop/08/apache-htmx/src/Shared/Infrastructure/PathManager.php:50
/home/dan/Desktop/08/apache-htmx/src/Shared/Infrastructure/PathManager.php:217
/home/dan/Desktop/08/apache-htmx/src/Shared/Infrastructure/PathManager.php:149
/home/dan/Desktop/08/apache-htmx/src/Shared/Infrastructure/Path/FilePathCache.php:26
/home/dan/Desktop/08/apache-htmx/src/Shared/Infrastructure/PathManager.php:50
/home/dan/Desktop/08/apache-htmx/src/Shared/Infrastructure/PathManager.php:217
/home/dan/Desktop/08/apache-htmx/src/Shared/Infrastructure/PathManager.php:149
/home/dan/Desktop/08/apache-htmx/src/Shared/Infrastructure/Path/FilePathCache.php:26
/home/dan/Desktop/08/apache-htmx/src/Shared/Infrastructure/PathManager.php:50
/home/dan/Desktop/08/apache-htmx/src/Shared/Infrastructure/PathManager.php:217
/home/dan/Desktop/08/apache-htmx/src/Shared/Infrastructure/PathManager.php:149
/home/dan/Desktop/08/apache-htmx/src/Shared/Infrastructure/Path/FilePathCache.php:26
/home/dan/Desktop/08/apache-htmx/src/Shared/Infrastructure/PathManager.php:50
/home/dan/Desktop/08/apache-htmx/src/Shared/Infrastructure/PathManager.php:217
/home/dan/Desktop/08/apache-htmx/src/Shared/Infrastructure/PathManager.php:149
/home/dan/Desktop/08/apache-htmx/src/Shared/Infrastructure/Path/FilePathCache.php:26
/home/dan/Desktop/08/apache-htmx/src/Shared/Infrastructure/PathManager.php:50
/home/dan/Desktop/08/apache-htmx/src/Shared/Infrastructure/PathManager.php:217
/home/dan/Desktop/08/apache-htmx/src/Shared/Infrastructure/PathManager.php:149
/home/dan/Desktop/08/apache-htmx/src/Shared/Infrastructure/Path/FilePathCache.php:26
/home/dan/Desktop/08/apache-htmx/src/Shared/Infrastructure/PathManager.php:50
/home/dan/Desktop/08/apache-htmx/src/Shared/Infrastructure/PathManager.php:217
/home/dan/Desktop/08/apache-htmx/src/Shared/Infrastructure/PathManager.php:149
/home/dan/Desktop/08/apache-htmx/src/Shared/Infrastructure/Path/FilePathCache.php:26
/home/dan/Desktop/08/apache-htmx/src/Shared/Infrastructure/PathManager.php:50
/home/dan/Desktop/08/apache-htmx/src/Shared/Infrastructure/PathManager.php:217
/home/dan/Desktop/08/apache-htmx/src/Shared/Infrastructure/PathManager.php:149
/home/dan/Desktop/08/apache-htmx/src/Shared/Infrastructure/Path/FilePathCache.php:26
/home/dan/Desktop/08/apache-htmx/src/Shared/Infrastructure/PathManager.php:50
/home/dan/Desktop/08/apache-htmx/src/Shared/Infrastructure/PathManager.php:217
/home/dan/Desktop/08/apache-htmx/src/Shared/Infrastructure/PathManager.php:149
/home/dan/Desktop/08/apache-htmx/src/Shared/Infrastructure/Path/FilePathCache.php:26
/home/dan/Desktop/08/apache-htmx/src/Shared/Infrastructure/PathManager.php:50
/home/dan/Desktop/08/apache-htmx/src/Shared/Infrastructure/PathManager.php:217
/home/dan/Desktop/08/apache-htmx/src/Shared/Infrastructure/PathManager.php:149
/home/dan/Desktop/08/apache-htmx/src/Shared/Infrastructure/Path/FilePathCache.php:26
/home/dan/Desktop/08/apache-htmx/src/Shared/Infrastructure/PathManager.php:50
/home/dan/Desktop/08/apache-htmx/src/Shared/Infrastructure/PathManager.php:217
/home/dan/Desktop/08/apache-htmx/src/Shared/Infrastructure/PathManager.php:149
/home/dan/Desktop/08/apache-htmx/src/Shared/Infrastructure/Path/FilePathCache.php:26
/home/dan/Desktop/08/apache-htmx/src/Shared/Infrastructure/PathManager.php:50
/home/dan/Desktop/08/apache-htmx/src/Shared/Infrastructure/PathManager.php:217
/home/dan/Desktop/08/apache-htmx/src/Shared/Infrastructure/PathManager.php:149
/home/dan/Desktop/08/apache-htmx/src/Shared/Infrastructure/Path/FilePathCache.php:26
/home/dan/Desktop/08/apache-htmx/src/Shared/Infrastructure/PathManager.php:50
/home/dan/Desktop/08/apache-htmx/src/Shared/Infrastructure/PathManager.php:217
/home/dan/Desktop/08/apache-htmx/src/Shared/Infrastructure/PathManager.php:149
/home/dan/Desktop/08/apache-htmx/src/Shared/Infrastructure/Path/FilePathCache.php:26
/home/dan/Desktop/08/apache-htmx/src/Shared/Infrastructure/PathManager.php:50
/home/dan/Desktop/08/apache-htmx/src/Shared/Infrastructure/PathManager.php:217
/home/dan/Desktop/08/apache-htmx/src/Shared/Infrastructure/PathManager.php:149
/home/dan/Desktop/08/apache-htmx/src/Shared/Infrastructure/Path/FilePathCache.php:26
/home/dan/Desktop/08/apache-htmx/src/Shared/Infrastructure/PathManager.php:50
/home/dan/Desktop/08/apache-htmx/src/Shared/Infrastructure/PathManager.php:217
/home/dan/Desktop/08/apache-htmx/src/Shared/Infrastructure/PathManager.php:149
/home/dan/Desktop/08/apache-htmx/src/Shared/Infrastructure/Path/FilePathCache.php:26
/home/dan/Desktop/08/apache-htmx/src/Shared/Infrastructure/PathManager.php:50
/home/dan/Desktop/08/apache-htmx/src/Shared/Infrastructure/PathManager.php:217
/home/dan/Desktop/08/apache-htmx/src/Shared/Infrastructure/PathManager.php:149
/home/dan/Desktop/08/apache-htmx/src/Shared/Infrastructure/Path/FilePathCache.php:26
/home/dan/Desktop/08/apache-htmx/src/Shared/Infrastructure/PathManager.php:50
/home/dan/Desktop/08/apache-htmx/src/Shared/Infrastructure/PathManager.php:217
/home/dan/Desktop/08/apache-htmx/src/Shared/Infrastructure/PathManager.php:149
/home/dan/Desktop/08/apache-htmx/src/Shared/Infrastructure/Path/FilePathCache.php:26
/home/dan/Desktop/08/apache-htmx/src/Shared/Infrastructure/PathManager.php:50
/home/dan/Desktop/08/apache-htmx/src/Shared/Infrastructure/PathManager.php:217
/home/dan/Desktop/08/apache-htmx/src/Shared/Infrastructure/PathManager.php:149
/home/dan/Desktop/08/apache-htmx/src/Shared/Infrastructure/Path/FilePathCache.php:26
/home/dan/Desktop/08/apache-htmx/src/Shared/Infrastructure/PathManager.php:50
/home/dan/Desktop/08/apache-htmx/src/Shared/Infrastructure/PathManager.php:217
/home/dan/Desktop/08/apache-htmx/src/Shared/Infrastructure/PathManager.php:149
/home/dan/Desktop/08/apache-htmx/src/Shared/Infrastructure/Path/FilePathCache.php:26
/home/dan/Desktop/08/apache-htmx/src/Shared/Infrastructure/PathManager.php:50
/home/dan/Desktop/08/apache-htmx/src/Shared/Infrastructure/PathManager.php:217
/home/dan/Desktop/08/apache-htmx/src/Shared/Infrastructure/PathManager.php:149
/home/dan/Desktop/08/apache-htmx/src/Shared/Infrastructure/Path/FilePathCache.php:26
/home/dan/Desktop/08/apache-htmx/src/Shared/Infrastructure/PathManager.php:50
/home/dan/Desktop/08/apache-htmx/src/Shared/Infrastructure/PathManager.php:217
/home/dan/Desktop/08/apache-htmx/src/Shared/Infrastructure/PathManager.php:149
/home/dan/Desktop/08/apache-htmx/src/Shared/Infrastructure/Path/FilePathCache.php:26
/home/dan/Desktop/08/apache-htmx/src/Shared/Infrastructure/PathManager.php:50
/home/dan/Desktop/08/apache-htmx/src/Shared/Infrastructure/PathManager.php:217
/home/dan/Desktop/08/apache-htmx/src/Shared/Infrastructure/PathManager.php:149
/home/dan/Desktop/08/apache-htmx/src/Shared/Infrastructure/Path/FilePathCache.php:26
/home/dan/Desktop/08/apache-htmx/src/Shared/Infrastructure/PathManager.php:50
/home/dan/Desktop/08/apache-htmx/src/Shared/Infrastructure/PathManager.php:217
/home/dan/Desktop/08/apache-htmx/src/Shared/Infrastructure/PathManager.php:149
/home/dan/Desktop/08/apache-htmx/src/Shared/Infrastructure/Path/FilePathCache.php:26
/home/dan/Desktop/08/apache-htmx/src/Shared/Infrastructure/PathManager.php:50
/home/dan/Desktop/08/apache-htmx/src/Shared/Infrastructure/PathManager.php:217
/home/dan/Desktop/08/apache-htmx/src/Shared/Infrastructure/PathManager.php:149
/home/dan/Desktop/08/apache-htmx/src/Shared/Infrastructure/Path/FilePathCache.php:26
/home/dan/Desktop/08/apache-htmx/src/Shared/Infrastructure/PathManager.php:50
/home/dan/Desktop/08/apache-htmx/src/Shared/Infrastructure/PathManager.php:217
/home/dan/Desktop/08/apache-htmx/src/Shared/Infrastructure/PathManager.php:149
/home/dan/Desktop/08/apache-htmx/src/Shared/Infrastructure/Path/FilePathCache.php:26
/home/dan/Desktop/08/apache-htmx/src/Shared/Infrastructure/PathManager.php:50
/home/dan/Desktop/08/apache-htmx/src/Shared/Infrastructure/PathManager.php:217
/home/dan/Desktop/08/apache-htmx/src/Shared/Infrastructure/PathManager.php:149
/home/dan/Desktop/08/apache-htmx/src/Shared/Infrastructure/Path/FilePathCache.php:26
/home/dan/Desktop/08/apache-htmx/src/Shared/Infrastructure/PathManager.php:50
/home/dan/Desktop/08/apache-htmx/src/Shared/Infrastructure/PathManager.php:217
/home/dan/Desktop/08/apache-htmx/src/Shared/Infrastructure/PathManager.php:149
/home/dan/Desktop/08/apache-htmx/src/Shared/Infrastructure/Path/FilePathCache.php:26
/home/dan/Desktop/08/apache-htmx/src/Shared/Infrastructure/PathManager.php:50
/home/dan/Desktop/08/apache-htmx/src/Shared/Infrastructure/PathManager.php:217
/home/dan/Desktop/08/apache-htmx/src/Shared/Infrastructure/PathManager.php:149
/home/dan/Desktop/08/apache-htmx/src/Shared/Infrastructure/Path/FilePathCache.php:26
/home/dan/Desktop/08/apache-htmx/src/Shared/Infrastructure/PathManager.php:50
/home/dan/Desktop/08/apache-htmx/src/Shared/Infrastructure/PathManager.php:217
/home/dan/Desktop/08/apache-htmx/src/Shared/Infrastructure/PathManager.php:149
/home/dan/Desktop/08/apache-htmx/src/Shared/Infrastructure/Path/FilePathCache.php:26
/home/dan/Desktop/08/apache-htmx/src/Shared/Infrastructure/PathManager.php:50
/home/dan/Desktop/08/apache-htmx/src/Shared/Infrastructure/PathManager.php:217
/home/dan/Desktop/08/apache-htmx/src/Shared/Infrastructure/PathManager.php:149
/home/dan/Desktop/08/apache-htmx/src/Shared/Infrastructure/Path/FilePathCache.php:26
/home/dan/Desktop/08/apache-htmx/src/Shared/Infrastructure/PathManager.php:50
/home/dan/Desktop/08/apache-htmx/src/Shared/Infrastructure/PathManager.php:217
/home/dan/Desktop/08/apache-htmx/src/Shared/Infrastructure/PathManager.php:149
/home/dan/Desktop/08/apache-htmx/src/Shared/Infrastructure/Path/FilePathCache.php:26
/home/dan/Desktop/08/apache-htmx/src/Shared/Infrastructure/PathManager.php:50
/home/dan/Desktop/08/apache-htmx/src/Shared/Infrastructure/PathManager.php:217
/home/dan/Desktop/08/apache-htmx/src/Shared/Infrastructure/PathManager.php:149
/home/dan/Desktop/08/apache-htmx/src/Shared/Infrastructure/Path/FilePathCache.php:26
/home/dan/Desktop/08/apache-htmx/src/Shared/Infrastructure/PathManager.php:50
/home/dan/Desktop/08/apache-htmx/src/Shared/Infrastructure/PathManager.php:217
/home/dan/Desktop/08/apache-htmx/src/Shared/Infrastructure/PathManager.php:149
/home/dan/Desktop/08/apache-htmx/src/Shared/Infrastructure/Path/FilePathCache.php:26
/home/dan/Desktop/08/apache-htmx/src/Shared/Infrastructure/PathManager.php:50
/home/dan/Desktop/08/apache-htmx/src/Shared/Infrastructure/PathManager.php:217
/home/dan/Desktop/08/apache-htmx/src/Shared/Infrastructure/PathManager.php:149
/home/dan/Desktop/08/apache-htmx/src/Shared/Infrastructure/Path/FilePathCache.php:26
/home/dan/Desktop/08/apache-htmx/src/Shared/Infrastructure/PathManager.php:50
/home/dan/Desktop/08/apache-htmx/src/Shared/Infrastructure/PathManager.php:217
/home/dan/Desktop/08/apache-htmx/src/Shared/Infrastructure/PathManager.php:149
/home/dan/Desktop/08/apache-htmx/src/Shared/Infrastructure/Path/FilePathCache.php:26
/home/dan/Desktop/08/apache-htmx/src/Shared/Infrastructure/PathManager.php:50
/home/dan/Desktop/08/apache-htmx/src/Shared/Infrastructure/PathManager.php:217
/home/dan/Desktop/08/apache-htmx/src/Shared/Infrastructure/PathManager.php:149
/home/dan/Desktop/08/apache-htmx/src/Shared/Infrastructure/Path/FilePathCache.php:26
/home/dan/Desktop/08/apache-htmx/src/Shared/Infrastructure/PathManager.php:50
/home/dan/Desktop/08/apache-htmx/src/Shared/Infrastructure/PathManager.php:217
/home/dan/Desktop/08/apache-htmx/src/Shared/Infrastructure/PathManager.php:149
/home/dan/Desktop/08/apache-htmx/src/Shared/Infrastructure/Path/FilePathCache.php:26
/home/dan/Desktop/08/apache-htmx/src/Shared/Infrastructure/PathManager.php:50
/home/dan/Desktop/08/apache-htmx/src/Shared/Infrastructure/PathManager.php:217
/home/dan/Desktop/08/apache-htmx/src/Shared/Infrastructure/PathManager.php:149
/home/dan/Desktop/08/apache-htmx/src/Shared/Infrastructure/Path/FilePathCache.php:26
/home/dan/Desktop/08/apache-htmx/src/Shared/Infrastructure/PathManager.php:50
/home/dan/Desktop/08/apache-htmx/src/Shared/Infrastructure/PathManager.php:217
/home/dan/Desktop/08/apache-htmx/src/Shared/Infrastructure/PathManager.php:149
/home/dan/Desktop/08/apache-htmx/src/Shared/Infrastructure/Path/FilePathCache.php:26
/home/dan/Desktop/08/apache-htmx/src/Shared/Infrastructure/PathManager.php:50
/home/dan/Desktop/08/apache-htmx/src/Shared/Infrastructure/PathManager.php:217
/home/dan/Desktop/08/apache-htmx/src/Shared/Infrastructure/PathManager.php:149
/home/dan/Desktop/08/apache-htmx/src/Shared/Infrastructure/Path/FilePathCache.php:26
/home/dan/Desktop/08/apache-htmx/src/Shared/Infrastructure/PathManager.php:50
/home/dan/Desktop/08/apache-htmx/src/Shared/Infrastructure/PathManager.php:217
/home/dan/Desktop/08/apache-htmx/src/Shared/Infrastructure/PathManager.php:149
/home/dan/Desktop/08/apache-htmx/src/Shared/Infrastructure/Path/FilePathCache.php:26
/home/dan/Desktop/08/apache-htmx/src/Shared/Infrastructure/PathManager.php:50
/home/dan/Desktop/08/apache-htmx/src/Shared/Infrastructure/PathManager.php:217
/home/dan/Desktop/08/apache-htmx/src/Shared/Infrastructure/PathManager.php:149
/home/dan/Desktop/08/apache-htmx/src/Shared/Infrastructure/Path/FilePathCache.php:26
/home/dan/Desktop/08/apache-htmx/src/Shared/Infrastructure/PathManager.php:50
/home/dan/Desktop/08/apache-htmx/src/Shared/Infrastructure/PathManager.php:217
/home/dan/Desktop/08/apache-htmx/src/Shared/Infrastructure/PathManager.php:149
/home/dan/Desktop/08/apache-htmx/src/Shared/Infrastructure/Path/FilePathCache.php:26
/home/dan/Desktop/08/apache-htmx/src/Shared/Infrastructure/PathManager.php:50
/home/dan/Desktop/08/apache-htmx/src/Shared/Infrastructure/PathManager.php:217
/home/dan/Desktop/08/apache-htmx/src/Shared/Infrastructure/PathManager.php:149
/home/dan/Desktop/08/apache-htmx/src/Shared/Infrastructure/Path/FilePathCache.php:26
/home/dan/Desktop/08/apache-htmx/src/Shared/Infrastructure/PathManager.php:50
/home/dan/Desktop/08/apache-htmx/src/Shared/Infrastructure/PathManager.php:217
/home/dan/Desktop/08/apache-htmx/src/Shared/Infrastructure/PathManager.php:149
/home/dan/Desktop/08/apache-htmx/src/Shared/Infrastructure/Path/FilePathCache.php:26
/home/dan/Desktop/08/apache-htmx/src/Shared/Infrastructure/PathManager.php:50
/home/dan/Desktop/08/apache-htmx/src/Shared/Infrastructure/PathManager.php:217
/home/dan/Desktop/08/apache-htmx/src/Shared/Infrastructure/PathManager.php:149
/home/dan/Desktop/08/apache-htmx/src/Shared/Infrastructure/Path/FilePathCache.php:26
/home/dan/Desktop/08/apache-htmx/src/Shared/Infrastructure/PathManager.php:50
/home/dan/Desktop/08/apache-htmx/src/Shared/Infrastructure/PathManager.php:217
/home/dan/Desktop/08/apache-htmx/src/Shared/Infrastructure/PathManager.php:149
/home/dan/Desktop/08/apache-htmx/src/Shared/Infrastructure/Path/FilePathCache.php:26
/home/dan/Desktop/08/apache-htmx/src/Shared/Infrastructure/PathManager.php:50
/home/dan/Desktop/08/apache-htmx/src/Shared/Infrastructure/PathManager.php:217
/home/dan/Desktop/08/apache-htmx/src/Shared/Infrastructure/PathManager.php:149
/home/dan/Desktop/08/apache-htmx/src/Shared/Infrastructure/Path/FilePathCache.php:26
/home/dan/Desktop/08/apache-htmx/src/Shared/Infrastructure/PathManager.php:50
/home/dan/Desktop/08/apache-htmx/src/Shared/Infrastructure/PathManager.php:217
/home/dan/Desktop/08/apache-htmx/src/Shared/Infrastructure/PathManager.php:149
/home/dan/Desktop/08/apache-htmx/src/Shared/Infrastructure/Path/FilePathCache.php:26
/home/dan/Desktop/08/apache-htmx/src/Shared/Infrastructure/PathManager.php:50
/home/dan/Desktop/08/apache-htmx/src/Shared/Infrastructure/PathManager.php:217
/home/dan/Desktop/08/apache-htmx/src/Shared/Infrastructure/PathManager.php:149
/home/dan/Desktop/08/apache-htmx/src/Shared/Infrastructure/Path/FilePathCache.php:26
/home/dan/Desktop/08/apache-htmx/src/Shared/Infrastructure/PathManager.php:50
/home/dan/Desktop/08/apache-htmx/src/Shared/Infrastructure/PathManager.php:217
/home/dan/Desktop/08/apache-htmx/src/Shared/Infrastructure/PathManager.php:149
/home/dan/Desktop/08/apache-htmx/src/Shared/Infrastructure/Path/FilePathCache.php:26
/home/dan/Desktop/08/apache-htmx/src/Shared/Infrastructure/PathManager.php:50
/home/dan/Desktop/08/apache-htmx/src/Shared/Infrastructure/PathManager.php:217
/home/dan/Desktop/08/apache-htmx/src/Shared/Infrastructure/PathManager.php:149
/home/dan/Desktop/08/apache-htmx/src/Shared/Infrastructure/Path/FilePathCache.php:26
/home/dan/Desktop/08/apache-htmx/src/Shared/Infrastructure/PathManager.php:50
/home/dan/Desktop/08/apache-htmx/src/Shared/Infrastructure/PathManager.php:217
/home/dan/Desktop/08/apache-htmx/src/Shared/Infrastructure/PathManager.php:149
/home/dan/Desktop/08/apache-htmx/src/Shared/Infrastructure/Path/FilePathCache.php:26
/home/dan/Desktop/08/apache-htmx/src/Shared/Infrastructure/PathManager.php:50
/home/dan/Desktop/08/apache-htmx/src/Shared/Infrastructure/PathManager.php:217
/home/dan/Desktop/08/apache-htmx/src/Shared/Infrastructure/PathManager.php:149
/home/dan/Desktop/08/apache-htmx/src/Shared/Infrastructure/Path/FilePathCache.php:26
/home/dan/Desktop/08/apache-htmx/src/Shared/Infrastructure/PathManager.php:50
/home/dan/Desktop/08/apache-htmx/src/Shared/Infrastructure/PathManager.php:217
/home/dan/Desktop/08/apache-htmx/src/Shared/Infrastructure/PathManager.php:149
/home/dan/Desktop/08/apache-htmx/src/Shared/Infrastructure/Path/FilePathCache.php:26
/home/dan/Desktop/08/apache-htmx/src/Shared/Infrastructure/PathManager.php:50
/home/dan/Desktop/08/apache-htmx/src/Shared/Infrastructure/PathManager.php:217
/home/dan/Desktop/08/apache-htmx/src/Shared/Infrastructure/PathManager.php:149
/home/dan/Desktop/08/apache-htmx/src/Shared/Infrastructure/Path/FilePathCache.php:26
/home/dan/Desktop/08/apache-htmx/src/Shared/Infrastructure/PathManager.php:50
/home/dan/Desktop/08/apache-htmx/src/Shared/Infrastructure/PathManager.php:217
/home/dan/Desktop/08/apache-htmx/src/Shared/Infrastructure/PathManager.php:149
/home/dan/Desktop/08/apache-htmx/src/Shared/Infrastructure/Path/FilePathCache.php:26
/home/dan/Desktop/08/apache-htmx/src/Shared/Infrastructure/PathManager.php:50
/home/dan/Desktop/08/apache-htmx/src/Shared/Infrastructure/PathManager.php:217
/home/dan/Desktop/08/apache-htmx/src/Shared/Infrastructure/PathManager.php:149
/home/dan/Desktop/08/apache-htmx/src/Shared/Infrastructure/Path/FilePathCache.php:26
/home/dan/Desktop/08/apache-htmx/src/Shared/Infrastructure/PathManager.php:50
/home/dan/Desktop/08/apache-htmx/src/Shared/Infrastructure/PathManager.php:217
/home/dan/Desktop/08/apache-htmx/src/Shared/Infrastructure/PathManager.php:149
/home/dan/Desktop/08/apache-htmx/src/Shared/Infrastructure/Path/FilePathCache.php:26
/home/dan/Desktop/08/apache-htmx/src/Shared/Infrastructure/PathManager.php:50
/home/dan/Desktop/08/apache-htmx/src/Shared/Infrastructure/PathManager.php:217
/home/dan/Desktop/08/apache-htmx/src/Shared/Infrastructure/PathManager.php:149
/home/dan/Desktop/08/apache-htmx/src/Shared/Infrastructure/Path/FilePathCache.php:26
/home/dan/Desktop/08/apache-htmx/src/Shared/Infrastructure/PathManager.php:50
/home/dan/Desktop/08/apache-htmx/src/Shared/Infrastructure/PathManager.php:217
/home/dan/Desktop/08/apache-htmx/src/Shared/Infrastructure/PathManager.php:149
/home/dan/Desktop/08/apache-htmx/src/Shared/Infrastructure/Path/FilePathCache.php:26
/home/dan/Desktop/08/apache-htmx/src/Shared/Infrastructure/PathManager.php:50
/home/dan/Desktop/08/apache-htmx/src/Shared/Infrastructure/PathManager.php:217
/home/dan/Desktop/08/apache-htmx/src/Shared/Infrastructure/PathManager.php:149
/home/dan/Desktop/08/apache-htmx/src/Shared/Infrastructure/Path/FilePathCache.php:26
/home/dan/Desktop/08/apache-htmx/src/Shared/Infrastructure/PathManager.php:50
/home/dan/Desktop/08/apache-htmx/src/Shared/Infrastructure/PathManager.php:217
/home/dan/Desktop/08/apache-htmx/src/Shared/Infrastructure/PathManager.php:149
/home/dan/Desktop/08/apache-htmx/src/Shared/Infrastructure/Path/FilePathCache.php:26
/home/dan/Desktop/08/apache-htmx/src/Shared/Infrastructure/PathManager.php:50
/home/dan/Desktop/08/apache-htmx/src/Shared/Infrastructure/PathManager.php:217
/home/dan/Desktop/08/apache-htmx/src/Shared/Infrastructure/PathManager.php:149
/home/dan/Desktop/08/apache-htmx/src/Shared/Infrastructure/Path/FilePathCache.php:26
/home/dan/Desktop/08/apache-htmx/src/Shared/Infrastructure/PathManager.php:50
/home/dan/Desktop/08/apache-htmx/src/Shared/Infrastructure/PathManager.php:217
/home/dan/Desktop/08/apache-htmx/src/Shared/Infrastructure/PathManager.php:149
/home/dan/Desktop/08/apache-htmx/src/Shared/Infrastructure/Path/FilePathCache.php:26
/home/dan/Desktop/08/apache-htmx/src/Shared/Infrastructure/PathManager.php:50
/home/dan/Desktop/08/apache-htmx/src/Shared/Infrastructure/PathManager.php:217
/home/dan/Desktop/08/apache-htmx/src/Shared/Infrastructure/PathManager.php:149
/home/dan/Desktop/08/apache-htmx/src/Shared/Infrastructure/Path/FilePathCache.php:26
/home/dan/Desktop/08/apache-htmx/src/Shared/Infrastructure/PathManager.php:50
/home/dan/Desktop/08/apache-htmx/src/Shared/Infrastructure/PathManager.php:217
/home/dan/Desktop/08/apache-htmx/src/Shared/Infrastructure/PathManager.php:149
/home/dan/Desktop/08/apache-htmx/src/Shared/Infrastructure/Path/FilePathCache.php:26
/home/dan/Desktop/08/apache-htmx/src/Shared/Infrastructure/PathManager.php:50
/home/dan/Desktop/08/apache-htmx/src/Shared/Infrastructure/PathManager.php:217
/home/dan/Desktop/08/apache-htmx/src/Shared/Infrastructure/PathManager.php:149
/home/dan/Desktop/08/apache-htmx/src/Shared/Infrastructure/Path/FilePathCache.php:26
/home/dan/Desktop/08/apache-htmx/src/Shared/Infrastructure/PathManager.php:50
/home/dan/Desktop/08/apache-htmx/src/Shared/Infrastructure/PathManager.php:217
/home/dan/Desktop/08/apache-htmx/src/Shared/Infrastructure/PathManager.php:149
/home/dan/Desktop/08/apache-htmx/src/Shared/Infrastructure/Path/FilePathCache.php:26
/home/dan/Desktop/08/apache-htmx/src/Shared/Infrastructure/PathManager.php:50
/home/dan/Desktop/08/apache-htmx/src/Shared/Infrastructure/PathManager.php:217
/home/dan/Desktop/08/apache-htmx/src/Shared/Infrastructure/PathManager.php:149
/home/dan/Desktop/08/apache-htmx/src/Shared/Infrastructure/Path/FilePathCache.php:26
/home/dan/Desktop/08/apache-htmx/src/Shared/Infrastructure/PathManager.php:50
/home/dan/Desktop/08/apache-htmx/src/Shared/Infrastructure/PathManager.php:217
/home/dan/Desktop/08/apache-htmx/src/Shared/Infrastructure/PathManager.php:149
/home/dan/Desktop/08/apache-htmx/src/Shared/Infrastructure/Path/FilePathCache.php:26
/home/dan/Desktop/08/apache-htmx/src/Shared/Infrastructure/PathManager.php:50
/home/dan/Desktop/08/apache-htmx/src/Shared/Infrastructure/PathManager.php:217
/home/dan/Desktop/08/apache-htmx/src/Shared/Infrastructure/PathManager.php:149
/home/dan/Desktop/08/apache-htmx/src/Shared/Infrastructure/Path/FilePathCache.php:26
/home/dan/Desktop/08/apache-htmx/src/Shared/Infrastructure/PathManager.php:50
/home/dan/Desktop/08/apache-htmx/src/Shared/Infrastructure/PathManager.php:217
/home/dan/Desktop/08/apache-htmx/src/Shared/Infrastructure/PathManager.php:149
/home/dan/Desktop/08/apache-htmx/src/Shared/Infrastructure/Path/FilePathCache.php:26
/home/dan/Desktop/08/apache-htmx/src/Shared/Infrastructure/PathManager.php:50
/home/dan/Desktop/08/apache-htmx/src/Shared/Infrastructure/PathManager.php:217
/home/dan/Desktop/08/apache-htmx/src/Shared/Infrastructure/PathManager.php:149
/home/dan/Desktop/08/apache-htmx/src/Shared/Infrastructure/Path/FilePathCache.php:26
/home/dan/Desktop/08/apache-htmx/src/Shared/Infrastructure/PathManager.php:50
/home/dan/Desktop/08/apache-htmx/src/Shared/Infrastructure/PathManager.php:217
/home/dan/Desktop/08/apache-htmx/src/Shared/Infrastructure/PathManager.php:149
/home/dan/Desktop/08/apache-htmx/src/Shared/Infrastructure/Path/FilePathCache.php:26
/home/dan/Desktop/08/apache-htmx/src/Shared/Infrastructure/PathManager.php:50
/home/dan/Desktop/08/apache-htmx/src/Shared/Infrastructure/PathManager.php:217
/home/dan/Desktop/08/apache-htmx/src/Shared/Infrastructure/PathManager.php:149
/home/dan/Desktop/08/apache-htmx/src/Shared/Infrastructure/Path/FilePathCache.php:26
/home/dan/Desktop/08/apache-htmx/src/Shared/Infrastructure/PathManager.php:50
/home/dan/Desktop/08/apache-htmx/src/Shared/Infrastructure/PathManager.php:217
/home/dan/Desktop/08/apache-htmx/src/Shared/Infrastructure/PathManager.php:149
/home/dan/Desktop/08/apache-htmx/src/Shared/Infrastructure/Path/FilePathCache.php:26
/home/dan/Desktop/08/apache-htmx/src/Shared/Infrastructure/PathManager.php:50
/home/dan/Desktop/08/apache-htmx/src/Shared/Infrastructure/PathManager.php:217
/home/dan/Desktop/08/apache-htmx/src/Shared/Infrastructure/PathManager.php:149
/home/dan/Desktop/08/apache-htmx/src/Shared/Infrastructure/Path/FilePathCache.php:26
/home/dan/Desktop/08/apache-htmx/src/Shared/Infrastructure/PathManager.php:50
/home/dan/Desktop/08/apache-htmx/src/Shared/Infrastructure/PathManager.php:217
/home/dan/Desktop/08/apache-htmx/src/Shared/Infrastructure/PathManager.php:149
/home/dan/Desktop/08/apache-htmx/src/Shared/Infrastructure/Path/FilePathCache.php:26
/home/dan/Desktop/08/apache-htmx/src/Shared/Infrastructure/PathManager.php:50
/home/dan/Desktop/08/apache-htmx/src/Shared/Infrastructure/PathManager.php:217
/home/dan/Desktop/08/apache-htmx/src/Shared/Infrastructure/PathManager.php:149
/home/dan/Desktop/08/apache-htmx/src/Shared/Infrastructure/Path/FilePathCache.php:26
/home/dan/Desktop/08/apache-htmx/src/Shared/Infrastructure/PathManager.php:50
/home/dan/Desktop/08/apache-htmx/src/Shared/Infrastructure/PathManager.php:217
/home/dan/Desktop/08/apache-htmx/src/Shared/Infrastructure/PathManager.php:149
/home/dan/Desktop/08/apache-htmx/src/Shared/Infrastructure/Path/FilePathCache.php:26
/home/dan/Desktop/08/apache-htmx/src/Shared/Infrastructure/PathManager.php:50
/home/dan/Desktop/08/apache-htmx/src/Shared/Infrastructure/PathManager.php:217
/home/dan/Desktop/08/apache-htmx/src/Shared/Infrastructure/PathManager.php:149
/home/dan/Desktop/08/apache-htmx/src/Shared/Infrastructure/Path/FilePathCache.php:26
/home/dan/Desktop/08/apache-htmx/src/Shared/Infrastructure/PathManager.php:50
/home/dan/Desktop/08/apache-htmx/src/Shared/Infrastructure/PathManager.php:217
/home/dan/Desktop/08/apache-htmx/src/Shared/Infrastructure/PathManager.php:149
/home/dan/Desktop/08/apache-htmx/src/Shared/Infrastructure/Path/FilePathCache.php:26
/home/dan/Desktop/08/apache-htmx/src/Shared/Infrastructure/PathManager.php:50
/home/dan/Desktop/08/apache-htmx/src/Shared/Infrastructure/PathManager.php:217
/home/dan/Desktop/08/apache-htmx/src/Shared/Infrastructure/PathManager.php:149
/home/dan/Desktop/08/apache-htmx/src/Shared/Infrastructure/Path/FilePathCache.php:26
/home/dan/Desktop/08/apache-htmx/src/Shared/Infrastructure/PathManager.php:50
/home/dan/Desktop/08/apache-htmx/src/Shared/Infrastructure/PathManager.php:217
/home/dan/Desktop/08/apache-htmx/src/Shared/Infrastructure/PathManager.php:149
/home/dan/Desktop/08/apache-htmx/src/Shared/Infrastructure/Path/FilePathCache.php:26
/home/dan/Desktop/08/apache-htmx/src/Shared/Infrastructure/PathManager.php:50
/home/dan/Desktop/08/apache-htmx/src/Shared/Infrastructure/PathManager.php:217
/home/dan/Desktop/08/apache-htmx/src/Shared/Infrastructure/PathManager.php:149
/home/dan/Desktop/08/apache-htmx/src/Shared/Infrastructure/Path/FilePathCache.php:26
/home/dan/Desktop/08/apache-htmx/src/Shared/Infrastructure/PathManager.php:50
/home/dan/Desktop/08/apache-htmx/src/Shared/Infrastructure/PathManager.php:217
/home/dan/Desktop/08/apache-htmx/src/Shared/Infrastructure/PathManager.php:149
/home/dan/Desktop/08/apache-htmx/src/Shared/Infrastructure/Path/FilePathCache.php:26
/home/dan/Desktop/08/apache-htmx/src/Shared/Infrastructure/PathManager.php:50
/home/dan/Desktop/08/apache-htmx/src/Shared/Infrastructure/PathManager.php:217
/home/dan/Desktop/08/apache-htmx/src/Shared/Infrastructure/PathManager.php:149
/home/dan/Desktop/08/apache-htmx/src/Shared/Infrastructure/Path/FilePathCache.php:26
/home/dan/Desktop/08/apache-htmx/src/Shared/Infrastructure/PathManager.php:50
/home/dan/Desktop/08/apache-htmx/src/Shared/Infrastructure/PathManager.php:217
/home/dan/Desktop/08/apache-htmx/src/Shared/Infrastructure/PathManager.php:149
/home/dan/Desktop/08/apache-htmx/src/Shared/Infrastructure/Path/FilePathCache.php:26
/home/dan/Desktop/08/apache-htmx/src/Shared/Infrastructure/PathManager.php:50
/home/dan/Desktop/08/apache-htmx/src/Shared/Infrastructure/PathManager.php:217
/home/dan/Desktop/08/apache-htmx/src/Shared/Infrastructure/PathManager.php:149
/home/dan/Desktop/08/apache-htmx/src/Shared/Infrastructure/Path/FilePathCache.php:26
/home/dan/Desktop/08/apache-htmx/src/Shared/Infrastructure/PathManager.php:50
/home/dan/Desktop/08/apache-htmx/src/Shared/Infrastructure/PathManager.php:217
/home/dan/Desktop/08/apache-htmx/src/Shared/Infrastructure/PathManager.php:149
/home/dan/Desktop/08/apache-htmx/src/Shared/Infrastructure/Path/FilePathCache.php:26
/home/dan/Desktop/08/apache-htmx/src/Shared/Infrastructure/PathManager.php:50
/home/dan/Desktop/08/apache-htmx/src/Shared/Infrastructure/PathManager.php:217
/home/dan/Desktop/08/apache-htmx/src/Shared/Infrastructure/PathManager.php:149
/home/dan/Desktop/08/apache-htmx/src/Shared/Infrastructure/Path/FilePathCache.php:26
/home/dan/Desktop/08/apache-htmx/src/Shared/Infrastructure/PathManager.php:50
/home/dan/Desktop/08/apache-htmx/src/Shared/Infrastructure/PathManager.php:217
/home/dan/Desktop/08/apache-htmx/src/Shared/Infrastructure/PathManager.php:149
/home/dan/Desktop/08/apache-htmx/src/Shared/Infrastructure/Path/FilePathCache.php:26
/home/dan/Desktop/08/apache-htmx/src/Shared/Infrastructure/PathManager.php:50
/home/dan/Desktop/08/apache-htmx/src/Shared/Infrastructure/PathManager.php:217
/home/dan/Desktop/08/apache-htmx/src/Shared/Infrastructure/PathManager.php:149
/home/dan/Desktop/08/apache-htmx/src/Shared/Infrastructure/Path/FilePathCache.php:26
/home/dan/Desktop/08/apache-htmx/src/Shared/Infrastructure/PathManager.php:50
/home/dan/Desktop/08/apache-htmx/src/Shared/Infrastructure/PathManager.php:217
/home/dan/Desktop/08/apache-htmx/src/Shared/Infrastructure/PathManager.php:149
/home/dan/Desktop/08/apache-htmx/src/Shared/Infrastructure/Path/FilePathCache.php:26
/home/dan/Desktop/08/apache-htmx/src/Shared/Infrastructure/PathManager.php:50
/home/dan/Desktop/08/apache-htmx/src/Shared/Infrastructure/PathManager.php:217
/home/dan/Desktop/08/apache-htmx/src/Shared/Infrastructure/PathManager.php:149
/home/dan/Desktop/08/apache-htmx/src/Shared/Infrastructure/Path/FilePathCache.php:26
/home/dan/Desktop/08/apache-htmx/src/Shared/Infrastructure/PathManager.php:50
/home/dan/Desktop/08/apache-htmx/src/Shared/Infrastructure/PathManager.php:217
/home/dan/Desktop/08/apache-htmx/src/Shared/Infrastructure/PathManager.php:149
/home/dan/Desktop/08/apache-htmx/src/Shared/Infrastructure/Path/FilePathCache.php:26
/home/dan/Desktop/08/apache-htmx/src/Shared/Infrastructure/PathManager.php:50
/home/dan/Desktop/08/apache-htmx/src/Shared/Infrastructure/PathManager.php:217
/home/dan/Desktop/08/apache-htmx/src/Shared/Infrastructure/PathManager.php:149
/home/dan/Desktop/08/apache-htmx/src/Shared/Infrastructure/Path/FilePathCache.php:26
/home/dan/Desktop/08/apache-htmx/src/Shared/Infrastructure/PathManager.php:50
/home/dan/Desktop/08/apache-htmx/src/Shared/Infrastructure/PathManager.php:217
/home/dan/Desktop/08/apache-htmx/src/Shared/Infrastructure/PathManager.php:149
/home/dan/Desktop/08/apache-htmx/src/Shared/Infrastructure/Path/FilePathCache.php:26
/home/dan/Desktop/08/apache-htmx/src/Shared/Infrastructure/PathManager.php:50
/home/dan/Desktop/08/apache-htmx/src/Shared/Infrastructure/PathManager.php:217
/home/dan/Desktop/08/apache-htmx/src/Shared/Infrastructure/PathManager.php:149
/home/dan/Desktop/08/apache-htmx/src/Shared/Infrastructure/Path/FilePathCache.php:26
/home/dan/Desktop/08/apache-htmx/src/Shared/Infrastructure/PathManager.php:50
/home/dan/Desktop/08/apache-htmx/src/Shared/Infrastructure/PathManager.php:217
/home/dan/Desktop/08/apache-htmx/src/Shared/Infrastructure/PathManager.php:149
/home/dan/Desktop/08/apache-htmx/src/Shared/Infrastructure/Path/FilePathCache.php:26
/home/dan/Desktop/08/apache-htmx/src/Shared/Infrastructure/PathManager.php:50
/home/dan/Desktop/08/apache-htmx/src/Shared/Infrastructure/PathManager.php:217
/home/dan/Desktop/08/apache-htmx/src/Shared/Infrastructure/PathManager.php:149
/home/dan/Desktop/08/apache-htmx/src/Shared/Infrastructure/Path/FilePathCache.php:26
/home/dan/Desktop/08/apache-htmx/src/Shared/Infrastructure/PathManager.php:50
/home/dan/Desktop/08/apache-htmx/src/Shared/Infrastructure/PathManager.php:217
/home/dan/Desktop/08/apache-htmx/src/Shared/Infrastructure/PathManager.php:149
/home/dan/Desktop/08/apache-htmx/src/Shared/Infrastructure/Path/FilePathCache.php:26
/home/dan/Desktop/08/apache-htmx/src/Shared/Infrastructure/PathManager.php:50
/home/dan/Desktop/08/apache-htmx/src/Shared/Infrastructure/PathManager.php:217
/home/dan/Desktop/08/apache-htmx/src/Shared/Infrastructure/PathManager.php:149
/home/dan/Desktop/08/apache-htmx/src/Shared/Infrastructure/Path/FilePathCache.php:26
/home/dan/Desktop/08/apache-htmx/src/Shared/Infrastructure/PathManager.php:50
/home/dan/Desktop/08/apache-htmx/src/Shared/Infrastructure/PathManager.php:217
/home/dan/Desktop/08/apache-htmx/src/Shared/Infrastructure/PathManager.php:149
/home/dan/Desktop/08/apache-htmx/src/Shared/Infrastructure/Path/FilePathCache.php:26
/home/dan/Desktop/08/apache-htmx/src/Shared/Infrastructure/PathManager.php:50
/home/dan/Desktop/08/apache-htmx/src/Shared/Infrastructure/PathManager.php:217
/home/dan/Desktop/08/apache-htmx/src/Shared/Infrastructure/PathManager.php:149
/home/dan/Desktop/08/apache-htmx/src/Shared/Infrastructure/Path/FilePathCache.php:26
/home/dan/Desktop/08/apache-htmx/src/Shared/Infrastructure/PathManager.php:50
/home/dan/Desktop/08/apache-htmx/src/Shared/Infrastructure/PathManager.php:217
/home/dan/Desktop/08/apache-htmx/src/Shared/Infrastructure/PathManager.php:149
/home/dan/Desktop/08/apache-htmx/src/Shared/Infrastructure/Path/FilePathCache.php:26
/home/dan/Desktop/08/apache-htmx/src/Shared/Infrastructure/PathManager.php:50
/home/dan/Desktop/08/apache-htmx/src/Shared/Infrastructure/PathManager.php:217
/home/dan/Desktop/08/apache-htmx/src/Shared/Infrastructure/PathManager.php:149
/home/dan/Desktop/08/apache-htmx/src/Shared/Infrastructure/Path/FilePathCache.php:26
/home/dan/Desktop/08/apache-htmx/src/Shared/Infrastructure/PathManager.php:50
/home/dan/Desktop/08/apache-htmx/src/Shared/Infrastructure/PathManager.php:217
/home/dan/Desktop/08/apache-htmx/src/Shared/Infrastructure/PathManager.php:149
/home/dan/Desktop/08/apache-htmx/src/Shared/Infrastructure/Path/FilePathCache.php:26
/home/dan/Desktop/08/apache-htmx/src/Shared/Infrastructure/PathManager.php:50
/home/dan/Desktop/08/apache-htmx/src/Shared/Infrastructure/PathManager.php:217
/home/dan/Desktop/08/apache-htmx/src/Shared/Infrastructure/PathManager.php:149
/home/dan/Desktop/08/apache-htmx/src/Shared/Infrastructure/Path/FilePathCache.php:26
/home/dan/Desktop/08/apache-htmx/src/Shared/Infrastructure/PathManager.php:50
/home/dan/Desktop/08/apache-htmx/src/Shared/Infrastructure/PathManager.php:217
/home/dan/Desktop/08/apache-htmx/src/Shared/Infrastructure/PathManager.php:149
/home/dan/Desktop/08/apache-htmx/src/Shared/Infrastructure/Path/FilePathCache.php:26
/home/dan/Desktop/08/apache-htmx/src/Shared/Infrastructure/PathManager.php:50
/home/dan/Desktop/08/apache-htmx/src/Shared/Infrastructure/PathManager.php:217
/home/dan/Desktop/08/apache-htmx/src/Shared/Infrastructure/PathManager.php:149
/home/dan/Desktop/08/apache-htmx/src/Shared/Infrastructure/Path/FilePathCache.php:26
/home/dan/Desktop/08/apache-htmx/src/Shared/Infrastructure/PathManager.php:50
/home/dan/Desktop/08/apache-htmx/src/Shared/Infrastructure/PathManager.php:217
/home/dan/Desktop/08/apache-htmx/src/Shared/Infrastructure/PathManager.php:149
/home/dan/Desktop/08/apache-htmx/src/Shared/Infrastructure/Path/FilePathCache.php:26
/home/dan/Desktop/08/apache-htmx/src/Shared/Infrastructure/PathManager.php:50
/home/dan/Desktop/08/apache-htmx/src/Shared/Infrastructure/PathManager.php:217
/home/dan/Desktop/08/apache-htmx/src/Shared/Infrastructure/PathManager.php:149
/home/dan/Desktop/08/apache-htmx/src/Shared/Infrastructure/Path/FilePathCache.php:26
/home/dan/Desktop/08/apache-htmx/src/Shared/Infrastructure/PathManager.php:50
/home/dan/Desktop/08/apache-htmx/src/Shared/Infrastructure/PathManager.php:217
/home/dan/Desktop/08/apache-htmx/src/Shared/Infrastructure/PathManager.php:149
/home/dan/Desktop/08/apache-htmx/src/Shared/Infrastructure/Path/FilePathCache.php:26
/home/dan/Desktop/08/apache-htmx/src/Shared/Infrastructure/PathManager.php:50
/home/dan/Desktop/08/apache-htmx/src/Shared/Infrastructure/PathManager.php:217
/home/dan/Desktop/08/apache-htmx/src/Shared/Infrastructure/PathManager.php:149
/home/dan/Desktop/08/apache-htmx/src/Shared/Infrastructure/Path/FilePathCache.php:26
/home/dan/Desktop/08/apache-htmx/src/Shared/Infrastructure/PathManager.php:50
/home/dan/Desktop/08/apache-htmx/src/Shared/Infrastructure/PathManager.php:217
/home/dan/Desktop/08/apache-htmx/src/Shared/Infrastructure/PathManager.php:149
/home/dan/Desktop/08/apache-htmx/src/Shared/Infrastructure/Path/FilePathCache.php:26
/home/dan/Desktop/08/apache-htmx/src/Shared/Infrastructure/PathManager.php:50
/home/dan/Desktop/08/apache-htmx/src/Shared/Infrastructure/PathManager.php:412
/home/dan/Desktop/08/apache-htmx/tests/Unit/Shared/Infrastructure/PathManagerTest.php:18</error>
        </testcase>
        <testcase name="testCustomCacheImplementation" file="/home/dan/Desktop/08/apache-htmx/tests/Unit/Shared/Infrastructure/PathManagerTest.php" line="156" class="Tests\Unit\Shared\Infrastructure\PathManagerTest" classname="Tests.Unit.Shared.Infrastructure.PathManagerTest" assertions="0" time="0.000000">
          <error type="Error">Tests\Unit\Shared\Infrastructure\PathManagerTest::testCustomCacheImplementation
Error: Xdebug has detected a possible infinite loop, and aborted your script with a stack depth of '512' frames

/home/dan/Desktop/08/apache-htmx/src/Shared/Infrastructure/PathManager.php:147
/home/dan/Desktop/08/apache-htmx/src/Shared/Infrastructure/Path/FilePathCache.php:26
/home/dan/Desktop/08/apache-htmx/src/Shared/Infrastructure/PathManager.php:50
/home/dan/Desktop/08/apache-htmx/src/Shared/Infrastructure/PathManager.php:217
/home/dan/Desktop/08/apache-htmx/src/Shared/Infrastructure/PathManager.php:149
/home/dan/Desktop/08/apache-htmx/src/Shared/Infrastructure/Path/FilePathCache.php:26
/home/dan/Desktop/08/apache-htmx/src/Shared/Infrastructure/PathManager.php:50
/home/dan/Desktop/08/apache-htmx/src/Shared/Infrastructure/PathManager.php:217
/home/dan/Desktop/08/apache-htmx/src/Shared/Infrastructure/PathManager.php:149
/home/dan/Desktop/08/apache-htmx/src/Shared/Infrastructure/Path/FilePathCache.php:26
/home/dan/Desktop/08/apache-htmx/src/Shared/Infrastructure/PathManager.php:50
/home/dan/Desktop/08/apache-htmx/src/Shared/Infrastructure/PathManager.php:217
/home/dan/Desktop/08/apache-htmx/src/Shared/Infrastructure/PathManager.php:149
/home/dan/Desktop/08/apache-htmx/src/Shared/Infrastructure/Path/FilePathCache.php:26
/home/dan/Desktop/08/apache-htmx/src/Shared/Infrastructure/PathManager.php:50
/home/dan/Desktop/08/apache-htmx/src/Shared/Infrastructure/PathManager.php:217
/home/dan/Desktop/08/apache-htmx/src/Shared/Infrastructure/PathManager.php:149
/home/dan/Desktop/08/apache-htmx/src/Shared/Infrastructure/Path/FilePathCache.php:26
/home/dan/Desktop/08/apache-htmx/src/Shared/Infrastructure/PathManager.php:50
/home/dan/Desktop/08/apache-htmx/src/Shared/Infrastructure/PathManager.php:217
/home/dan/Desktop/08/apache-htmx/src/Shared/Infrastructure/PathManager.php:149
/home/dan/Desktop/08/apache-htmx/src/Shared/Infrastructure/Path/FilePathCache.php:26
/home/dan/Desktop/08/apache-htmx/src/Shared/Infrastructure/PathManager.php:50
/home/dan/Desktop/08/apache-htmx/src/Shared/Infrastructure/PathManager.php:217
/home/dan/Desktop/08/apache-htmx/src/Shared/Infrastructure/PathManager.php:149
/home/dan/Desktop/08/apache-htmx/src/Shared/Infrastructure/Path/FilePathCache.php:26
/home/dan/Desktop/08/apache-htmx/src/Shared/Infrastructure/PathManager.php:50
/home/dan/Desktop/08/apache-htmx/src/Shared/Infrastructure/PathManager.php:217
/home/dan/Desktop/08/apache-htmx/src/Shared/Infrastructure/PathManager.php:149
/home/dan/Desktop/08/apache-htmx/src/Shared/Infrastructure/Path/FilePathCache.php:26
/home/dan/Desktop/08/apache-htmx/src/Shared/Infrastructure/PathManager.php:50
/home/dan/Desktop/08/apache-htmx/src/Shared/Infrastructure/PathManager.php:217
/home/dan/Desktop/08/apache-htmx/src/Shared/Infrastructure/PathManager.php:149
/home/dan/Desktop/08/apache-htmx/src/Shared/Infrastructure/Path/FilePathCache.php:26
/home/dan/Desktop/08/apache-htmx/src/Shared/Infrastructure/PathManager.php:50
/home/dan/Desktop/08/apache-htmx/src/Shared/Infrastructure/PathManager.php:217
/home/dan/Desktop/08/apache-htmx/src/Shared/Infrastructure/PathManager.php:149
/home/dan/Desktop/08/apache-htmx/src/Shared/Infrastructure/Path/FilePathCache.php:26
/home/dan/Desktop/08/apache-htmx/src/Shared/Infrastructure/PathManager.php:50
/home/dan/Desktop/08/apache-htmx/src/Shared/Infrastructure/PathManager.php:217
/home/dan/Desktop/08/apache-htmx/src/Shared/Infrastructure/PathManager.php:149
/home/dan/Desktop/08/apache-htmx/src/Shared/Infrastructure/Path/FilePathCache.php:26
/home/dan/Desktop/08/apache-htmx/src/Shared/Infrastructure/PathManager.php:50
/home/dan/Desktop/08/apache-htmx/src/Shared/Infrastructure/PathManager.php:217
/home/dan/Desktop/08/apache-htmx/src/Shared/Infrastructure/PathManager.php:149
/home/dan/Desktop/08/apache-htmx/src/Shared/Infrastructure/Path/FilePathCache.php:26
/home/dan/Desktop/08/apache-htmx/src/Shared/Infrastructure/PathManager.php:50
/home/dan/Desktop/08/apache-htmx/src/Shared/Infrastructure/PathManager.php:217
/home/dan/Desktop/08/apache-htmx/src/Shared/Infrastructure/PathManager.php:149
/home/dan/Desktop/08/apache-htmx/src/Shared/Infrastructure/Path/FilePathCache.php:26
/home/dan/Desktop/08/apache-htmx/src/Shared/Infrastructure/PathManager.php:50
/home/dan/Desktop/08/apache-htmx/src/Shared/Infrastructure/PathManager.php:217
/home/dan/Desktop/08/apache-htmx/src/Shared/Infrastructure/PathManager.php:149
/home/dan/Desktop/08/apache-htmx/src/Shared/Infrastructure/Path/FilePathCache.php:26
/home/dan/Desktop/08/apache-htmx/src/Shared/Infrastructure/PathManager.php:50
/home/dan/Desktop/08/apache-htmx/src/Shared/Infrastructure/PathManager.php:217
/home/dan/Desktop/08/apache-htmx/src/Shared/Infrastructure/PathManager.php:149
/home/dan/Desktop/08/apache-htmx/src/Shared/Infrastructure/Path/FilePathCache.php:26
/home/dan/Desktop/08/apache-htmx/src/Shared/Infrastructure/PathManager.php:50
/home/dan/Desktop/08/apache-htmx/src/Shared/Infrastructure/PathManager.php:217
/home/dan/Desktop/08/apache-htmx/src/Shared/Infrastructure/PathManager.php:149
/home/dan/Desktop/08/apache-htmx/src/Shared/Infrastructure/Path/FilePathCache.php:26
/home/dan/Desktop/08/apache-htmx/src/Shared/Infrastructure/PathManager.php:50
/home/dan/Desktop/08/apache-htmx/src/Shared/Infrastructure/PathManager.php:217
/home/dan/Desktop/08/apache-htmx/src/Shared/Infrastructure/PathManager.php:149
/home/dan/Desktop/08/apache-htmx/src/Shared/Infrastructure/Path/FilePathCache.php:26
/home/dan/Desktop/08/apache-htmx/src/Shared/Infrastructure/PathManager.php:50
/home/dan/Desktop/08/apache-htmx/src/Shared/Infrastructure/PathManager.php:217
/home/dan/Desktop/08/apache-htmx/src/Shared/Infrastructure/PathManager.php:149
/home/dan/Desktop/08/apache-htmx/src/Shared/Infrastructure/Path/FilePathCache.php:26
/home/dan/Desktop/08/apache-htmx/src/Shared/Infrastructure/PathManager.php:50
/home/dan/Desktop/08/apache-htmx/src/Shared/Infrastructure/PathManager.php:217
/home/dan/Desktop/08/apache-htmx/src/Shared/Infrastructure/PathManager.php:149
/home/dan/Desktop/08/apache-htmx/src/Shared/Infrastructure/Path/FilePathCache.php:26
/home/dan/Desktop/08/apache-htmx/src/Shared/Infrastructure/PathManager.php:50
/home/dan/Desktop/08/apache-htmx/src/Shared/Infrastructure/PathManager.php:217
/home/dan/Desktop/08/apache-htmx/src/Shared/Infrastructure/PathManager.php:149
/home/dan/Desktop/08/apache-htmx/src/Shared/Infrastructure/Path/FilePathCache.php:26
/home/dan/Desktop/08/apache-htmx/src/Shared/Infrastructure/PathManager.php:50
/home/dan/Desktop/08/apache-htmx/src/Shared/Infrastructure/PathManager.php:217
/home/dan/Desktop/08/apache-htmx/src/Shared/Infrastructure/PathManager.php:149
/home/dan/Desktop/08/apache-htmx/src/Shared/Infrastructure/Path/FilePathCache.php:26
/home/dan/Desktop/08/apache-htmx/src/Shared/Infrastructure/PathManager.php:50
/home/dan/Desktop/08/apache-htmx/src/Shared/Infrastructure/PathManager.php:217
/home/dan/Desktop/08/apache-htmx/src/Shared/Infrastructure/PathManager.php:149
/home/dan/Desktop/08/apache-htmx/src/Shared/Infrastructure/Path/FilePathCache.php:26
/home/dan/Desktop/08/apache-htmx/src/Shared/Infrastructure/PathManager.php:50
/home/dan/Desktop/08/apache-htmx/src/Shared/Infrastructure/PathManager.php:217
/home/dan/Desktop/08/apache-htmx/src/Shared/Infrastructure/PathManager.php:149
/home/dan/Desktop/08/apache-htmx/src/Shared/Infrastructure/Path/FilePathCache.php:26
/home/dan/Desktop/08/apache-htmx/src/Shared/Infrastructure/PathManager.php:50
/home/dan/Desktop/08/apache-htmx/src/Shared/Infrastructure/PathManager.php:217
/home/dan/Desktop/08/apache-htmx/src/Shared/Infrastructure/PathManager.php:149
/home/dan/Desktop/08/apache-htmx/src/Shared/Infrastructure/Path/FilePathCache.php:26
/home/dan/Desktop/08/apache-htmx/src/Shared/Infrastructure/PathManager.php:50
/home/dan/Desktop/08/apache-htmx/src/Shared/Infrastructure/PathManager.php:217
/home/dan/Desktop/08/apache-htmx/src/Shared/Infrastructure/PathManager.php:149
/home/dan/Desktop/08/apache-htmx/src/Shared/Infrastructure/Path/FilePathCache.php:26
/home/dan/Desktop/08/apache-htmx/src/Shared/Infrastructure/PathManager.php:50
/home/dan/Desktop/08/apache-htmx/src/Shared/Infrastructure/PathManager.php:217
/home/dan/Desktop/08/apache-htmx/src/Shared/Infrastructure/PathManager.php:149
/home/dan/Desktop/08/apache-htmx/src/Shared/Infrastructure/Path/FilePathCache.php:26
/home/dan/Desktop/08/apache-htmx/src/Shared/Infrastructure/PathManager.php:50
/home/dan/Desktop/08/apache-htmx/src/Shared/Infrastructure/PathManager.php:217
/home/dan/Desktop/08/apache-htmx/src/Shared/Infrastructure/PathManager.php:149
/home/dan/Desktop/08/apache-htmx/src/Shared/Infrastructure/Path/FilePathCache.php:26
/home/dan/Desktop/08/apache-htmx/src/Shared/Infrastructure/PathManager.php:50
/home/dan/Desktop/08/apache-htmx/src/Shared/Infrastructure/PathManager.php:217
/home/dan/Desktop/08/apache-htmx/src/Shared/Infrastructure/PathManager.php:149
/home/dan/Desktop/08/apache-htmx/src/Shared/Infrastructure/Path/FilePathCache.php:26
/home/dan/Desktop/08/apache-htmx/src/Shared/Infrastructure/PathManager.php:50
/home/dan/Desktop/08/apache-htmx/src/Shared/Infrastructure/PathManager.php:217
/home/dan/Desktop/08/apache-htmx/src/Shared/Infrastructure/PathManager.php:149
/home/dan/Desktop/08/apache-htmx/src/Shared/Infrastructure/Path/FilePathCache.php:26
/home/dan/Desktop/08/apache-htmx/src/Shared/Infrastructure/PathManager.php:50
/home/dan/Desktop/08/apache-htmx/src/Shared/Infrastructure/PathManager.php:217
/home/dan/Desktop/08/apache-htmx/src/Shared/Infrastructure/PathManager.php:149
/home/dan/Desktop/08/apache-htmx/src/Shared/Infrastructure/Path/FilePathCache.php:26
/home/dan/Desktop/08/apache-htmx/src/Shared/Infrastructure/PathManager.php:50
/home/dan/Desktop/08/apache-htmx/src/Shared/Infrastructure/PathManager.php:217
/home/dan/Desktop/08/apache-htmx/src/Shared/Infrastructure/PathManager.php:149
/home/dan/Desktop/08/apache-htmx/src/Shared/Infrastructure/Path/FilePathCache.php:26
/home/dan/Desktop/08/apache-htmx/src/Shared/Infrastructure/PathManager.php:50
/home/dan/Desktop/08/apache-htmx/src/Shared/Infrastructure/PathManager.php:217
/home/dan/Desktop/08/apache-htmx/src/Shared/Infrastructure/PathManager.php:149
/home/dan/Desktop/08/apache-htmx/src/Shared/Infrastructure/Path/FilePathCache.php:26
/home/dan/Desktop/08/apache-htmx/src/Shared/Infrastructure/PathManager.php:50
/home/dan/Desktop/08/apache-htmx/src/Shared/Infrastructure/PathManager.php:217
/home/dan/Desktop/08/apache-htmx/src/Shared/Infrastructure/PathManager.php:149
/home/dan/Desktop/08/apache-htmx/src/Shared/Infrastructure/Path/FilePathCache.php:26
/home/dan/Desktop/08/apache-htmx/src/Shared/Infrastructure/PathManager.php:50
/home/dan/Desktop/08/apache-htmx/src/Shared/Infrastructure/PathManager.php:217
/home/dan/Desktop/08/apache-htmx/src/Shared/Infrastructure/PathManager.php:149
/home/dan/Desktop/08/apache-htmx/src/Shared/Infrastructure/Path/FilePathCache.php:26
/home/dan/Desktop/08/apache-htmx/src/Shared/Infrastructure/PathManager.php:50
/home/dan/Desktop/08/apache-htmx/src/Shared/Infrastructure/PathManager.php:217
/home/dan/Desktop/08/apache-htmx/src/Shared/Infrastructure/PathManager.php:149
/home/dan/Desktop/08/apache-htmx/src/Shared/Infrastructure/Path/FilePathCache.php:26
/home/dan/Desktop/08/apache-htmx/src/Shared/Infrastructure/PathManager.php:50
/home/dan/Desktop/08/apache-htmx/src/Shared/Infrastructure/PathManager.php:217
/home/dan/Desktop/08/apache-htmx/src/Shared/Infrastructure/PathManager.php:149
/home/dan/Desktop/08/apache-htmx/src/Shared/Infrastructure/Path/FilePathCache.php:26
/home/dan/Desktop/08/apache-htmx/src/Shared/Infrastructure/PathManager.php:50
/home/dan/Desktop/08/apache-htmx/src/Shared/Infrastructure/PathManager.php:217
/home/dan/Desktop/08/apache-htmx/src/Shared/Infrastructure/PathManager.php:149
/home/dan/Desktop/08/apache-htmx/src/Shared/Infrastructure/Path/FilePathCache.php:26
/home/dan/Desktop/08/apache-htmx/src/Shared/Infrastructure/PathManager.php:50
/home/dan/Desktop/08/apache-htmx/src/Shared/Infrastructure/PathManager.php:217
/home/dan/Desktop/08/apache-htmx/src/Shared/Infrastructure/PathManager.php:149
/home/dan/Desktop/08/apache-htmx/src/Shared/Infrastructure/Path/FilePathCache.php:26
/home/dan/Desktop/08/apache-htmx/src/Shared/Infrastructure/PathManager.php:50
/home/dan/Desktop/08/apache-htmx/src/Shared/Infrastructure/PathManager.php:217
/home/dan/Desktop/08/apache-htmx/src/Shared/Infrastructure/PathManager.php:149
/home/dan/Desktop/08/apache-htmx/src/Shared/Infrastructure/Path/FilePathCache.php:26
/home/dan/Desktop/08/apache-htmx/src/Shared/Infrastructure/PathManager.php:50
/home/dan/Desktop/08/apache-htmx/src/Shared/Infrastructure/PathManager.php:217
/home/dan/Desktop/08/apache-htmx/src/Shared/Infrastructure/PathManager.php:149
/home/dan/Desktop/08/apache-htmx/src/Shared/Infrastructure/Path/FilePathCache.php:26
/home/dan/Desktop/08/apache-htmx/src/Shared/Infrastructure/PathManager.php:50
/home/dan/Desktop/08/apache-htmx/src/Shared/Infrastructure/PathManager.php:217
/home/dan/Desktop/08/apache-htmx/src/Shared/Infrastructure/PathManager.php:149
/home/dan/Desktop/08/apache-htmx/src/Shared/Infrastructure/Path/FilePathCache.php:26
/home/dan/Desktop/08/apache-htmx/src/Shared/Infrastructure/PathManager.php:50
/home/dan/Desktop/08/apache-htmx/src/Shared/Infrastructure/PathManager.php:217
/home/dan/Desktop/08/apache-htmx/src/Shared/Infrastructure/PathManager.php:149
/home/dan/Desktop/08/apache-htmx/src/Shared/Infrastructure/Path/FilePathCache.php:26
/home/dan/Desktop/08/apache-htmx/src/Shared/Infrastructure/PathManager.php:50
/home/dan/Desktop/08/apache-htmx/src/Shared/Infrastructure/PathManager.php:217
/home/dan/Desktop/08/apache-htmx/src/Shared/Infrastructure/PathManager.php:149
/home/dan/Desktop/08/apache-htmx/src/Shared/Infrastructure/Path/FilePathCache.php:26
/home/dan/Desktop/08/apache-htmx/src/Shared/Infrastructure/PathManager.php:50
/home/dan/Desktop/08/apache-htmx/src/Shared/Infrastructure/PathManager.php:217
/home/dan/Desktop/08/apache-htmx/src/Shared/Infrastructure/PathManager.php:149
/home/dan/Desktop/08/apache-htmx/src/Shared/Infrastructure/Path/FilePathCache.php:26
/home/dan/Desktop/08/apache-htmx/src/Shared/Infrastructure/PathManager.php:50
/home/dan/Desktop/08/apache-htmx/src/Shared/Infrastructure/PathManager.php:217
/home/dan/Desktop/08/apache-htmx/src/Shared/Infrastructure/PathManager.php:149
/home/dan/Desktop/08/apache-htmx/src/Shared/Infrastructure/Path/FilePathCache.php:26
/home/dan/Desktop/08/apache-htmx/src/Shared/Infrastructure/PathManager.php:50
/home/dan/Desktop/08/apache-htmx/src/Shared/Infrastructure/PathManager.php:217
/home/dan/Desktop/08/apache-htmx/src/Shared/Infrastructure/PathManager.php:149
/home/dan/Desktop/08/apache-htmx/src/Shared/Infrastructure/Path/FilePathCache.php:26
/home/dan/Desktop/08/apache-htmx/src/Shared/Infrastructure/PathManager.php:50
/home/dan/Desktop/08/apache-htmx/src/Shared/Infrastructure/PathManager.php:217
/home/dan/Desktop/08/apache-htmx/src/Shared/Infrastructure/PathManager.php:149
/home/dan/Desktop/08/apache-htmx/src/Shared/Infrastructure/Path/FilePathCache.php:26
/home/dan/Desktop/08/apache-htmx/src/Shared/Infrastructure/PathManager.php:50
/home/dan/Desktop/08/apache-htmx/src/Shared/Infrastructure/PathManager.php:217
/home/dan/Desktop/08/apache-htmx/src/Shared/Infrastructure/PathManager.php:149
/home/dan/Desktop/08/apache-htmx/src/Shared/Infrastructure/Path/FilePathCache.php:26
/home/dan/Desktop/08/apache-htmx/src/Shared/Infrastructure/PathManager.php:50
/home/dan/Desktop/08/apache-htmx/src/Shared/Infrastructure/PathManager.php:217
/home/dan/Desktop/08/apache-htmx/src/Shared/Infrastructure/PathManager.php:149
/home/dan/Desktop/08/apache-htmx/src/Shared/Infrastructure/Path/FilePathCache.php:26
/home/dan/Desktop/08/apache-htmx/src/Shared/Infrastructure/PathManager.php:50
/home/dan/Desktop/08/apache-htmx/src/Shared/Infrastructure/PathManager.php:217
/home/dan/Desktop/08/apache-htmx/src/Shared/Infrastructure/PathManager.php:149
/home/dan/Desktop/08/apache-htmx/src/Shared/Infrastructure/Path/FilePathCache.php:26
/home/dan/Desktop/08/apache-htmx/src/Shared/Infrastructure/PathManager.php:50
/home/dan/Desktop/08/apache-htmx/src/Shared/Infrastructure/PathManager.php:217
/home/dan/Desktop/08/apache-htmx/src/Shared/Infrastructure/PathManager.php:149
/home/dan/Desktop/08/apache-htmx/src/Shared/Infrastructure/Path/FilePathCache.php:26
/home/dan/Desktop/08/apache-htmx/src/Shared/Infrastructure/PathManager.php:50
/home/dan/Desktop/08/apache-htmx/src/Shared/Infrastructure/PathManager.php:217
/home/dan/Desktop/08/apache-htmx/src/Shared/Infrastructure/PathManager.php:149
/home/dan/Desktop/08/apache-htmx/src/Shared/Infrastructure/Path/FilePathCache.php:26
/home/dan/Desktop/08/apache-htmx/src/Shared/Infrastructure/PathManager.php:50
/home/dan/Desktop/08/apache-htmx/src/Shared/Infrastructure/PathManager.php:217
/home/dan/Desktop/08/apache-htmx/src/Shared/Infrastructure/PathManager.php:149
/home/dan/Desktop/08/apache-htmx/src/Shared/Infrastructure/Path/FilePathCache.php:26
/home/dan/Desktop/08/apache-htmx/src/Shared/Infrastructure/PathManager.php:50
/home/dan/Desktop/08/apache-htmx/src/Shared/Infrastructure/PathManager.php:217
/home/dan/Desktop/08/apache-htmx/src/Shared/Infrastructure/PathManager.php:149
/home/dan/Desktop/08/apache-htmx/src/Shared/Infrastructure/Path/FilePathCache.php:26
/home/dan/Desktop/08/apache-htmx/src/Shared/Infrastructure/PathManager.php:50
/home/dan/Desktop/08/apache-htmx/src/Shared/Infrastructure/PathManager.php:217
/home/dan/Desktop/08/apache-htmx/src/Shared/Infrastructure/PathManager.php:149
/home/dan/Desktop/08/apache-htmx/src/Shared/Infrastructure/Path/FilePathCache.php:26
/home/dan/Desktop/08/apache-htmx/src/Shared/Infrastructure/PathManager.php:50
/home/dan/Desktop/08/apache-htmx/src/Shared/Infrastructure/PathManager.php:217
/home/dan/Desktop/08/apache-htmx/src/Shared/Infrastructure/PathManager.php:149
/home/dan/Desktop/08/apache-htmx/src/Shared/Infrastructure/Path/FilePathCache.php:26
/home/dan/Desktop/08/apache-htmx/src/Shared/Infrastructure/PathManager.php:50
/home/dan/Desktop/08/apache-htmx/src/Shared/Infrastructure/PathManager.php:217
/home/dan/Desktop/08/apache-htmx/src/Shared/Infrastructure/PathManager.php:149
/home/dan/Desktop/08/apache-htmx/src/Shared/Infrastructure/Path/FilePathCache.php:26
/home/dan/Desktop/08/apache-htmx/src/Shared/Infrastructure/PathManager.php:50
/home/dan/Desktop/08/apache-htmx/src/Shared/Infrastructure/PathManager.php:217
/home/dan/Desktop/08/apache-htmx/src/Shared/Infrastructure/PathManager.php:149
/home/dan/Desktop/08/apache-htmx/src/Shared/Infrastructure/Path/FilePathCache.php:26
/home/dan/Desktop/08/apache-htmx/src/Shared/Infrastructure/PathManager.php:50
/home/dan/Desktop/08/apache-htmx/src/Shared/Infrastructure/PathManager.php:217
/home/dan/Desktop/08/apache-htmx/src/Shared/Infrastructure/PathManager.php:149
/home/dan/Desktop/08/apache-htmx/src/Shared/Infrastructure/Path/FilePathCache.php:26
/home/dan/Desktop/08/apache-htmx/src/Shared/Infrastructure/PathManager.php:50
/home/dan/Desktop/08/apache-htmx/src/Shared/Infrastructure/PathManager.php:217
/home/dan/Desktop/08/apache-htmx/src/Shared/Infrastructure/PathManager.php:149
/home/dan/Desktop/08/apache-htmx/src/Shared/Infrastructure/Path/FilePathCache.php:26
/home/dan/Desktop/08/apache-htmx/src/Shared/Infrastructure/PathManager.php:50
/home/dan/Desktop/08/apache-htmx/src/Shared/Infrastructure/PathManager.php:217
/home/dan/Desktop/08/apache-htmx/src/Shared/Infrastructure/PathManager.php:149
/home/dan/Desktop/08/apache-htmx/src/Shared/Infrastructure/Path/FilePathCache.php:26
/home/dan/Desktop/08/apache-htmx/src/Shared/Infrastructure/PathManager.php:50
/home/dan/Desktop/08/apache-htmx/src/Shared/Infrastructure/PathManager.php:217
/home/dan/Desktop/08/apache-htmx/src/Shared/Infrastructure/PathManager.php:149
/home/dan/Desktop/08/apache-htmx/src/Shared/Infrastructure/Path/FilePathCache.php:26
/home/dan/Desktop/08/apache-htmx/src/Shared/Infrastructure/PathManager.php:50
/home/dan/Desktop/08/apache-htmx/src/Shared/Infrastructure/PathManager.php:217
/home/dan/Desktop/08/apache-htmx/src/Shared/Infrastructure/PathManager.php:149
/home/dan/Desktop/08/apache-htmx/src/Shared/Infrastructure/Path/FilePathCache.php:26
/home/dan/Desktop/08/apache-htmx/src/Shared/Infrastructure/PathManager.php:50
/home/dan/Desktop/08/apache-htmx/src/Shared/Infrastructure/PathManager.php:217
/home/dan/Desktop/08/apache-htmx/src/Shared/Infrastructure/PathManager.php:149
/home/dan/Desktop/08/apache-htmx/src/Shared/Infrastructure/Path/FilePathCache.php:26
/home/dan/Desktop/08/apache-htmx/src/Shared/Infrastructure/PathManager.php:50
/home/dan/Desktop/08/apache-htmx/src/Shared/Infrastructure/PathManager.php:217
/home/dan/Desktop/08/apache-htmx/src/Shared/Infrastructure/PathManager.php:149
/home/dan/Desktop/08/apache-htmx/src/Shared/Infrastructure/Path/FilePathCache.php:26
/home/dan/Desktop/08/apache-htmx/src/Shared/Infrastructure/PathManager.php:50
/home/dan/Desktop/08/apache-htmx/src/Shared/Infrastructure/PathManager.php:217
/home/dan/Desktop/08/apache-htmx/src/Shared/Infrastructure/PathManager.php:149
/home/dan/Desktop/08/apache-htmx/src/Shared/Infrastructure/Path/FilePathCache.php:26
/home/dan/Desktop/08/apache-htmx/src/Shared/Infrastructure/PathManager.php:50
/home/dan/Desktop/08/apache-htmx/src/Shared/Infrastructure/PathManager.php:217
/home/dan/Desktop/08/apache-htmx/src/Shared/Infrastructure/PathManager.php:149
/home/dan/Desktop/08/apache-htmx/src/Shared/Infrastructure/Path/FilePathCache.php:26
/home/dan/Desktop/08/apache-htmx/src/Shared/Infrastructure/PathManager.php:50
/home/dan/Desktop/08/apache-htmx/src/Shared/Infrastructure/PathManager.php:217
/home/dan/Desktop/08/apache-htmx/src/Shared/Infrastructure/PathManager.php:149
/home/dan/Desktop/08/apache-htmx/src/Shared/Infrastructure/Path/FilePathCache.php:26
/home/dan/Desktop/08/apache-htmx/src/Shared/Infrastructure/PathManager.php:50
/home/dan/Desktop/08/apache-htmx/src/Shared/Infrastructure/PathManager.php:217
/home/dan/Desktop/08/apache-htmx/src/Shared/Infrastructure/PathManager.php:149
/home/dan/Desktop/08/apache-htmx/src/Shared/Infrastructure/Path/FilePathCache.php:26
/home/dan/Desktop/08/apache-htmx/src/Shared/Infrastructure/PathManager.php:50
/home/dan/Desktop/08/apache-htmx/src/Shared/Infrastructure/PathManager.php:217
/home/dan/Desktop/08/apache-htmx/src/Shared/Infrastructure/PathManager.php:149
/home/dan/Desktop/08/apache-htmx/src/Shared/Infrastructure/Path/FilePathCache.php:26
/home/dan/Desktop/08/apache-htmx/src/Shared/Infrastructure/PathManager.php:50
/home/dan/Desktop/08/apache-htmx/src/Shared/Infrastructure/PathManager.php:217
/home/dan/Desktop/08/apache-htmx/src/Shared/Infrastructure/PathManager.php:149
/home/dan/Desktop/08/apache-htmx/src/Shared/Infrastructure/Path/FilePathCache.php:26
/home/dan/Desktop/08/apache-htmx/src/Shared/Infrastructure/PathManager.php:50
/home/dan/Desktop/08/apache-htmx/src/Shared/Infrastructure/PathManager.php:217
/home/dan/Desktop/08/apache-htmx/src/Shared/Infrastructure/PathManager.php:149
/home/dan/Desktop/08/apache-htmx/src/Shared/Infrastructure/Path/FilePathCache.php:26
/home/dan/Desktop/08/apache-htmx/src/Shared/Infrastructure/PathManager.php:50
/home/dan/Desktop/08/apache-htmx/src/Shared/Infrastructure/PathManager.php:217
/home/dan/Desktop/08/apache-htmx/src/Shared/Infrastructure/PathManager.php:149
/home/dan/Desktop/08/apache-htmx/src/Shared/Infrastructure/Path/FilePathCache.php:26
/home/dan/Desktop/08/apache-htmx/src/Shared/Infrastructure/PathManager.php:50
/home/dan/Desktop/08/apache-htmx/src/Shared/Infrastructure/PathManager.php:217
/home/dan/Desktop/08/apache-htmx/src/Shared/Infrastructure/PathManager.php:149
/home/dan/Desktop/08/apache-htmx/src/Shared/Infrastructure/Path/FilePathCache.php:26
/home/dan/Desktop/08/apache-htmx/src/Shared/Infrastructure/PathManager.php:50
/home/dan/Desktop/08/apache-htmx/src/Shared/Infrastructure/PathManager.php:217
/home/dan/Desktop/08/apache-htmx/src/Shared/Infrastructure/PathManager.php:149
/home/dan/Desktop/08/apache-htmx/src/Shared/Infrastructure/Path/FilePathCache.php:26
/home/dan/Desktop/08/apache-htmx/src/Shared/Infrastructure/PathManager.php:50
/home/dan/Desktop/08/apache-htmx/src/Shared/Infrastructure/PathManager.php:217
/home/dan/Desktop/08/apache-htmx/src/Shared/Infrastructure/PathManager.php:149
/home/dan/Desktop/08/apache-htmx/src/Shared/Infrastructure/Path/FilePathCache.php:26
/home/dan/Desktop/08/apache-htmx/src/Shared/Infrastructure/PathManager.php:50
/home/dan/Desktop/08/apache-htmx/src/Shared/Infrastructure/PathManager.php:217
/home/dan/Desktop/08/apache-htmx/src/Shared/Infrastructure/PathManager.php:149
/home/dan/Desktop/08/apache-htmx/src/Shared/Infrastructure/Path/FilePathCache.php:26
/home/dan/Desktop/08/apache-htmx/src/Shared/Infrastructure/PathManager.php:50
/home/dan/Desktop/08/apache-htmx/src/Shared/Infrastructure/PathManager.php:217
/home/dan/Desktop/08/apache-htmx/src/Shared/Infrastructure/PathManager.php:149
/home/dan/Desktop/08/apache-htmx/src/Shared/Infrastructure/Path/FilePathCache.php:26
/home/dan/Desktop/08/apache-htmx/src/Shared/Infrastructure/PathManager.php:50
/home/dan/Desktop/08/apache-htmx/src/Shared/Infrastructure/PathManager.php:217
/home/dan/Desktop/08/apache-htmx/src/Shared/Infrastructure/PathManager.php:149
/home/dan/Desktop/08/apache-htmx/src/Shared/Infrastructure/Path/FilePathCache.php:26
/home/dan/Desktop/08/apache-htmx/src/Shared/Infrastructure/PathManager.php:50
/home/dan/Desktop/08/apache-htmx/src/Shared/Infrastructure/PathManager.php:217
/home/dan/Desktop/08/apache-htmx/src/Shared/Infrastructure/PathManager.php:149
/home/dan/Desktop/08/apache-htmx/src/Shared/Infrastructure/Path/FilePathCache.php:26
/home/dan/Desktop/08/apache-htmx/src/Shared/Infrastructure/PathManager.php:50
/home/dan/Desktop/08/apache-htmx/src/Shared/Infrastructure/PathManager.php:217
/home/dan/Desktop/08/apache-htmx/src/Shared/Infrastructure/PathManager.php:149
/home/dan/Desktop/08/apache-htmx/src/Shared/Infrastructure/Path/FilePathCache.php:26
/home/dan/Desktop/08/apache-htmx/src/Shared/Infrastructure/PathManager.php:50
/home/dan/Desktop/08/apache-htmx/src/Shared/Infrastructure/PathManager.php:217
/home/dan/Desktop/08/apache-htmx/src/Shared/Infrastructure/PathManager.php:149
/home/dan/Desktop/08/apache-htmx/src/Shared/Infrastructure/Path/FilePathCache.php:26
/home/dan/Desktop/08/apache-htmx/src/Shared/Infrastructure/PathManager.php:50
/home/dan/Desktop/08/apache-htmx/src/Shared/Infrastructure/PathManager.php:217
/home/dan/Desktop/08/apache-htmx/src/Shared/Infrastructure/PathManager.php:149
/home/dan/Desktop/08/apache-htmx/src/Shared/Infrastructure/Path/FilePathCache.php:26
/home/dan/Desktop/08/apache-htmx/src/Shared/Infrastructure/PathManager.php:50
/home/dan/Desktop/08/apache-htmx/src/Shared/Infrastructure/PathManager.php:217
/home/dan/Desktop/08/apache-htmx/src/Shared/Infrastructure/PathManager.php:149
/home/dan/Desktop/08/apache-htmx/src/Shared/Infrastructure/Path/FilePathCache.php:26
/home/dan/Desktop/08/apache-htmx/src/Shared/Infrastructure/PathManager.php:50
/home/dan/Desktop/08/apache-htmx/src/Shared/Infrastructure/PathManager.php:217
/home/dan/Desktop/08/apache-htmx/src/Shared/Infrastructure/PathManager.php:149
/home/dan/Desktop/08/apache-htmx/src/Shared/Infrastructure/Path/FilePathCache.php:26
/home/dan/Desktop/08/apache-htmx/src/Shared/Infrastructure/PathManager.php:50
/home/dan/Desktop/08/apache-htmx/src/Shared/Infrastructure/PathManager.php:217
/home/dan/Desktop/08/apache-htmx/src/Shared/Infrastructure/PathManager.php:149
/home/dan/Desktop/08/apache-htmx/src/Shared/Infrastructure/Path/FilePathCache.php:26
/home/dan/Desktop/08/apache-htmx/src/Shared/Infrastructure/PathManager.php:50
/home/dan/Desktop/08/apache-htmx/src/Shared/Infrastructure/PathManager.php:217
/home/dan/Desktop/08/apache-htmx/src/Shared/Infrastructure/PathManager.php:149
/home/dan/Desktop/08/apache-htmx/src/Shared/Infrastructure/Path/FilePathCache.php:26
/home/dan/Desktop/08/apache-htmx/src/Shared/Infrastructure/PathManager.php:50
/home/dan/Desktop/08/apache-htmx/src/Shared/Infrastructure/PathManager.php:217
/home/dan/Desktop/08/apache-htmx/src/Shared/Infrastructure/PathManager.php:149
/home/dan/Desktop/08/apache-htmx/src/Shared/Infrastructure/Path/FilePathCache.php:26
/home/dan/Desktop/08/apache-htmx/src/Shared/Infrastructure/PathManager.php:50
/home/dan/Desktop/08/apache-htmx/src/Shared/Infrastructure/PathManager.php:217
/home/dan/Desktop/08/apache-htmx/src/Shared/Infrastructure/PathManager.php:149
/home/dan/Desktop/08/apache-htmx/src/Shared/Infrastructure/Path/FilePathCache.php:26
/home/dan/Desktop/08/apache-htmx/src/Shared/Infrastructure/PathManager.php:50
/home/dan/Desktop/08/apache-htmx/src/Shared/Infrastructure/PathManager.php:217
/home/dan/Desktop/08/apache-htmx/src/Shared/Infrastructure/PathManager.php:149
/home/dan/Desktop/08/apache-htmx/src/Shared/Infrastructure/Path/FilePathCache.php:26
/home/dan/Desktop/08/apache-htmx/src/Shared/Infrastructure/PathManager.php:50
/home/dan/Desktop/08/apache-htmx/src/Shared/Infrastructure/PathManager.php:217
/home/dan/Desktop/08/apache-htmx/src/Shared/Infrastructure/PathManager.php:149
/home/dan/Desktop/08/apache-htmx/src/Shared/Infrastructure/Path/FilePathCache.php:26
/home/dan/Desktop/08/apache-htmx/src/Shared/Infrastructure/PathManager.php:50
/home/dan/Desktop/08/apache-htmx/src/Shared/Infrastructure/PathManager.php:217
/home/dan/Desktop/08/apache-htmx/src/Shared/Infrastructure/PathManager.php:149
/home/dan/Desktop/08/apache-htmx/src/Shared/Infrastructure/Path/FilePathCache.php:26
/home/dan/Desktop/08/apache-htmx/src/Shared/Infrastructure/PathManager.php:50
/home/dan/Desktop/08/apache-htmx/src/Shared/Infrastructure/PathManager.php:217
/home/dan/Desktop/08/apache-htmx/src/Shared/Infrastructure/PathManager.php:149
/home/dan/Desktop/08/apache-htmx/src/Shared/Infrastructure/Path/FilePathCache.php:26
/home/dan/Desktop/08/apache-htmx/src/Shared/Infrastructure/PathManager.php:50
/home/dan/Desktop/08/apache-htmx/src/Shared/Infrastructure/PathManager.php:217
/home/dan/Desktop/08/apache-htmx/src/Shared/Infrastructure/PathManager.php:149
/home/dan/Desktop/08/apache-htmx/src/Shared/Infrastructure/Path/FilePathCache.php:26
/home/dan/Desktop/08/apache-htmx/src/Shared/Infrastructure/PathManager.php:50
/home/dan/Desktop/08/apache-htmx/src/Shared/Infrastructure/PathManager.php:217
/home/dan/Desktop/08/apache-htmx/src/Shared/Infrastructure/PathManager.php:149
/home/dan/Desktop/08/apache-htmx/src/Shared/Infrastructure/Path/FilePathCache.php:26
/home/dan/Desktop/08/apache-htmx/src/Shared/Infrastructure/PathManager.php:50
/home/dan/Desktop/08/apache-htmx/src/Shared/Infrastructure/PathManager.php:217
/home/dan/Desktop/08/apache-htmx/src/Shared/Infrastructure/PathManager.php:149
/home/dan/Desktop/08/apache-htmx/src/Shared/Infrastructure/Path/FilePathCache.php:26
/home/dan/Desktop/08/apache-htmx/src/Shared/Infrastructure/PathManager.php:50
/home/dan/Desktop/08/apache-htmx/src/Shared/Infrastructure/PathManager.php:217
/home/dan/Desktop/08/apache-htmx/src/Shared/Infrastructure/PathManager.php:149
/home/dan/Desktop/08/apache-htmx/src/Shared/Infrastructure/Path/FilePathCache.php:26
/home/dan/Desktop/08/apache-htmx/src/Shared/Infrastructure/PathManager.php:50
/home/dan/Desktop/08/apache-htmx/src/Shared/Infrastructure/PathManager.php:217
/home/dan/Desktop/08/apache-htmx/src/Shared/Infrastructure/PathManager.php:149
/home/dan/Desktop/08/apache-htmx/src/Shared/Infrastructure/Path/FilePathCache.php:26
/home/dan/Desktop/08/apache-htmx/src/Shared/Infrastructure/PathManager.php:50
/home/dan/Desktop/08/apache-htmx/src/Shared/Infrastructure/PathManager.php:217
/home/dan/Desktop/08/apache-htmx/src/Shared/Infrastructure/PathManager.php:149
/home/dan/Desktop/08/apache-htmx/src/Shared/Infrastructure/Path/FilePathCache.php:26
/home/dan/Desktop/08/apache-htmx/src/Shared/Infrastructure/PathManager.php:50
/home/dan/Desktop/08/apache-htmx/src/Shared/Infrastructure/PathManager.php:217
/home/dan/Desktop/08/apache-htmx/src/Shared/Infrastructure/PathManager.php:149
/home/dan/Desktop/08/apache-htmx/src/Shared/Infrastructure/Path/FilePathCache.php:26
/home/dan/Desktop/08/apache-htmx/src/Shared/Infrastructure/PathManager.php:50
/home/dan/Desktop/08/apache-htmx/src/Shared/Infrastructure/PathManager.php:217
/home/dan/Desktop/08/apache-htmx/src/Shared/Infrastructure/PathManager.php:149
/home/dan/Desktop/08/apache-htmx/src/Shared/Infrastructure/Path/FilePathCache.php:26
/home/dan/Desktop/08/apache-htmx/src/Shared/Infrastructure/PathManager.php:50
/home/dan/Desktop/08/apache-htmx/src/Shared/Infrastructure/PathManager.php:217
/home/dan/Desktop/08/apache-htmx/src/Shared/Infrastructure/PathManager.php:149
/home/dan/Desktop/08/apache-htmx/src/Shared/Infrastructure/Path/FilePathCache.php:26
/home/dan/Desktop/08/apache-htmx/src/Shared/Infrastructure/PathManager.php:50
/home/dan/Desktop/08/apache-htmx/src/Shared/Infrastructure/PathManager.php:217
/home/dan/Desktop/08/apache-htmx/src/Shared/Infrastructure/PathManager.php:149
/home/dan/Desktop/08/apache-htmx/src/Shared/Infrastructure/Path/FilePathCache.php:26
/home/dan/Desktop/08/apache-htmx/src/Shared/Infrastructure/PathManager.php:50
/home/dan/Desktop/08/apache-htmx/src/Shared/Infrastructure/PathManager.php:217
/home/dan/Desktop/08/apache-htmx/src/Shared/Infrastructure/PathManager.php:149
/home/dan/Desktop/08/apache-htmx/src/Shared/Infrastructure/Path/FilePathCache.php:26
/home/dan/Desktop/08/apache-htmx/src/Shared/Infrastructure/PathManager.php:50
/home/dan/Desktop/08/apache-htmx/src/Shared/Infrastructure/PathManager.php:217
/home/dan/Desktop/08/apache-htmx/src/Shared/Infrastructure/PathManager.php:149
/home/dan/Desktop/08/apache-htmx/src/Shared/Infrastructure/Path/FilePathCache.php:26
/home/dan/Desktop/08/apache-htmx/src/Shared/Infrastructure/PathManager.php:50
/home/dan/Desktop/08/apache-htmx/src/Shared/Infrastructure/PathManager.php:217
/home/dan/Desktop/08/apache-htmx/src/Shared/Infrastructure/PathManager.php:149
/home/dan/Desktop/08/apache-htmx/src/Shared/Infrastructure/Path/FilePathCache.php:26
/home/dan/Desktop/08/apache-htmx/src/Shared/Infrastructure/PathManager.php:50
/home/dan/Desktop/08/apache-htmx/src/Shared/Infrastructure/PathManager.php:217
/home/dan/Desktop/08/apache-htmx/src/Shared/Infrastructure/PathManager.php:149
/home/dan/Desktop/08/apache-htmx/src/Shared/Infrastructure/Path/FilePathCache.php:26
/home/dan/Desktop/08/apache-htmx/src/Shared/Infrastructure/PathManager.php:50
/home/dan/Desktop/08/apache-htmx/src/Shared/Infrastructure/PathManager.php:217
/home/dan/Desktop/08/apache-htmx/src/Shared/Infrastructure/PathManager.php:149
/home/dan/Desktop/08/apache-htmx/src/Shared/Infrastructure/Path/FilePathCache.php:26
/home/dan/Desktop/08/apache-htmx/src/Shared/Infrastructure/PathManager.php:50
/home/dan/Desktop/08/apache-htmx/src/Shared/Infrastructure/PathManager.php:217
/home/dan/Desktop/08/apache-htmx/src/Shared/Infrastructure/PathManager.php:149
/home/dan/Desktop/08/apache-htmx/src/Shared/Infrastructure/Path/FilePathCache.php:26
/home/dan/Desktop/08/apache-htmx/src/Shared/Infrastructure/PathManager.php:50
/home/dan/Desktop/08/apache-htmx/src/Shared/Infrastructure/PathManager.php:217
/home/dan/Desktop/08/apache-htmx/src/Shared/Infrastructure/PathManager.php:149
/home/dan/Desktop/08/apache-htmx/src/Shared/Infrastructure/Path/FilePathCache.php:26
/home/dan/Desktop/08/apache-htmx/src/Shared/Infrastructure/PathManager.php:50
/home/dan/Desktop/08/apache-htmx/src/Shared/Infrastructure/PathManager.php:217
/home/dan/Desktop/08/apache-htmx/src/Shared/Infrastructure/PathManager.php:149
/home/dan/Desktop/08/apache-htmx/src/Shared/Infrastructure/Path/FilePathCache.php:26
/home/dan/Desktop/08/apache-htmx/src/Shared/Infrastructure/PathManager.php:50
/home/dan/Desktop/08/apache-htmx/src/Shared/Infrastructure/PathManager.php:217
/home/dan/Desktop/08/apache-htmx/src/Shared/Infrastructure/PathManager.php:149
/home/dan/Desktop/08/apache-htmx/src/Shared/Infrastructure/Path/FilePathCache.php:26
/home/dan/Desktop/08/apache-htmx/src/Shared/Infrastructure/PathManager.php:50
/home/dan/Desktop/08/apache-htmx/src/Shared/Infrastructure/PathManager.php:217
/home/dan/Desktop/08/apache-htmx/src/Shared/Infrastructure/PathManager.php:149
/home/dan/Desktop/08/apache-htmx/src/Shared/Infrastructure/Path/FilePathCache.php:26
/home/dan/Desktop/08/apache-htmx/src/Shared/Infrastructure/PathManager.php:50
/home/dan/Desktop/08/apache-htmx/src/Shared/Infrastructure/PathManager.php:217
/home/dan/Desktop/08/apache-htmx/src/Shared/Infrastructure/PathManager.php:149
/home/dan/Desktop/08/apache-htmx/src/Shared/Infrastructure/Path/FilePathCache.php:26
/home/dan/Desktop/08/apache-htmx/src/Shared/Infrastructure/PathManager.php:50
/home/dan/Desktop/08/apache-htmx/src/Shared/Infrastructure/PathManager.php:217
/home/dan/Desktop/08/apache-htmx/src/Shared/Infrastructure/PathManager.php:149
/home/dan/Desktop/08/apache-htmx/src/Shared/Infrastructure/Path/FilePathCache.php:26
/home/dan/Desktop/08/apache-htmx/src/Shared/Infrastructure/PathManager.php:50
/home/dan/Desktop/08/apache-htmx/src/Shared/Infrastructure/PathManager.php:217
/home/dan/Desktop/08/apache-htmx/src/Shared/Infrastructure/PathManager.php:149
/home/dan/Desktop/08/apache-htmx/src/Shared/Infrastructure/Path/FilePathCache.php:26
/home/dan/Desktop/08/apache-htmx/src/Shared/Infrastructure/PathManager.php:50
/home/dan/Desktop/08/apache-htmx/src/Shared/Infrastructure/PathManager.php:217
/home/dan/Desktop/08/apache-htmx/src/Shared/Infrastructure/PathManager.php:149
/home/dan/Desktop/08/apache-htmx/src/Shared/Infrastructure/Path/FilePathCache.php:26
/home/dan/Desktop/08/apache-htmx/src/Shared/Infrastructure/PathManager.php:50
/home/dan/Desktop/08/apache-htmx/src/Shared/Infrastructure/PathManager.php:217
/home/dan/Desktop/08/apache-htmx/src/Shared/Infrastructure/PathManager.php:149
/home/dan/Desktop/08/apache-htmx/src/Shared/Infrastructure/Path/FilePathCache.php:26
/home/dan/Desktop/08/apache-htmx/src/Shared/Infrastructure/PathManager.php:50
/home/dan/Desktop/08/apache-htmx/src/Shared/Infrastructure/PathManager.php:217
/home/dan/Desktop/08/apache-htmx/src/Shared/Infrastructure/PathManager.php:149
/home/dan/Desktop/08/apache-htmx/src/Shared/Infrastructure/Path/FilePathCache.php:26
/home/dan/Desktop/08/apache-htmx/src/Shared/Infrastructure/PathManager.php:50
/home/dan/Desktop/08/apache-htmx/src/Shared/Infrastructure/PathManager.php:217
/home/dan/Desktop/08/apache-htmx/src/Shared/Infrastructure/PathManager.php:149
/home/dan/Desktop/08/apache-htmx/src/Shared/Infrastructure/Path/FilePathCache.php:26
/home/dan/Desktop/08/apache-htmx/src/Shared/Infrastructure/PathManager.php:50
/home/dan/Desktop/08/apache-htmx/src/Shared/Infrastructure/PathManager.php:217
/home/dan/Desktop/08/apache-htmx/src/Shared/Infrastructure/PathManager.php:149
/home/dan/Desktop/08/apache-htmx/src/Shared/Infrastructure/Path/FilePathCache.php:26
/home/dan/Desktop/08/apache-htmx/src/Shared/Infrastructure/PathManager.php:50
/home/dan/Desktop/08/apache-htmx/src/Shared/Infrastructure/PathManager.php:217
/home/dan/Desktop/08/apache-htmx/src/Shared/Infrastructure/PathManager.php:149
/home/dan/Desktop/08/apache-htmx/src/Shared/Infrastructure/Path/FilePathCache.php:26
/home/dan/Desktop/08/apache-htmx/src/Shared/Infrastructure/PathManager.php:50
/home/dan/Desktop/08/apache-htmx/src/Shared/Infrastructure/PathManager.php:217
/home/dan/Desktop/08/apache-htmx/src/Shared/Infrastructure/PathManager.php:149
/home/dan/Desktop/08/apache-htmx/src/Shared/Infrastructure/Path/FilePathCache.php:26
/home/dan/Desktop/08/apache-htmx/src/Shared/Infrastructure/PathManager.php:50
/home/dan/Desktop/08/apache-htmx/src/Shared/Infrastructure/PathManager.php:217
/home/dan/Desktop/08/apache-htmx/src/Shared/Infrastructure/PathManager.php:149
/home/dan/Desktop/08/apache-htmx/src/Shared/Infrastructure/Path/FilePathCache.php:26
/home/dan/Desktop/08/apache-htmx/src/Shared/Infrastructure/PathManager.php:50
/home/dan/Desktop/08/apache-htmx/src/Shared/Infrastructure/PathManager.php:217
/home/dan/Desktop/08/apache-htmx/src/Shared/Infrastructure/PathManager.php:149
/home/dan/Desktop/08/apache-htmx/src/Shared/Infrastructure/Path/FilePathCache.php:26
/home/dan/Desktop/08/apache-htmx/src/Shared/Infrastructure/PathManager.php:50
/home/dan/Desktop/08/apache-htmx/src/Shared/Infrastructure/PathManager.php:412
/home/dan/Desktop/08/apache-htmx/tests/Unit/Shared/Infrastructure/PathManagerTest.php:18</error>
        </testcase>
        <testcase name="testCustomResolver" file="/home/dan/Desktop/08/apache-htmx/tests/Unit/Shared/Infrastructure/PathManagerTest.php" line="175" class="Tests\Unit\Shared\Infrastructure\PathManagerTest" classname="Tests.Unit.Shared.Infrastructure.PathManagerTest" assertions="0" time="0.000000">
          <error type="Error">Tests\Unit\Shared\Infrastructure\PathManagerTest::testCustomResolver
Error: Xdebug has detected a possible infinite loop, and aborted your script with a stack depth of '512' frames

/home/dan/Desktop/08/apache-htmx/src/Shared/Infrastructure/PathManager.php:147
/home/dan/Desktop/08/apache-htmx/src/Shared/Infrastructure/Path/FilePathCache.php:26
/home/dan/Desktop/08/apache-htmx/src/Shared/Infrastructure/PathManager.php:50
/home/dan/Desktop/08/apache-htmx/src/Shared/Infrastructure/PathManager.php:217
/home/dan/Desktop/08/apache-htmx/src/Shared/Infrastructure/PathManager.php:149
/home/dan/Desktop/08/apache-htmx/src/Shared/Infrastructure/Path/FilePathCache.php:26
/home/dan/Desktop/08/apache-htmx/src/Shared/Infrastructure/PathManager.php:50
/home/dan/Desktop/08/apache-htmx/src/Shared/Infrastructure/PathManager.php:217
/home/dan/Desktop/08/apache-htmx/src/Shared/Infrastructure/PathManager.php:149
/home/dan/Desktop/08/apache-htmx/src/Shared/Infrastructure/Path/FilePathCache.php:26
/home/dan/Desktop/08/apache-htmx/src/Shared/Infrastructure/PathManager.php:50
/home/dan/Desktop/08/apache-htmx/src/Shared/Infrastructure/PathManager.php:217
/home/dan/Desktop/08/apache-htmx/src/Shared/Infrastructure/PathManager.php:149
/home/dan/Desktop/08/apache-htmx/src/Shared/Infrastructure/Path/FilePathCache.php:26
/home/dan/Desktop/08/apache-htmx/src/Shared/Infrastructure/PathManager.php:50
/home/dan/Desktop/08/apache-htmx/src/Shared/Infrastructure/PathManager.php:217
/home/dan/Desktop/08/apache-htmx/src/Shared/Infrastructure/PathManager.php:149
/home/dan/Desktop/08/apache-htmx/src/Shared/Infrastructure/Path/FilePathCache.php:26
/home/dan/Desktop/08/apache-htmx/src/Shared/Infrastructure/PathManager.php:50
/home/dan/Desktop/08/apache-htmx/src/Shared/Infrastructure/PathManager.php:217
/home/dan/Desktop/08/apache-htmx/src/Shared/Infrastructure/PathManager.php:149
/home/dan/Desktop/08/apache-htmx/src/Shared/Infrastructure/Path/FilePathCache.php:26
/home/dan/Desktop/08/apache-htmx/src/Shared/Infrastructure/PathManager.php:50
/home/dan/Desktop/08/apache-htmx/src/Shared/Infrastructure/PathManager.php:217
/home/dan/Desktop/08/apache-htmx/src/Shared/Infrastructure/PathManager.php:149
/home/dan/Desktop/08/apache-htmx/src/Shared/Infrastructure/Path/FilePathCache.php:26
/home/dan/Desktop/08/apache-htmx/src/Shared/Infrastructure/PathManager.php:50
/home/dan/Desktop/08/apache-htmx/src/Shared/Infrastructure/PathManager.php:217
/home/dan/Desktop/08/apache-htmx/src/Shared/Infrastructure/PathManager.php:149
/home/dan/Desktop/08/apache-htmx/src/Shared/Infrastructure/Path/FilePathCache.php:26
/home/dan/Desktop/08/apache-htmx/src/Shared/Infrastructure/PathManager.php:50
/home/dan/Desktop/08/apache-htmx/src/Shared/Infrastructure/PathManager.php:217
/home/dan/Desktop/08/apache-htmx/src/Shared/Infrastructure/PathManager.php:149
/home/dan/Desktop/08/apache-htmx/src/Shared/Infrastructure/Path/FilePathCache.php:26
/home/dan/Desktop/08/apache-htmx/src/Shared/Infrastructure/PathManager.php:50
/home/dan/Desktop/08/apache-htmx/src/Shared/Infrastructure/PathManager.php:217
/home/dan/Desktop/08/apache-htmx/src/Shared/Infrastructure/PathManager.php:149
/home/dan/Desktop/08/apache-htmx/src/Shared/Infrastructure/Path/FilePathCache.php:26
/home/dan/Desktop/08/apache-htmx/src/Shared/Infrastructure/PathManager.php:50
/home/dan/Desktop/08/apache-htmx/src/Shared/Infrastructure/PathManager.php:217
/home/dan/Desktop/08/apache-htmx/src/Shared/Infrastructure/PathManager.php:149
/home/dan/Desktop/08/apache-htmx/src/Shared/Infrastructure/Path/FilePathCache.php:26
/home/dan/Desktop/08/apache-htmx/src/Shared/Infrastructure/PathManager.php:50
/home/dan/Desktop/08/apache-htmx/src/Shared/Infrastructure/PathManager.php:217
/home/dan/Desktop/08/apache-htmx/src/Shared/Infrastructure/PathManager.php:149
/home/dan/Desktop/08/apache-htmx/src/Shared/Infrastructure/Path/FilePathCache.php:26
/home/dan/Desktop/08/apache-htmx/src/Shared/Infrastructure/PathManager.php:50
/home/dan/Desktop/08/apache-htmx/src/Shared/Infrastructure/PathManager.php:217
/home/dan/Desktop/08/apache-htmx/src/Shared/Infrastructure/PathManager.php:149
/home/dan/Desktop/08/apache-htmx/src/Shared/Infrastructure/Path/FilePathCache.php:26
/home/dan/Desktop/08/apache-htmx/src/Shared/Infrastructure/PathManager.php:50
/home/dan/Desktop/08/apache-htmx/src/Shared/Infrastructure/PathManager.php:217
/home/dan/Desktop/08/apache-htmx/src/Shared/Infrastructure/PathManager.php:149
/home/dan/Desktop/08/apache-htmx/src/Shared/Infrastructure/Path/FilePathCache.php:26
/home/dan/Desktop/08/apache-htmx/src/Shared/Infrastructure/PathManager.php:50
/home/dan/Desktop/08/apache-htmx/src/Shared/Infrastructure/PathManager.php:217
/home/dan/Desktop/08/apache-htmx/src/Shared/Infrastructure/PathManager.php:149
/home/dan/Desktop/08/apache-htmx/src/Shared/Infrastructure/Path/FilePathCache.php:26
/home/dan/Desktop/08/apache-htmx/src/Shared/Infrastructure/PathManager.php:50
/home/dan/Desktop/08/apache-htmx/src/Shared/Infrastructure/PathManager.php:217
/home/dan/Desktop/08/apache-htmx/src/Shared/Infrastructure/PathManager.php:149
/home/dan/Desktop/08/apache-htmx/src/Shared/Infrastructure/Path/FilePathCache.php:26
/home/dan/Desktop/08/apache-htmx/src/Shared/Infrastructure/PathManager.php:50
/home/dan/Desktop/08/apache-htmx/src/Shared/Infrastructure/PathManager.php:217
/home/dan/Desktop/08/apache-htmx/src/Shared/Infrastructure/PathManager.php:149
/home/dan/Desktop/08/apache-htmx/src/Shared/Infrastructure/Path/FilePathCache.php:26
/home/dan/Desktop/08/apache-htmx/src/Shared/Infrastructure/PathManager.php:50
/home/dan/Desktop/08/apache-htmx/src/Shared/Infrastructure/PathManager.php:217
/home/dan/Desktop/08/apache-htmx/src/Shared/Infrastructure/PathManager.php:149
/home/dan/Desktop/08/apache-htmx/src/Shared/Infrastructure/Path/FilePathCache.php:26
/home/dan/Desktop/08/apache-htmx/src/Shared/Infrastructure/PathManager.php:50
/home/dan/Desktop/08/apache-htmx/src/Shared/Infrastructure/PathManager.php:217
/home/dan/Desktop/08/apache-htmx/src/Shared/Infrastructure/PathManager.php:149
/home/dan/Desktop/08/apache-htmx/src/Shared/Infrastructure/Path/FilePathCache.php:26
/home/dan/Desktop/08/apache-htmx/src/Shared/Infrastructure/PathManager.php:50
/home/dan/Desktop/08/apache-htmx/src/Shared/Infrastructure/PathManager.php:217
/home/dan/Desktop/08/apache-htmx/src/Shared/Infrastructure/PathManager.php:149
/home/dan/Desktop/08/apache-htmx/src/Shared/Infrastructure/Path/FilePathCache.php:26
/home/dan/Desktop/08/apache-htmx/src/Shared/Infrastructure/PathManager.php:50
/home/dan/Desktop/08/apache-htmx/src/Shared/Infrastructure/PathManager.php:217
/home/dan/Desktop/08/apache-htmx/src/Shared/Infrastructure/PathManager.php:149
/home/dan/Desktop/08/apache-htmx/src/Shared/Infrastructure/Path/FilePathCache.php:26
/home/dan/Desktop/08/apache-htmx/src/Shared/Infrastructure/PathManager.php:50
/home/dan/Desktop/08/apache-htmx/src/Shared/Infrastructure/PathManager.php:217
/home/dan/Desktop/08/apache-htmx/src/Shared/Infrastructure/PathManager.php:149
/home/dan/Desktop/08/apache-htmx/src/Shared/Infrastructure/Path/FilePathCache.php:26
/home/dan/Desktop/08/apache-htmx/src/Shared/Infrastructure/PathManager.php:50
/home/dan/Desktop/08/apache-htmx/src/Shared/Infrastructure/PathManager.php:217
/home/dan/Desktop/08/apache-htmx/src/Shared/Infrastructure/PathManager.php:149
/home/dan/Desktop/08/apache-htmx/src/Shared/Infrastructure/Path/FilePathCache.php:26
/home/dan/Desktop/08/apache-htmx/src/Shared/Infrastructure/PathManager.php:50
/home/dan/Desktop/08/apache-htmx/src/Shared/Infrastructure/PathManager.php:217
/home/dan/Desktop/08/apache-htmx/src/Shared/Infrastructure/PathManager.php:149
/home/dan/Desktop/08/apache-htmx/src/Shared/Infrastructure/Path/FilePathCache.php:26
/home/dan/Desktop/08/apache-htmx/src/Shared/Infrastructure/PathManager.php:50
/home/dan/Desktop/08/apache-htmx/src/Shared/Infrastructure/PathManager.php:217
/home/dan/Desktop/08/apache-htmx/src/Shared/Infrastructure/PathManager.php:149
/home/dan/Desktop/08/apache-htmx/src/Shared/Infrastructure/Path/FilePathCache.php:26
/home/dan/Desktop/08/apache-htmx/src/Shared/Infrastructure/PathManager.php:50
/home/dan/Desktop/08/apache-htmx/src/Shared/Infrastructure/PathManager.php:217
/home/dan/Desktop/08/apache-htmx/src/Shared/Infrastructure/PathManager.php:149
/home/dan/Desktop/08/apache-htmx/src/Shared/Infrastructure/Path/FilePathCache.php:26
/home/dan/Desktop/08/apache-htmx/src/Shared/Infrastructure/PathManager.php:50
/home/dan/Desktop/08/apache-htmx/src/Shared/Infrastructure/PathManager.php:217
/home/dan/Desktop/08/apache-htmx/src/Shared/Infrastructure/PathManager.php:149
/home/dan/Desktop/08/apache-htmx/src/Shared/Infrastructure/Path/FilePathCache.php:26
/home/dan/Desktop/08/apache-htmx/src/Shared/Infrastructure/PathManager.php:50
/home/dan/Desktop/08/apache-htmx/src/Shared/Infrastructure/PathManager.php:217
/home/dan/Desktop/08/apache-htmx/src/Shared/Infrastructure/PathManager.php:149
/home/dan/Desktop/08/apache-htmx/src/Shared/Infrastructure/Path/FilePathCache.php:26
/home/dan/Desktop/08/apache-htmx/src/Shared/Infrastructure/PathManager.php:50
/home/dan/Desktop/08/apache-htmx/src/Shared/Infrastructure/PathManager.php:217
/home/dan/Desktop/08/apache-htmx/src/Shared/Infrastructure/PathManager.php:149
/home/dan/Desktop/08/apache-htmx/src/Shared/Infrastructure/Path/FilePathCache.php:26
/home/dan/Desktop/08/apache-htmx/src/Shared/Infrastructure/PathManager.php:50
/home/dan/Desktop/08/apache-htmx/src/Shared/Infrastructure/PathManager.php:217
/home/dan/Desktop/08/apache-htmx/src/Shared/Infrastructure/PathManager.php:149
/home/dan/Desktop/08/apache-htmx/src/Shared/Infrastructure/Path/FilePathCache.php:26
/home/dan/Desktop/08/apache-htmx/src/Shared/Infrastructure/PathManager.php:50
/home/dan/Desktop/08/apache-htmx/src/Shared/Infrastructure/PathManager.php:217
/home/dan/Desktop/08/apache-htmx/src/Shared/Infrastructure/PathManager.php:149
/home/dan/Desktop/08/apache-htmx/src/Shared/Infrastructure/Path/FilePathCache.php:26
/home/dan/Desktop/08/apache-htmx/src/Shared/Infrastructure/PathManager.php:50
/home/dan/Desktop/08/apache-htmx/src/Shared/Infrastructure/PathManager.php:217
/home/dan/Desktop/08/apache-htmx/src/Shared/Infrastructure/PathManager.php:149
/home/dan/Desktop/08/apache-htmx/src/Shared/Infrastructure/Path/FilePathCache.php:26
/home/dan/Desktop/08/apache-htmx/src/Shared/Infrastructure/PathManager.php:50
/home/dan/Desktop/08/apache-htmx/src/Shared/Infrastructure/PathManager.php:217
/home/dan/Desktop/08/apache-htmx/src/Shared/Infrastructure/PathManager.php:149
/home/dan/Desktop/08/apache-htmx/src/Shared/Infrastructure/Path/FilePathCache.php:26
/home/dan/Desktop/08/apache-htmx/src/Shared/Infrastructure/PathManager.php:50
/home/dan/Desktop/08/apache-htmx/src/Shared/Infrastructure/PathManager.php:217
/home/dan/Desktop/08/apache-htmx/src/Shared/Infrastructure/PathManager.php:149
/home/dan/Desktop/08/apache-htmx/src/Shared/Infrastructure/Path/FilePathCache.php:26
/home/dan/Desktop/08/apache-htmx/src/Shared/Infrastructure/PathManager.php:50
/home/dan/Desktop/08/apache-htmx/src/Shared/Infrastructure/PathManager.php:217
/home/dan/Desktop/08/apache-htmx/src/Shared/Infrastructure/PathManager.php:149
/home/dan/Desktop/08/apache-htmx/src/Shared/Infrastructure/Path/FilePathCache.php:26
/home/dan/Desktop/08/apache-htmx/src/Shared/Infrastructure/PathManager.php:50
/home/dan/Desktop/08/apache-htmx/src/Shared/Infrastructure/PathManager.php:217
/home/dan/Desktop/08/apache-htmx/src/Shared/Infrastructure/PathManager.php:149
/home/dan/Desktop/08/apache-htmx/src/Shared/Infrastructure/Path/FilePathCache.php:26
/home/dan/Desktop/08/apache-htmx/src/Shared/Infrastructure/PathManager.php:50
/home/dan/Desktop/08/apache-htmx/src/Shared/Infrastructure/PathManager.php:217
/home/dan/Desktop/08/apache-htmx/src/Shared/Infrastructure/PathManager.php:149
/home/dan/Desktop/08/apache-htmx/src/Shared/Infrastructure/Path/FilePathCache.php:26
/home/dan/Desktop/08/apache-htmx/src/Shared/Infrastructure/PathManager.php:50
/home/dan/Desktop/08/apache-htmx/src/Shared/Infrastructure/PathManager.php:217
/home/dan/Desktop/08/apache-htmx/src/Shared/Infrastructure/PathManager.php:149
/home/dan/Desktop/08/apache-htmx/src/Shared/Infrastructure/Path/FilePathCache.php:26
/home/dan/Desktop/08/apache-htmx/src/Shared/Infrastructure/PathManager.php:50
/home/dan/Desktop/08/apache-htmx/src/Shared/Infrastructure/PathManager.php:217
/home/dan/Desktop/08/apache-htmx/src/Shared/Infrastructure/PathManager.php:149
/home/dan/Desktop/08/apache-htmx/src/Shared/Infrastructure/Path/FilePathCache.php:26
/home/dan/Desktop/08/apache-htmx/src/Shared/Infrastructure/PathManager.php:50
/home/dan/Desktop/08/apache-htmx/src/Shared/Infrastructure/PathManager.php:217
/home/dan/Desktop/08/apache-htmx/src/Shared/Infrastructure/PathManager.php:149
/home/dan/Desktop/08/apache-htmx/src/Shared/Infrastructure/Path/FilePathCache.php:26
/home/dan/Desktop/08/apache-htmx/src/Shared/Infrastructure/PathManager.php:50
/home/dan/Desktop/08/apache-htmx/src/Shared/Infrastructure/PathManager.php:217
/home/dan/Desktop/08/apache-htmx/src/Shared/Infrastructure/PathManager.php:149
/home/dan/Desktop/08/apache-htmx/src/Shared/Infrastructure/Path/FilePathCache.php:26
/home/dan/Desktop/08/apache-htmx/src/Shared/Infrastructure/PathManager.php:50
/home/dan/Desktop/08/apache-htmx/src/Shared/Infrastructure/PathManager.php:217
/home/dan/Desktop/08/apache-htmx/src/Shared/Infrastructure/PathManager.php:149
/home/dan/Desktop/08/apache-htmx/src/Shared/Infrastructure/Path/FilePathCache.php:26
/home/dan/Desktop/08/apache-htmx/src/Shared/Infrastructure/PathManager.php:50
/home/dan/Desktop/08/apache-htmx/src/Shared/Infrastructure/PathManager.php:217
/home/dan/Desktop/08/apache-htmx/src/Shared/Infrastructure/PathManager.php:149
/home/dan/Desktop/08/apache-htmx/src/Shared/Infrastructure/Path/FilePathCache.php:26
/home/dan/Desktop/08/apache-htmx/src/Shared/Infrastructure/PathManager.php:50
/home/dan/Desktop/08/apache-htmx/src/Shared/Infrastructure/PathManager.php:217
/home/dan/Desktop/08/apache-htmx/src/Shared/Infrastructure/PathManager.php:149
/home/dan/Desktop/08/apache-htmx/src/Shared/Infrastructure/Path/FilePathCache.php:26
/home/dan/Desktop/08/apache-htmx/src/Shared/Infrastructure/PathManager.php:50
/home/dan/Desktop/08/apache-htmx/src/Shared/Infrastructure/PathManager.php:217
/home/dan/Desktop/08/apache-htmx/src/Shared/Infrastructure/PathManager.php:149
/home/dan/Desktop/08/apache-htmx/src/Shared/Infrastructure/Path/FilePathCache.php:26
/home/dan/Desktop/08/apache-htmx/src/Shared/Infrastructure/PathManager.php:50
/home/dan/Desktop/08/apache-htmx/src/Shared/Infrastructure/PathManager.php:217
/home/dan/Desktop/08/apache-htmx/src/Shared/Infrastructure/PathManager.php:149
/home/dan/Desktop/08/apache-htmx/src/Shared/Infrastructure/Path/FilePathCache.php:26
/home/dan/Desktop/08/apache-htmx/src/Shared/Infrastructure/PathManager.php:50
/home/dan/Desktop/08/apache-htmx/src/Shared/Infrastructure/PathManager.php:217
/home/dan/Desktop/08/apache-htmx/src/Shared/Infrastructure/PathManager.php:149
/home/dan/Desktop/08/apache-htmx/src/Shared/Infrastructure/Path/FilePathCache.php:26
/home/dan/Desktop/08/apache-htmx/src/Shared/Infrastructure/PathManager.php:50
/home/dan/Desktop/08/apache-htmx/src/Shared/Infrastructure/PathManager.php:217
/home/dan/Desktop/08/apache-htmx/src/Shared/Infrastructure/PathManager.php:149
/home/dan/Desktop/08/apache-htmx/src/Shared/Infrastructure/Path/FilePathCache.php:26
/home/dan/Desktop/08/apache-htmx/src/Shared/Infrastructure/PathManager.php:50
/home/dan/Desktop/08/apache-htmx/src/Shared/Infrastructure/PathManager.php:217
/home/dan/Desktop/08/apache-htmx/src/Shared/Infrastructure/PathManager.php:149
/home/dan/Desktop/08/apache-htmx/src/Shared/Infrastructure/Path/FilePathCache.php:26
/home/dan/Desktop/08/apache-htmx/src/Shared/Infrastructure/PathManager.php:50
/home/dan/Desktop/08/apache-htmx/src/Shared/Infrastructure/PathManager.php:217
/home/dan/Desktop/08/apache-htmx/src/Shared/Infrastructure/PathManager.php:149
/home/dan/Desktop/08/apache-htmx/src/Shared/Infrastructure/Path/FilePathCache.php:26
/home/dan/Desktop/08/apache-htmx/src/Shared/Infrastructure/PathManager.php:50
/home/dan/Desktop/08/apache-htmx/src/Shared/Infrastructure/PathManager.php:217
/home/dan/Desktop/08/apache-htmx/src/Shared/Infrastructure/PathManager.php:149
/home/dan/Desktop/08/apache-htmx/src/Shared/Infrastructure/Path/FilePathCache.php:26
/home/dan/Desktop/08/apache-htmx/src/Shared/Infrastructure/PathManager.php:50
/home/dan/Desktop/08/apache-htmx/src/Shared/Infrastructure/PathManager.php:217
/home/dan/Desktop/08/apache-htmx/src/Shared/Infrastructure/PathManager.php:149
/home/dan/Desktop/08/apache-htmx/src/Shared/Infrastructure/Path/FilePathCache.php:26
/home/dan/Desktop/08/apache-htmx/src/Shared/Infrastructure/PathManager.php:50
/home/dan/Desktop/08/apache-htmx/src/Shared/Infrastructure/PathManager.php:217
/home/dan/Desktop/08/apache-htmx/src/Shared/Infrastructure/PathManager.php:149
/home/dan/Desktop/08/apache-htmx/src/Shared/Infrastructure/Path/FilePathCache.php:26
/home/dan/Desktop/08/apache-htmx/src/Shared/Infrastructure/PathManager.php:50
/home/dan/Desktop/08/apache-htmx/src/Shared/Infrastructure/PathManager.php:217
/home/dan/Desktop/08/apache-htmx/src/Shared/Infrastructure/PathManager.php:149
/home/dan/Desktop/08/apache-htmx/src/Shared/Infrastructure/Path/FilePathCache.php:26
/home/dan/Desktop/08/apache-htmx/src/Shared/Infrastructure/PathManager.php:50
/home/dan/Desktop/08/apache-htmx/src/Shared/Infrastructure/PathManager.php:217
/home/dan/Desktop/08/apache-htmx/src/Shared/Infrastructure/PathManager.php:149
/home/dan/Desktop/08/apache-htmx/src/Shared/Infrastructure/Path/FilePathCache.php:26
/home/dan/Desktop/08/apache-htmx/src/Shared/Infrastructure/PathManager.php:50
/home/dan/Desktop/08/apache-htmx/src/Shared/Infrastructure/PathManager.php:217
/home/dan/Desktop/08/apache-htmx/src/Shared/Infrastructure/PathManager.php:149
/home/dan/Desktop/08/apache-htmx/src/Shared/Infrastructure/Path/FilePathCache.php:26
/home/dan/Desktop/08/apache-htmx/src/Shared/Infrastructure/PathManager.php:50
/home/dan/Desktop/08/apache-htmx/src/Shared/Infrastructure/PathManager.php:217
/home/dan/Desktop/08/apache-htmx/src/Shared/Infrastructure/PathManager.php:149
/home/dan/Desktop/08/apache-htmx/src/Shared/Infrastructure/Path/FilePathCache.php:26
/home/dan/Desktop/08/apache-htmx/src/Shared/Infrastructure/PathManager.php:50
/home/dan/Desktop/08/apache-htmx/src/Shared/Infrastructure/PathManager.php:217
/home/dan/Desktop/08/apache-htmx/src/Shared/Infrastructure/PathManager.php:149
/home/dan/Desktop/08/apache-htmx/src/Shared/Infrastructure/Path/FilePathCache.php:26
/home/dan/Desktop/08/apache-htmx/src/Shared/Infrastructure/PathManager.php:50
/home/dan/Desktop/08/apache-htmx/src/Shared/Infrastructure/PathManager.php:217
/home/dan/Desktop/08/apache-htmx/src/Shared/Infrastructure/PathManager.php:149
/home/dan/Desktop/08/apache-htmx/src/Shared/Infrastructure/Path/FilePathCache.php:26
/home/dan/Desktop/08/apache-htmx/src/Shared/Infrastructure/PathManager.php:50
/home/dan/Desktop/08/apache-htmx/src/Shared/Infrastructure/PathManager.php:217
/home/dan/Desktop/08/apache-htmx/src/Shared/Infrastructure/PathManager.php:149
/home/dan/Desktop/08/apache-htmx/src/Shared/Infrastructure/Path/FilePathCache.php:26
/home/dan/Desktop/08/apache-htmx/src/Shared/Infrastructure/PathManager.php:50
/home/dan/Desktop/08/apache-htmx/src/Shared/Infrastructure/PathManager.php:217
/home/dan/Desktop/08/apache-htmx/src/Shared/Infrastructure/PathManager.php:149
/home/dan/Desktop/08/apache-htmx/src/Shared/Infrastructure/Path/FilePathCache.php:26
/home/dan/Desktop/08/apache-htmx/src/Shared/Infrastructure/PathManager.php:50
/home/dan/Desktop/08/apache-htmx/src/Shared/Infrastructure/PathManager.php:217
/home/dan/Desktop/08/apache-htmx/src/Shared/Infrastructure/PathManager.php:149
/home/dan/Desktop/08/apache-htmx/src/Shared/Infrastructure/Path/FilePathCache.php:26
/home/dan/Desktop/08/apache-htmx/src/Shared/Infrastructure/PathManager.php:50
/home/dan/Desktop/08/apache-htmx/src/Shared/Infrastructure/PathManager.php:217
/home/dan/Desktop/08/apache-htmx/src/Shared/Infrastructure/PathManager.php:149
/home/dan/Desktop/08/apache-htmx/src/Shared/Infrastructure/Path/FilePathCache.php:26
/home/dan/Desktop/08/apache-htmx/src/Shared/Infrastructure/PathManager.php:50
/home/dan/Desktop/08/apache-htmx/src/Shared/Infrastructure/PathManager.php:217
/home/dan/Desktop/08/apache-htmx/src/Shared/Infrastructure/PathManager.php:149
/home/dan/Desktop/08/apache-htmx/src/Shared/Infrastructure/Path/FilePathCache.php:26
/home/dan/Desktop/08/apache-htmx/src/Shared/Infrastructure/PathManager.php:50
/home/dan/Desktop/08/apache-htmx/src/Shared/Infrastructure/PathManager.php:217
/home/dan/Desktop/08/apache-htmx/src/Shared/Infrastructure/PathManager.php:149
/home/dan/Desktop/08/apache-htmx/src/Shared/Infrastructure/Path/FilePathCache.php:26
/home/dan/Desktop/08/apache-htmx/src/Shared/Infrastructure/PathManager.php:50
/home/dan/Desktop/08/apache-htmx/src/Shared/Infrastructure/PathManager.php:217
/home/dan/Desktop/08/apache-htmx/src/Shared/Infrastructure/PathManager.php:149
/home/dan/Desktop/08/apache-htmx/src/Shared/Infrastructure/Path/FilePathCache.php:26
/home/dan/Desktop/08/apache-htmx/src/Shared/Infrastructure/PathManager.php:50
/home/dan/Desktop/08/apache-htmx/src/Shared/Infrastructure/PathManager.php:217
/home/dan/Desktop/08/apache-htmx/src/Shared/Infrastructure/PathManager.php:149
/home/dan/Desktop/08/apache-htmx/src/Shared/Infrastructure/Path/FilePathCache.php:26
/home/dan/Desktop/08/apache-htmx/src/Shared/Infrastructure/PathManager.php:50
/home/dan/Desktop/08/apache-htmx/src/Shared/Infrastructure/PathManager.php:217
/home/dan/Desktop/08/apache-htmx/src/Shared/Infrastructure/PathManager.php:149
/home/dan/Desktop/08/apache-htmx/src/Shared/Infrastructure/Path/FilePathCache.php:26
/home/dan/Desktop/08/apache-htmx/src/Shared/Infrastructure/PathManager.php:50
/home/dan/Desktop/08/apache-htmx/src/Shared/Infrastructure/PathManager.php:217
/home/dan/Desktop/08/apache-htmx/src/Shared/Infrastructure/PathManager.php:149
/home/dan/Desktop/08/apache-htmx/src/Shared/Infrastructure/Path/FilePathCache.php:26
/home/dan/Desktop/08/apache-htmx/src/Shared/Infrastructure/PathManager.php:50
/home/dan/Desktop/08/apache-htmx/src/Shared/Infrastructure/PathManager.php:217
/home/dan/Desktop/08/apache-htmx/src/Shared/Infrastructure/PathManager.php:149
/home/dan/Desktop/08/apache-htmx/src/Shared/Infrastructure/Path/FilePathCache.php:26
/home/dan/Desktop/08/apache-htmx/src/Shared/Infrastructure/PathManager.php:50
/home/dan/Desktop/08/apache-htmx/src/Shared/Infrastructure/PathManager.php:217
/home/dan/Desktop/08/apache-htmx/src/Shared/Infrastructure/PathManager.php:149
/home/dan/Desktop/08/apache-htmx/src/Shared/Infrastructure/Path/FilePathCache.php:26
/home/dan/Desktop/08/apache-htmx/src/Shared/Infrastructure/PathManager.php:50
/home/dan/Desktop/08/apache-htmx/src/Shared/Infrastructure/PathManager.php:217
/home/dan/Desktop/08/apache-htmx/src/Shared/Infrastructure/PathManager.php:149
/home/dan/Desktop/08/apache-htmx/src/Shared/Infrastructure/Path/FilePathCache.php:26
/home/dan/Desktop/08/apache-htmx/src/Shared/Infrastructure/PathManager.php:50
/home/dan/Desktop/08/apache-htmx/src/Shared/Infrastructure/PathManager.php:217
/home/dan/Desktop/08/apache-htmx/src/Shared/Infrastructure/PathManager.php:149
/home/dan/Desktop/08/apache-htmx/src/Shared/Infrastructure/Path/FilePathCache.php:26
/home/dan/Desktop/08/apache-htmx/src/Shared/Infrastructure/PathManager.php:50
/home/dan/Desktop/08/apache-htmx/src/Shared/Infrastructure/PathManager.php:217
/home/dan/Desktop/08/apache-htmx/src/Shared/Infrastructure/PathManager.php:149
/home/dan/Desktop/08/apache-htmx/src/Shared/Infrastructure/Path/FilePathCache.php:26
/home/dan/Desktop/08/apache-htmx/src/Shared/Infrastructure/PathManager.php:50
/home/dan/Desktop/08/apache-htmx/src/Shared/Infrastructure/PathManager.php:217
/home/dan/Desktop/08/apache-htmx/src/Shared/Infrastructure/PathManager.php:149
/home/dan/Desktop/08/apache-htmx/src/Shared/Infrastructure/Path/FilePathCache.php:26
/home/dan/Desktop/08/apache-htmx/src/Shared/Infrastructure/PathManager.php:50
/home/dan/Desktop/08/apache-htmx/src/Shared/Infrastructure/PathManager.php:217
/home/dan/Desktop/08/apache-htmx/src/Shared/Infrastructure/PathManager.php:149
/home/dan/Desktop/08/apache-htmx/src/Shared/Infrastructure/Path/FilePathCache.php:26
/home/dan/Desktop/08/apache-htmx/src/Shared/Infrastructure/PathManager.php:50
/home/dan/Desktop/08/apache-htmx/src/Shared/Infrastructure/PathManager.php:217
/home/dan/Desktop/08/apache-htmx/src/Shared/Infrastructure/PathManager.php:149
/home/dan/Desktop/08/apache-htmx/src/Shared/Infrastructure/Path/FilePathCache.php:26
/home/dan/Desktop/08/apache-htmx/src/Shared/Infrastructure/PathManager.php:50
/home/dan/Desktop/08/apache-htmx/src/Shared/Infrastructure/PathManager.php:217
/home/dan/Desktop/08/apache-htmx/src/Shared/Infrastructure/PathManager.php:149
/home/dan/Desktop/08/apache-htmx/src/Shared/Infrastructure/Path/FilePathCache.php:26
/home/dan/Desktop/08/apache-htmx/src/Shared/Infrastructure/PathManager.php:50
/home/dan/Desktop/08/apache-htmx/src/Shared/Infrastructure/PathManager.php:217
/home/dan/Desktop/08/apache-htmx/src/Shared/Infrastructure/PathManager.php:149
/home/dan/Desktop/08/apache-htmx/src/Shared/Infrastructure/Path/FilePathCache.php:26
/home/dan/Desktop/08/apache-htmx/src/Shared/Infrastructure/PathManager.php:50
/home/dan/Desktop/08/apache-htmx/src/Shared/Infrastructure/PathManager.php:217
/home/dan/Desktop/08/apache-htmx/src/Shared/Infrastructure/PathManager.php:149
/home/dan/Desktop/08/apache-htmx/src/Shared/Infrastructure/Path/FilePathCache.php:26
/home/dan/Desktop/08/apache-htmx/src/Shared/Infrastructure/PathManager.php:50
/home/dan/Desktop/08/apache-htmx/src/Shared/Infrastructure/PathManager.php:217
/home/dan/Desktop/08/apache-htmx/src/Shared/Infrastructure/PathManager.php:149
/home/dan/Desktop/08/apache-htmx/src/Shared/Infrastructure/Path/FilePathCache.php:26
/home/dan/Desktop/08/apache-htmx/src/Shared/Infrastructure/PathManager.php:50
/home/dan/Desktop/08/apache-htmx/src/Shared/Infrastructure/PathManager.php:217
/home/dan/Desktop/08/apache-htmx/src/Shared/Infrastructure/PathManager.php:149
/home/dan/Desktop/08/apache-htmx/src/Shared/Infrastructure/Path/FilePathCache.php:26
/home/dan/Desktop/08/apache-htmx/src/Shared/Infrastructure/PathManager.php:50
/home/dan/Desktop/08/apache-htmx/src/Shared/Infrastructure/PathManager.php:217
/home/dan/Desktop/08/apache-htmx/src/Shared/Infrastructure/PathManager.php:149
/home/dan/Desktop/08/apache-htmx/src/Shared/Infrastructure/Path/FilePathCache.php:26
/home/dan/Desktop/08/apache-htmx/src/Shared/Infrastructure/PathManager.php:50
/home/dan/Desktop/08/apache-htmx/src/Shared/Infrastructure/PathManager.php:217
/home/dan/Desktop/08/apache-htmx/src/Shared/Infrastructure/PathManager.php:149
/home/dan/Desktop/08/apache-htmx/src/Shared/Infrastructure/Path/FilePathCache.php:26
/home/dan/Desktop/08/apache-htmx/src/Shared/Infrastructure/PathManager.php:50
/home/dan/Desktop/08/apache-htmx/src/Shared/Infrastructure/PathManager.php:217
/home/dan/Desktop/08/apache-htmx/src/Shared/Infrastructure/PathManager.php:149
/home/dan/Desktop/08/apache-htmx/src/Shared/Infrastructure/Path/FilePathCache.php:26
/home/dan/Desktop/08/apache-htmx/src/Shared/Infrastructure/PathManager.php:50
/home/dan/Desktop/08/apache-htmx/src/Shared/Infrastructure/PathManager.php:217
/home/dan/Desktop/08/apache-htmx/src/Shared/Infrastructure/PathManager.php:149
/home/dan/Desktop/08/apache-htmx/src/Shared/Infrastructure/Path/FilePathCache.php:26
/home/dan/Desktop/08/apache-htmx/src/Shared/Infrastructure/PathManager.php:50
/home/dan/Desktop/08/apache-htmx/src/Shared/Infrastructure/PathManager.php:217
/home/dan/Desktop/08/apache-htmx/src/Shared/Infrastructure/PathManager.php:149
/home/dan/Desktop/08/apache-htmx/src/Shared/Infrastructure/Path/FilePathCache.php:26
/home/dan/Desktop/08/apache-htmx/src/Shared/Infrastructure/PathManager.php:50
/home/dan/Desktop/08/apache-htmx/src/Shared/Infrastructure/PathManager.php:217
/home/dan/Desktop/08/apache-htmx/src/Shared/Infrastructure/PathManager.php:149
/home/dan/Desktop/08/apache-htmx/src/Shared/Infrastructure/Path/FilePathCache.php:26
/home/dan/Desktop/08/apache-htmx/src/Shared/Infrastructure/PathManager.php:50
/home/dan/Desktop/08/apache-htmx/src/Shared/Infrastructure/PathManager.php:217
/home/dan/Desktop/08/apache-htmx/src/Shared/Infrastructure/PathManager.php:149
/home/dan/Desktop/08/apache-htmx/src/Shared/Infrastructure/Path/FilePathCache.php:26
/home/dan/Desktop/08/apache-htmx/src/Shared/Infrastructure/PathManager.php:50
/home/dan/Desktop/08/apache-htmx/src/Shared/Infrastructure/PathManager.php:217
/home/dan/Desktop/08/apache-htmx/src/Shared/Infrastructure/PathManager.php:149
/home/dan/Desktop/08/apache-htmx/src/Shared/Infrastructure/Path/FilePathCache.php:26
/home/dan/Desktop/08/apache-htmx/src/Shared/Infrastructure/PathManager.php:50
/home/dan/Desktop/08/apache-htmx/src/Shared/Infrastructure/PathManager.php:217
/home/dan/Desktop/08/apache-htmx/src/Shared/Infrastructure/PathManager.php:149
/home/dan/Desktop/08/apache-htmx/src/Shared/Infrastructure/Path/FilePathCache.php:26
/home/dan/Desktop/08/apache-htmx/src/Shared/Infrastructure/PathManager.php:50
/home/dan/Desktop/08/apache-htmx/src/Shared/Infrastructure/PathManager.php:217
/home/dan/Desktop/08/apache-htmx/src/Shared/Infrastructure/PathManager.php:149
/home/dan/Desktop/08/apache-htmx/src/Shared/Infrastructure/Path/FilePathCache.php:26
/home/dan/Desktop/08/apache-htmx/src/Shared/Infrastructure/PathManager.php:50
/home/dan/Desktop/08/apache-htmx/src/Shared/Infrastructure/PathManager.php:217
/home/dan/Desktop/08/apache-htmx/src/Shared/Infrastructure/PathManager.php:149
/home/dan/Desktop/08/apache-htmx/src/Shared/Infrastructure/Path/FilePathCache.php:26
/home/dan/Desktop/08/apache-htmx/src/Shared/Infrastructure/PathManager.php:50
/home/dan/Desktop/08/apache-htmx/src/Shared/Infrastructure/PathManager.php:217
/home/dan/Desktop/08/apache-htmx/src/Shared/Infrastructure/PathManager.php:149
/home/dan/Desktop/08/apache-htmx/src/Shared/Infrastructure/Path/FilePathCache.php:26
/home/dan/Desktop/08/apache-htmx/src/Shared/Infrastructure/PathManager.php:50
/home/dan/Desktop/08/apache-htmx/src/Shared/Infrastructure/PathManager.php:217
/home/dan/Desktop/08/apache-htmx/src/Shared/Infrastructure/PathManager.php:149
/home/dan/Desktop/08/apache-htmx/src/Shared/Infrastructure/Path/FilePathCache.php:26
/home/dan/Desktop/08/apache-htmx/src/Shared/Infrastructure/PathManager.php:50
/home/dan/Desktop/08/apache-htmx/src/Shared/Infrastructure/PathManager.php:217
/home/dan/Desktop/08/apache-htmx/src/Shared/Infrastructure/PathManager.php:149
/home/dan/Desktop/08/apache-htmx/src/Shared/Infrastructure/Path/FilePathCache.php:26
/home/dan/Desktop/08/apache-htmx/src/Shared/Infrastructure/PathManager.php:50
/home/dan/Desktop/08/apache-htmx/src/Shared/Infrastructure/PathManager.php:217
/home/dan/Desktop/08/apache-htmx/src/Shared/Infrastructure/PathManager.php:149
/home/dan/Desktop/08/apache-htmx/src/Shared/Infrastructure/Path/FilePathCache.php:26
/home/dan/Desktop/08/apache-htmx/src/Shared/Infrastructure/PathManager.php:50
/home/dan/Desktop/08/apache-htmx/src/Shared/Infrastructure/PathManager.php:217
/home/dan/Desktop/08/apache-htmx/src/Shared/Infrastructure/PathManager.php:149
/home/dan/Desktop/08/apache-htmx/src/Shared/Infrastructure/Path/FilePathCache.php:26
/home/dan/Desktop/08/apache-htmx/src/Shared/Infrastructure/PathManager.php:50
/home/dan/Desktop/08/apache-htmx/src/Shared/Infrastructure/PathManager.php:217
/home/dan/Desktop/08/apache-htmx/src/Shared/Infrastructure/PathManager.php:149
/home/dan/Desktop/08/apache-htmx/src/Shared/Infrastructure/Path/FilePathCache.php:26
/home/dan/Desktop/08/apache-htmx/src/Shared/Infrastructure/PathManager.php:50
/home/dan/Desktop/08/apache-htmx/src/Shared/Infrastructure/PathManager.php:217
/home/dan/Desktop/08/apache-htmx/src/Shared/Infrastructure/PathManager.php:149
/home/dan/Desktop/08/apache-htmx/src/Shared/Infrastructure/Path/FilePathCache.php:26
/home/dan/Desktop/08/apache-htmx/src/Shared/Infrastructure/PathManager.php:50
/home/dan/Desktop/08/apache-htmx/src/Shared/Infrastructure/PathManager.php:217
/home/dan/Desktop/08/apache-htmx/src/Shared/Infrastructure/PathManager.php:149
/home/dan/Desktop/08/apache-htmx/src/Shared/Infrastructure/Path/FilePathCache.php:26
/home/dan/Desktop/08/apache-htmx/src/Shared/Infrastructure/PathManager.php:50
/home/dan/Desktop/08/apache-htmx/src/Shared/Infrastructure/PathManager.php:217
/home/dan/Desktop/08/apache-htmx/src/Shared/Infrastructure/PathManager.php:149
/home/dan/Desktop/08/apache-htmx/src/Shared/Infrastructure/Path/FilePathCache.php:26
/home/dan/Desktop/08/apache-htmx/src/Shared/Infrastructure/PathManager.php:50
/home/dan/Desktop/08/apache-htmx/src/Shared/Infrastructure/PathManager.php:217
/home/dan/Desktop/08/apache-htmx/src/Shared/Infrastructure/PathManager.php:149
/home/dan/Desktop/08/apache-htmx/src/Shared/Infrastructure/Path/FilePathCache.php:26
/home/dan/Desktop/08/apache-htmx/src/Shared/Infrastructure/PathManager.php:50
/home/dan/Desktop/08/apache-htmx/src/Shared/Infrastructure/PathManager.php:217
/home/dan/Desktop/08/apache-htmx/src/Shared/Infrastructure/PathManager.php:149
/home/dan/Desktop/08/apache-htmx/src/Shared/Infrastructure/Path/FilePathCache.php:26
/home/dan/Desktop/08/apache-htmx/src/Shared/Infrastructure/PathManager.php:50
/home/dan/Desktop/08/apache-htmx/src/Shared/Infrastructure/PathManager.php:217
/home/dan/Desktop/08/apache-htmx/src/Shared/Infrastructure/PathManager.php:149
/home/dan/Desktop/08/apache-htmx/src/Shared/Infrastructure/Path/FilePathCache.php:26
/home/dan/Desktop/08/apache-htmx/src/Shared/Infrastructure/PathManager.php:50
/home/dan/Desktop/08/apache-htmx/src/Shared/Infrastructure/PathManager.php:217
/home/dan/Desktop/08/apache-htmx/src/Shared/Infrastructure/PathManager.php:149
/home/dan/Desktop/08/apache-htmx/src/Shared/Infrastructure/Path/FilePathCache.php:26
/home/dan/Desktop/08/apache-htmx/src/Shared/Infrastructure/PathManager.php:50
/home/dan/Desktop/08/apache-htmx/src/Shared/Infrastructure/PathManager.php:217
/home/dan/Desktop/08/apache-htmx/src/Shared/Infrastructure/PathManager.php:149
/home/dan/Desktop/08/apache-htmx/src/Shared/Infrastructure/Path/FilePathCache.php:26
/home/dan/Desktop/08/apache-htmx/src/Shared/Infrastructure/PathManager.php:50
/home/dan/Desktop/08/apache-htmx/src/Shared/Infrastructure/PathManager.php:217
/home/dan/Desktop/08/apache-htmx/src/Shared/Infrastructure/PathManager.php:149
/home/dan/Desktop/08/apache-htmx/src/Shared/Infrastructure/Path/FilePathCache.php:26
/home/dan/Desktop/08/apache-htmx/src/Shared/Infrastructure/PathManager.php:50
/home/dan/Desktop/08/apache-htmx/src/Shared/Infrastructure/PathManager.php:217
/home/dan/Desktop/08/apache-htmx/src/Shared/Infrastructure/PathManager.php:149
/home/dan/Desktop/08/apache-htmx/src/Shared/Infrastructure/Path/FilePathCache.php:26
/home/dan/Desktop/08/apache-htmx/src/Shared/Infrastructure/PathManager.php:50
/home/dan/Desktop/08/apache-htmx/src/Shared/Infrastructure/PathManager.php:217
/home/dan/Desktop/08/apache-htmx/src/Shared/Infrastructure/PathManager.php:149
/home/dan/Desktop/08/apache-htmx/src/Shared/Infrastructure/Path/FilePathCache.php:26
/home/dan/Desktop/08/apache-htmx/src/Shared/Infrastructure/PathManager.php:50
/home/dan/Desktop/08/apache-htmx/src/Shared/Infrastructure/PathManager.php:217
/home/dan/Desktop/08/apache-htmx/src/Shared/Infrastructure/PathManager.php:149
/home/dan/Desktop/08/apache-htmx/src/Shared/Infrastructure/Path/FilePathCache.php:26
/home/dan/Desktop/08/apache-htmx/src/Shared/Infrastructure/PathManager.php:50
/home/dan/Desktop/08/apache-htmx/src/Shared/Infrastructure/PathManager.php:217
/home/dan/Desktop/08/apache-htmx/src/Shared/Infrastructure/PathManager.php:149
/home/dan/Desktop/08/apache-htmx/src/Shared/Infrastructure/Path/FilePathCache.php:26
/home/dan/Desktop/08/apache-htmx/src/Shared/Infrastructure/PathManager.php:50
/home/dan/Desktop/08/apache-htmx/src/Shared/Infrastructure/PathManager.php:217
/home/dan/Desktop/08/apache-htmx/src/Shared/Infrastructure/PathManager.php:149
/home/dan/Desktop/08/apache-htmx/src/Shared/Infrastructure/Path/FilePathCache.php:26
/home/dan/Desktop/08/apache-htmx/src/Shared/Infrastructure/PathManager.php:50
/home/dan/Desktop/08/apache-htmx/src/Shared/Infrastructure/PathManager.php:217
/home/dan/Desktop/08/apache-htmx/src/Shared/Infrastructure/PathManager.php:149
/home/dan/Desktop/08/apache-htmx/src/Shared/Infrastructure/Path/FilePathCache.php:26
/home/dan/Desktop/08/apache-htmx/src/Shared/Infrastructure/PathManager.php:50
/home/dan/Desktop/08/apache-htmx/src/Shared/Infrastructure/PathManager.php:217
/home/dan/Desktop/08/apache-htmx/src/Shared/Infrastructure/PathManager.php:149
/home/dan/Desktop/08/apache-htmx/src/Shared/Infrastructure/Path/FilePathCache.php:26
/home/dan/Desktop/08/apache-htmx/src/Shared/Infrastructure/PathManager.php:50
/home/dan/Desktop/08/apache-htmx/src/Shared/Infrastructure/PathManager.php:217
/home/dan/Desktop/08/apache-htmx/src/Shared/Infrastructure/PathManager.php:149
/home/dan/Desktop/08/apache-htmx/src/Shared/Infrastructure/Path/FilePathCache.php:26
/home/dan/Desktop/08/apache-htmx/src/Shared/Infrastructure/PathManager.php:50
/home/dan/Desktop/08/apache-htmx/src/Shared/Infrastructure/PathManager.php:217
/home/dan/Desktop/08/apache-htmx/src/Shared/Infrastructure/PathManager.php:149
/home/dan/Desktop/08/apache-htmx/src/Shared/Infrastructure/Path/FilePathCache.php:26
/home/dan/Desktop/08/apache-htmx/src/Shared/Infrastructure/PathManager.php:50
/home/dan/Desktop/08/apache-htmx/src/Shared/Infrastructure/PathManager.php:217
/home/dan/Desktop/08/apache-htmx/src/Shared/Infrastructure/PathManager.php:149
/home/dan/Desktop/08/apache-htmx/src/Shared/Infrastructure/Path/FilePathCache.php:26
/home/dan/Desktop/08/apache-htmx/src/Shared/Infrastructure/PathManager.php:50
/home/dan/Desktop/08/apache-htmx/src/Shared/Infrastructure/PathManager.php:217
/home/dan/Desktop/08/apache-htmx/src/Shared/Infrastructure/PathManager.php:149
/home/dan/Desktop/08/apache-htmx/src/Shared/Infrastructure/Path/FilePathCache.php:26
/home/dan/Desktop/08/apache-htmx/src/Shared/Infrastructure/PathManager.php:50
/home/dan/Desktop/08/apache-htmx/src/Shared/Infrastructure/PathManager.php:217
/home/dan/Desktop/08/apache-htmx/src/Shared/Infrastructure/PathManager.php:149
/home/dan/Desktop/08/apache-htmx/src/Shared/Infrastructure/Path/FilePathCache.php:26
/home/dan/Desktop/08/apache-htmx/src/Shared/Infrastructure/PathManager.php:50
/home/dan/Desktop/08/apache-htmx/src/Shared/Infrastructure/PathManager.php:217
/home/dan/Desktop/08/apache-htmx/src/Shared/Infrastructure/PathManager.php:149
/home/dan/Desktop/08/apache-htmx/src/Shared/Infrastructure/Path/FilePathCache.php:26
/home/dan/Desktop/08/apache-htmx/src/Shared/Infrastructure/PathManager.php:50
/home/dan/Desktop/08/apache-htmx/src/Shared/Infrastructure/PathManager.php:217
/home/dan/Desktop/08/apache-htmx/src/Shared/Infrastructure/PathManager.php:149
/home/dan/Desktop/08/apache-htmx/src/Shared/Infrastructure/Path/FilePathCache.php:26
/home/dan/Desktop/08/apache-htmx/src/Shared/Infrastructure/PathManager.php:50
/home/dan/Desktop/08/apache-htmx/src/Shared/Infrastructure/PathManager.php:217
/home/dan/Desktop/08/apache-htmx/src/Shared/Infrastructure/PathManager.php:149
/home/dan/Desktop/08/apache-htmx/src/Shared/Infrastructure/Path/FilePathCache.php:26
/home/dan/Desktop/08/apache-htmx/src/Shared/Infrastructure/PathManager.php:50
/home/dan/Desktop/08/apache-htmx/src/Shared/Infrastructure/PathManager.php:217
/home/dan/Desktop/08/apache-htmx/src/Shared/Infrastructure/PathManager.php:149
/home/dan/Desktop/08/apache-htmx/src/Shared/Infrastructure/Path/FilePathCache.php:26
/home/dan/Desktop/08/apache-htmx/src/Shared/Infrastructure/PathManager.php:50
/home/dan/Desktop/08/apache-htmx/src/Shared/Infrastructure/PathManager.php:217
/home/dan/Desktop/08/apache-htmx/src/Shared/Infrastructure/PathManager.php:149
/home/dan/Desktop/08/apache-htmx/src/Shared/Infrastructure/Path/FilePathCache.php:26
/home/dan/Desktop/08/apache-htmx/src/Shared/Infrastructure/PathManager.php:50
/home/dan/Desktop/08/apache-htmx/src/Shared/Infrastructure/PathManager.php:412
/home/dan/Desktop/08/apache-htmx/tests/Unit/Shared/Infrastructure/PathManagerTest.php:18</error>
        </testcase>
        <testcase name="testRelativePath" file="/home/dan/Desktop/08/apache-htmx/tests/Unit/Shared/Infrastructure/PathManagerTest.php" line="191" class="Tests\Unit\Shared\Infrastructure\PathManagerTest" classname="Tests.Unit.Shared.Infrastructure.PathManagerTest" assertions="0" time="0.000000">
          <error type="Error">Tests\Unit\Shared\Infrastructure\PathManagerTest::testRelativePath
Error: Xdebug has detected a possible infinite loop, and aborted your script with a stack depth of '512' frames

/home/dan/Desktop/08/apache-htmx/src/Shared/Infrastructure/PathManager.php:147
/home/dan/Desktop/08/apache-htmx/src/Shared/Infrastructure/Path/FilePathCache.php:26
/home/dan/Desktop/08/apache-htmx/src/Shared/Infrastructure/PathManager.php:50
/home/dan/Desktop/08/apache-htmx/src/Shared/Infrastructure/PathManager.php:217
/home/dan/Desktop/08/apache-htmx/src/Shared/Infrastructure/PathManager.php:149
/home/dan/Desktop/08/apache-htmx/src/Shared/Infrastructure/Path/FilePathCache.php:26
/home/dan/Desktop/08/apache-htmx/src/Shared/Infrastructure/PathManager.php:50
/home/dan/Desktop/08/apache-htmx/src/Shared/Infrastructure/PathManager.php:217
/home/dan/Desktop/08/apache-htmx/src/Shared/Infrastructure/PathManager.php:149
/home/dan/Desktop/08/apache-htmx/src/Shared/Infrastructure/Path/FilePathCache.php:26
/home/dan/Desktop/08/apache-htmx/src/Shared/Infrastructure/PathManager.php:50
/home/dan/Desktop/08/apache-htmx/src/Shared/Infrastructure/PathManager.php:217
/home/dan/Desktop/08/apache-htmx/src/Shared/Infrastructure/PathManager.php:149
/home/dan/Desktop/08/apache-htmx/src/Shared/Infrastructure/Path/FilePathCache.php:26
/home/dan/Desktop/08/apache-htmx/src/Shared/Infrastructure/PathManager.php:50
/home/dan/Desktop/08/apache-htmx/src/Shared/Infrastructure/PathManager.php:217
/home/dan/Desktop/08/apache-htmx/src/Shared/Infrastructure/PathManager.php:149
/home/dan/Desktop/08/apache-htmx/src/Shared/Infrastructure/Path/FilePathCache.php:26
/home/dan/Desktop/08/apache-htmx/src/Shared/Infrastructure/PathManager.php:50
/home/dan/Desktop/08/apache-htmx/src/Shared/Infrastructure/PathManager.php:217
/home/dan/Desktop/08/apache-htmx/src/Shared/Infrastructure/PathManager.php:149
/home/dan/Desktop/08/apache-htmx/src/Shared/Infrastructure/Path/FilePathCache.php:26
/home/dan/Desktop/08/apache-htmx/src/Shared/Infrastructure/PathManager.php:50
/home/dan/Desktop/08/apache-htmx/src/Shared/Infrastructure/PathManager.php:217
/home/dan/Desktop/08/apache-htmx/src/Shared/Infrastructure/PathManager.php:149
/home/dan/Desktop/08/apache-htmx/src/Shared/Infrastructure/Path/FilePathCache.php:26
/home/dan/Desktop/08/apache-htmx/src/Shared/Infrastructure/PathManager.php:50
/home/dan/Desktop/08/apache-htmx/src/Shared/Infrastructure/PathManager.php:217
/home/dan/Desktop/08/apache-htmx/src/Shared/Infrastructure/PathManager.php:149
/home/dan/Desktop/08/apache-htmx/src/Shared/Infrastructure/Path/FilePathCache.php:26
/home/dan/Desktop/08/apache-htmx/src/Shared/Infrastructure/PathManager.php:50
/home/dan/Desktop/08/apache-htmx/src/Shared/Infrastructure/PathManager.php:217
/home/dan/Desktop/08/apache-htmx/src/Shared/Infrastructure/PathManager.php:149
/home/dan/Desktop/08/apache-htmx/src/Shared/Infrastructure/Path/FilePathCache.php:26
/home/dan/Desktop/08/apache-htmx/src/Shared/Infrastructure/PathManager.php:50
/home/dan/Desktop/08/apache-htmx/src/Shared/Infrastructure/PathManager.php:217
/home/dan/Desktop/08/apache-htmx/src/Shared/Infrastructure/PathManager.php:149
/home/dan/Desktop/08/apache-htmx/src/Shared/Infrastructure/Path/FilePathCache.php:26
/home/dan/Desktop/08/apache-htmx/src/Shared/Infrastructure/PathManager.php:50
/home/dan/Desktop/08/apache-htmx/src/Shared/Infrastructure/PathManager.php:217
/home/dan/Desktop/08/apache-htmx/src/Shared/Infrastructure/PathManager.php:149
/home/dan/Desktop/08/apache-htmx/src/Shared/Infrastructure/Path/FilePathCache.php:26
/home/dan/Desktop/08/apache-htmx/src/Shared/Infrastructure/PathManager.php:50
/home/dan/Desktop/08/apache-htmx/src/Shared/Infrastructure/PathManager.php:217
/home/dan/Desktop/08/apache-htmx/src/Shared/Infrastructure/PathManager.php:149
/home/dan/Desktop/08/apache-htmx/src/Shared/Infrastructure/Path/FilePathCache.php:26
/home/dan/Desktop/08/apache-htmx/src/Shared/Infrastructure/PathManager.php:50
/home/dan/Desktop/08/apache-htmx/src/Shared/Infrastructure/PathManager.php:217
/home/dan/Desktop/08/apache-htmx/src/Shared/Infrastructure/PathManager.php:149
/home/dan/Desktop/08/apache-htmx/src/Shared/Infrastructure/Path/FilePathCache.php:26
/home/dan/Desktop/08/apache-htmx/src/Shared/Infrastructure/PathManager.php:50
/home/dan/Desktop/08/apache-htmx/src/Shared/Infrastructure/PathManager.php:217
/home/dan/Desktop/08/apache-htmx/src/Shared/Infrastructure/PathManager.php:149
/home/dan/Desktop/08/apache-htmx/src/Shared/Infrastructure/Path/FilePathCache.php:26
/home/dan/Desktop/08/apache-htmx/src/Shared/Infrastructure/PathManager.php:50
/home/dan/Desktop/08/apache-htmx/src/Shared/Infrastructure/PathManager.php:217
/home/dan/Desktop/08/apache-htmx/src/Shared/Infrastructure/PathManager.php:149
/home/dan/Desktop/08/apache-htmx/src/Shared/Infrastructure/Path/FilePathCache.php:26
/home/dan/Desktop/08/apache-htmx/src/Shared/Infrastructure/PathManager.php:50
/home/dan/Desktop/08/apache-htmx/src/Shared/Infrastructure/PathManager.php:217
/home/dan/Desktop/08/apache-htmx/src/Shared/Infrastructure/PathManager.php:149
/home/dan/Desktop/08/apache-htmx/src/Shared/Infrastructure/Path/FilePathCache.php:26
/home/dan/Desktop/08/apache-htmx/src/Shared/Infrastructure/PathManager.php:50
/home/dan/Desktop/08/apache-htmx/src/Shared/Infrastructure/PathManager.php:217
/home/dan/Desktop/08/apache-htmx/src/Shared/Infrastructure/PathManager.php:149
/home/dan/Desktop/08/apache-htmx/src/Shared/Infrastructure/Path/FilePathCache.php:26
/home/dan/Desktop/08/apache-htmx/src/Shared/Infrastructure/PathManager.php:50
/home/dan/Desktop/08/apache-htmx/src/Shared/Infrastructure/PathManager.php:217
/home/dan/Desktop/08/apache-htmx/src/Shared/Infrastructure/PathManager.php:149
/home/dan/Desktop/08/apache-htmx/src/Shared/Infrastructure/Path/FilePathCache.php:26
/home/dan/Desktop/08/apache-htmx/src/Shared/Infrastructure/PathManager.php:50
/home/dan/Desktop/08/apache-htmx/src/Shared/Infrastructure/PathManager.php:217
/home/dan/Desktop/08/apache-htmx/src/Shared/Infrastructure/PathManager.php:149
/home/dan/Desktop/08/apache-htmx/src/Shared/Infrastructure/Path/FilePathCache.php:26
/home/dan/Desktop/08/apache-htmx/src/Shared/Infrastructure/PathManager.php:50
/home/dan/Desktop/08/apache-htmx/src/Shared/Infrastructure/PathManager.php:217
/home/dan/Desktop/08/apache-htmx/src/Shared/Infrastructure/PathManager.php:149
/home/dan/Desktop/08/apache-htmx/src/Shared/Infrastructure/Path/FilePathCache.php:26
/home/dan/Desktop/08/apache-htmx/src/Shared/Infrastructure/PathManager.php:50
/home/dan/Desktop/08/apache-htmx/src/Shared/Infrastructure/PathManager.php:217
/home/dan/Desktop/08/apache-htmx/src/Shared/Infrastructure/PathManager.php:149
/home/dan/Desktop/08/apache-htmx/src/Shared/Infrastructure/Path/FilePathCache.php:26
/home/dan/Desktop/08/apache-htmx/src/Shared/Infrastructure/PathManager.php:50
/home/dan/Desktop/08/apache-htmx/src/Shared/Infrastructure/PathManager.php:217
/home/dan/Desktop/08/apache-htmx/src/Shared/Infrastructure/PathManager.php:149
/home/dan/Desktop/08/apache-htmx/src/Shared/Infrastructure/Path/FilePathCache.php:26
/home/dan/Desktop/08/apache-htmx/src/Shared/Infrastructure/PathManager.php:50
/home/dan/Desktop/08/apache-htmx/src/Shared/Infrastructure/PathManager.php:217
/home/dan/Desktop/08/apache-htmx/src/Shared/Infrastructure/PathManager.php:149
/home/dan/Desktop/08/apache-htmx/src/Shared/Infrastructure/Path/FilePathCache.php:26
/home/dan/Desktop/08/apache-htmx/src/Shared/Infrastructure/PathManager.php:50
/home/dan/Desktop/08/apache-htmx/src/Shared/Infrastructure/PathManager.php:217
/home/dan/Desktop/08/apache-htmx/src/Shared/Infrastructure/PathManager.php:149
/home/dan/Desktop/08/apache-htmx/src/Shared/Infrastructure/Path/FilePathCache.php:26
/home/dan/Desktop/08/apache-htmx/src/Shared/Infrastructure/PathManager.php:50
/home/dan/Desktop/08/apache-htmx/src/Shared/Infrastructure/PathManager.php:217
/home/dan/Desktop/08/apache-htmx/src/Shared/Infrastructure/PathManager.php:149
/home/dan/Desktop/08/apache-htmx/src/Shared/Infrastructure/Path/FilePathCache.php:26
/home/dan/Desktop/08/apache-htmx/src/Shared/Infrastructure/PathManager.php:50
/home/dan/Desktop/08/apache-htmx/src/Shared/Infrastructure/PathManager.php:217
/home/dan/Desktop/08/apache-htmx/src/Shared/Infrastructure/PathManager.php:149
/home/dan/Desktop/08/apache-htmx/src/Shared/Infrastructure/Path/FilePathCache.php:26
/home/dan/Desktop/08/apache-htmx/src/Shared/Infrastructure/PathManager.php:50
/home/dan/Desktop/08/apache-htmx/src/Shared/Infrastructure/PathManager.php:217
/home/dan/Desktop/08/apache-htmx/src/Shared/Infrastructure/PathManager.php:149
/home/dan/Desktop/08/apache-htmx/src/Shared/Infrastructure/Path/FilePathCache.php:26
/home/dan/Desktop/08/apache-htmx/src/Shared/Infrastructure/PathManager.php:50
/home/dan/Desktop/08/apache-htmx/src/Shared/Infrastructure/PathManager.php:217
/home/dan/Desktop/08/apache-htmx/src/Shared/Infrastructure/PathManager.php:149
/home/dan/Desktop/08/apache-htmx/src/Shared/Infrastructure/Path/FilePathCache.php:26
/home/dan/Desktop/08/apache-htmx/src/Shared/Infrastructure/PathManager.php:50
/home/dan/Desktop/08/apache-htmx/src/Shared/Infrastructure/PathManager.php:217
/home/dan/Desktop/08/apache-htmx/src/Shared/Infrastructure/PathManager.php:149
/home/dan/Desktop/08/apache-htmx/src/Shared/Infrastructure/Path/FilePathCache.php:26
/home/dan/Desktop/08/apache-htmx/src/Shared/Infrastructure/PathManager.php:50
/home/dan/Desktop/08/apache-htmx/src/Shared/Infrastructure/PathManager.php:217
/home/dan/Desktop/08/apache-htmx/src/Shared/Infrastructure/PathManager.php:149
/home/dan/Desktop/08/apache-htmx/src/Shared/Infrastructure/Path/FilePathCache.php:26
/home/dan/Desktop/08/apache-htmx/src/Shared/Infrastructure/PathManager.php:50
/home/dan/Desktop/08/apache-htmx/src/Shared/Infrastructure/PathManager.php:217
/home/dan/Desktop/08/apache-htmx/src/Shared/Infrastructure/PathManager.php:149
/home/dan/Desktop/08/apache-htmx/src/Shared/Infrastructure/Path/FilePathCache.php:26
/home/dan/Desktop/08/apache-htmx/src/Shared/Infrastructure/PathManager.php:50
/home/dan/Desktop/08/apache-htmx/src/Shared/Infrastructure/PathManager.php:217
/home/dan/Desktop/08/apache-htmx/src/Shared/Infrastructure/PathManager.php:149
/home/dan/Desktop/08/apache-htmx/src/Shared/Infrastructure/Path/FilePathCache.php:26
/home/dan/Desktop/08/apache-htmx/src/Shared/Infrastructure/PathManager.php:50
/home/dan/Desktop/08/apache-htmx/src/Shared/Infrastructure/PathManager.php:217
/home/dan/Desktop/08/apache-htmx/src/Shared/Infrastructure/PathManager.php:149
/home/dan/Desktop/08/apache-htmx/src/Shared/Infrastructure/Path/FilePathCache.php:26
/home/dan/Desktop/08/apache-htmx/src/Shared/Infrastructure/PathManager.php:50
/home/dan/Desktop/08/apache-htmx/src/Shared/Infrastructure/PathManager.php:217
/home/dan/Desktop/08/apache-htmx/src/Shared/Infrastructure/PathManager.php:149
/home/dan/Desktop/08/apache-htmx/src/Shared/Infrastructure/Path/FilePathCache.php:26
/home/dan/Desktop/08/apache-htmx/src/Shared/Infrastructure/PathManager.php:50
/home/dan/Desktop/08/apache-htmx/src/Shared/Infrastructure/PathManager.php:217
/home/dan/Desktop/08/apache-htmx/src/Shared/Infrastructure/PathManager.php:149
/home/dan/Desktop/08/apache-htmx/src/Shared/Infrastructure/Path/FilePathCache.php:26
/home/dan/Desktop/08/apache-htmx/src/Shared/Infrastructure/PathManager.php:50
/home/dan/Desktop/08/apache-htmx/src/Shared/Infrastructure/PathManager.php:217
/home/dan/Desktop/08/apache-htmx/src/Shared/Infrastructure/PathManager.php:149
/home/dan/Desktop/08/apache-htmx/src/Shared/Infrastructure/Path/FilePathCache.php:26
/home/dan/Desktop/08/apache-htmx/src/Shared/Infrastructure/PathManager.php:50
/home/dan/Desktop/08/apache-htmx/src/Shared/Infrastructure/PathManager.php:217
/home/dan/Desktop/08/apache-htmx/src/Shared/Infrastructure/PathManager.php:149
/home/dan/Desktop/08/apache-htmx/src/Shared/Infrastructure/Path/FilePathCache.php:26
/home/dan/Desktop/08/apache-htmx/src/Shared/Infrastructure/PathManager.php:50
/home/dan/Desktop/08/apache-htmx/src/Shared/Infrastructure/PathManager.php:217
/home/dan/Desktop/08/apache-htmx/src/Shared/Infrastructure/PathManager.php:149
/home/dan/Desktop/08/apache-htmx/src/Shared/Infrastructure/Path/FilePathCache.php:26
/home/dan/Desktop/08/apache-htmx/src/Shared/Infrastructure/PathManager.php:50
/home/dan/Desktop/08/apache-htmx/src/Shared/Infrastructure/PathManager.php:217
/home/dan/Desktop/08/apache-htmx/src/Shared/Infrastructure/PathManager.php:149
/home/dan/Desktop/08/apache-htmx/src/Shared/Infrastructure/Path/FilePathCache.php:26
/home/dan/Desktop/08/apache-htmx/src/Shared/Infrastructure/PathManager.php:50
/home/dan/Desktop/08/apache-htmx/src/Shared/Infrastructure/PathManager.php:217
/home/dan/Desktop/08/apache-htmx/src/Shared/Infrastructure/PathManager.php:149
/home/dan/Desktop/08/apache-htmx/src/Shared/Infrastructure/Path/FilePathCache.php:26
/home/dan/Desktop/08/apache-htmx/src/Shared/Infrastructure/PathManager.php:50
/home/dan/Desktop/08/apache-htmx/src/Shared/Infrastructure/PathManager.php:217
/home/dan/Desktop/08/apache-htmx/src/Shared/Infrastructure/PathManager.php:149
/home/dan/Desktop/08/apache-htmx/src/Shared/Infrastructure/Path/FilePathCache.php:26
/home/dan/Desktop/08/apache-htmx/src/Shared/Infrastructure/PathManager.php:50
/home/dan/Desktop/08/apache-htmx/src/Shared/Infrastructure/PathManager.php:217
/home/dan/Desktop/08/apache-htmx/src/Shared/Infrastructure/PathManager.php:149
/home/dan/Desktop/08/apache-htmx/src/Shared/Infrastructure/Path/FilePathCache.php:26
/home/dan/Desktop/08/apache-htmx/src/Shared/Infrastructure/PathManager.php:50
/home/dan/Desktop/08/apache-htmx/src/Shared/Infrastructure/PathManager.php:217
/home/dan/Desktop/08/apache-htmx/src/Shared/Infrastructure/PathManager.php:149
/home/dan/Desktop/08/apache-htmx/src/Shared/Infrastructure/Path/FilePathCache.php:26
/home/dan/Desktop/08/apache-htmx/src/Shared/Infrastructure/PathManager.php:50
/home/dan/Desktop/08/apache-htmx/src/Shared/Infrastructure/PathManager.php:217
/home/dan/Desktop/08/apache-htmx/src/Shared/Infrastructure/PathManager.php:149
/home/dan/Desktop/08/apache-htmx/src/Shared/Infrastructure/Path/FilePathCache.php:26
/home/dan/Desktop/08/apache-htmx/src/Shared/Infrastructure/PathManager.php:50
/home/dan/Desktop/08/apache-htmx/src/Shared/Infrastructure/PathManager.php:217
/home/dan/Desktop/08/apache-htmx/src/Shared/Infrastructure/PathManager.php:149
/home/dan/Desktop/08/apache-htmx/src/Shared/Infrastructure/Path/FilePathCache.php:26
/home/dan/Desktop/08/apache-htmx/src/Shared/Infrastructure/PathManager.php:50
/home/dan/Desktop/08/apache-htmx/src/Shared/Infrastructure/PathManager.php:217
/home/dan/Desktop/08/apache-htmx/src/Shared/Infrastructure/PathManager.php:149
/home/dan/Desktop/08/apache-htmx/src/Shared/Infrastructure/Path/FilePathCache.php:26
/home/dan/Desktop/08/apache-htmx/src/Shared/Infrastructure/PathManager.php:50
/home/dan/Desktop/08/apache-htmx/src/Shared/Infrastructure/PathManager.php:217
/home/dan/Desktop/08/apache-htmx/src/Shared/Infrastructure/PathManager.php:149
/home/dan/Desktop/08/apache-htmx/src/Shared/Infrastructure/Path/FilePathCache.php:26
/home/dan/Desktop/08/apache-htmx/src/Shared/Infrastructure/PathManager.php:50
/home/dan/Desktop/08/apache-htmx/src/Shared/Infrastructure/PathManager.php:217
/home/dan/Desktop/08/apache-htmx/src/Shared/Infrastructure/PathManager.php:149
/home/dan/Desktop/08/apache-htmx/src/Shared/Infrastructure/Path/FilePathCache.php:26
/home/dan/Desktop/08/apache-htmx/src/Shared/Infrastructure/PathManager.php:50
/home/dan/Desktop/08/apache-htmx/src/Shared/Infrastructure/PathManager.php:217
/home/dan/Desktop/08/apache-htmx/src/Shared/Infrastructure/PathManager.php:149
/home/dan/Desktop/08/apache-htmx/src/Shared/Infrastructure/Path/FilePathCache.php:26
/home/dan/Desktop/08/apache-htmx/src/Shared/Infrastructure/PathManager.php:50
/home/dan/Desktop/08/apache-htmx/src/Shared/Infrastructure/PathManager.php:217
/home/dan/Desktop/08/apache-htmx/src/Shared/Infrastructure/PathManager.php:149
/home/dan/Desktop/08/apache-htmx/src/Shared/Infrastructure/Path/FilePathCache.php:26
/home/dan/Desktop/08/apache-htmx/src/Shared/Infrastructure/PathManager.php:50
/home/dan/Desktop/08/apache-htmx/src/Shared/Infrastructure/PathManager.php:217
/home/dan/Desktop/08/apache-htmx/src/Shared/Infrastructure/PathManager.php:149
/home/dan/Desktop/08/apache-htmx/src/Shared/Infrastructure/Path/FilePathCache.php:26
/home/dan/Desktop/08/apache-htmx/src/Shared/Infrastructure/PathManager.php:50
/home/dan/Desktop/08/apache-htmx/src/Shared/Infrastructure/PathManager.php:217
/home/dan/Desktop/08/apache-htmx/src/Shared/Infrastructure/PathManager.php:149
/home/dan/Desktop/08/apache-htmx/src/Shared/Infrastructure/Path/FilePathCache.php:26
/home/dan/Desktop/08/apache-htmx/src/Shared/Infrastructure/PathManager.php:50
/home/dan/Desktop/08/apache-htmx/src/Shared/Infrastructure/PathManager.php:217
/home/dan/Desktop/08/apache-htmx/src/Shared/Infrastructure/PathManager.php:149
/home/dan/Desktop/08/apache-htmx/src/Shared/Infrastructure/Path/FilePathCache.php:26
/home/dan/Desktop/08/apache-htmx/src/Shared/Infrastructure/PathManager.php:50
/home/dan/Desktop/08/apache-htmx/src/Shared/Infrastructure/PathManager.php:217
/home/dan/Desktop/08/apache-htmx/src/Shared/Infrastructure/PathManager.php:149
/home/dan/Desktop/08/apache-htmx/src/Shared/Infrastructure/Path/FilePathCache.php:26
/home/dan/Desktop/08/apache-htmx/src/Shared/Infrastructure/PathManager.php:50
/home/dan/Desktop/08/apache-htmx/src/Shared/Infrastructure/PathManager.php:217
/home/dan/Desktop/08/apache-htmx/src/Shared/Infrastructure/PathManager.php:149
/home/dan/Desktop/08/apache-htmx/src/Shared/Infrastructure/Path/FilePathCache.php:26
/home/dan/Desktop/08/apache-htmx/src/Shared/Infrastructure/PathManager.php:50
/home/dan/Desktop/08/apache-htmx/src/Shared/Infrastructure/PathManager.php:217
/home/dan/Desktop/08/apache-htmx/src/Shared/Infrastructure/PathManager.php:149
/home/dan/Desktop/08/apache-htmx/src/Shared/Infrastructure/Path/FilePathCache.php:26
/home/dan/Desktop/08/apache-htmx/src/Shared/Infrastructure/PathManager.php:50
/home/dan/Desktop/08/apache-htmx/src/Shared/Infrastructure/PathManager.php:217
/home/dan/Desktop/08/apache-htmx/src/Shared/Infrastructure/PathManager.php:149
/home/dan/Desktop/08/apache-htmx/src/Shared/Infrastructure/Path/FilePathCache.php:26
/home/dan/Desktop/08/apache-htmx/src/Shared/Infrastructure/PathManager.php:50
/home/dan/Desktop/08/apache-htmx/src/Shared/Infrastructure/PathManager.php:217
/home/dan/Desktop/08/apache-htmx/src/Shared/Infrastructure/PathManager.php:149
/home/dan/Desktop/08/apache-htmx/src/Shared/Infrastructure/Path/FilePathCache.php:26
/home/dan/Desktop/08/apache-htmx/src/Shared/Infrastructure/PathManager.php:50
/home/dan/Desktop/08/apache-htmx/src/Shared/Infrastructure/PathManager.php:217
/home/dan/Desktop/08/apache-htmx/src/Shared/Infrastructure/PathManager.php:149
/home/dan/Desktop/08/apache-htmx/src/Shared/Infrastructure/Path/FilePathCache.php:26
/home/dan/Desktop/08/apache-htmx/src/Shared/Infrastructure/PathManager.php:50
/home/dan/Desktop/08/apache-htmx/src/Shared/Infrastructure/PathManager.php:217
/home/dan/Desktop/08/apache-htmx/src/Shared/Infrastructure/PathManager.php:149
/home/dan/Desktop/08/apache-htmx/src/Shared/Infrastructure/Path/FilePathCache.php:26
/home/dan/Desktop/08/apache-htmx/src/Shared/Infrastructure/PathManager.php:50
/home/dan/Desktop/08/apache-htmx/src/Shared/Infrastructure/PathManager.php:217
/home/dan/Desktop/08/apache-htmx/src/Shared/Infrastructure/PathManager.php:149
/home/dan/Desktop/08/apache-htmx/src/Shared/Infrastructure/Path/FilePathCache.php:26
/home/dan/Desktop/08/apache-htmx/src/Shared/Infrastructure/PathManager.php:50
/home/dan/Desktop/08/apache-htmx/src/Shared/Infrastructure/PathManager.php:217
/home/dan/Desktop/08/apache-htmx/src/Shared/Infrastructure/PathManager.php:149
/home/dan/Desktop/08/apache-htmx/src/Shared/Infrastructure/Path/FilePathCache.php:26
/home/dan/Desktop/08/apache-htmx/src/Shared/Infrastructure/PathManager.php:50
/home/dan/Desktop/08/apache-htmx/src/Shared/Infrastructure/PathManager.php:217
/home/dan/Desktop/08/apache-htmx/src/Shared/Infrastructure/PathManager.php:149
/home/dan/Desktop/08/apache-htmx/src/Shared/Infrastructure/Path/FilePathCache.php:26
/home/dan/Desktop/08/apache-htmx/src/Shared/Infrastructure/PathManager.php:50
/home/dan/Desktop/08/apache-htmx/src/Shared/Infrastructure/PathManager.php:217
/home/dan/Desktop/08/apache-htmx/src/Shared/Infrastructure/PathManager.php:149
/home/dan/Desktop/08/apache-htmx/src/Shared/Infrastructure/Path/FilePathCache.php:26
/home/dan/Desktop/08/apache-htmx/src/Shared/Infrastructure/PathManager.php:50
/home/dan/Desktop/08/apache-htmx/src/Shared/Infrastructure/PathManager.php:217
/home/dan/Desktop/08/apache-htmx/src/Shared/Infrastructure/PathManager.php:149
/home/dan/Desktop/08/apache-htmx/src/Shared/Infrastructure/Path/FilePathCache.php:26
/home/dan/Desktop/08/apache-htmx/src/Shared/Infrastructure/PathManager.php:50
/home/dan/Desktop/08/apache-htmx/src/Shared/Infrastructure/PathManager.php:217
/home/dan/Desktop/08/apache-htmx/src/Shared/Infrastructure/PathManager.php:149
/home/dan/Desktop/08/apache-htmx/src/Shared/Infrastructure/Path/FilePathCache.php:26
/home/dan/Desktop/08/apache-htmx/src/Shared/Infrastructure/PathManager.php:50
/home/dan/Desktop/08/apache-htmx/src/Shared/Infrastructure/PathManager.php:217
/home/dan/Desktop/08/apache-htmx/src/Shared/Infrastructure/PathManager.php:149
/home/dan/Desktop/08/apache-htmx/src/Shared/Infrastructure/Path/FilePathCache.php:26
/home/dan/Desktop/08/apache-htmx/src/Shared/Infrastructure/PathManager.php:50
/home/dan/Desktop/08/apache-htmx/src/Shared/Infrastructure/PathManager.php:217
/home/dan/Desktop/08/apache-htmx/src/Shared/Infrastructure/PathManager.php:149
/home/dan/Desktop/08/apache-htmx/src/Shared/Infrastructure/Path/FilePathCache.php:26
/home/dan/Desktop/08/apache-htmx/src/Shared/Infrastructure/PathManager.php:50
/home/dan/Desktop/08/apache-htmx/src/Shared/Infrastructure/PathManager.php:217
/home/dan/Desktop/08/apache-htmx/src/Shared/Infrastructure/PathManager.php:149
/home/dan/Desktop/08/apache-htmx/src/Shared/Infrastructure/Path/FilePathCache.php:26
/home/dan/Desktop/08/apache-htmx/src/Shared/Infrastructure/PathManager.php:50
/home/dan/Desktop/08/apache-htmx/src/Shared/Infrastructure/PathManager.php:217
/home/dan/Desktop/08/apache-htmx/src/Shared/Infrastructure/PathManager.php:149
/home/dan/Desktop/08/apache-htmx/src/Shared/Infrastructure/Path/FilePathCache.php:26
/home/dan/Desktop/08/apache-htmx/src/Shared/Infrastructure/PathManager.php:50
/home/dan/Desktop/08/apache-htmx/src/Shared/Infrastructure/PathManager.php:217
/home/dan/Desktop/08/apache-htmx/src/Shared/Infrastructure/PathManager.php:149
/home/dan/Desktop/08/apache-htmx/src/Shared/Infrastructure/Path/FilePathCache.php:26
/home/dan/Desktop/08/apache-htmx/src/Shared/Infrastructure/PathManager.php:50
/home/dan/Desktop/08/apache-htmx/src/Shared/Infrastructure/PathManager.php:217
/home/dan/Desktop/08/apache-htmx/src/Shared/Infrastructure/PathManager.php:149
/home/dan/Desktop/08/apache-htmx/src/Shared/Infrastructure/Path/FilePathCache.php:26
/home/dan/Desktop/08/apache-htmx/src/Shared/Infrastructure/PathManager.php:50
/home/dan/Desktop/08/apache-htmx/src/Shared/Infrastructure/PathManager.php:217
/home/dan/Desktop/08/apache-htmx/src/Shared/Infrastructure/PathManager.php:149
/home/dan/Desktop/08/apache-htmx/src/Shared/Infrastructure/Path/FilePathCache.php:26
/home/dan/Desktop/08/apache-htmx/src/Shared/Infrastructure/PathManager.php:50
/home/dan/Desktop/08/apache-htmx/src/Shared/Infrastructure/PathManager.php:217
/home/dan/Desktop/08/apache-htmx/src/Shared/Infrastructure/PathManager.php:149
/home/dan/Desktop/08/apache-htmx/src/Shared/Infrastructure/Path/FilePathCache.php:26
/home/dan/Desktop/08/apache-htmx/src/Shared/Infrastructure/PathManager.php:50
/home/dan/Desktop/08/apache-htmx/src/Shared/Infrastructure/PathManager.php:217
/home/dan/Desktop/08/apache-htmx/src/Shared/Infrastructure/PathManager.php:149
/home/dan/Desktop/08/apache-htmx/src/Shared/Infrastructure/Path/FilePathCache.php:26
/home/dan/Desktop/08/apache-htmx/src/Shared/Infrastructure/PathManager.php:50
/home/dan/Desktop/08/apache-htmx/src/Shared/Infrastructure/PathManager.php:217
/home/dan/Desktop/08/apache-htmx/src/Shared/Infrastructure/PathManager.php:149
/home/dan/Desktop/08/apache-htmx/src/Shared/Infrastructure/Path/FilePathCache.php:26
/home/dan/Desktop/08/apache-htmx/src/Shared/Infrastructure/PathManager.php:50
/home/dan/Desktop/08/apache-htmx/src/Shared/Infrastructure/PathManager.php:217
/home/dan/Desktop/08/apache-htmx/src/Shared/Infrastructure/PathManager.php:149
/home/dan/Desktop/08/apache-htmx/src/Shared/Infrastructure/Path/FilePathCache.php:26
/home/dan/Desktop/08/apache-htmx/src/Shared/Infrastructure/PathManager.php:50
/home/dan/Desktop/08/apache-htmx/src/Shared/Infrastructure/PathManager.php:217
/home/dan/Desktop/08/apache-htmx/src/Shared/Infrastructure/PathManager.php:149
/home/dan/Desktop/08/apache-htmx/src/Shared/Infrastructure/Path/FilePathCache.php:26
/home/dan/Desktop/08/apache-htmx/src/Shared/Infrastructure/PathManager.php:50
/home/dan/Desktop/08/apache-htmx/src/Shared/Infrastructure/PathManager.php:217
/home/dan/Desktop/08/apache-htmx/src/Shared/Infrastructure/PathManager.php:149
/home/dan/Desktop/08/apache-htmx/src/Shared/Infrastructure/Path/FilePathCache.php:26
/home/dan/Desktop/08/apache-htmx/src/Shared/Infrastructure/PathManager.php:50
/home/dan/Desktop/08/apache-htmx/src/Shared/Infrastructure/PathManager.php:217
/home/dan/Desktop/08/apache-htmx/src/Shared/Infrastructure/PathManager.php:149
/home/dan/Desktop/08/apache-htmx/src/Shared/Infrastructure/Path/FilePathCache.php:26
/home/dan/Desktop/08/apache-htmx/src/Shared/Infrastructure/PathManager.php:50
/home/dan/Desktop/08/apache-htmx/src/Shared/Infrastructure/PathManager.php:217
/home/dan/Desktop/08/apache-htmx/src/Shared/Infrastructure/PathManager.php:149
/home/dan/Desktop/08/apache-htmx/src/Shared/Infrastructure/Path/FilePathCache.php:26
/home/dan/Desktop/08/apache-htmx/src/Shared/Infrastructure/PathManager.php:50
/home/dan/Desktop/08/apache-htmx/src/Shared/Infrastructure/PathManager.php:217
/home/dan/Desktop/08/apache-htmx/src/Shared/Infrastructure/PathManager.php:149
/home/dan/Desktop/08/apache-htmx/src/Shared/Infrastructure/Path/FilePathCache.php:26
/home/dan/Desktop/08/apache-htmx/src/Shared/Infrastructure/PathManager.php:50
/home/dan/Desktop/08/apache-htmx/src/Shared/Infrastructure/PathManager.php:217
/home/dan/Desktop/08/apache-htmx/src/Shared/Infrastructure/PathManager.php:149
/home/dan/Desktop/08/apache-htmx/src/Shared/Infrastructure/Path/FilePathCache.php:26
/home/dan/Desktop/08/apache-htmx/src/Shared/Infrastructure/PathManager.php:50
/home/dan/Desktop/08/apache-htmx/src/Shared/Infrastructure/PathManager.php:217
/home/dan/Desktop/08/apache-htmx/src/Shared/Infrastructure/PathManager.php:149
/home/dan/Desktop/08/apache-htmx/src/Shared/Infrastructure/Path/FilePathCache.php:26
/home/dan/Desktop/08/apache-htmx/src/Shared/Infrastructure/PathManager.php:50
/home/dan/Desktop/08/apache-htmx/src/Shared/Infrastructure/PathManager.php:217
/home/dan/Desktop/08/apache-htmx/src/Shared/Infrastructure/PathManager.php:149
/home/dan/Desktop/08/apache-htmx/src/Shared/Infrastructure/Path/FilePathCache.php:26
/home/dan/Desktop/08/apache-htmx/src/Shared/Infrastructure/PathManager.php:50
/home/dan/Desktop/08/apache-htmx/src/Shared/Infrastructure/PathManager.php:217
/home/dan/Desktop/08/apache-htmx/src/Shared/Infrastructure/PathManager.php:149
/home/dan/Desktop/08/apache-htmx/src/Shared/Infrastructure/Path/FilePathCache.php:26
/home/dan/Desktop/08/apache-htmx/src/Shared/Infrastructure/PathManager.php:50
/home/dan/Desktop/08/apache-htmx/src/Shared/Infrastructure/PathManager.php:217
/home/dan/Desktop/08/apache-htmx/src/Shared/Infrastructure/PathManager.php:149
/home/dan/Desktop/08/apache-htmx/src/Shared/Infrastructure/Path/FilePathCache.php:26
/home/dan/Desktop/08/apache-htmx/src/Shared/Infrastructure/PathManager.php:50
/home/dan/Desktop/08/apache-htmx/src/Shared/Infrastructure/PathManager.php:217
/home/dan/Desktop/08/apache-htmx/src/Shared/Infrastructure/PathManager.php:149
/home/dan/Desktop/08/apache-htmx/src/Shared/Infrastructure/Path/FilePathCache.php:26
/home/dan/Desktop/08/apache-htmx/src/Shared/Infrastructure/PathManager.php:50
/home/dan/Desktop/08/apache-htmx/src/Shared/Infrastructure/PathManager.php:217
/home/dan/Desktop/08/apache-htmx/src/Shared/Infrastructure/PathManager.php:149
/home/dan/Desktop/08/apache-htmx/src/Shared/Infrastructure/Path/FilePathCache.php:26
/home/dan/Desktop/08/apache-htmx/src/Shared/Infrastructure/PathManager.php:50
/home/dan/Desktop/08/apache-htmx/src/Shared/Infrastructure/PathManager.php:217
/home/dan/Desktop/08/apache-htmx/src/Shared/Infrastructure/PathManager.php:149
/home/dan/Desktop/08/apache-htmx/src/Shared/Infrastructure/Path/FilePathCache.php:26
/home/dan/Desktop/08/apache-htmx/src/Shared/Infrastructure/PathManager.php:50
/home/dan/Desktop/08/apache-htmx/src/Shared/Infrastructure/PathManager.php:217
/home/dan/Desktop/08/apache-htmx/src/Shared/Infrastructure/PathManager.php:149
/home/dan/Desktop/08/apache-htmx/src/Shared/Infrastructure/Path/FilePathCache.php:26
/home/dan/Desktop/08/apache-htmx/src/Shared/Infrastructure/PathManager.php:50
/home/dan/Desktop/08/apache-htmx/src/Shared/Infrastructure/PathManager.php:217
/home/dan/Desktop/08/apache-htmx/src/Shared/Infrastructure/PathManager.php:149
/home/dan/Desktop/08/apache-htmx/src/Shared/Infrastructure/Path/FilePathCache.php:26
/home/dan/Desktop/08/apache-htmx/src/Shared/Infrastructure/PathManager.php:50
/home/dan/Desktop/08/apache-htmx/src/Shared/Infrastructure/PathManager.php:217
/home/dan/Desktop/08/apache-htmx/src/Shared/Infrastructure/PathManager.php:149
/home/dan/Desktop/08/apache-htmx/src/Shared/Infrastructure/Path/FilePathCache.php:26
/home/dan/Desktop/08/apache-htmx/src/Shared/Infrastructure/PathManager.php:50
/home/dan/Desktop/08/apache-htmx/src/Shared/Infrastructure/PathManager.php:217
/home/dan/Desktop/08/apache-htmx/src/Shared/Infrastructure/PathManager.php:149
/home/dan/Desktop/08/apache-htmx/src/Shared/Infrastructure/Path/FilePathCache.php:26
/home/dan/Desktop/08/apache-htmx/src/Shared/Infrastructure/PathManager.php:50
/home/dan/Desktop/08/apache-htmx/src/Shared/Infrastructure/PathManager.php:217
/home/dan/Desktop/08/apache-htmx/src/Shared/Infrastructure/PathManager.php:149
/home/dan/Desktop/08/apache-htmx/src/Shared/Infrastructure/Path/FilePathCache.php:26
/home/dan/Desktop/08/apache-htmx/src/Shared/Infrastructure/PathManager.php:50
/home/dan/Desktop/08/apache-htmx/src/Shared/Infrastructure/PathManager.php:217
/home/dan/Desktop/08/apache-htmx/src/Shared/Infrastructure/PathManager.php:149
/home/dan/Desktop/08/apache-htmx/src/Shared/Infrastructure/Path/FilePathCache.php:26
/home/dan/Desktop/08/apache-htmx/src/Shared/Infrastructure/PathManager.php:50
/home/dan/Desktop/08/apache-htmx/src/Shared/Infrastructure/PathManager.php:217
/home/dan/Desktop/08/apache-htmx/src/Shared/Infrastructure/PathManager.php:149
/home/dan/Desktop/08/apache-htmx/src/Shared/Infrastructure/Path/FilePathCache.php:26
/home/dan/Desktop/08/apache-htmx/src/Shared/Infrastructure/PathManager.php:50
/home/dan/Desktop/08/apache-htmx/src/Shared/Infrastructure/PathManager.php:217
/home/dan/Desktop/08/apache-htmx/src/Shared/Infrastructure/PathManager.php:149
/home/dan/Desktop/08/apache-htmx/src/Shared/Infrastructure/Path/FilePathCache.php:26
/home/dan/Desktop/08/apache-htmx/src/Shared/Infrastructure/PathManager.php:50
/home/dan/Desktop/08/apache-htmx/src/Shared/Infrastructure/PathManager.php:217
/home/dan/Desktop/08/apache-htmx/src/Shared/Infrastructure/PathManager.php:149
/home/dan/Desktop/08/apache-htmx/src/Shared/Infrastructure/Path/FilePathCache.php:26
/home/dan/Desktop/08/apache-htmx/src/Shared/Infrastructure/PathManager.php:50
/home/dan/Desktop/08/apache-htmx/src/Shared/Infrastructure/PathManager.php:217
/home/dan/Desktop/08/apache-htmx/src/Shared/Infrastructure/PathManager.php:149
/home/dan/Desktop/08/apache-htmx/src/Shared/Infrastructure/Path/FilePathCache.php:26
/home/dan/Desktop/08/apache-htmx/src/Shared/Infrastructure/PathManager.php:50
/home/dan/Desktop/08/apache-htmx/src/Shared/Infrastructure/PathManager.php:217
/home/dan/Desktop/08/apache-htmx/src/Shared/Infrastructure/PathManager.php:149
/home/dan/Desktop/08/apache-htmx/src/Shared/Infrastructure/Path/FilePathCache.php:26
/home/dan/Desktop/08/apache-htmx/src/Shared/Infrastructure/PathManager.php:50
/home/dan/Desktop/08/apache-htmx/src/Shared/Infrastructure/PathManager.php:217
/home/dan/Desktop/08/apache-htmx/src/Shared/Infrastructure/PathManager.php:149
/home/dan/Desktop/08/apache-htmx/src/Shared/Infrastructure/Path/FilePathCache.php:26
/home/dan/Desktop/08/apache-htmx/src/Shared/Infrastructure/PathManager.php:50
/home/dan/Desktop/08/apache-htmx/src/Shared/Infrastructure/PathManager.php:217
/home/dan/Desktop/08/apache-htmx/src/Shared/Infrastructure/PathManager.php:149
/home/dan/Desktop/08/apache-htmx/src/Shared/Infrastructure/Path/FilePathCache.php:26
/home/dan/Desktop/08/apache-htmx/src/Shared/Infrastructure/PathManager.php:50
/home/dan/Desktop/08/apache-htmx/src/Shared/Infrastructure/PathManager.php:217
/home/dan/Desktop/08/apache-htmx/src/Shared/Infrastructure/PathManager.php:149
/home/dan/Desktop/08/apache-htmx/src/Shared/Infrastructure/Path/FilePathCache.php:26
/home/dan/Desktop/08/apache-htmx/src/Shared/Infrastructure/PathManager.php:50
/home/dan/Desktop/08/apache-htmx/src/Shared/Infrastructure/PathManager.php:217
/home/dan/Desktop/08/apache-htmx/src/Shared/Infrastructure/PathManager.php:149
/home/dan/Desktop/08/apache-htmx/src/Shared/Infrastructure/Path/FilePathCache.php:26
/home/dan/Desktop/08/apache-htmx/src/Shared/Infrastructure/PathManager.php:50
/home/dan/Desktop/08/apache-htmx/src/Shared/Infrastructure/PathManager.php:217
/home/dan/Desktop/08/apache-htmx/src/Shared/Infrastructure/PathManager.php:149
/home/dan/Desktop/08/apache-htmx/src/Shared/Infrastructure/Path/FilePathCache.php:26
/home/dan/Desktop/08/apache-htmx/src/Shared/Infrastructure/PathManager.php:50
/home/dan/Desktop/08/apache-htmx/src/Shared/Infrastructure/PathManager.php:217
/home/dan/Desktop/08/apache-htmx/src/Shared/Infrastructure/PathManager.php:149
/home/dan/Desktop/08/apache-htmx/src/Shared/Infrastructure/Path/FilePathCache.php:26
/home/dan/Desktop/08/apache-htmx/src/Shared/Infrastructure/PathManager.php:50
/home/dan/Desktop/08/apache-htmx/src/Shared/Infrastructure/PathManager.php:217
/home/dan/Desktop/08/apache-htmx/src/Shared/Infrastructure/PathManager.php:149
/home/dan/Desktop/08/apache-htmx/src/Shared/Infrastructure/Path/FilePathCache.php:26
/home/dan/Desktop/08/apache-htmx/src/Shared/Infrastructure/PathManager.php:50
/home/dan/Desktop/08/apache-htmx/src/Shared/Infrastructure/PathManager.php:217
/home/dan/Desktop/08/apache-htmx/src/Shared/Infrastructure/PathManager.php:149
/home/dan/Desktop/08/apache-htmx/src/Shared/Infrastructure/Path/FilePathCache.php:26
/home/dan/Desktop/08/apache-htmx/src/Shared/Infrastructure/PathManager.php:50
/home/dan/Desktop/08/apache-htmx/src/Shared/Infrastructure/PathManager.php:217
/home/dan/Desktop/08/apache-htmx/src/Shared/Infrastructure/PathManager.php:149
/home/dan/Desktop/08/apache-htmx/src/Shared/Infrastructure/Path/FilePathCache.php:26
/home/dan/Desktop/08/apache-htmx/src/Shared/Infrastructure/PathManager.php:50
/home/dan/Desktop/08/apache-htmx/src/Shared/Infrastructure/PathManager.php:217
/home/dan/Desktop/08/apache-htmx/src/Shared/Infrastructure/PathManager.php:149
/home/dan/Desktop/08/apache-htmx/src/Shared/Infrastructure/Path/FilePathCache.php:26
/home/dan/Desktop/08/apache-htmx/src/Shared/Infrastructure/PathManager.php:50
/home/dan/Desktop/08/apache-htmx/src/Shared/Infrastructure/PathManager.php:217
/home/dan/Desktop/08/apache-htmx/src/Shared/Infrastructure/PathManager.php:149
/home/dan/Desktop/08/apache-htmx/src/Shared/Infrastructure/Path/FilePathCache.php:26
/home/dan/Desktop/08/apache-htmx/src/Shared/Infrastructure/PathManager.php:50
/home/dan/Desktop/08/apache-htmx/src/Shared/Infrastructure/PathManager.php:217
/home/dan/Desktop/08/apache-htmx/src/Shared/Infrastructure/PathManager.php:149
/home/dan/Desktop/08/apache-htmx/src/Shared/Infrastructure/Path/FilePathCache.php:26
/home/dan/Desktop/08/apache-htmx/src/Shared/Infrastructure/PathManager.php:50
/home/dan/Desktop/08/apache-htmx/src/Shared/Infrastructure/PathManager.php:217
/home/dan/Desktop/08/apache-htmx/src/Shared/Infrastructure/PathManager.php:149
/home/dan/Desktop/08/apache-htmx/src/Shared/Infrastructure/Path/FilePathCache.php:26
/home/dan/Desktop/08/apache-htmx/src/Shared/Infrastructure/PathManager.php:50
/home/dan/Desktop/08/apache-htmx/src/Shared/Infrastructure/PathManager.php:217
/home/dan/Desktop/08/apache-htmx/src/Shared/Infrastructure/PathManager.php:149
/home/dan/Desktop/08/apache-htmx/src/Shared/Infrastructure/Path/FilePathCache.php:26
/home/dan/Desktop/08/apache-htmx/src/Shared/Infrastructure/PathManager.php:50
/home/dan/Desktop/08/apache-htmx/src/Shared/Infrastructure/PathManager.php:217
/home/dan/Desktop/08/apache-htmx/src/Shared/Infrastructure/PathManager.php:149
/home/dan/Desktop/08/apache-htmx/src/Shared/Infrastructure/Path/FilePathCache.php:26
/home/dan/Desktop/08/apache-htmx/src/Shared/Infrastructure/PathManager.php:50
/home/dan/Desktop/08/apache-htmx/src/Shared/Infrastructure/PathManager.php:217
/home/dan/Desktop/08/apache-htmx/src/Shared/Infrastructure/PathManager.php:149
/home/dan/Desktop/08/apache-htmx/src/Shared/Infrastructure/Path/FilePathCache.php:26
/home/dan/Desktop/08/apache-htmx/src/Shared/Infrastructure/PathManager.php:50
/home/dan/Desktop/08/apache-htmx/src/Shared/Infrastructure/PathManager.php:217
/home/dan/Desktop/08/apache-htmx/src/Shared/Infrastructure/PathManager.php:149
/home/dan/Desktop/08/apache-htmx/src/Shared/Infrastructure/Path/FilePathCache.php:26
/home/dan/Desktop/08/apache-htmx/src/Shared/Infrastructure/PathManager.php:50
/home/dan/Desktop/08/apache-htmx/src/Shared/Infrastructure/PathManager.php:217
/home/dan/Desktop/08/apache-htmx/src/Shared/Infrastructure/PathManager.php:149
/home/dan/Desktop/08/apache-htmx/src/Shared/Infrastructure/Path/FilePathCache.php:26
/home/dan/Desktop/08/apache-htmx/src/Shared/Infrastructure/PathManager.php:50
/home/dan/Desktop/08/apache-htmx/src/Shared/Infrastructure/PathManager.php:217
/home/dan/Desktop/08/apache-htmx/src/Shared/Infrastructure/PathManager.php:149
/home/dan/Desktop/08/apache-htmx/src/Shared/Infrastructure/Path/FilePathCache.php:26
/home/dan/Desktop/08/apache-htmx/src/Shared/Infrastructure/PathManager.php:50
/home/dan/Desktop/08/apache-htmx/src/Shared/Infrastructure/PathManager.php:217
/home/dan/Desktop/08/apache-htmx/src/Shared/Infrastructure/PathManager.php:149
/home/dan/Desktop/08/apache-htmx/src/Shared/Infrastructure/Path/FilePathCache.php:26
/home/dan/Desktop/08/apache-htmx/src/Shared/Infrastructure/PathManager.php:50
/home/dan/Desktop/08/apache-htmx/src/Shared/Infrastructure/PathManager.php:217
/home/dan/Desktop/08/apache-htmx/src/Shared/Infrastructure/PathManager.php:149
/home/dan/Desktop/08/apache-htmx/src/Shared/Infrastructure/Path/FilePathCache.php:26
/home/dan/Desktop/08/apache-htmx/src/Shared/Infrastructure/PathManager.php:50
/home/dan/Desktop/08/apache-htmx/src/Shared/Infrastructure/PathManager.php:217
/home/dan/Desktop/08/apache-htmx/src/Shared/Infrastructure/PathManager.php:149
/home/dan/Desktop/08/apache-htmx/src/Shared/Infrastructure/Path/FilePathCache.php:26
/home/dan/Desktop/08/apache-htmx/src/Shared/Infrastructure/PathManager.php:50
/home/dan/Desktop/08/apache-htmx/src/Shared/Infrastructure/PathManager.php:217
/home/dan/Desktop/08/apache-htmx/src/Shared/Infrastructure/PathManager.php:149
/home/dan/Desktop/08/apache-htmx/src/Shared/Infrastructure/Path/FilePathCache.php:26
/home/dan/Desktop/08/apache-htmx/src/Shared/Infrastructure/PathManager.php:50
/home/dan/Desktop/08/apache-htmx/src/Shared/Infrastructure/PathManager.php:217
/home/dan/Desktop/08/apache-htmx/src/Shared/Infrastructure/PathManager.php:149
/home/dan/Desktop/08/apache-htmx/src/Shared/Infrastructure/Path/FilePathCache.php:26
/home/dan/Desktop/08/apache-htmx/src/Shared/Infrastructure/PathManager.php:50
/home/dan/Desktop/08/apache-htmx/src/Shared/Infrastructure/PathManager.php:412
/home/dan/Desktop/08/apache-htmx/tests/Unit/Shared/Infrastructure/PathManagerTest.php:18</error>
        </testcase>
        <testcase name="testValidatePath" file="/home/dan/Desktop/08/apache-htmx/tests/Unit/Shared/Infrastructure/PathManagerTest.php" line="200" class="Tests\Unit\Shared\Infrastructure\PathManagerTest" classname="Tests.Unit.Shared.Infrastructure.PathManagerTest" assertions="0" time="0.000000">
          <error type="Error">Tests\Unit\Shared\Infrastructure\PathManagerTest::testValidatePath
Error: Xdebug has detected a possible infinite loop, and aborted your script with a stack depth of '512' frames

/home/dan/Desktop/08/apache-htmx/src/Shared/Infrastructure/PathManager.php:147
/home/dan/Desktop/08/apache-htmx/src/Shared/Infrastructure/Path/FilePathCache.php:26
/home/dan/Desktop/08/apache-htmx/src/Shared/Infrastructure/PathManager.php:50
/home/dan/Desktop/08/apache-htmx/src/Shared/Infrastructure/PathManager.php:217
/home/dan/Desktop/08/apache-htmx/src/Shared/Infrastructure/PathManager.php:149
/home/dan/Desktop/08/apache-htmx/src/Shared/Infrastructure/Path/FilePathCache.php:26
/home/dan/Desktop/08/apache-htmx/src/Shared/Infrastructure/PathManager.php:50
/home/dan/Desktop/08/apache-htmx/src/Shared/Infrastructure/PathManager.php:217
/home/dan/Desktop/08/apache-htmx/src/Shared/Infrastructure/PathManager.php:149
/home/dan/Desktop/08/apache-htmx/src/Shared/Infrastructure/Path/FilePathCache.php:26
/home/dan/Desktop/08/apache-htmx/src/Shared/Infrastructure/PathManager.php:50
/home/dan/Desktop/08/apache-htmx/src/Shared/Infrastructure/PathManager.php:217
/home/dan/Desktop/08/apache-htmx/src/Shared/Infrastructure/PathManager.php:149
/home/dan/Desktop/08/apache-htmx/src/Shared/Infrastructure/Path/FilePathCache.php:26
/home/dan/Desktop/08/apache-htmx/src/Shared/Infrastructure/PathManager.php:50
/home/dan/Desktop/08/apache-htmx/src/Shared/Infrastructure/PathManager.php:217
/home/dan/Desktop/08/apache-htmx/src/Shared/Infrastructure/PathManager.php:149
/home/dan/Desktop/08/apache-htmx/src/Shared/Infrastructure/Path/FilePathCache.php:26
/home/dan/Desktop/08/apache-htmx/src/Shared/Infrastructure/PathManager.php:50
/home/dan/Desktop/08/apache-htmx/src/Shared/Infrastructure/PathManager.php:217
/home/dan/Desktop/08/apache-htmx/src/Shared/Infrastructure/PathManager.php:149
/home/dan/Desktop/08/apache-htmx/src/Shared/Infrastructure/Path/FilePathCache.php:26
/home/dan/Desktop/08/apache-htmx/src/Shared/Infrastructure/PathManager.php:50
/home/dan/Desktop/08/apache-htmx/src/Shared/Infrastructure/PathManager.php:217
/home/dan/Desktop/08/apache-htmx/src/Shared/Infrastructure/PathManager.php:149
/home/dan/Desktop/08/apache-htmx/src/Shared/Infrastructure/Path/FilePathCache.php:26
/home/dan/Desktop/08/apache-htmx/src/Shared/Infrastructure/PathManager.php:50
/home/dan/Desktop/08/apache-htmx/src/Shared/Infrastructure/PathManager.php:217
/home/dan/Desktop/08/apache-htmx/src/Shared/Infrastructure/PathManager.php:149
/home/dan/Desktop/08/apache-htmx/src/Shared/Infrastructure/Path/FilePathCache.php:26
/home/dan/Desktop/08/apache-htmx/src/Shared/Infrastructure/PathManager.php:50
/home/dan/Desktop/08/apache-htmx/src/Shared/Infrastructure/PathManager.php:217
/home/dan/Desktop/08/apache-htmx/src/Shared/Infrastructure/PathManager.php:149
/home/dan/Desktop/08/apache-htmx/src/Shared/Infrastructure/Path/FilePathCache.php:26
/home/dan/Desktop/08/apache-htmx/src/Shared/Infrastructure/PathManager.php:50
/home/dan/Desktop/08/apache-htmx/src/Shared/Infrastructure/PathManager.php:217
/home/dan/Desktop/08/apache-htmx/src/Shared/Infrastructure/PathManager.php:149
/home/dan/Desktop/08/apache-htmx/src/Shared/Infrastructure/Path/FilePathCache.php:26
/home/dan/Desktop/08/apache-htmx/src/Shared/Infrastructure/PathManager.php:50
/home/dan/Desktop/08/apache-htmx/src/Shared/Infrastructure/PathManager.php:217
/home/dan/Desktop/08/apache-htmx/src/Shared/Infrastructure/PathManager.php:149
/home/dan/Desktop/08/apache-htmx/src/Shared/Infrastructure/Path/FilePathCache.php:26
/home/dan/Desktop/08/apache-htmx/src/Shared/Infrastructure/PathManager.php:50
/home/dan/Desktop/08/apache-htmx/src/Shared/Infrastructure/PathManager.php:217
/home/dan/Desktop/08/apache-htmx/src/Shared/Infrastructure/PathManager.php:149
/home/dan/Desktop/08/apache-htmx/src/Shared/Infrastructure/Path/FilePathCache.php:26
/home/dan/Desktop/08/apache-htmx/src/Shared/Infrastructure/PathManager.php:50
/home/dan/Desktop/08/apache-htmx/src/Shared/Infrastructure/PathManager.php:217
/home/dan/Desktop/08/apache-htmx/src/Shared/Infrastructure/PathManager.php:149
/home/dan/Desktop/08/apache-htmx/src/Shared/Infrastructure/Path/FilePathCache.php:26
/home/dan/Desktop/08/apache-htmx/src/Shared/Infrastructure/PathManager.php:50
/home/dan/Desktop/08/apache-htmx/src/Shared/Infrastructure/PathManager.php:217
/home/dan/Desktop/08/apache-htmx/src/Shared/Infrastructure/PathManager.php:149
/home/dan/Desktop/08/apache-htmx/src/Shared/Infrastructure/Path/FilePathCache.php:26
/home/dan/Desktop/08/apache-htmx/src/Shared/Infrastructure/PathManager.php:50
/home/dan/Desktop/08/apache-htmx/src/Shared/Infrastructure/PathManager.php:217
/home/dan/Desktop/08/apache-htmx/src/Shared/Infrastructure/PathManager.php:149
/home/dan/Desktop/08/apache-htmx/src/Shared/Infrastructure/Path/FilePathCache.php:26
/home/dan/Desktop/08/apache-htmx/src/Shared/Infrastructure/PathManager.php:50
/home/dan/Desktop/08/apache-htmx/src/Shared/Infrastructure/PathManager.php:217
/home/dan/Desktop/08/apache-htmx/src/Shared/Infrastructure/PathManager.php:149
/home/dan/Desktop/08/apache-htmx/src/Shared/Infrastructure/Path/FilePathCache.php:26
/home/dan/Desktop/08/apache-htmx/src/Shared/Infrastructure/PathManager.php:50
/home/dan/Desktop/08/apache-htmx/src/Shared/Infrastructure/PathManager.php:217
/home/dan/Desktop/08/apache-htmx/src/Shared/Infrastructure/PathManager.php:149
/home/dan/Desktop/08/apache-htmx/src/Shared/Infrastructure/Path/FilePathCache.php:26
/home/dan/Desktop/08/apache-htmx/src/Shared/Infrastructure/PathManager.php:50
/home/dan/Desktop/08/apache-htmx/src/Shared/Infrastructure/PathManager.php:217
/home/dan/Desktop/08/apache-htmx/src/Shared/Infrastructure/PathManager.php:149
/home/dan/Desktop/08/apache-htmx/src/Shared/Infrastructure/Path/FilePathCache.php:26
/home/dan/Desktop/08/apache-htmx/src/Shared/Infrastructure/PathManager.php:50
/home/dan/Desktop/08/apache-htmx/src/Shared/Infrastructure/PathManager.php:217
/home/dan/Desktop/08/apache-htmx/src/Shared/Infrastructure/PathManager.php:149
/home/dan/Desktop/08/apache-htmx/src/Shared/Infrastructure/Path/FilePathCache.php:26
/home/dan/Desktop/08/apache-htmx/src/Shared/Infrastructure/PathManager.php:50
/home/dan/Desktop/08/apache-htmx/src/Shared/Infrastructure/PathManager.php:217
/home/dan/Desktop/08/apache-htmx/src/Shared/Infrastructure/PathManager.php:149
/home/dan/Desktop/08/apache-htmx/src/Shared/Infrastructure/Path/FilePathCache.php:26
/home/dan/Desktop/08/apache-htmx/src/Shared/Infrastructure/PathManager.php:50
/home/dan/Desktop/08/apache-htmx/src/Shared/Infrastructure/PathManager.php:217
/home/dan/Desktop/08/apache-htmx/src/Shared/Infrastructure/PathManager.php:149
/home/dan/Desktop/08/apache-htmx/src/Shared/Infrastructure/Path/FilePathCache.php:26
/home/dan/Desktop/08/apache-htmx/src/Shared/Infrastructure/PathManager.php:50
/home/dan/Desktop/08/apache-htmx/src/Shared/Infrastructure/PathManager.php:217
/home/dan/Desktop/08/apache-htmx/src/Shared/Infrastructure/PathManager.php:149
/home/dan/Desktop/08/apache-htmx/src/Shared/Infrastructure/Path/FilePathCache.php:26
/home/dan/Desktop/08/apache-htmx/src/Shared/Infrastructure/PathManager.php:50
/home/dan/Desktop/08/apache-htmx/src/Shared/Infrastructure/PathManager.php:217
/home/dan/Desktop/08/apache-htmx/src/Shared/Infrastructure/PathManager.php:149
/home/dan/Desktop/08/apache-htmx/src/Shared/Infrastructure/Path/FilePathCache.php:26
/home/dan/Desktop/08/apache-htmx/src/Shared/Infrastructure/PathManager.php:50
/home/dan/Desktop/08/apache-htmx/src/Shared/Infrastructure/PathManager.php:217
/home/dan/Desktop/08/apache-htmx/src/Shared/Infrastructure/PathManager.php:149
/home/dan/Desktop/08/apache-htmx/src/Shared/Infrastructure/Path/FilePathCache.php:26
/home/dan/Desktop/08/apache-htmx/src/Shared/Infrastructure/PathManager.php:50
/home/dan/Desktop/08/apache-htmx/src/Shared/Infrastructure/PathManager.php:217
/home/dan/Desktop/08/apache-htmx/src/Shared/Infrastructure/PathManager.php:149
/home/dan/Desktop/08/apache-htmx/src/Shared/Infrastructure/Path/FilePathCache.php:26
/home/dan/Desktop/08/apache-htmx/src/Shared/Infrastructure/PathManager.php:50
/home/dan/Desktop/08/apache-htmx/src/Shared/Infrastructure/PathManager.php:217
/home/dan/Desktop/08/apache-htmx/src/Shared/Infrastructure/PathManager.php:149
/home/dan/Desktop/08/apache-htmx/src/Shared/Infrastructure/Path/FilePathCache.php:26
/home/dan/Desktop/08/apache-htmx/src/Shared/Infrastructure/PathManager.php:50
/home/dan/Desktop/08/apache-htmx/src/Shared/Infrastructure/PathManager.php:217
/home/dan/Desktop/08/apache-htmx/src/Shared/Infrastructure/PathManager.php:149
/home/dan/Desktop/08/apache-htmx/src/Shared/Infrastructure/Path/FilePathCache.php:26
/home/dan/Desktop/08/apache-htmx/src/Shared/Infrastructure/PathManager.php:50
/home/dan/Desktop/08/apache-htmx/src/Shared/Infrastructure/PathManager.php:217
/home/dan/Desktop/08/apache-htmx/src/Shared/Infrastructure/PathManager.php:149
/home/dan/Desktop/08/apache-htmx/src/Shared/Infrastructure/Path/FilePathCache.php:26
/home/dan/Desktop/08/apache-htmx/src/Shared/Infrastructure/PathManager.php:50
/home/dan/Desktop/08/apache-htmx/src/Shared/Infrastructure/PathManager.php:217
/home/dan/Desktop/08/apache-htmx/src/Shared/Infrastructure/PathManager.php:149
/home/dan/Desktop/08/apache-htmx/src/Shared/Infrastructure/Path/FilePathCache.php:26
/home/dan/Desktop/08/apache-htmx/src/Shared/Infrastructure/PathManager.php:50
/home/dan/Desktop/08/apache-htmx/src/Shared/Infrastructure/PathManager.php:217
/home/dan/Desktop/08/apache-htmx/src/Shared/Infrastructure/PathManager.php:149
/home/dan/Desktop/08/apache-htmx/src/Shared/Infrastructure/Path/FilePathCache.php:26
/home/dan/Desktop/08/apache-htmx/src/Shared/Infrastructure/PathManager.php:50
/home/dan/Desktop/08/apache-htmx/src/Shared/Infrastructure/PathManager.php:217
/home/dan/Desktop/08/apache-htmx/src/Shared/Infrastructure/PathManager.php:149
/home/dan/Desktop/08/apache-htmx/src/Shared/Infrastructure/Path/FilePathCache.php:26
/home/dan/Desktop/08/apache-htmx/src/Shared/Infrastructure/PathManager.php:50
/home/dan/Desktop/08/apache-htmx/src/Shared/Infrastructure/PathManager.php:217
/home/dan/Desktop/08/apache-htmx/src/Shared/Infrastructure/PathManager.php:149
/home/dan/Desktop/08/apache-htmx/src/Shared/Infrastructure/Path/FilePathCache.php:26
/home/dan/Desktop/08/apache-htmx/src/Shared/Infrastructure/PathManager.php:50
/home/dan/Desktop/08/apache-htmx/src/Shared/Infrastructure/PathManager.php:217
/home/dan/Desktop/08/apache-htmx/src/Shared/Infrastructure/PathManager.php:149
/home/dan/Desktop/08/apache-htmx/src/Shared/Infrastructure/Path/FilePathCache.php:26
/home/dan/Desktop/08/apache-htmx/src/Shared/Infrastructure/PathManager.php:50
/home/dan/Desktop/08/apache-htmx/src/Shared/Infrastructure/PathManager.php:217
/home/dan/Desktop/08/apache-htmx/src/Shared/Infrastructure/PathManager.php:149
/home/dan/Desktop/08/apache-htmx/src/Shared/Infrastructure/Path/FilePathCache.php:26
/home/dan/Desktop/08/apache-htmx/src/Shared/Infrastructure/PathManager.php:50
/home/dan/Desktop/08/apache-htmx/src/Shared/Infrastructure/PathManager.php:217
/home/dan/Desktop/08/apache-htmx/src/Shared/Infrastructure/PathManager.php:149
/home/dan/Desktop/08/apache-htmx/src/Shared/Infrastructure/Path/FilePathCache.php:26
/home/dan/Desktop/08/apache-htmx/src/Shared/Infrastructure/PathManager.php:50
/home/dan/Desktop/08/apache-htmx/src/Shared/Infrastructure/PathManager.php:217
/home/dan/Desktop/08/apache-htmx/src/Shared/Infrastructure/PathManager.php:149
/home/dan/Desktop/08/apache-htmx/src/Shared/Infrastructure/Path/FilePathCache.php:26
/home/dan/Desktop/08/apache-htmx/src/Shared/Infrastructure/PathManager.php:50
/home/dan/Desktop/08/apache-htmx/src/Shared/Infrastructure/PathManager.php:217
/home/dan/Desktop/08/apache-htmx/src/Shared/Infrastructure/PathManager.php:149
/home/dan/Desktop/08/apache-htmx/src/Shared/Infrastructure/Path/FilePathCache.php:26
/home/dan/Desktop/08/apache-htmx/src/Shared/Infrastructure/PathManager.php:50
/home/dan/Desktop/08/apache-htmx/src/Shared/Infrastructure/PathManager.php:217
/home/dan/Desktop/08/apache-htmx/src/Shared/Infrastructure/PathManager.php:149
/home/dan/Desktop/08/apache-htmx/src/Shared/Infrastructure/Path/FilePathCache.php:26
/home/dan/Desktop/08/apache-htmx/src/Shared/Infrastructure/PathManager.php:50
/home/dan/Desktop/08/apache-htmx/src/Shared/Infrastructure/PathManager.php:217
/home/dan/Desktop/08/apache-htmx/src/Shared/Infrastructure/PathManager.php:149
/home/dan/Desktop/08/apache-htmx/src/Shared/Infrastructure/Path/FilePathCache.php:26
/home/dan/Desktop/08/apache-htmx/src/Shared/Infrastructure/PathManager.php:50
/home/dan/Desktop/08/apache-htmx/src/Shared/Infrastructure/PathManager.php:217
/home/dan/Desktop/08/apache-htmx/src/Shared/Infrastructure/PathManager.php:149
/home/dan/Desktop/08/apache-htmx/src/Shared/Infrastructure/Path/FilePathCache.php:26
/home/dan/Desktop/08/apache-htmx/src/Shared/Infrastructure/PathManager.php:50
/home/dan/Desktop/08/apache-htmx/src/Shared/Infrastructure/PathManager.php:217
/home/dan/Desktop/08/apache-htmx/src/Shared/Infrastructure/PathManager.php:149
/home/dan/Desktop/08/apache-htmx/src/Shared/Infrastructure/Path/FilePathCache.php:26
/home/dan/Desktop/08/apache-htmx/src/Shared/Infrastructure/PathManager.php:50
/home/dan/Desktop/08/apache-htmx/src/Shared/Infrastructure/PathManager.php:217
/home/dan/Desktop/08/apache-htmx/src/Shared/Infrastructure/PathManager.php:149
/home/dan/Desktop/08/apache-htmx/src/Shared/Infrastructure/Path/FilePathCache.php:26
/home/dan/Desktop/08/apache-htmx/src/Shared/Infrastructure/PathManager.php:50
/home/dan/Desktop/08/apache-htmx/src/Shared/Infrastructure/PathManager.php:217
/home/dan/Desktop/08/apache-htmx/src/Shared/Infrastructure/PathManager.php:149
/home/dan/Desktop/08/apache-htmx/src/Shared/Infrastructure/Path/FilePathCache.php:26
/home/dan/Desktop/08/apache-htmx/src/Shared/Infrastructure/PathManager.php:50
/home/dan/Desktop/08/apache-htmx/src/Shared/Infrastructure/PathManager.php:217
/home/dan/Desktop/08/apache-htmx/src/Shared/Infrastructure/PathManager.php:149
/home/dan/Desktop/08/apache-htmx/src/Shared/Infrastructure/Path/FilePathCache.php:26
/home/dan/Desktop/08/apache-htmx/src/Shared/Infrastructure/PathManager.php:50
/home/dan/Desktop/08/apache-htmx/src/Shared/Infrastructure/PathManager.php:217
/home/dan/Desktop/08/apache-htmx/src/Shared/Infrastructure/PathManager.php:149
/home/dan/Desktop/08/apache-htmx/src/Shared/Infrastructure/Path/FilePathCache.php:26
/home/dan/Desktop/08/apache-htmx/src/Shared/Infrastructure/PathManager.php:50
/home/dan/Desktop/08/apache-htmx/src/Shared/Infrastructure/PathManager.php:217
/home/dan/Desktop/08/apache-htmx/src/Shared/Infrastructure/PathManager.php:149
/home/dan/Desktop/08/apache-htmx/src/Shared/Infrastructure/Path/FilePathCache.php:26
/home/dan/Desktop/08/apache-htmx/src/Shared/Infrastructure/PathManager.php:50
/home/dan/Desktop/08/apache-htmx/src/Shared/Infrastructure/PathManager.php:217
/home/dan/Desktop/08/apache-htmx/src/Shared/Infrastructure/PathManager.php:149
/home/dan/Desktop/08/apache-htmx/src/Shared/Infrastructure/Path/FilePathCache.php:26
/home/dan/Desktop/08/apache-htmx/src/Shared/Infrastructure/PathManager.php:50
/home/dan/Desktop/08/apache-htmx/src/Shared/Infrastructure/PathManager.php:217
/home/dan/Desktop/08/apache-htmx/src/Shared/Infrastructure/PathManager.php:149
/home/dan/Desktop/08/apache-htmx/src/Shared/Infrastructure/Path/FilePathCache.php:26
/home/dan/Desktop/08/apache-htmx/src/Shared/Infrastructure/PathManager.php:50
/home/dan/Desktop/08/apache-htmx/src/Shared/Infrastructure/PathManager.php:217
/home/dan/Desktop/08/apache-htmx/src/Shared/Infrastructure/PathManager.php:149
/home/dan/Desktop/08/apache-htmx/src/Shared/Infrastructure/Path/FilePathCache.php:26
/home/dan/Desktop/08/apache-htmx/src/Shared/Infrastructure/PathManager.php:50
/home/dan/Desktop/08/apache-htmx/src/Shared/Infrastructure/PathManager.php:217
/home/dan/Desktop/08/apache-htmx/src/Shared/Infrastructure/PathManager.php:149
/home/dan/Desktop/08/apache-htmx/src/Shared/Infrastructure/Path/FilePathCache.php:26
/home/dan/Desktop/08/apache-htmx/src/Shared/Infrastructure/PathManager.php:50
/home/dan/Desktop/08/apache-htmx/src/Shared/Infrastructure/PathManager.php:217
/home/dan/Desktop/08/apache-htmx/src/Shared/Infrastructure/PathManager.php:149
/home/dan/Desktop/08/apache-htmx/src/Shared/Infrastructure/Path/FilePathCache.php:26
/home/dan/Desktop/08/apache-htmx/src/Shared/Infrastructure/PathManager.php:50
/home/dan/Desktop/08/apache-htmx/src/Shared/Infrastructure/PathManager.php:217
/home/dan/Desktop/08/apache-htmx/src/Shared/Infrastructure/PathManager.php:149
/home/dan/Desktop/08/apache-htmx/src/Shared/Infrastructure/Path/FilePathCache.php:26
/home/dan/Desktop/08/apache-htmx/src/Shared/Infrastructure/PathManager.php:50
/home/dan/Desktop/08/apache-htmx/src/Shared/Infrastructure/PathManager.php:217
/home/dan/Desktop/08/apache-htmx/src/Shared/Infrastructure/PathManager.php:149
/home/dan/Desktop/08/apache-htmx/src/Shared/Infrastructure/Path/FilePathCache.php:26
/home/dan/Desktop/08/apache-htmx/src/Shared/Infrastructure/PathManager.php:50
/home/dan/Desktop/08/apache-htmx/src/Shared/Infrastructure/PathManager.php:217
/home/dan/Desktop/08/apache-htmx/src/Shared/Infrastructure/PathManager.php:149
/home/dan/Desktop/08/apache-htmx/src/Shared/Infrastructure/Path/FilePathCache.php:26
/home/dan/Desktop/08/apache-htmx/src/Shared/Infrastructure/PathManager.php:50
/home/dan/Desktop/08/apache-htmx/src/Shared/Infrastructure/PathManager.php:217
/home/dan/Desktop/08/apache-htmx/src/Shared/Infrastructure/PathManager.php:149
/home/dan/Desktop/08/apache-htmx/src/Shared/Infrastructure/Path/FilePathCache.php:26
/home/dan/Desktop/08/apache-htmx/src/Shared/Infrastructure/PathManager.php:50
/home/dan/Desktop/08/apache-htmx/src/Shared/Infrastructure/PathManager.php:217
/home/dan/Desktop/08/apache-htmx/src/Shared/Infrastructure/PathManager.php:149
/home/dan/Desktop/08/apache-htmx/src/Shared/Infrastructure/Path/FilePathCache.php:26
/home/dan/Desktop/08/apache-htmx/src/Shared/Infrastructure/PathManager.php:50
/home/dan/Desktop/08/apache-htmx/src/Shared/Infrastructure/PathManager.php:217
/home/dan/Desktop/08/apache-htmx/src/Shared/Infrastructure/PathManager.php:149
/home/dan/Desktop/08/apache-htmx/src/Shared/Infrastructure/Path/FilePathCache.php:26
/home/dan/Desktop/08/apache-htmx/src/Shared/Infrastructure/PathManager.php:50
/home/dan/Desktop/08/apache-htmx/src/Shared/Infrastructure/PathManager.php:217
/home/dan/Desktop/08/apache-htmx/src/Shared/Infrastructure/PathManager.php:149
/home/dan/Desktop/08/apache-htmx/src/Shared/Infrastructure/Path/FilePathCache.php:26
/home/dan/Desktop/08/apache-htmx/src/Shared/Infrastructure/PathManager.php:50
/home/dan/Desktop/08/apache-htmx/src/Shared/Infrastructure/PathManager.php:217
/home/dan/Desktop/08/apache-htmx/src/Shared/Infrastructure/PathManager.php:149
/home/dan/Desktop/08/apache-htmx/src/Shared/Infrastructure/Path/FilePathCache.php:26
/home/dan/Desktop/08/apache-htmx/src/Shared/Infrastructure/PathManager.php:50
/home/dan/Desktop/08/apache-htmx/src/Shared/Infrastructure/PathManager.php:217
/home/dan/Desktop/08/apache-htmx/src/Shared/Infrastructure/PathManager.php:149
/home/dan/Desktop/08/apache-htmx/src/Shared/Infrastructure/Path/FilePathCache.php:26
/home/dan/Desktop/08/apache-htmx/src/Shared/Infrastructure/PathManager.php:50
/home/dan/Desktop/08/apache-htmx/src/Shared/Infrastructure/PathManager.php:217
/home/dan/Desktop/08/apache-htmx/src/Shared/Infrastructure/PathManager.php:149
/home/dan/Desktop/08/apache-htmx/src/Shared/Infrastructure/Path/FilePathCache.php:26
/home/dan/Desktop/08/apache-htmx/src/Shared/Infrastructure/PathManager.php:50
/home/dan/Desktop/08/apache-htmx/src/Shared/Infrastructure/PathManager.php:217
/home/dan/Desktop/08/apache-htmx/src/Shared/Infrastructure/PathManager.php:149
/home/dan/Desktop/08/apache-htmx/src/Shared/Infrastructure/Path/FilePathCache.php:26
/home/dan/Desktop/08/apache-htmx/src/Shared/Infrastructure/PathManager.php:50
/home/dan/Desktop/08/apache-htmx/src/Shared/Infrastructure/PathManager.php:217
/home/dan/Desktop/08/apache-htmx/src/Shared/Infrastructure/PathManager.php:149
/home/dan/Desktop/08/apache-htmx/src/Shared/Infrastructure/Path/FilePathCache.php:26
/home/dan/Desktop/08/apache-htmx/src/Shared/Infrastructure/PathManager.php:50
/home/dan/Desktop/08/apache-htmx/src/Shared/Infrastructure/PathManager.php:217
/home/dan/Desktop/08/apache-htmx/src/Shared/Infrastructure/PathManager.php:149
/home/dan/Desktop/08/apache-htmx/src/Shared/Infrastructure/Path/FilePathCache.php:26
/home/dan/Desktop/08/apache-htmx/src/Shared/Infrastructure/PathManager.php:50
/home/dan/Desktop/08/apache-htmx/src/Shared/Infrastructure/PathManager.php:217
/home/dan/Desktop/08/apache-htmx/src/Shared/Infrastructure/PathManager.php:149
/home/dan/Desktop/08/apache-htmx/src/Shared/Infrastructure/Path/FilePathCache.php:26
/home/dan/Desktop/08/apache-htmx/src/Shared/Infrastructure/PathManager.php:50
/home/dan/Desktop/08/apache-htmx/src/Shared/Infrastructure/PathManager.php:217
/home/dan/Desktop/08/apache-htmx/src/Shared/Infrastructure/PathManager.php:149
/home/dan/Desktop/08/apache-htmx/src/Shared/Infrastructure/Path/FilePathCache.php:26
/home/dan/Desktop/08/apache-htmx/src/Shared/Infrastructure/PathManager.php:50
/home/dan/Desktop/08/apache-htmx/src/Shared/Infrastructure/PathManager.php:217
/home/dan/Desktop/08/apache-htmx/src/Shared/Infrastructure/PathManager.php:149
/home/dan/Desktop/08/apache-htmx/src/Shared/Infrastructure/Path/FilePathCache.php:26
/home/dan/Desktop/08/apache-htmx/src/Shared/Infrastructure/PathManager.php:50
/home/dan/Desktop/08/apache-htmx/src/Shared/Infrastructure/PathManager.php:217
/home/dan/Desktop/08/apache-htmx/src/Shared/Infrastructure/PathManager.php:149
/home/dan/Desktop/08/apache-htmx/src/Shared/Infrastructure/Path/FilePathCache.php:26
/home/dan/Desktop/08/apache-htmx/src/Shared/Infrastructure/PathManager.php:50
/home/dan/Desktop/08/apache-htmx/src/Shared/Infrastructure/PathManager.php:217
/home/dan/Desktop/08/apache-htmx/src/Shared/Infrastructure/PathManager.php:149
/home/dan/Desktop/08/apache-htmx/src/Shared/Infrastructure/Path/FilePathCache.php:26
/home/dan/Desktop/08/apache-htmx/src/Shared/Infrastructure/PathManager.php:50
/home/dan/Desktop/08/apache-htmx/src/Shared/Infrastructure/PathManager.php:217
/home/dan/Desktop/08/apache-htmx/src/Shared/Infrastructure/PathManager.php:149
/home/dan/Desktop/08/apache-htmx/src/Shared/Infrastructure/Path/FilePathCache.php:26
/home/dan/Desktop/08/apache-htmx/src/Shared/Infrastructure/PathManager.php:50
/home/dan/Desktop/08/apache-htmx/src/Shared/Infrastructure/PathManager.php:217
/home/dan/Desktop/08/apache-htmx/src/Shared/Infrastructure/PathManager.php:149
/home/dan/Desktop/08/apache-htmx/src/Shared/Infrastructure/Path/FilePathCache.php:26
/home/dan/Desktop/08/apache-htmx/src/Shared/Infrastructure/PathManager.php:50
/home/dan/Desktop/08/apache-htmx/src/Shared/Infrastructure/PathManager.php:217
/home/dan/Desktop/08/apache-htmx/src/Shared/Infrastructure/PathManager.php:149
/home/dan/Desktop/08/apache-htmx/src/Shared/Infrastructure/Path/FilePathCache.php:26
/home/dan/Desktop/08/apache-htmx/src/Shared/Infrastructure/PathManager.php:50
/home/dan/Desktop/08/apache-htmx/src/Shared/Infrastructure/PathManager.php:217
/home/dan/Desktop/08/apache-htmx/src/Shared/Infrastructure/PathManager.php:149
/home/dan/Desktop/08/apache-htmx/src/Shared/Infrastructure/Path/FilePathCache.php:26
/home/dan/Desktop/08/apache-htmx/src/Shared/Infrastructure/PathManager.php:50
/home/dan/Desktop/08/apache-htmx/src/Shared/Infrastructure/PathManager.php:217
/home/dan/Desktop/08/apache-htmx/src/Shared/Infrastructure/PathManager.php:149
/home/dan/Desktop/08/apache-htmx/src/Shared/Infrastructure/Path/FilePathCache.php:26
/home/dan/Desktop/08/apache-htmx/src/Shared/Infrastructure/PathManager.php:50
/home/dan/Desktop/08/apache-htmx/src/Shared/Infrastructure/PathManager.php:217
/home/dan/Desktop/08/apache-htmx/src/Shared/Infrastructure/PathManager.php:149
/home/dan/Desktop/08/apache-htmx/src/Shared/Infrastructure/Path/FilePathCache.php:26
/home/dan/Desktop/08/apache-htmx/src/Shared/Infrastructure/PathManager.php:50
/home/dan/Desktop/08/apache-htmx/src/Shared/Infrastructure/PathManager.php:217
/home/dan/Desktop/08/apache-htmx/src/Shared/Infrastructure/PathManager.php:149
/home/dan/Desktop/08/apache-htmx/src/Shared/Infrastructure/Path/FilePathCache.php:26
/home/dan/Desktop/08/apache-htmx/src/Shared/Infrastructure/PathManager.php:50
/home/dan/Desktop/08/apache-htmx/src/Shared/Infrastructure/PathManager.php:217
/home/dan/Desktop/08/apache-htmx/src/Shared/Infrastructure/PathManager.php:149
/home/dan/Desktop/08/apache-htmx/src/Shared/Infrastructure/Path/FilePathCache.php:26
/home/dan/Desktop/08/apache-htmx/src/Shared/Infrastructure/PathManager.php:50
/home/dan/Desktop/08/apache-htmx/src/Shared/Infrastructure/PathManager.php:217
/home/dan/Desktop/08/apache-htmx/src/Shared/Infrastructure/PathManager.php:149
/home/dan/Desktop/08/apache-htmx/src/Shared/Infrastructure/Path/FilePathCache.php:26
/home/dan/Desktop/08/apache-htmx/src/Shared/Infrastructure/PathManager.php:50
/home/dan/Desktop/08/apache-htmx/src/Shared/Infrastructure/PathManager.php:217
/home/dan/Desktop/08/apache-htmx/src/Shared/Infrastructure/PathManager.php:149
/home/dan/Desktop/08/apache-htmx/src/Shared/Infrastructure/Path/FilePathCache.php:26
/home/dan/Desktop/08/apache-htmx/src/Shared/Infrastructure/PathManager.php:50
/home/dan/Desktop/08/apache-htmx/src/Shared/Infrastructure/PathManager.php:217
/home/dan/Desktop/08/apache-htmx/src/Shared/Infrastructure/PathManager.php:149
/home/dan/Desktop/08/apache-htmx/src/Shared/Infrastructure/Path/FilePathCache.php:26
/home/dan/Desktop/08/apache-htmx/src/Shared/Infrastructure/PathManager.php:50
/home/dan/Desktop/08/apache-htmx/src/Shared/Infrastructure/PathManager.php:217
/home/dan/Desktop/08/apache-htmx/src/Shared/Infrastructure/PathManager.php:149
/home/dan/Desktop/08/apache-htmx/src/Shared/Infrastructure/Path/FilePathCache.php:26
/home/dan/Desktop/08/apache-htmx/src/Shared/Infrastructure/PathManager.php:50
/home/dan/Desktop/08/apache-htmx/src/Shared/Infrastructure/PathManager.php:217
/home/dan/Desktop/08/apache-htmx/src/Shared/Infrastructure/PathManager.php:149
/home/dan/Desktop/08/apache-htmx/src/Shared/Infrastructure/Path/FilePathCache.php:26
/home/dan/Desktop/08/apache-htmx/src/Shared/Infrastructure/PathManager.php:50
/home/dan/Desktop/08/apache-htmx/src/Shared/Infrastructure/PathManager.php:217
/home/dan/Desktop/08/apache-htmx/src/Shared/Infrastructure/PathManager.php:149
/home/dan/Desktop/08/apache-htmx/src/Shared/Infrastructure/Path/FilePathCache.php:26
/home/dan/Desktop/08/apache-htmx/src/Shared/Infrastructure/PathManager.php:50
/home/dan/Desktop/08/apache-htmx/src/Shared/Infrastructure/PathManager.php:217
/home/dan/Desktop/08/apache-htmx/src/Shared/Infrastructure/PathManager.php:149
/home/dan/Desktop/08/apache-htmx/src/Shared/Infrastructure/Path/FilePathCache.php:26
/home/dan/Desktop/08/apache-htmx/src/Shared/Infrastructure/PathManager.php:50
/home/dan/Desktop/08/apache-htmx/src/Shared/Infrastructure/PathManager.php:217
/home/dan/Desktop/08/apache-htmx/src/Shared/Infrastructure/PathManager.php:149
/home/dan/Desktop/08/apache-htmx/src/Shared/Infrastructure/Path/FilePathCache.php:26
/home/dan/Desktop/08/apache-htmx/src/Shared/Infrastructure/PathManager.php:50
/home/dan/Desktop/08/apache-htmx/src/Shared/Infrastructure/PathManager.php:217
/home/dan/Desktop/08/apache-htmx/src/Shared/Infrastructure/PathManager.php:149
/home/dan/Desktop/08/apache-htmx/src/Shared/Infrastructure/Path/FilePathCache.php:26
/home/dan/Desktop/08/apache-htmx/src/Shared/Infrastructure/PathManager.php:50
/home/dan/Desktop/08/apache-htmx/src/Shared/Infrastructure/PathManager.php:217
/home/dan/Desktop/08/apache-htmx/src/Shared/Infrastructure/PathManager.php:149
/home/dan/Desktop/08/apache-htmx/src/Shared/Infrastructure/Path/FilePathCache.php:26
/home/dan/Desktop/08/apache-htmx/src/Shared/Infrastructure/PathManager.php:50
/home/dan/Desktop/08/apache-htmx/src/Shared/Infrastructure/PathManager.php:217
/home/dan/Desktop/08/apache-htmx/src/Shared/Infrastructure/PathManager.php:149
/home/dan/Desktop/08/apache-htmx/src/Shared/Infrastructure/Path/FilePathCache.php:26
/home/dan/Desktop/08/apache-htmx/src/Shared/Infrastructure/PathManager.php:50
/home/dan/Desktop/08/apache-htmx/src/Shared/Infrastructure/PathManager.php:217
/home/dan/Desktop/08/apache-htmx/src/Shared/Infrastructure/PathManager.php:149
/home/dan/Desktop/08/apache-htmx/src/Shared/Infrastructure/Path/FilePathCache.php:26
/home/dan/Desktop/08/apache-htmx/src/Shared/Infrastructure/PathManager.php:50
/home/dan/Desktop/08/apache-htmx/src/Shared/Infrastructure/PathManager.php:217
/home/dan/Desktop/08/apache-htmx/src/Shared/Infrastructure/PathManager.php:149
/home/dan/Desktop/08/apache-htmx/src/Shared/Infrastructure/Path/FilePathCache.php:26
/home/dan/Desktop/08/apache-htmx/src/Shared/Infrastructure/PathManager.php:50
/home/dan/Desktop/08/apache-htmx/src/Shared/Infrastructure/PathManager.php:217
/home/dan/Desktop/08/apache-htmx/src/Shared/Infrastructure/PathManager.php:149
/home/dan/Desktop/08/apache-htmx/src/Shared/Infrastructure/Path/FilePathCache.php:26
/home/dan/Desktop/08/apache-htmx/src/Shared/Infrastructure/PathManager.php:50
/home/dan/Desktop/08/apache-htmx/src/Shared/Infrastructure/PathManager.php:217
/home/dan/Desktop/08/apache-htmx/src/Shared/Infrastructure/PathManager.php:149
/home/dan/Desktop/08/apache-htmx/src/Shared/Infrastructure/Path/FilePathCache.php:26
/home/dan/Desktop/08/apache-htmx/src/Shared/Infrastructure/PathManager.php:50
/home/dan/Desktop/08/apache-htmx/src/Shared/Infrastructure/PathManager.php:217
/home/dan/Desktop/08/apache-htmx/src/Shared/Infrastructure/PathManager.php:149
/home/dan/Desktop/08/apache-htmx/src/Shared/Infrastructure/Path/FilePathCache.php:26
/home/dan/Desktop/08/apache-htmx/src/Shared/Infrastructure/PathManager.php:50
/home/dan/Desktop/08/apache-htmx/src/Shared/Infrastructure/PathManager.php:217
/home/dan/Desktop/08/apache-htmx/src/Shared/Infrastructure/PathManager.php:149
/home/dan/Desktop/08/apache-htmx/src/Shared/Infrastructure/Path/FilePathCache.php:26
/home/dan/Desktop/08/apache-htmx/src/Shared/Infrastructure/PathManager.php:50
/home/dan/Desktop/08/apache-htmx/src/Shared/Infrastructure/PathManager.php:217
/home/dan/Desktop/08/apache-htmx/src/Shared/Infrastructure/PathManager.php:149
/home/dan/Desktop/08/apache-htmx/src/Shared/Infrastructure/Path/FilePathCache.php:26
/home/dan/Desktop/08/apache-htmx/src/Shared/Infrastructure/PathManager.php:50
/home/dan/Desktop/08/apache-htmx/src/Shared/Infrastructure/PathManager.php:217
/home/dan/Desktop/08/apache-htmx/src/Shared/Infrastructure/PathManager.php:149
/home/dan/Desktop/08/apache-htmx/src/Shared/Infrastructure/Path/FilePathCache.php:26
/home/dan/Desktop/08/apache-htmx/src/Shared/Infrastructure/PathManager.php:50
/home/dan/Desktop/08/apache-htmx/src/Shared/Infrastructure/PathManager.php:217
/home/dan/Desktop/08/apache-htmx/src/Shared/Infrastructure/PathManager.php:149
/home/dan/Desktop/08/apache-htmx/src/Shared/Infrastructure/Path/FilePathCache.php:26
/home/dan/Desktop/08/apache-htmx/src/Shared/Infrastructure/PathManager.php:50
/home/dan/Desktop/08/apache-htmx/src/Shared/Infrastructure/PathManager.php:217
/home/dan/Desktop/08/apache-htmx/src/Shared/Infrastructure/PathManager.php:149
/home/dan/Desktop/08/apache-htmx/src/Shared/Infrastructure/Path/FilePathCache.php:26
/home/dan/Desktop/08/apache-htmx/src/Shared/Infrastructure/PathManager.php:50
/home/dan/Desktop/08/apache-htmx/src/Shared/Infrastructure/PathManager.php:217
/home/dan/Desktop/08/apache-htmx/src/Shared/Infrastructure/PathManager.php:149
/home/dan/Desktop/08/apache-htmx/src/Shared/Infrastructure/Path/FilePathCache.php:26
/home/dan/Desktop/08/apache-htmx/src/Shared/Infrastructure/PathManager.php:50
/home/dan/Desktop/08/apache-htmx/src/Shared/Infrastructure/PathManager.php:217
/home/dan/Desktop/08/apache-htmx/src/Shared/Infrastructure/PathManager.php:149
/home/dan/Desktop/08/apache-htmx/src/Shared/Infrastructure/Path/FilePathCache.php:26
/home/dan/Desktop/08/apache-htmx/src/Shared/Infrastructure/PathManager.php:50
/home/dan/Desktop/08/apache-htmx/src/Shared/Infrastructure/PathManager.php:217
/home/dan/Desktop/08/apache-htmx/src/Shared/Infrastructure/PathManager.php:149
/home/dan/Desktop/08/apache-htmx/src/Shared/Infrastructure/Path/FilePathCache.php:26
/home/dan/Desktop/08/apache-htmx/src/Shared/Infrastructure/PathManager.php:50
/home/dan/Desktop/08/apache-htmx/src/Shared/Infrastructure/PathManager.php:217
/home/dan/Desktop/08/apache-htmx/src/Shared/Infrastructure/PathManager.php:149
/home/dan/Desktop/08/apache-htmx/src/Shared/Infrastructure/Path/FilePathCache.php:26
/home/dan/Desktop/08/apache-htmx/src/Shared/Infrastructure/PathManager.php:50
/home/dan/Desktop/08/apache-htmx/src/Shared/Infrastructure/PathManager.php:217
/home/dan/Desktop/08/apache-htmx/src/Shared/Infrastructure/PathManager.php:149
/home/dan/Desktop/08/apache-htmx/src/Shared/Infrastructure/Path/FilePathCache.php:26
/home/dan/Desktop/08/apache-htmx/src/Shared/Infrastructure/PathManager.php:50
/home/dan/Desktop/08/apache-htmx/src/Shared/Infrastructure/PathManager.php:217
/home/dan/Desktop/08/apache-htmx/src/Shared/Infrastructure/PathManager.php:149
/home/dan/Desktop/08/apache-htmx/src/Shared/Infrastructure/Path/FilePathCache.php:26
/home/dan/Desktop/08/apache-htmx/src/Shared/Infrastructure/PathManager.php:50
/home/dan/Desktop/08/apache-htmx/src/Shared/Infrastructure/PathManager.php:217
/home/dan/Desktop/08/apache-htmx/src/Shared/Infrastructure/PathManager.php:149
/home/dan/Desktop/08/apache-htmx/src/Shared/Infrastructure/Path/FilePathCache.php:26
/home/dan/Desktop/08/apache-htmx/src/Shared/Infrastructure/PathManager.php:50
/home/dan/Desktop/08/apache-htmx/src/Shared/Infrastructure/PathManager.php:217
/home/dan/Desktop/08/apache-htmx/src/Shared/Infrastructure/PathManager.php:149
/home/dan/Desktop/08/apache-htmx/src/Shared/Infrastructure/Path/FilePathCache.php:26
/home/dan/Desktop/08/apache-htmx/src/Shared/Infrastructure/PathManager.php:50
/home/dan/Desktop/08/apache-htmx/src/Shared/Infrastructure/PathManager.php:217
/home/dan/Desktop/08/apache-htmx/src/Shared/Infrastructure/PathManager.php:149
/home/dan/Desktop/08/apache-htmx/src/Shared/Infrastructure/Path/FilePathCache.php:26
/home/dan/Desktop/08/apache-htmx/src/Shared/Infrastructure/PathManager.php:50
/home/dan/Desktop/08/apache-htmx/src/Shared/Infrastructure/PathManager.php:217
/home/dan/Desktop/08/apache-htmx/src/Shared/Infrastructure/PathManager.php:149
/home/dan/Desktop/08/apache-htmx/src/Shared/Infrastructure/Path/FilePathCache.php:26
/home/dan/Desktop/08/apache-htmx/src/Shared/Infrastructure/PathManager.php:50
/home/dan/Desktop/08/apache-htmx/src/Shared/Infrastructure/PathManager.php:217
/home/dan/Desktop/08/apache-htmx/src/Shared/Infrastructure/PathManager.php:149
/home/dan/Desktop/08/apache-htmx/src/Shared/Infrastructure/Path/FilePathCache.php:26
/home/dan/Desktop/08/apache-htmx/src/Shared/Infrastructure/PathManager.php:50
/home/dan/Desktop/08/apache-htmx/src/Shared/Infrastructure/PathManager.php:217
/home/dan/Desktop/08/apache-htmx/src/Shared/Infrastructure/PathManager.php:149
/home/dan/Desktop/08/apache-htmx/src/Shared/Infrastructure/Path/FilePathCache.php:26
/home/dan/Desktop/08/apache-htmx/src/Shared/Infrastructure/PathManager.php:50
/home/dan/Desktop/08/apache-htmx/src/Shared/Infrastructure/PathManager.php:217
/home/dan/Desktop/08/apache-htmx/src/Shared/Infrastructure/PathManager.php:149
/home/dan/Desktop/08/apache-htmx/src/Shared/Infrastructure/Path/FilePathCache.php:26
/home/dan/Desktop/08/apache-htmx/src/Shared/Infrastructure/PathManager.php:50
/home/dan/Desktop/08/apache-htmx/src/Shared/Infrastructure/PathManager.php:217
/home/dan/Desktop/08/apache-htmx/src/Shared/Infrastructure/PathManager.php:149
/home/dan/Desktop/08/apache-htmx/src/Shared/Infrastructure/Path/FilePathCache.php:26
/home/dan/Desktop/08/apache-htmx/src/Shared/Infrastructure/PathManager.php:50
/home/dan/Desktop/08/apache-htmx/src/Shared/Infrastructure/PathManager.php:217
/home/dan/Desktop/08/apache-htmx/src/Shared/Infrastructure/PathManager.php:149
/home/dan/Desktop/08/apache-htmx/src/Shared/Infrastructure/Path/FilePathCache.php:26
/home/dan/Desktop/08/apache-htmx/src/Shared/Infrastructure/PathManager.php:50
/home/dan/Desktop/08/apache-htmx/src/Shared/Infrastructure/PathManager.php:217
/home/dan/Desktop/08/apache-htmx/src/Shared/Infrastructure/PathManager.php:149
/home/dan/Desktop/08/apache-htmx/src/Shared/Infrastructure/Path/FilePathCache.php:26
/home/dan/Desktop/08/apache-htmx/src/Shared/Infrastructure/PathManager.php:50
/home/dan/Desktop/08/apache-htmx/src/Shared/Infrastructure/PathManager.php:217
/home/dan/Desktop/08/apache-htmx/src/Shared/Infrastructure/PathManager.php:149
/home/dan/Desktop/08/apache-htmx/src/Shared/Infrastructure/Path/FilePathCache.php:26
/home/dan/Desktop/08/apache-htmx/src/Shared/Infrastructure/PathManager.php:50
/home/dan/Desktop/08/apache-htmx/src/Shared/Infrastructure/PathManager.php:217
/home/dan/Desktop/08/apache-htmx/src/Shared/Infrastructure/PathManager.php:149
/home/dan/Desktop/08/apache-htmx/src/Shared/Infrastructure/Path/FilePathCache.php:26
/home/dan/Desktop/08/apache-htmx/src/Shared/Infrastructure/PathManager.php:50
/home/dan/Desktop/08/apache-htmx/src/Shared/Infrastructure/PathManager.php:217
/home/dan/Desktop/08/apache-htmx/src/Shared/Infrastructure/PathManager.php:149
/home/dan/Desktop/08/apache-htmx/src/Shared/Infrastructure/Path/FilePathCache.php:26
/home/dan/Desktop/08/apache-htmx/src/Shared/Infrastructure/PathManager.php:50
/home/dan/Desktop/08/apache-htmx/src/Shared/Infrastructure/PathManager.php:217
/home/dan/Desktop/08/apache-htmx/src/Shared/Infrastructure/PathManager.php:149
/home/dan/Desktop/08/apache-htmx/src/Shared/Infrastructure/Path/FilePathCache.php:26
/home/dan/Desktop/08/apache-htmx/src/Shared/Infrastructure/PathManager.php:50
/home/dan/Desktop/08/apache-htmx/src/Shared/Infrastructure/PathManager.php:217
/home/dan/Desktop/08/apache-htmx/src/Shared/Infrastructure/PathManager.php:149
/home/dan/Desktop/08/apache-htmx/src/Shared/Infrastructure/Path/FilePathCache.php:26
/home/dan/Desktop/08/apache-htmx/src/Shared/Infrastructure/PathManager.php:50
/home/dan/Desktop/08/apache-htmx/src/Shared/Infrastructure/PathManager.php:217
/home/dan/Desktop/08/apache-htmx/src/Shared/Infrastructure/PathManager.php:149
/home/dan/Desktop/08/apache-htmx/src/Shared/Infrastructure/Path/FilePathCache.php:26
/home/dan/Desktop/08/apache-htmx/src/Shared/Infrastructure/PathManager.php:50
/home/dan/Desktop/08/apache-htmx/src/Shared/Infrastructure/PathManager.php:217
/home/dan/Desktop/08/apache-htmx/src/Shared/Infrastructure/PathManager.php:149
/home/dan/Desktop/08/apache-htmx/src/Shared/Infrastructure/Path/FilePathCache.php:26
/home/dan/Desktop/08/apache-htmx/src/Shared/Infrastructure/PathManager.php:50
/home/dan/Desktop/08/apache-htmx/src/Shared/Infrastructure/PathManager.php:217
/home/dan/Desktop/08/apache-htmx/src/Shared/Infrastructure/PathManager.php:149
/home/dan/Desktop/08/apache-htmx/src/Shared/Infrastructure/Path/FilePathCache.php:26
/home/dan/Desktop/08/apache-htmx/src/Shared/Infrastructure/PathManager.php:50
/home/dan/Desktop/08/apache-htmx/src/Shared/Infrastructure/PathManager.php:217
/home/dan/Desktop/08/apache-htmx/src/Shared/Infrastructure/PathManager.php:149
/home/dan/Desktop/08/apache-htmx/src/Shared/Infrastructure/Path/FilePathCache.php:26
/home/dan/Desktop/08/apache-htmx/src/Shared/Infrastructure/PathManager.php:50
/home/dan/Desktop/08/apache-htmx/src/Shared/Infrastructure/PathManager.php:217
/home/dan/Desktop/08/apache-htmx/src/Shared/Infrastructure/PathManager.php:149
/home/dan/Desktop/08/apache-htmx/src/Shared/Infrastructure/Path/FilePathCache.php:26
/home/dan/Desktop/08/apache-htmx/src/Shared/Infrastructure/PathManager.php:50
/home/dan/Desktop/08/apache-htmx/src/Shared/Infrastructure/PathManager.php:217
/home/dan/Desktop/08/apache-htmx/src/Shared/Infrastructure/PathManager.php:149
/home/dan/Desktop/08/apache-htmx/src/Shared/Infrastructure/Path/FilePathCache.php:26
/home/dan/Desktop/08/apache-htmx/src/Shared/Infrastructure/PathManager.php:50
/home/dan/Desktop/08/apache-htmx/src/Shared/Infrastructure/PathManager.php:412
/home/dan/Desktop/08/apache-htmx/tests/Unit/Shared/Infrastructure/PathManagerTest.php:18</error>
        </testcase>
        <testcase name="testCacheClear" file="/home/dan/Desktop/08/apache-htmx/tests/Unit/Shared/Infrastructure/PathManagerTest.php" line="214" class="Tests\Unit\Shared\Infrastructure\PathManagerTest" classname="Tests.Unit.Shared.Infrastructure.PathManagerTest" assertions="0" time="0.000000">
          <error type="Error">Tests\Unit\Shared\Infrastructure\PathManagerTest::testCacheClear
Error: Xdebug has detected a possible infinite loop, and aborted your script with a stack depth of '512' frames

/home/dan/Desktop/08/apache-htmx/src/Shared/Infrastructure/PathManager.php:147
/home/dan/Desktop/08/apache-htmx/src/Shared/Infrastructure/Path/FilePathCache.php:26
/home/dan/Desktop/08/apache-htmx/src/Shared/Infrastructure/PathManager.php:50
/home/dan/Desktop/08/apache-htmx/src/Shared/Infrastructure/PathManager.php:217
/home/dan/Desktop/08/apache-htmx/src/Shared/Infrastructure/PathManager.php:149
/home/dan/Desktop/08/apache-htmx/src/Shared/Infrastructure/Path/FilePathCache.php:26
/home/dan/Desktop/08/apache-htmx/src/Shared/Infrastructure/PathManager.php:50
/home/dan/Desktop/08/apache-htmx/src/Shared/Infrastructure/PathManager.php:217
/home/dan/Desktop/08/apache-htmx/src/Shared/Infrastructure/PathManager.php:149
/home/dan/Desktop/08/apache-htmx/src/Shared/Infrastructure/Path/FilePathCache.php:26
/home/dan/Desktop/08/apache-htmx/src/Shared/Infrastructure/PathManager.php:50
/home/dan/Desktop/08/apache-htmx/src/Shared/Infrastructure/PathManager.php:217
/home/dan/Desktop/08/apache-htmx/src/Shared/Infrastructure/PathManager.php:149
/home/dan/Desktop/08/apache-htmx/src/Shared/Infrastructure/Path/FilePathCache.php:26
/home/dan/Desktop/08/apache-htmx/src/Shared/Infrastructure/PathManager.php:50
/home/dan/Desktop/08/apache-htmx/src/Shared/Infrastructure/PathManager.php:217
/home/dan/Desktop/08/apache-htmx/src/Shared/Infrastructure/PathManager.php:149
/home/dan/Desktop/08/apache-htmx/src/Shared/Infrastructure/Path/FilePathCache.php:26
/home/dan/Desktop/08/apache-htmx/src/Shared/Infrastructure/PathManager.php:50
/home/dan/Desktop/08/apache-htmx/src/Shared/Infrastructure/PathManager.php:217
/home/dan/Desktop/08/apache-htmx/src/Shared/Infrastructure/PathManager.php:149
/home/dan/Desktop/08/apache-htmx/src/Shared/Infrastructure/Path/FilePathCache.php:26
/home/dan/Desktop/08/apache-htmx/src/Shared/Infrastructure/PathManager.php:50
/home/dan/Desktop/08/apache-htmx/src/Shared/Infrastructure/PathManager.php:217
/home/dan/Desktop/08/apache-htmx/src/Shared/Infrastructure/PathManager.php:149
/home/dan/Desktop/08/apache-htmx/src/Shared/Infrastructure/Path/FilePathCache.php:26
/home/dan/Desktop/08/apache-htmx/src/Shared/Infrastructure/PathManager.php:50
/home/dan/Desktop/08/apache-htmx/src/Shared/Infrastructure/PathManager.php:217
/home/dan/Desktop/08/apache-htmx/src/Shared/Infrastructure/PathManager.php:149
/home/dan/Desktop/08/apache-htmx/src/Shared/Infrastructure/Path/FilePathCache.php:26
/home/dan/Desktop/08/apache-htmx/src/Shared/Infrastructure/PathManager.php:50
/home/dan/Desktop/08/apache-htmx/src/Shared/Infrastructure/PathManager.php:217
/home/dan/Desktop/08/apache-htmx/src/Shared/Infrastructure/PathManager.php:149
/home/dan/Desktop/08/apache-htmx/src/Shared/Infrastructure/Path/FilePathCache.php:26
/home/dan/Desktop/08/apache-htmx/src/Shared/Infrastructure/PathManager.php:50
/home/dan/Desktop/08/apache-htmx/src/Shared/Infrastructure/PathManager.php:217
/home/dan/Desktop/08/apache-htmx/src/Shared/Infrastructure/PathManager.php:149
/home/dan/Desktop/08/apache-htmx/src/Shared/Infrastructure/Path/FilePathCache.php:26
/home/dan/Desktop/08/apache-htmx/src/Shared/Infrastructure/PathManager.php:50
/home/dan/Desktop/08/apache-htmx/src/Shared/Infrastructure/PathManager.php:217
/home/dan/Desktop/08/apache-htmx/src/Shared/Infrastructure/PathManager.php:149
/home/dan/Desktop/08/apache-htmx/src/Shared/Infrastructure/Path/FilePathCache.php:26
/home/dan/Desktop/08/apache-htmx/src/Shared/Infrastructure/PathManager.php:50
/home/dan/Desktop/08/apache-htmx/src/Shared/Infrastructure/PathManager.php:217
/home/dan/Desktop/08/apache-htmx/src/Shared/Infrastructure/PathManager.php:149
/home/dan/Desktop/08/apache-htmx/src/Shared/Infrastructure/Path/FilePathCache.php:26
/home/dan/Desktop/08/apache-htmx/src/Shared/Infrastructure/PathManager.php:50
/home/dan/Desktop/08/apache-htmx/src/Shared/Infrastructure/PathManager.php:217
/home/dan/Desktop/08/apache-htmx/src/Shared/Infrastructure/PathManager.php:149
/home/dan/Desktop/08/apache-htmx/src/Shared/Infrastructure/Path/FilePathCache.php:26
/home/dan/Desktop/08/apache-htmx/src/Shared/Infrastructure/PathManager.php:50
/home/dan/Desktop/08/apache-htmx/src/Shared/Infrastructure/PathManager.php:217
/home/dan/Desktop/08/apache-htmx/src/Shared/Infrastructure/PathManager.php:149
/home/dan/Desktop/08/apache-htmx/src/Shared/Infrastructure/Path/FilePathCache.php:26
/home/dan/Desktop/08/apache-htmx/src/Shared/Infrastructure/PathManager.php:50
/home/dan/Desktop/08/apache-htmx/src/Shared/Infrastructure/PathManager.php:217
/home/dan/Desktop/08/apache-htmx/src/Shared/Infrastructure/PathManager.php:149
/home/dan/Desktop/08/apache-htmx/src/Shared/Infrastructure/Path/FilePathCache.php:26
/home/dan/Desktop/08/apache-htmx/src/Shared/Infrastructure/PathManager.php:50
/home/dan/Desktop/08/apache-htmx/src/Shared/Infrastructure/PathManager.php:217
/home/dan/Desktop/08/apache-htmx/src/Shared/Infrastructure/PathManager.php:149
/home/dan/Desktop/08/apache-htmx/src/Shared/Infrastructure/Path/FilePathCache.php:26
/home/dan/Desktop/08/apache-htmx/src/Shared/Infrastructure/PathManager.php:50
/home/dan/Desktop/08/apache-htmx/src/Shared/Infrastructure/PathManager.php:217
/home/dan/Desktop/08/apache-htmx/src/Shared/Infrastructure/PathManager.php:149
/home/dan/Desktop/08/apache-htmx/src/Shared/Infrastructure/Path/FilePathCache.php:26
/home/dan/Desktop/08/apache-htmx/src/Shared/Infrastructure/PathManager.php:50
/home/dan/Desktop/08/apache-htmx/src/Shared/Infrastructure/PathManager.php:217
/home/dan/Desktop/08/apache-htmx/src/Shared/Infrastructure/PathManager.php:149
/home/dan/Desktop/08/apache-htmx/src/Shared/Infrastructure/Path/FilePathCache.php:26
/home/dan/Desktop/08/apache-htmx/src/Shared/Infrastructure/PathManager.php:50
/home/dan/Desktop/08/apache-htmx/src/Shared/Infrastructure/PathManager.php:217
/home/dan/Desktop/08/apache-htmx/src/Shared/Infrastructure/PathManager.php:149
/home/dan/Desktop/08/apache-htmx/src/Shared/Infrastructure/Path/FilePathCache.php:26
/home/dan/Desktop/08/apache-htmx/src/Shared/Infrastructure/PathManager.php:50
/home/dan/Desktop/08/apache-htmx/src/Shared/Infrastructure/PathManager.php:217
/home/dan/Desktop/08/apache-htmx/src/Shared/Infrastructure/PathManager.php:149
/home/dan/Desktop/08/apache-htmx/src/Shared/Infrastructure/Path/FilePathCache.php:26
/home/dan/Desktop/08/apache-htmx/src/Shared/Infrastructure/PathManager.php:50
/home/dan/Desktop/08/apache-htmx/src/Shared/Infrastructure/PathManager.php:217
/home/dan/Desktop/08/apache-htmx/src/Shared/Infrastructure/PathManager.php:149
/home/dan/Desktop/08/apache-htmx/src/Shared/Infrastructure/Path/FilePathCache.php:26
/home/dan/Desktop/08/apache-htmx/src/Shared/Infrastructure/PathManager.php:50
/home/dan/Desktop/08/apache-htmx/src/Shared/Infrastructure/PathManager.php:217
/home/dan/Desktop/08/apache-htmx/src/Shared/Infrastructure/PathManager.php:149
/home/dan/Desktop/08/apache-htmx/src/Shared/Infrastructure/Path/FilePathCache.php:26
/home/dan/Desktop/08/apache-htmx/src/Shared/Infrastructure/PathManager.php:50
/home/dan/Desktop/08/apache-htmx/src/Shared/Infrastructure/PathManager.php:217
/home/dan/Desktop/08/apache-htmx/src/Shared/Infrastructure/PathManager.php:149
/home/dan/Desktop/08/apache-htmx/src/Shared/Infrastructure/Path/FilePathCache.php:26
/home/dan/Desktop/08/apache-htmx/src/Shared/Infrastructure/PathManager.php:50
/home/dan/Desktop/08/apache-htmx/src/Shared/Infrastructure/PathManager.php:217
/home/dan/Desktop/08/apache-htmx/src/Shared/Infrastructure/PathManager.php:149
/home/dan/Desktop/08/apache-htmx/src/Shared/Infrastructure/Path/FilePathCache.php:26
/home/dan/Desktop/08/apache-htmx/src/Shared/Infrastructure/PathManager.php:50
/home/dan/Desktop/08/apache-htmx/src/Shared/Infrastructure/PathManager.php:217
/home/dan/Desktop/08/apache-htmx/src/Shared/Infrastructure/PathManager.php:149
/home/dan/Desktop/08/apache-htmx/src/Shared/Infrastructure/Path/FilePathCache.php:26
/home/dan/Desktop/08/apache-htmx/src/Shared/Infrastructure/PathManager.php:50
/home/dan/Desktop/08/apache-htmx/src/Shared/Infrastructure/PathManager.php:217
/home/dan/Desktop/08/apache-htmx/src/Shared/Infrastructure/PathManager.php:149
/home/dan/Desktop/08/apache-htmx/src/Shared/Infrastructure/Path/FilePathCache.php:26
/home/dan/Desktop/08/apache-htmx/src/Shared/Infrastructure/PathManager.php:50
/home/dan/Desktop/08/apache-htmx/src/Shared/Infrastructure/PathManager.php:217
/home/dan/Desktop/08/apache-htmx/src/Shared/Infrastructure/PathManager.php:149
/home/dan/Desktop/08/apache-htmx/src/Shared/Infrastructure/Path/FilePathCache.php:26
/home/dan/Desktop/08/apache-htmx/src/Shared/Infrastructure/PathManager.php:50
/home/dan/Desktop/08/apache-htmx/src/Shared/Infrastructure/PathManager.php:217
/home/dan/Desktop/08/apache-htmx/src/Shared/Infrastructure/PathManager.php:149
/home/dan/Desktop/08/apache-htmx/src/Shared/Infrastructure/Path/FilePathCache.php:26
/home/dan/Desktop/08/apache-htmx/src/Shared/Infrastructure/PathManager.php:50
/home/dan/Desktop/08/apache-htmx/src/Shared/Infrastructure/PathManager.php:217
/home/dan/Desktop/08/apache-htmx/src/Shared/Infrastructure/PathManager.php:149
/home/dan/Desktop/08/apache-htmx/src/Shared/Infrastructure/Path/FilePathCache.php:26
/home/dan/Desktop/08/apache-htmx/src/Shared/Infrastructure/PathManager.php:50
/home/dan/Desktop/08/apache-htmx/src/Shared/Infrastructure/PathManager.php:217
/home/dan/Desktop/08/apache-htmx/src/Shared/Infrastructure/PathManager.php:149
/home/dan/Desktop/08/apache-htmx/src/Shared/Infrastructure/Path/FilePathCache.php:26
/home/dan/Desktop/08/apache-htmx/src/Shared/Infrastructure/PathManager.php:50
/home/dan/Desktop/08/apache-htmx/src/Shared/Infrastructure/PathManager.php:217
/home/dan/Desktop/08/apache-htmx/src/Shared/Infrastructure/PathManager.php:149
/home/dan/Desktop/08/apache-htmx/src/Shared/Infrastructure/Path/FilePathCache.php:26
/home/dan/Desktop/08/apache-htmx/src/Shared/Infrastructure/PathManager.php:50
/home/dan/Desktop/08/apache-htmx/src/Shared/Infrastructure/PathManager.php:217
/home/dan/Desktop/08/apache-htmx/src/Shared/Infrastructure/PathManager.php:149
/home/dan/Desktop/08/apache-htmx/src/Shared/Infrastructure/Path/FilePathCache.php:26
/home/dan/Desktop/08/apache-htmx/src/Shared/Infrastructure/PathManager.php:50
/home/dan/Desktop/08/apache-htmx/src/Shared/Infrastructure/PathManager.php:217
/home/dan/Desktop/08/apache-htmx/src/Shared/Infrastructure/PathManager.php:149
/home/dan/Desktop/08/apache-htmx/src/Shared/Infrastructure/Path/FilePathCache.php:26
/home/dan/Desktop/08/apache-htmx/src/Shared/Infrastructure/PathManager.php:50
/home/dan/Desktop/08/apache-htmx/src/Shared/Infrastructure/PathManager.php:217
/home/dan/Desktop/08/apache-htmx/src/Shared/Infrastructure/PathManager.php:149
/home/dan/Desktop/08/apache-htmx/src/Shared/Infrastructure/Path/FilePathCache.php:26
/home/dan/Desktop/08/apache-htmx/src/Shared/Infrastructure/PathManager.php:50
/home/dan/Desktop/08/apache-htmx/src/Shared/Infrastructure/PathManager.php:217
/home/dan/Desktop/08/apache-htmx/src/Shared/Infrastructure/PathManager.php:149
/home/dan/Desktop/08/apache-htmx/src/Shared/Infrastructure/Path/FilePathCache.php:26
/home/dan/Desktop/08/apache-htmx/src/Shared/Infrastructure/PathManager.php:50
/home/dan/Desktop/08/apache-htmx/src/Shared/Infrastructure/PathManager.php:217
/home/dan/Desktop/08/apache-htmx/src/Shared/Infrastructure/PathManager.php:149
/home/dan/Desktop/08/apache-htmx/src/Shared/Infrastructure/Path/FilePathCache.php:26
/home/dan/Desktop/08/apache-htmx/src/Shared/Infrastructure/PathManager.php:50
/home/dan/Desktop/08/apache-htmx/src/Shared/Infrastructure/PathManager.php:217
/home/dan/Desktop/08/apache-htmx/src/Shared/Infrastructure/PathManager.php:149
/home/dan/Desktop/08/apache-htmx/src/Shared/Infrastructure/Path/FilePathCache.php:26
/home/dan/Desktop/08/apache-htmx/src/Shared/Infrastructure/PathManager.php:50
/home/dan/Desktop/08/apache-htmx/src/Shared/Infrastructure/PathManager.php:217
/home/dan/Desktop/08/apache-htmx/src/Shared/Infrastructure/PathManager.php:149
/home/dan/Desktop/08/apache-htmx/src/Shared/Infrastructure/Path/FilePathCache.php:26
/home/dan/Desktop/08/apache-htmx/src/Shared/Infrastructure/PathManager.php:50
/home/dan/Desktop/08/apache-htmx/src/Shared/Infrastructure/PathManager.php:217
/home/dan/Desktop/08/apache-htmx/src/Shared/Infrastructure/PathManager.php:149
/home/dan/Desktop/08/apache-htmx/src/Shared/Infrastructure/Path/FilePathCache.php:26
/home/dan/Desktop/08/apache-htmx/src/Shared/Infrastructure/PathManager.php:50
/home/dan/Desktop/08/apache-htmx/src/Shared/Infrastructure/PathManager.php:217
/home/dan/Desktop/08/apache-htmx/src/Shared/Infrastructure/PathManager.php:149
/home/dan/Desktop/08/apache-htmx/src/Shared/Infrastructure/Path/FilePathCache.php:26
/home/dan/Desktop/08/apache-htmx/src/Shared/Infrastructure/PathManager.php:50
/home/dan/Desktop/08/apache-htmx/src/Shared/Infrastructure/PathManager.php:217
/home/dan/Desktop/08/apache-htmx/src/Shared/Infrastructure/PathManager.php:149
/home/dan/Desktop/08/apache-htmx/src/Shared/Infrastructure/Path/FilePathCache.php:26
/home/dan/Desktop/08/apache-htmx/src/Shared/Infrastructure/PathManager.php:50
/home/dan/Desktop/08/apache-htmx/src/Shared/Infrastructure/PathManager.php:217
/home/dan/Desktop/08/apache-htmx/src/Shared/Infrastructure/PathManager.php:149
/home/dan/Desktop/08/apache-htmx/src/Shared/Infrastructure/Path/FilePathCache.php:26
/home/dan/Desktop/08/apache-htmx/src/Shared/Infrastructure/PathManager.php:50
/home/dan/Desktop/08/apache-htmx/src/Shared/Infrastructure/PathManager.php:217
/home/dan/Desktop/08/apache-htmx/src/Shared/Infrastructure/PathManager.php:149
/home/dan/Desktop/08/apache-htmx/src/Shared/Infrastructure/Path/FilePathCache.php:26
/home/dan/Desktop/08/apache-htmx/src/Shared/Infrastructure/PathManager.php:50
/home/dan/Desktop/08/apache-htmx/src/Shared/Infrastructure/PathManager.php:217
/home/dan/Desktop/08/apache-htmx/src/Shared/Infrastructure/PathManager.php:149
/home/dan/Desktop/08/apache-htmx/src/Shared/Infrastructure/Path/FilePathCache.php:26
/home/dan/Desktop/08/apache-htmx/src/Shared/Infrastructure/PathManager.php:50
/home/dan/Desktop/08/apache-htmx/src/Shared/Infrastructure/PathManager.php:217
/home/dan/Desktop/08/apache-htmx/src/Shared/Infrastructure/PathManager.php:149
/home/dan/Desktop/08/apache-htmx/src/Shared/Infrastructure/Path/FilePathCache.php:26
/home/dan/Desktop/08/apache-htmx/src/Shared/Infrastructure/PathManager.php:50
/home/dan/Desktop/08/apache-htmx/src/Shared/Infrastructure/PathManager.php:217
/home/dan/Desktop/08/apache-htmx/src/Shared/Infrastructure/PathManager.php:149
/home/dan/Desktop/08/apache-htmx/src/Shared/Infrastructure/Path/FilePathCache.php:26
/home/dan/Desktop/08/apache-htmx/src/Shared/Infrastructure/PathManager.php:50
/home/dan/Desktop/08/apache-htmx/src/Shared/Infrastructure/PathManager.php:217
/home/dan/Desktop/08/apache-htmx/src/Shared/Infrastructure/PathManager.php:149
/home/dan/Desktop/08/apache-htmx/src/Shared/Infrastructure/Path/FilePathCache.php:26
/home/dan/Desktop/08/apache-htmx/src/Shared/Infrastructure/PathManager.php:50
/home/dan/Desktop/08/apache-htmx/src/Shared/Infrastructure/PathManager.php:217
/home/dan/Desktop/08/apache-htmx/src/Shared/Infrastructure/PathManager.php:149
/home/dan/Desktop/08/apache-htmx/src/Shared/Infrastructure/Path/FilePathCache.php:26
/home/dan/Desktop/08/apache-htmx/src/Shared/Infrastructure/PathManager.php:50
/home/dan/Desktop/08/apache-htmx/src/Shared/Infrastructure/PathManager.php:217
/home/dan/Desktop/08/apache-htmx/src/Shared/Infrastructure/PathManager.php:149
/home/dan/Desktop/08/apache-htmx/src/Shared/Infrastructure/Path/FilePathCache.php:26
/home/dan/Desktop/08/apache-htmx/src/Shared/Infrastructure/PathManager.php:50
/home/dan/Desktop/08/apache-htmx/src/Shared/Infrastructure/PathManager.php:217
/home/dan/Desktop/08/apache-htmx/src/Shared/Infrastructure/PathManager.php:149
/home/dan/Desktop/08/apache-htmx/src/Shared/Infrastructure/Path/FilePathCache.php:26
/home/dan/Desktop/08/apache-htmx/src/Shared/Infrastructure/PathManager.php:50
/home/dan/Desktop/08/apache-htmx/src/Shared/Infrastructure/PathManager.php:217
/home/dan/Desktop/08/apache-htmx/src/Shared/Infrastructure/PathManager.php:149
/home/dan/Desktop/08/apache-htmx/src/Shared/Infrastructure/Path/FilePathCache.php:26
/home/dan/Desktop/08/apache-htmx/src/Shared/Infrastructure/PathManager.php:50
/home/dan/Desktop/08/apache-htmx/src/Shared/Infrastructure/PathManager.php:217
/home/dan/Desktop/08/apache-htmx/src/Shared/Infrastructure/PathManager.php:149
/home/dan/Desktop/08/apache-htmx/src/Shared/Infrastructure/Path/FilePathCache.php:26
/home/dan/Desktop/08/apache-htmx/src/Shared/Infrastructure/PathManager.php:50
/home/dan/Desktop/08/apache-htmx/src/Shared/Infrastructure/PathManager.php:217
/home/dan/Desktop/08/apache-htmx/src/Shared/Infrastructure/PathManager.php:149
/home/dan/Desktop/08/apache-htmx/src/Shared/Infrastructure/Path/FilePathCache.php:26
/home/dan/Desktop/08/apache-htmx/src/Shared/Infrastructure/PathManager.php:50
/home/dan/Desktop/08/apache-htmx/src/Shared/Infrastructure/PathManager.php:217
/home/dan/Desktop/08/apache-htmx/src/Shared/Infrastructure/PathManager.php:149
/home/dan/Desktop/08/apache-htmx/src/Shared/Infrastructure/Path/FilePathCache.php:26
/home/dan/Desktop/08/apache-htmx/src/Shared/Infrastructure/PathManager.php:50
/home/dan/Desktop/08/apache-htmx/src/Shared/Infrastructure/PathManager.php:217
/home/dan/Desktop/08/apache-htmx/src/Shared/Infrastructure/PathManager.php:149
/home/dan/Desktop/08/apache-htmx/src/Shared/Infrastructure/Path/FilePathCache.php:26
/home/dan/Desktop/08/apache-htmx/src/Shared/Infrastructure/PathManager.php:50
/home/dan/Desktop/08/apache-htmx/src/Shared/Infrastructure/PathManager.php:217
/home/dan/Desktop/08/apache-htmx/src/Shared/Infrastructure/PathManager.php:149
/home/dan/Desktop/08/apache-htmx/src/Shared/Infrastructure/Path/FilePathCache.php:26
/home/dan/Desktop/08/apache-htmx/src/Shared/Infrastructure/PathManager.php:50
/home/dan/Desktop/08/apache-htmx/src/Shared/Infrastructure/PathManager.php:217
/home/dan/Desktop/08/apache-htmx/src/Shared/Infrastructure/PathManager.php:149
/home/dan/Desktop/08/apache-htmx/src/Shared/Infrastructure/Path/FilePathCache.php:26
/home/dan/Desktop/08/apache-htmx/src/Shared/Infrastructure/PathManager.php:50
/home/dan/Desktop/08/apache-htmx/src/Shared/Infrastructure/PathManager.php:217
/home/dan/Desktop/08/apache-htmx/src/Shared/Infrastructure/PathManager.php:149
/home/dan/Desktop/08/apache-htmx/src/Shared/Infrastructure/Path/FilePathCache.php:26
/home/dan/Desktop/08/apache-htmx/src/Shared/Infrastructure/PathManager.php:50
/home/dan/Desktop/08/apache-htmx/src/Shared/Infrastructure/PathManager.php:217
/home/dan/Desktop/08/apache-htmx/src/Shared/Infrastructure/PathManager.php:149
/home/dan/Desktop/08/apache-htmx/src/Shared/Infrastructure/Path/FilePathCache.php:26
/home/dan/Desktop/08/apache-htmx/src/Shared/Infrastructure/PathManager.php:50
/home/dan/Desktop/08/apache-htmx/src/Shared/Infrastructure/PathManager.php:217
/home/dan/Desktop/08/apache-htmx/src/Shared/Infrastructure/PathManager.php:149
/home/dan/Desktop/08/apache-htmx/src/Shared/Infrastructure/Path/FilePathCache.php:26
/home/dan/Desktop/08/apache-htmx/src/Shared/Infrastructure/PathManager.php:50
/home/dan/Desktop/08/apache-htmx/src/Shared/Infrastructure/PathManager.php:217
/home/dan/Desktop/08/apache-htmx/src/Shared/Infrastructure/PathManager.php:149
/home/dan/Desktop/08/apache-htmx/src/Shared/Infrastructure/Path/FilePathCache.php:26
/home/dan/Desktop/08/apache-htmx/src/Shared/Infrastructure/PathManager.php:50
/home/dan/Desktop/08/apache-htmx/src/Shared/Infrastructure/PathManager.php:217
/home/dan/Desktop/08/apache-htmx/src/Shared/Infrastructure/PathManager.php:149
/home/dan/Desktop/08/apache-htmx/src/Shared/Infrastructure/Path/FilePathCache.php:26
/home/dan/Desktop/08/apache-htmx/src/Shared/Infrastructure/PathManager.php:50
/home/dan/Desktop/08/apache-htmx/src/Shared/Infrastructure/PathManager.php:217
/home/dan/Desktop/08/apache-htmx/src/Shared/Infrastructure/PathManager.php:149
/home/dan/Desktop/08/apache-htmx/src/Shared/Infrastructure/Path/FilePathCache.php:26
/home/dan/Desktop/08/apache-htmx/src/Shared/Infrastructure/PathManager.php:50
/home/dan/Desktop/08/apache-htmx/src/Shared/Infrastructure/PathManager.php:217
/home/dan/Desktop/08/apache-htmx/src/Shared/Infrastructure/PathManager.php:149
/home/dan/Desktop/08/apache-htmx/src/Shared/Infrastructure/Path/FilePathCache.php:26
/home/dan/Desktop/08/apache-htmx/src/Shared/Infrastructure/PathManager.php:50
/home/dan/Desktop/08/apache-htmx/src/Shared/Infrastructure/PathManager.php:217
/home/dan/Desktop/08/apache-htmx/src/Shared/Infrastructure/PathManager.php:149
/home/dan/Desktop/08/apache-htmx/src/Shared/Infrastructure/Path/FilePathCache.php:26
/home/dan/Desktop/08/apache-htmx/src/Shared/Infrastructure/PathManager.php:50
/home/dan/Desktop/08/apache-htmx/src/Shared/Infrastructure/PathManager.php:217
/home/dan/Desktop/08/apache-htmx/src/Shared/Infrastructure/PathManager.php:149
/home/dan/Desktop/08/apache-htmx/src/Shared/Infrastructure/Path/FilePathCache.php:26
/home/dan/Desktop/08/apache-htmx/src/Shared/Infrastructure/PathManager.php:50
/home/dan/Desktop/08/apache-htmx/src/Shared/Infrastructure/PathManager.php:217
/home/dan/Desktop/08/apache-htmx/src/Shared/Infrastructure/PathManager.php:149
/home/dan/Desktop/08/apache-htmx/src/Shared/Infrastructure/Path/FilePathCache.php:26
/home/dan/Desktop/08/apache-htmx/src/Shared/Infrastructure/PathManager.php:50
/home/dan/Desktop/08/apache-htmx/src/Shared/Infrastructure/PathManager.php:217
/home/dan/Desktop/08/apache-htmx/src/Shared/Infrastructure/PathManager.php:149
/home/dan/Desktop/08/apache-htmx/src/Shared/Infrastructure/Path/FilePathCache.php:26
/home/dan/Desktop/08/apache-htmx/src/Shared/Infrastructure/PathManager.php:50
/home/dan/Desktop/08/apache-htmx/src/Shared/Infrastructure/PathManager.php:217
/home/dan/Desktop/08/apache-htmx/src/Shared/Infrastructure/PathManager.php:149
/home/dan/Desktop/08/apache-htmx/src/Shared/Infrastructure/Path/FilePathCache.php:26
/home/dan/Desktop/08/apache-htmx/src/Shared/Infrastructure/PathManager.php:50
/home/dan/Desktop/08/apache-htmx/src/Shared/Infrastructure/PathManager.php:217
/home/dan/Desktop/08/apache-htmx/src/Shared/Infrastructure/PathManager.php:149
/home/dan/Desktop/08/apache-htmx/src/Shared/Infrastructure/Path/FilePathCache.php:26
/home/dan/Desktop/08/apache-htmx/src/Shared/Infrastructure/PathManager.php:50
/home/dan/Desktop/08/apache-htmx/src/Shared/Infrastructure/PathManager.php:217
/home/dan/Desktop/08/apache-htmx/src/Shared/Infrastructure/PathManager.php:149
/home/dan/Desktop/08/apache-htmx/src/Shared/Infrastructure/Path/FilePathCache.php:26
/home/dan/Desktop/08/apache-htmx/src/Shared/Infrastructure/PathManager.php:50
/home/dan/Desktop/08/apache-htmx/src/Shared/Infrastructure/PathManager.php:217
/home/dan/Desktop/08/apache-htmx/src/Shared/Infrastructure/PathManager.php:149
/home/dan/Desktop/08/apache-htmx/src/Shared/Infrastructure/Path/FilePathCache.php:26
/home/dan/Desktop/08/apache-htmx/src/Shared/Infrastructure/PathManager.php:50
/home/dan/Desktop/08/apache-htmx/src/Shared/Infrastructure/PathManager.php:217
/home/dan/Desktop/08/apache-htmx/src/Shared/Infrastructure/PathManager.php:149
/home/dan/Desktop/08/apache-htmx/src/Shared/Infrastructure/Path/FilePathCache.php:26
/home/dan/Desktop/08/apache-htmx/src/Shared/Infrastructure/PathManager.php:50
/home/dan/Desktop/08/apache-htmx/src/Shared/Infrastructure/PathManager.php:217
/home/dan/Desktop/08/apache-htmx/src/Shared/Infrastructure/PathManager.php:149
/home/dan/Desktop/08/apache-htmx/src/Shared/Infrastructure/Path/FilePathCache.php:26
/home/dan/Desktop/08/apache-htmx/src/Shared/Infrastructure/PathManager.php:50
/home/dan/Desktop/08/apache-htmx/src/Shared/Infrastructure/PathManager.php:217
/home/dan/Desktop/08/apache-htmx/src/Shared/Infrastructure/PathManager.php:149
/home/dan/Desktop/08/apache-htmx/src/Shared/Infrastructure/Path/FilePathCache.php:26
/home/dan/Desktop/08/apache-htmx/src/Shared/Infrastructure/PathManager.php:50
/home/dan/Desktop/08/apache-htmx/src/Shared/Infrastructure/PathManager.php:217
/home/dan/Desktop/08/apache-htmx/src/Shared/Infrastructure/PathManager.php:149
/home/dan/Desktop/08/apache-htmx/src/Shared/Infrastructure/Path/FilePathCache.php:26
/home/dan/Desktop/08/apache-htmx/src/Shared/Infrastructure/PathManager.php:50
/home/dan/Desktop/08/apache-htmx/src/Shared/Infrastructure/PathManager.php:217
/home/dan/Desktop/08/apache-htmx/src/Shared/Infrastructure/PathManager.php:149
/home/dan/Desktop/08/apache-htmx/src/Shared/Infrastructure/Path/FilePathCache.php:26
/home/dan/Desktop/08/apache-htmx/src/Shared/Infrastructure/PathManager.php:50
/home/dan/Desktop/08/apache-htmx/src/Shared/Infrastructure/PathManager.php:217
/home/dan/Desktop/08/apache-htmx/src/Shared/Infrastructure/PathManager.php:149
/home/dan/Desktop/08/apache-htmx/src/Shared/Infrastructure/Path/FilePathCache.php:26
/home/dan/Desktop/08/apache-htmx/src/Shared/Infrastructure/PathManager.php:50
/home/dan/Desktop/08/apache-htmx/src/Shared/Infrastructure/PathManager.php:217
/home/dan/Desktop/08/apache-htmx/src/Shared/Infrastructure/PathManager.php:149
/home/dan/Desktop/08/apache-htmx/src/Shared/Infrastructure/Path/FilePathCache.php:26
/home/dan/Desktop/08/apache-htmx/src/Shared/Infrastructure/PathManager.php:50
/home/dan/Desktop/08/apache-htmx/src/Shared/Infrastructure/PathManager.php:217
/home/dan/Desktop/08/apache-htmx/src/Shared/Infrastructure/PathManager.php:149
/home/dan/Desktop/08/apache-htmx/src/Shared/Infrastructure/Path/FilePathCache.php:26
/home/dan/Desktop/08/apache-htmx/src/Shared/Infrastructure/PathManager.php:50
/home/dan/Desktop/08/apache-htmx/src/Shared/Infrastructure/PathManager.php:217
/home/dan/Desktop/08/apache-htmx/src/Shared/Infrastructure/PathManager.php:149
/home/dan/Desktop/08/apache-htmx/src/Shared/Infrastructure/Path/FilePathCache.php:26
/home/dan/Desktop/08/apache-htmx/src/Shared/Infrastructure/PathManager.php:50
/home/dan/Desktop/08/apache-htmx/src/Shared/Infrastructure/PathManager.php:217
/home/dan/Desktop/08/apache-htmx/src/Shared/Infrastructure/PathManager.php:149
/home/dan/Desktop/08/apache-htmx/src/Shared/Infrastructure/Path/FilePathCache.php:26
/home/dan/Desktop/08/apache-htmx/src/Shared/Infrastructure/PathManager.php:50
/home/dan/Desktop/08/apache-htmx/src/Shared/Infrastructure/PathManager.php:217
/home/dan/Desktop/08/apache-htmx/src/Shared/Infrastructure/PathManager.php:149
/home/dan/Desktop/08/apache-htmx/src/Shared/Infrastructure/Path/FilePathCache.php:26
/home/dan/Desktop/08/apache-htmx/src/Shared/Infrastructure/PathManager.php:50
/home/dan/Desktop/08/apache-htmx/src/Shared/Infrastructure/PathManager.php:217
/home/dan/Desktop/08/apache-htmx/src/Shared/Infrastructure/PathManager.php:149
/home/dan/Desktop/08/apache-htmx/src/Shared/Infrastructure/Path/FilePathCache.php:26
/home/dan/Desktop/08/apache-htmx/src/Shared/Infrastructure/PathManager.php:50
/home/dan/Desktop/08/apache-htmx/src/Shared/Infrastructure/PathManager.php:217
/home/dan/Desktop/08/apache-htmx/src/Shared/Infrastructure/PathManager.php:149
/home/dan/Desktop/08/apache-htmx/src/Shared/Infrastructure/Path/FilePathCache.php:26
/home/dan/Desktop/08/apache-htmx/src/Shared/Infrastructure/PathManager.php:50
/home/dan/Desktop/08/apache-htmx/src/Shared/Infrastructure/PathManager.php:217
/home/dan/Desktop/08/apache-htmx/src/Shared/Infrastructure/PathManager.php:149
/home/dan/Desktop/08/apache-htmx/src/Shared/Infrastructure/Path/FilePathCache.php:26
/home/dan/Desktop/08/apache-htmx/src/Shared/Infrastructure/PathManager.php:50
/home/dan/Desktop/08/apache-htmx/src/Shared/Infrastructure/PathManager.php:217
/home/dan/Desktop/08/apache-htmx/src/Shared/Infrastructure/PathManager.php:149
/home/dan/Desktop/08/apache-htmx/src/Shared/Infrastructure/Path/FilePathCache.php:26
/home/dan/Desktop/08/apache-htmx/src/Shared/Infrastructure/PathManager.php:50
/home/dan/Desktop/08/apache-htmx/src/Shared/Infrastructure/PathManager.php:217
/home/dan/Desktop/08/apache-htmx/src/Shared/Infrastructure/PathManager.php:149
/home/dan/Desktop/08/apache-htmx/src/Shared/Infrastructure/Path/FilePathCache.php:26
/home/dan/Desktop/08/apache-htmx/src/Shared/Infrastructure/PathManager.php:50
/home/dan/Desktop/08/apache-htmx/src/Shared/Infrastructure/PathManager.php:217
/home/dan/Desktop/08/apache-htmx/src/Shared/Infrastructure/PathManager.php:149
/home/dan/Desktop/08/apache-htmx/src/Shared/Infrastructure/Path/FilePathCache.php:26
/home/dan/Desktop/08/apache-htmx/src/Shared/Infrastructure/PathManager.php:50
/home/dan/Desktop/08/apache-htmx/src/Shared/Infrastructure/PathManager.php:217
/home/dan/Desktop/08/apache-htmx/src/Shared/Infrastructure/PathManager.php:149
/home/dan/Desktop/08/apache-htmx/src/Shared/Infrastructure/Path/FilePathCache.php:26
/home/dan/Desktop/08/apache-htmx/src/Shared/Infrastructure/PathManager.php:50
/home/dan/Desktop/08/apache-htmx/src/Shared/Infrastructure/PathManager.php:217
/home/dan/Desktop/08/apache-htmx/src/Shared/Infrastructure/PathManager.php:149
/home/dan/Desktop/08/apache-htmx/src/Shared/Infrastructure/Path/FilePathCache.php:26
/home/dan/Desktop/08/apache-htmx/src/Shared/Infrastructure/PathManager.php:50
/home/dan/Desktop/08/apache-htmx/src/Shared/Infrastructure/PathManager.php:217
/home/dan/Desktop/08/apache-htmx/src/Shared/Infrastructure/PathManager.php:149
/home/dan/Desktop/08/apache-htmx/src/Shared/Infrastructure/Path/FilePathCache.php:26
/home/dan/Desktop/08/apache-htmx/src/Shared/Infrastructure/PathManager.php:50
/home/dan/Desktop/08/apache-htmx/src/Shared/Infrastructure/PathManager.php:217
/home/dan/Desktop/08/apache-htmx/src/Shared/Infrastructure/PathManager.php:149
/home/dan/Desktop/08/apache-htmx/src/Shared/Infrastructure/Path/FilePathCache.php:26
/home/dan/Desktop/08/apache-htmx/src/Shared/Infrastructure/PathManager.php:50
/home/dan/Desktop/08/apache-htmx/src/Shared/Infrastructure/PathManager.php:217
/home/dan/Desktop/08/apache-htmx/src/Shared/Infrastructure/PathManager.php:149
/home/dan/Desktop/08/apache-htmx/src/Shared/Infrastructure/Path/FilePathCache.php:26
/home/dan/Desktop/08/apache-htmx/src/Shared/Infrastructure/PathManager.php:50
/home/dan/Desktop/08/apache-htmx/src/Shared/Infrastructure/PathManager.php:217
/home/dan/Desktop/08/apache-htmx/src/Shared/Infrastructure/PathManager.php:149
/home/dan/Desktop/08/apache-htmx/src/Shared/Infrastructure/Path/FilePathCache.php:26
/home/dan/Desktop/08/apache-htmx/src/Shared/Infrastructure/PathManager.php:50
/home/dan/Desktop/08/apache-htmx/src/Shared/Infrastructure/PathManager.php:217
/home/dan/Desktop/08/apache-htmx/src/Shared/Infrastructure/PathManager.php:149
/home/dan/Desktop/08/apache-htmx/src/Shared/Infrastructure/Path/FilePathCache.php:26
/home/dan/Desktop/08/apache-htmx/src/Shared/Infrastructure/PathManager.php:50
/home/dan/Desktop/08/apache-htmx/src/Shared/Infrastructure/PathManager.php:217
/home/dan/Desktop/08/apache-htmx/src/Shared/Infrastructure/PathManager.php:149
/home/dan/Desktop/08/apache-htmx/src/Shared/Infrastructure/Path/FilePathCache.php:26
/home/dan/Desktop/08/apache-htmx/src/Shared/Infrastructure/PathManager.php:50
/home/dan/Desktop/08/apache-htmx/src/Shared/Infrastructure/PathManager.php:217
/home/dan/Desktop/08/apache-htmx/src/Shared/Infrastructure/PathManager.php:149
/home/dan/Desktop/08/apache-htmx/src/Shared/Infrastructure/Path/FilePathCache.php:26
/home/dan/Desktop/08/apache-htmx/src/Shared/Infrastructure/PathManager.php:50
/home/dan/Desktop/08/apache-htmx/src/Shared/Infrastructure/PathManager.php:217
/home/dan/Desktop/08/apache-htmx/src/Shared/Infrastructure/PathManager.php:149
/home/dan/Desktop/08/apache-htmx/src/Shared/Infrastructure/Path/FilePathCache.php:26
/home/dan/Desktop/08/apache-htmx/src/Shared/Infrastructure/PathManager.php:50
/home/dan/Desktop/08/apache-htmx/src/Shared/Infrastructure/PathManager.php:217
/home/dan/Desktop/08/apache-htmx/src/Shared/Infrastructure/PathManager.php:149
/home/dan/Desktop/08/apache-htmx/src/Shared/Infrastructure/Path/FilePathCache.php:26
/home/dan/Desktop/08/apache-htmx/src/Shared/Infrastructure/PathManager.php:50
/home/dan/Desktop/08/apache-htmx/src/Shared/Infrastructure/PathManager.php:217
/home/dan/Desktop/08/apache-htmx/src/Shared/Infrastructure/PathManager.php:149
/home/dan/Desktop/08/apache-htmx/src/Shared/Infrastructure/Path/FilePathCache.php:26
/home/dan/Desktop/08/apache-htmx/src/Shared/Infrastructure/PathManager.php:50
/home/dan/Desktop/08/apache-htmx/src/Shared/Infrastructure/PathManager.php:217
/home/dan/Desktop/08/apache-htmx/src/Shared/Infrastructure/PathManager.php:149
/home/dan/Desktop/08/apache-htmx/src/Shared/Infrastructure/Path/FilePathCache.php:26
/home/dan/Desktop/08/apache-htmx/src/Shared/Infrastructure/PathManager.php:50
/home/dan/Desktop/08/apache-htmx/src/Shared/Infrastructure/PathManager.php:217
/home/dan/Desktop/08/apache-htmx/src/Shared/Infrastructure/PathManager.php:149
/home/dan/Desktop/08/apache-htmx/src/Shared/Infrastructure/Path/FilePathCache.php:26
/home/dan/Desktop/08/apache-htmx/src/Shared/Infrastructure/PathManager.php:50
/home/dan/Desktop/08/apache-htmx/src/Shared/Infrastructure/PathManager.php:217
/home/dan/Desktop/08/apache-htmx/src/Shared/Infrastructure/PathManager.php:149
/home/dan/Desktop/08/apache-htmx/src/Shared/Infrastructure/Path/FilePathCache.php:26
/home/dan/Desktop/08/apache-htmx/src/Shared/Infrastructure/PathManager.php:50
/home/dan/Desktop/08/apache-htmx/src/Shared/Infrastructure/PathManager.php:217
/home/dan/Desktop/08/apache-htmx/src/Shared/Infrastructure/PathManager.php:149
/home/dan/Desktop/08/apache-htmx/src/Shared/Infrastructure/Path/FilePathCache.php:26
/home/dan/Desktop/08/apache-htmx/src/Shared/Infrastructure/PathManager.php:50
/home/dan/Desktop/08/apache-htmx/src/Shared/Infrastructure/PathManager.php:217
/home/dan/Desktop/08/apache-htmx/src/Shared/Infrastructure/PathManager.php:149
/home/dan/Desktop/08/apache-htmx/src/Shared/Infrastructure/Path/FilePathCache.php:26
/home/dan/Desktop/08/apache-htmx/src/Shared/Infrastructure/PathManager.php:50
/home/dan/Desktop/08/apache-htmx/src/Shared/Infrastructure/PathManager.php:217
/home/dan/Desktop/08/apache-htmx/src/Shared/Infrastructure/PathManager.php:149
/home/dan/Desktop/08/apache-htmx/src/Shared/Infrastructure/Path/FilePathCache.php:26
/home/dan/Desktop/08/apache-htmx/src/Shared/Infrastructure/PathManager.php:50
/home/dan/Desktop/08/apache-htmx/src/Shared/Infrastructure/PathManager.php:217
/home/dan/Desktop/08/apache-htmx/src/Shared/Infrastructure/PathManager.php:149
/home/dan/Desktop/08/apache-htmx/src/Shared/Infrastructure/Path/FilePathCache.php:26
/home/dan/Desktop/08/apache-htmx/src/Shared/Infrastructure/PathManager.php:50
/home/dan/Desktop/08/apache-htmx/src/Shared/Infrastructure/PathManager.php:217
/home/dan/Desktop/08/apache-htmx/src/Shared/Infrastructure/PathManager.php:149
/home/dan/Desktop/08/apache-htmx/src/Shared/Infrastructure/Path/FilePathCache.php:26
/home/dan/Desktop/08/apache-htmx/src/Shared/Infrastructure/PathManager.php:50
/home/dan/Desktop/08/apache-htmx/src/Shared/Infrastructure/PathManager.php:217
/home/dan/Desktop/08/apache-htmx/src/Shared/Infrastructure/PathManager.php:149
/home/dan/Desktop/08/apache-htmx/src/Shared/Infrastructure/Path/FilePathCache.php:26
/home/dan/Desktop/08/apache-htmx/src/Shared/Infrastructure/PathManager.php:50
/home/dan/Desktop/08/apache-htmx/src/Shared/Infrastructure/PathManager.php:217
/home/dan/Desktop/08/apache-htmx/src/Shared/Infrastructure/PathManager.php:149
/home/dan/Desktop/08/apache-htmx/src/Shared/Infrastructure/Path/FilePathCache.php:26
/home/dan/Desktop/08/apache-htmx/src/Shared/Infrastructure/PathManager.php:50
/home/dan/Desktop/08/apache-htmx/src/Shared/Infrastructure/PathManager.php:217
/home/dan/Desktop/08/apache-htmx/src/Shared/Infrastructure/PathManager.php:149
/home/dan/Desktop/08/apache-htmx/src/Shared/Infrastructure/Path/FilePathCache.php:26
/home/dan/Desktop/08/apache-htmx/src/Shared/Infrastructure/PathManager.php:50
/home/dan/Desktop/08/apache-htmx/src/Shared/Infrastructure/PathManager.php:217
/home/dan/Desktop/08/apache-htmx/src/Shared/Infrastructure/PathManager.php:149
/home/dan/Desktop/08/apache-htmx/src/Shared/Infrastructure/Path/FilePathCache.php:26
/home/dan/Desktop/08/apache-htmx/src/Shared/Infrastructure/PathManager.php:50
/home/dan/Desktop/08/apache-htmx/src/Shared/Infrastructure/PathManager.php:217
/home/dan/Desktop/08/apache-htmx/src/Shared/Infrastructure/PathManager.php:149
/home/dan/Desktop/08/apache-htmx/src/Shared/Infrastructure/Path/FilePathCache.php:26
/home/dan/Desktop/08/apache-htmx/src/Shared/Infrastructure/PathManager.php:50
/home/dan/Desktop/08/apache-htmx/src/Shared/Infrastructure/PathManager.php:217
/home/dan/Desktop/08/apache-htmx/src/Shared/Infrastructure/PathManager.php:149
/home/dan/Desktop/08/apache-htmx/src/Shared/Infrastructure/Path/FilePathCache.php:26
/home/dan/Desktop/08/apache-htmx/src/Shared/Infrastructure/PathManager.php:50
/home/dan/Desktop/08/apache-htmx/src/Shared/Infrastructure/PathManager.php:217
/home/dan/Desktop/08/apache-htmx/src/Shared/Infrastructure/PathManager.php:149
/home/dan/Desktop/08/apache-htmx/src/Shared/Infrastructure/Path/FilePathCache.php:26
/home/dan/Desktop/08/apache-htmx/src/Shared/Infrastructure/PathManager.php:50
/home/dan/Desktop/08/apache-htmx/src/Shared/Infrastructure/PathManager.php:217
/home/dan/Desktop/08/apache-htmx/src/Shared/Infrastructure/PathManager.php:149
/home/dan/Desktop/08/apache-htmx/src/Shared/Infrastructure/Path/FilePathCache.php:26
/home/dan/Desktop/08/apache-htmx/src/Shared/Infrastructure/PathManager.php:50
/home/dan/Desktop/08/apache-htmx/src/Shared/Infrastructure/PathManager.php:217
/home/dan/Desktop/08/apache-htmx/src/Shared/Infrastructure/PathManager.php:149
/home/dan/Desktop/08/apache-htmx/src/Shared/Infrastructure/Path/FilePathCache.php:26
/home/dan/Desktop/08/apache-htmx/src/Shared/Infrastructure/PathManager.php:50
/home/dan/Desktop/08/apache-htmx/src/Shared/Infrastructure/PathManager.php:217
/home/dan/Desktop/08/apache-htmx/src/Shared/Infrastructure/PathManager.php:149
/home/dan/Desktop/08/apache-htmx/src/Shared/Infrastructure/Path/FilePathCache.php:26
/home/dan/Desktop/08/apache-htmx/src/Shared/Infrastructure/PathManager.php:50
/home/dan/Desktop/08/apache-htmx/src/Shared/Infrastructure/PathManager.php:217
/home/dan/Desktop/08/apache-htmx/src/Shared/Infrastructure/PathManager.php:149
/home/dan/Desktop/08/apache-htmx/src/Shared/Infrastructure/Path/FilePathCache.php:26
/home/dan/Desktop/08/apache-htmx/src/Shared/Infrastructure/PathManager.php:50
/home/dan/Desktop/08/apache-htmx/src/Shared/Infrastructure/PathManager.php:217
/home/dan/Desktop/08/apache-htmx/src/Shared/Infrastructure/PathManager.php:149
/home/dan/Desktop/08/apache-htmx/src/Shared/Infrastructure/Path/FilePathCache.php:26
/home/dan/Desktop/08/apache-htmx/src/Shared/Infrastructure/PathManager.php:50
/home/dan/Desktop/08/apache-htmx/src/Shared/Infrastructure/PathManager.php:217
/home/dan/Desktop/08/apache-htmx/src/Shared/Infrastructure/PathManager.php:149
/home/dan/Desktop/08/apache-htmx/src/Shared/Infrastructure/Path/FilePathCache.php:26
/home/dan/Desktop/08/apache-htmx/src/Shared/Infrastructure/PathManager.php:50
/home/dan/Desktop/08/apache-htmx/src/Shared/Infrastructure/PathManager.php:217
/home/dan/Desktop/08/apache-htmx/src/Shared/Infrastructure/PathManager.php:149
/home/dan/Desktop/08/apache-htmx/src/Shared/Infrastructure/Path/FilePathCache.php:26
/home/dan/Desktop/08/apache-htmx/src/Shared/Infrastructure/PathManager.php:50
/home/dan/Desktop/08/apache-htmx/src/Shared/Infrastructure/PathManager.php:217
/home/dan/Desktop/08/apache-htmx/src/Shared/Infrastructure/PathManager.php:149
/home/dan/Desktop/08/apache-htmx/src/Shared/Infrastructure/Path/FilePathCache.php:26
/home/dan/Desktop/08/apache-htmx/src/Shared/Infrastructure/PathManager.php:50
/home/dan/Desktop/08/apache-htmx/src/Shared/Infrastructure/PathManager.php:217
/home/dan/Desktop/08/apache-htmx/src/Shared/Infrastructure/PathManager.php:149
/home/dan/Desktop/08/apache-htmx/src/Shared/Infrastructure/Path/FilePathCache.php:26
/home/dan/Desktop/08/apache-htmx/src/Shared/Infrastructure/PathManager.php:50
/home/dan/Desktop/08/apache-htmx/src/Shared/Infrastructure/PathManager.php:412
/home/dan/Desktop/08/apache-htmx/tests/Unit/Shared/Infrastructure/PathManagerTest.php:18</error>
        </testcase>
      </testsuite>
    </testsuite>
  </testsuite>
</testsuites>
